#
# There is insufficient memory for the Java Runtime Environment to continue.
# Native memory allocation (malloc) failed to allocate 352416 bytes for Chunk::new
# Possible reasons:
#   The system is out of physical RAM or swap space
#   In 32 bit mode, the process size limit was hit
# Possible solutions:
#   Reduce memory load on the system
#   Increase physical memory or swap space
#   Check if swap backing store is full
#   Use 64 bit Java on a 64 bit OS
#   Decrease Java heap size (-Xmx/-Xms)
#   Decrease number of Java threads
#   Decrease Java thread stack sizes (-Xss)
#   Set larger code cache with -XX:ReservedCodeCacheSize=
# This output file may be truncated or incomplete.
#
#  Out of Memory Error (allocation.cpp:390), pid=14176, tid=0x0000000000003584
#
# JRE version: Java(TM) SE Runtime Environment (8.0_191-b12) (build 1.8.0_191-b12)
# Java VM: Java HotSpot(TM) 64-Bit Server VM (25.191-b12 mixed mode windows-amd64 compressed oops)
# Failed to write core dump. Minidumps are not enabled by default on client versions of Windows
#

---------------  T H R E A D  ---------------

Current thread (0x0000000017796000):  JavaThread "C2 CompilerThread0" daemon [_thread_in_native, id=13700, stack(0x0000000018de0000,0x0000000018ee0000)]

Stack: [0x0000000018de0000,0x0000000018ee0000]
[error occurred during error reporting (printing stack bounds), id 0xc0000005]

Native frames: (J=compiled Java code, j=interpreted, Vv=VM code, C=native code)


Current CompileTask:
C2:  81739 9364       4       com.sun.prism.impl.ps.BaseShaderGraphics::drawString (819 bytes)


---------------  P R O C E S S  ---------------

Java Threads: ( => current thread )
  0x00000000235b7000 JavaThread "Okio Watchdog" daemon [_thread_blocked, id=6136, stack(0x000000003f2d0000,0x000000003f3d0000)]
  0x00000000235b5000 JavaThread "OkHttp ConnectionPool" daemon [_thread_blocked, id=6232, stack(0x000000003f1d0000,0x000000003f2d0000)]
  0x00000000235b2000 JavaThread "Exec Stream Pumper" daemon [_thread_in_native, id=15344, stack(0x000000003efd0000,0x000000003f0d0000)]
  0x00000000235b1000 JavaThread "Exec Stream Pumper" daemon [_thread_in_native, id=13980, stack(0x000000003eed0000,0x000000003efd0000)]
  0x00000000235b2800 JavaThread "UrlChecker-2" daemon [_thread_blocked, id=13144, stack(0x000000003edd0000,0x000000003eed0000)]
  0x00000000235b6800 JavaThread "Exec Default Executor" daemon [_thread_in_native, id=10480, stack(0x000000003ecd0000,0x000000003edd0000)]
  0x00000000235b3800 JavaThread "pool-4-thread-1" [_thread_blocked, id=8392, stack(0x0000000031a40000,0x0000000031b40000)]
  0x0000000019dae000 JavaThread "Disposer" daemon [_thread_blocked, id=10396, stack(0x00000000230d0000,0x00000000231d0000)]
  0x0000000019d83000 JavaThread "Prism Font Disposer" daemon [_thread_blocked, id=9424, stack(0x00000000227d0000,0x00000000228d0000)]
  0x00000000197c0800 JavaThread "Thread-3" daemon [_thread_in_native, id=12576, stack(0x0000000020cd0000,0x0000000020dd0000)]
  0x00000000197b1800 JavaThread "JavaFX-Launcher" [_thread_blocked, id=4848, stack(0x0000000020dd0000,0x0000000020ed0000)]
  0x0000000019753800 JavaThread "Forwarding getWindowHandles on session 315b5b142292979ca92af83d7c48c2e2 to remote" [_thread_in_native, id=13376, stack(0x000000001a350000,0x000000001a450000)]
  0x000000001975b000 JavaThread "Thread-1" daemon [_thread_blocked, id=3796, stack(0x000000001a250000,0x000000001a350000)]
  0x00000000194ac800 JavaThread "QuantumRenderer-0" daemon [_thread_blocked, id=4916, stack(0x0000000019f40000,0x000000001a040000)]
  0x0000000019113000 JavaThread "Service Thread" daemon [_thread_blocked, id=8492, stack(0x00000000194e0000,0x00000000195e0000)]
  0x000000001779d000 JavaThread "C1 CompilerThread2" daemon [_thread_blocked, id=6464, stack(0x0000000018fe0000,0x00000000190e0000)]
  0x000000001779c000 JavaThread "C2 CompilerThread1" daemon [_thread_blocked, id=4028, stack(0x0000000018ee0000,0x0000000018fe0000)]
=>0x0000000017796000 JavaThread "C2 CompilerThread0" daemon [_thread_in_native, id=13700, stack(0x0000000018de0000,0x0000000018ee0000)]
  0x0000000017794000 JavaThread "Attach Listener" daemon [_thread_blocked, id=2880, stack(0x0000000018ce0000,0x0000000018de0000)]
  0x0000000017792800 JavaThread "Signal Dispatcher" daemon [_thread_blocked, id=9648, stack(0x0000000018be0000,0x0000000018ce0000)]
  0x0000000017780000 JavaThread "Finalizer" daemon [_thread_blocked, id=13456, stack(0x00000000189e0000,0x0000000018ae0000)]
  0x0000000002cb5000 JavaThread "Reference Handler" daemon [_thread_blocked, id=14460, stack(0x00000000188e0000,0x00000000189e0000)]
  0x0000000002bc6000 JavaThread "main" [_thread_blocked, id=11752, stack(0x0000000002a00000,0x0000000002b00000)]

Other Threads:
  0x0000000017758000 VMThread [stack: 0x00000000187e0000,0x00000000188e0000] [id=13096]
  0x00000000177ee800 WatcherThread [stack: 0x00000000195e0000,0x00000000196e0000] [id=5196]

VM state:not at safepoint (normal execution)

VM Mutex/Monitor currently owned by a thread: None

Heap:
 PSYoungGen      total 128000K, used 49982K [0x00000000d6100000, 0x00000000e0180000, 0x0000000100000000)
  eden space 104960K, 25% used [0x00000000d6100000,0x00000000d7b54188,0x00000000dc780000)
  from space 23040K, 99% used [0x00000000de380000,0x00000000df9fb8f0,0x00000000dfa00000)
  to   space 28672K, 0% used [0x00000000dc780000,0x00000000dc780000,0x00000000de380000)
 ParOldGen       total 129024K, used 47606K [0x0000000082200000, 0x000000008a000000, 0x00000000d6100000)
  object space 129024K, 36% used [0x0000000082200000,0x000000008507dab8,0x000000008a000000)
 Metaspace       used 54127K, capacity 56496K, committed 56704K, reserved 1097728K
  class space    used 7340K, capacity 7768K, committed 7808K, reserved 1048576K

Card table byte_map: [0x0000000012080000,0x0000000012470000] byte_map_base: 0x0000000011c6f000

Marking Bits: (ParMarkBitMap*) 0x000000005ca03e30
 Begin Bits: [0x0000000012b10000, 0x0000000014a88000)
 End Bits:   [0x0000000014a88000, 0x0000000016a00000)

Polling page: 0x0000000000e60000

CodeCache: size=245760Kb used=25477Kb max_used=26007Kb free=220282Kb
 bounds [0x0000000002cc0000, 0x0000000004640000, 0x0000000011cc0000]
 total_blobs=8982 nmethods=8032 adapters=860
 compilation: enabled

Compilation events (10 events):
Event: 81.186 Thread 0x000000001779c000 9366       4       com.sun.prism.impl.ps.BaseShaderGraphics::drawTexture (52 bytes)
Event: 81.189 Thread 0x000000001779c000 nmethod 9366 0x000000000423b090 code [0x000000000423b220, 0x000000000423b788]
Event: 81.189 Thread 0x000000001779c000 9367       4       com.sun.prism.impl.BaseGraphics::drawTexture (249 bytes)
Event: 81.193 Thread 0x000000001779c000 nmethod 9367 0x0000000003850550 code [0x00000000038506e0, 0x0000000003850b28]
Event: 81.392 Thread 0x000000001779d000 9368       3       javafx.scene.control.ScrollBar::maxProperty (29 bytes)
Event: 81.393 Thread 0x000000001779c000 9369       4       com.sun.javafx.text.PrismTextLayout::isMirrored (81 bytes)
Event: 81.393 Thread 0x000000001779d000 nmethod 9368 0x00000000035d3a50 code [0x00000000035d3be0, 0x00000000035d40f0]
Event: 81.393 Thread 0x000000001779c000 nmethod 9369 0x00000000036b1890 code [0x00000000036b19c0, 0x00000000036b1a78]
Event: 81.395 Thread 0x000000001779c000 9370       4       com.sun.javafx.geom.Point2D::<init> (15 bytes)
Event: 81.396 Thread 0x000000001779c000 nmethod 9370 0x00000000040ed950 code [0x00000000040eda80, 0x00000000040edaf8]

GC Heap History (10 events):
Event: 20.965 GC heap before
{Heap before GC invocations=12 (full 2):
 PSYoungGen      total 73216K, used 70501K [0x00000000d6100000, 0x00000000dbb00000, 0x0000000100000000)
  eden space 61952K, 100% used [0x00000000d6100000,0x00000000d9d80000,0x00000000d9d80000)
  from space 11264K, 75% used [0x00000000d9d80000,0x00000000da5d97d0,0x00000000da880000)
  to   space 11264K, 0% used [0x00000000db000000,0x00000000db000000,0x00000000dbb00000)
 ParOldGen       total 129024K, used 24419K [0x0000000082200000, 0x000000008a000000, 0x00000000d6100000)
  object space 129024K, 18% used [0x0000000082200000,0x00000000839d8e40,0x000000008a000000)
 Metaspace       used 42757K, capacity 44182K, committed 44544K, reserved 1087488K
  class space    used 5806K, capacity 6109K, committed 6144K, reserved 1048576K
Event: 20.972 GC heap after
Heap after GC invocations=12 (full 2):
 PSYoungGen      total 80384K, used 10016K [0x00000000d6100000, 0x00000000dca80000, 0x0000000100000000)
  eden space 69120K, 0% used [0x00000000d6100000,0x00000000d6100000,0x00000000da480000)
  from space 11264K, 88% used [0x00000000db000000,0x00000000db9c8030,0x00000000dbb00000)
  to   space 11776K, 0% used [0x00000000da480000,0x00000000da480000,0x00000000db000000)
 ParOldGen       total 129024K, used 24427K [0x0000000082200000, 0x000000008a000000, 0x00000000d6100000)
  object space 129024K, 18% used [0x0000000082200000,0x00000000839dae40,0x000000008a000000)
 Metaspace       used 42757K, capacity 44182K, committed 44544K, reserved 1087488K
  class space    used 5806K, capacity 6109K, committed 6144K, reserved 1048576K
}
Event: 21.288 GC heap before
{Heap before GC invocations=13 (full 2):
 PSYoungGen      total 80384K, used 79136K [0x00000000d6100000, 0x00000000dca80000, 0x0000000100000000)
  eden space 69120K, 100% used [0x00000000d6100000,0x00000000da480000,0x00000000da480000)
  from space 11264K, 88% used [0x00000000db000000,0x00000000db9c8030,0x00000000dbb00000)
  to   space 11776K, 0% used [0x00000000da480000,0x00000000da480000,0x00000000db000000)
 ParOldGen       total 129024K, used 24427K [0x0000000082200000, 0x000000008a000000, 0x00000000d6100000)
  object space 129024K, 18% used [0x0000000082200000,0x00000000839dae40,0x000000008a000000)
 Metaspace       used 42998K, capacity 44342K, committed 44800K, reserved 1087488K
  class space    used 5848K, capacity 6141K, committed 6144K, reserved 1048576K
Event: 21.296 GC heap after
Heap after GC invocations=13 (full 2):
 PSYoungGen      total 80896K, used 11772K [0x00000000d6100000, 0x00000000dd600000, 0x0000000100000000)
  eden space 69120K, 0% used [0x00000000d6100000,0x00000000d6100000,0x00000000da480000)
  from space 11776K, 99% used [0x00000000da480000,0x00000000dafff390,0x00000000db000000)
  to   space 13312K, 0% used [0x00000000dc900000,0x00000000dc900000,0x00000000dd600000)
 ParOldGen       total 129024K, used 26020K [0x0000000082200000, 0x000000008a000000, 0x00000000d6100000)
  object space 129024K, 20% used [0x0000000082200000,0x0000000083b69218,0x000000008a000000)
 Metaspace       used 42998K, capacity 44342K, committed 44800K, reserved 1087488K
  class space    used 5848K, capacity 6141K, committed 6144K, reserved 1048576K
}
Event: 22.916 GC heap before
{Heap before GC invocations=14 (full 2):
 PSYoungGen      total 80896K, used 80892K [0x00000000d6100000, 0x00000000dd600000, 0x0000000100000000)
  eden space 69120K, 100% used [0x00000000d6100000,0x00000000da480000,0x00000000da480000)
  from space 11776K, 99% used [0x00000000da480000,0x00000000dafff390,0x00000000db000000)
  to   space 13312K, 0% used [0x00000000dc900000,0x00000000dc900000,0x00000000dd600000)
 ParOldGen       total 129024K, used 26020K [0x0000000082200000, 0x000000008a000000, 0x00000000d6100000)
  object space 129024K, 20% used [0x0000000082200000,0x0000000083b69218,0x000000008a000000)
 Metaspace       used 45738K, capacity 47520K, committed 47744K, reserved 1091584K
  class space    used 6190K, capacity 6512K, committed 6528K, reserved 1048576K
Event: 22.933 GC heap after
Heap after GC invocations=14 (full 2):
 PSYoungGen      total 99840K, used 13297K [0x00000000d6100000, 0x00000000de100000, 0x0000000100000000)
  eden space 86528K, 0% used [0x00000000d6100000,0x00000000d6100000,0x00000000db580000)
  from space 13312K, 99% used [0x00000000dc900000,0x00000000dd5fc4f0,0x00000000dd600000)
  to   space 19968K, 0% used [0x00000000db580000,0x00000000db580000,0x00000000dc900000)
 ParOldGen       total 129024K, used 40630K [0x0000000082200000, 0x000000008a000000, 0x00000000d6100000)
  object space 129024K, 31% used [0x0000000082200000,0x00000000849adbf0,0x000000008a000000)
 Metaspace       used 45738K, capacity 47520K, committed 47744K, reserved 1091584K
  class space    used 6190K, capacity 6512K, committed 6528K, reserved 1048576K
}
Event: 42.313 GC heap before
{Heap before GC invocations=15 (full 2):
 PSYoungGen      total 99840K, used 99825K [0x00000000d6100000, 0x00000000de100000, 0x0000000100000000)
  eden space 86528K, 100% used [0x00000000d6100000,0x00000000db580000,0x00000000db580000)
  from space 13312K, 99% used [0x00000000dc900000,0x00000000dd5fc4f0,0x00000000dd600000)
  to   space 19968K, 0% used [0x00000000db580000,0x00000000db580000,0x00000000dc900000)
 ParOldGen       total 129024K, used 40630K [0x0000000082200000, 0x000000008a000000, 0x00000000d6100000)
  object space 129024K, 31% used [0x0000000082200000,0x00000000849adbf0,0x000000008a000000)
 Metaspace       used 46052K, capacity 47800K, committed 48000K, reserved 1091584K
  class space    used 6194K, capacity 6514K, committed 6528K, reserved 1048576K
Event: 42.325 GC heap after
Heap after GC invocations=15 (full 2):
 PSYoungGen      total 106496K, used 19963K [0x00000000d6100000, 0x00000000dfa00000, 0x0000000100000000)
  eden space 86528K, 0% used [0x00000000d6100000,0x00000000d6100000,0x00000000db580000)
  from space 19968K, 99% used [0x00000000db580000,0x00000000dc8fee20,0x00000000dc900000)
  to   space 23040K, 0% used [0x00000000de380000,0x00000000de380000,0x00000000dfa00000)
 ParOldGen       total 129024K, used 41853K [0x0000000082200000, 0x000000008a000000, 0x00000000d6100000)
  object space 129024K, 32% used [0x0000000082200000,0x0000000084adf410,0x000000008a000000)
 Metaspace       used 46052K, capacity 47800K, committed 48000K, reserved 1091584K
  class space    used 6194K, capacity 6514K, committed 6528K, reserved 1048576K
}
Event: 60.764 GC heap before
{Heap before GC invocations=16 (full 2):
 PSYoungGen      total 106496K, used 106491K [0x00000000d6100000, 0x00000000dfa00000, 0x0000000100000000)
  eden space 86528K, 100% used [0x00000000d6100000,0x00000000db580000,0x00000000db580000)
  from space 19968K, 99% used [0x00000000db580000,0x00000000dc8fee20,0x00000000dc900000)
  to   space 23040K, 0% used [0x00000000de380000,0x00000000de380000,0x00000000dfa00000)
 ParOldGen       total 129024K, used 41853K [0x0000000082200000, 0x000000008a000000, 0x00000000d6100000)
  object space 129024K, 32% used [0x0000000082200000,0x0000000084adf410,0x000000008a000000)
 Metaspace       used 51116K, capacity 53110K, committed 53376K, reserved 1095680K
  class space    used 6865K, capacity 7231K, committed 7296K, reserved 1048576K
Event: 60.780 GC heap after
Heap after GC invocations=16 (full 2):
 PSYoungGen      total 128000K, used 23022K [0x00000000d6100000, 0x00000000e0180000, 0x0000000100000000)
  eden space 104960K, 0% used [0x00000000d6100000,0x00000000d6100000,0x00000000dc780000)
  from space 23040K, 99% used [0x00000000de380000,0x00000000df9fb8f0,0x00000000dfa00000)
  to   space 28672K, 0% used [0x00000000dc780000,0x00000000dc780000,0x00000000de380000)
 ParOldGen       total 129024K, used 47606K [0x0000000082200000, 0x000000008a000000, 0x00000000d6100000)
  object space 129024K, 36% used [0x0000000082200000,0x000000008507dab8,0x000000008a000000)
 Metaspace       used 51116K, capacity 53110K, committed 53376K, reserved 1095680K
  class space    used 6865K, capacity 7231K, committed 7296K, reserved 1048576K
}

Deoptimization events (10 events):
Event: 64.338 Thread 0x0000000019753800 Uncommon trap: reason=bimorphic action=maybe_recompile pc=0x0000000003c257fc method=java.lang.StringCoding.decode(Ljava/nio/charset/Charset;[BII)[C @ 1
Event: 64.340 Thread 0x0000000019753800 Uncommon trap: reason=bimorphic action=maybe_recompile pc=0x0000000003c257fc method=java.lang.StringCoding.decode(Ljava/nio/charset/Charset;[BII)[C @ 1
Event: 64.340 Thread 0x0000000019753800 Uncommon trap: reason=bimorphic action=maybe_recompile pc=0x0000000003c257fc method=java.lang.StringCoding.decode(Ljava/nio/charset/Charset;[BII)[C @ 1
Event: 64.340 Thread 0x0000000019753800 Uncommon trap: reason=bimorphic action=maybe_recompile pc=0x0000000003c257fc method=java.lang.StringCoding.decode(Ljava/nio/charset/Charset;[BII)[C @ 1
Event: 64.345 Thread 0x0000000019753800 Uncommon trap: reason=class_check action=maybe_recompile pc=0x0000000002f71834 method=org.openqa.selenium.json.Input.init()V @ 18
Event: 64.345 Thread 0x0000000019753800 Uncommon trap: reason=class_check action=maybe_recompile pc=0x0000000002f71834 method=org.openqa.selenium.json.Input.init()V @ 18
Event: 64.345 Thread 0x0000000019753800 Uncommon trap: reason=class_check action=maybe_recompile pc=0x0000000002f71834 method=org.openqa.selenium.json.Input.init()V @ 18
Event: 64.345 Thread 0x0000000019753800 Uncommon trap: reason=class_check action=maybe_recompile pc=0x0000000002f71834 method=org.openqa.selenium.json.Input.init()V @ 18
Event: 72.279 Thread 0x00000000194ac800 Uncommon trap: reason=unstable_if action=reinterpret pc=0x00000000044cad30 method=com.sun.prism.impl.ManagedResource._isgone(Lcom/sun/prism/impl/ManagedResource;)Z @ 1
Event: 81.147 Thread 0x00000000194ac800 Uncommon trap: reason=intrinsic action=make_not_entrant pc=0x00000000036b57f0 method=com.sun.prism.impl.ps.BaseShaderGraphics.drawString(Lcom/sun/javafx/scene/text/GlyphList;Lcom/sun/javafx/font/FontStrike;FFLcom/sun/prism/paint/Color;II)V @ 546

Classes redefined (0 events):
No events

Internal exceptions (10 events):
Event: 67.034 Thread 0x0000000019753800 Exception <a 'java/net/SocketTimeoutException': Read timed out> (0x00000000d76557e0) thrown at [C:\re\workspace\8-2-build-windows-amd64-cygwin\jdk8u191\11896\hotspot\src\share\vm\prims\jni.cpp, line 735]
Event: 67.051 Thread 0x0000000019753800 Exception <a 'java/lang/NoSuchMethodError': java.lang.Object.of(Ljava/lang/Object;)Ljava/util/stream/Stream;> (0x00000000d7666eb8) thrown at [C:\re\workspace\8-2-build-windows-amd64-cygwin\jdk8u191\11896\hotspot\src\share\vm\interpreter\linkResolver.cpp, 
Event: 67.055 Thread 0x0000000019753800 Exception <a 'java/net/SocketTimeoutException': Read timed out> (0x00000000d7692b58) thrown at [C:\re\workspace\8-2-build-windows-amd64-cygwin\jdk8u191\11896\hotspot\src\share\vm\prims\jni.cpp, line 735]
Event: 67.089 Thread 0x0000000019753800 Exception <a 'java/net/SocketTimeoutException': Read timed out> (0x00000000d76a4cd8) thrown at [C:\re\workspace\8-2-build-windows-amd64-cygwin\jdk8u191\11896\hotspot\src\share\vm\prims\jni.cpp, line 735]
Event: 67.104 Thread 0x0000000019753800 Exception <a 'java/net/SocketTimeoutException': Read timed out> (0x00000000d76c1bd8) thrown at [C:\re\workspace\8-2-build-windows-amd64-cygwin\jdk8u191\11896\hotspot\src\share\vm\prims\jni.cpp, line 735]
Event: 67.173 Thread 0x0000000019753800 Exception <a 'java/net/SocketTimeoutException': Read timed out> (0x00000000d76d3c50) thrown at [C:\re\workspace\8-2-build-windows-amd64-cygwin\jdk8u191\11896\hotspot\src\share\vm\prims\jni.cpp, line 735]
Event: 67.186 Thread 0x0000000019753800 Exception <a 'java/net/SocketTimeoutException': Read timed out> (0x00000000d76f10c8) thrown at [C:\re\workspace\8-2-build-windows-amd64-cygwin\jdk8u191\11896\hotspot\src\share\vm\prims\jni.cpp, line 735]
Event: 67.245 Thread 0x0000000019753800 Exception <a 'java/net/SocketTimeoutException': Read timed out> (0x00000000d7703140) thrown at [C:\re\workspace\8-2-build-windows-amd64-cygwin\jdk8u191\11896\hotspot\src\share\vm\prims\jni.cpp, line 735]
Event: 67.258 Thread 0x0000000019753800 Exception <a 'java/net/SocketTimeoutException': Read timed out> (0x00000000d7717900) thrown at [C:\re\workspace\8-2-build-windows-amd64-cygwin\jdk8u191\11896\hotspot\src\share\vm\prims\jni.cpp, line 735]
Event: 72.279 Thread 0x00000000194ac800 Implicit null exception at 0x00000000044cacac to 0x00000000044cad21

Events (10 events):
Event: 67.053 loading class java/net/URLEncoder
Event: 67.053 loading class java/net/URLEncoder done
Event: 67.053 loading class java/io/CharArrayWriter
Event: 67.053 loading class java/io/CharArrayWriter done
Event: 72.279 Thread 0x00000000194ac800 Uncommon trap: trap_request=0xffffff65 fr.pc=0x00000000044cad30
Event: 72.279 Thread 0x00000000194ac800 DEOPT PACKING pc=0x00000000044cad30 sp=0x000000001a03e9d0
Event: 72.279 Thread 0x00000000194ac800 DEOPT UNPACKING pc=0x0000000002d0583b sp=0x000000001a03e970 mode 2
Event: 81.147 Thread 0x00000000194ac800 Uncommon trap: trap_request=0xffffffcc fr.pc=0x00000000036b57f0
Event: 81.147 Thread 0x00000000194ac800 DEOPT PACKING pc=0x00000000036b57f0 sp=0x000000001a03dad0
Event: 81.147 Thread 0x00000000194ac800 DEOPT UNPACKING pc=0x0000000002d0583b sp=0x000000001a03da88 mode 2


Dynamic libraries:
0x00007ff7fed80000 - 0x00007ff7fedb7000 	C:\Program Files\Java\jre1.8.0_191\bin\javaw.exe
0x00007ffb7c000000 - 0x00007ffb7c1db000 	C:\Windows\SYSTEM32\ntdll.dll
0x00007ffb79dc0000 - 0x00007ffb79e6e000 	C:\Windows\System32\KERNEL32.DLL
0x00007ffb786f0000 - 0x00007ffb7893a000 	C:\Windows\System32\KERNELBASE.dll
0x00007ffb79d10000 - 0x00007ffb79db1000 	C:\Windows\System32\ADVAPI32.dll
0x00007ffb79ba0000 - 0x00007ffb79c3d000 	C:\Windows\System32\msvcrt.dll
0x00007ffb799d0000 - 0x00007ffb79a29000 	C:\Windows\System32\sechost.dll
0x00007ffb7a770000 - 0x00007ffb7a895000 	C:\Windows\System32\RPCRT4.dll
0x00007ffb7a420000 - 0x00007ffb7a56a000 	C:\Windows\System32\USER32.dll
0x00007ffb78d70000 - 0x00007ffb78d8e000 	C:\Windows\System32\win32u.dll
0x00007ffb79560000 - 0x00007ffb79587000 	C:\Windows\System32\GDI32.dll
0x00007ffb789f0000 - 0x00007ffb78b78000 	C:\Windows\System32\gdi32full.dll
0x00007ffb78cd0000 - 0x00007ffb78d6a000 	C:\Windows\System32\msvcp_win.dll
0x00007ffb78b80000 - 0x00007ffb78c76000 	C:\Windows\System32\ucrtbase.dll
0x00007ffb6ade0000 - 0x00007ffb6b047000 	C:\Windows\WinSxS\amd64_microsoft.windows.common-controls_6595b64144ccf1df_6.0.15063.1155_none_40c7922129a7722b\COMCTL32.dll
0x00007ffb7bd00000 - 0x00007ffb7bff9000 	C:\Windows\System32\combase.dll
0x00007ffb78d90000 - 0x00007ffb78dfa000 	C:\Windows\System32\bcryptPrimitives.dll
0x00007ffb7a5f0000 - 0x00007ffb7a61d000 	C:\Windows\System32\IMM32.DLL
0x00007ffb572c0000 - 0x00007ffb57371000 	C:\Program Files\McAfee\Endpoint Security\Threat Prevention\Ips\EpMPApi.dll
0x00007ffb79500000 - 0x00007ffb79557000 	C:\Windows\System32\WINTRUST.dll
0x00007ffb78490000 - 0x00007ffb784a1000 	C:\Windows\System32\MSASN1.dll
0x00007ffb78520000 - 0x00007ffb786e9000 	C:\Windows\System32\CRYPT32.dll
0x000000005d140000 - 0x000000005d14c000 	C:\Program Files\McAfee\Endpoint Security\Threat Prevention\Ips\EpMPThe.dll
0x000000005c020000 - 0x000000005c0f2000 	C:\Program Files\Java\jre1.8.0_191\bin\msvcr100.dll
0x000000005c1e0000 - 0x000000005ca84000 	C:\Program Files\Java\jre1.8.0_191\bin\server\jvm.dll
0x00007ffb7a570000 - 0x00007ffb7a578000 	C:\Windows\System32\PSAPI.DLL
0x00007ffb76780000 - 0x00007ffb767a3000 	C:\Windows\SYSTEM32\WINMM.dll
0x00007ffb6b220000 - 0x00007ffb6b22a000 	C:\Windows\SYSTEM32\VERSION.dll
0x00007ffb62ba0000 - 0x00007ffb62ba9000 	C:\Windows\SYSTEM32\WSOCK32.dll
0x00007ffb7a580000 - 0x00007ffb7a5ec000 	C:\Windows\System32\WS2_32.dll
0x00007ffb76720000 - 0x00007ffb7674b000 	C:\Windows\SYSTEM32\winmmbase.dll
0x00007ffb78c80000 - 0x00007ffb78cc9000 	C:\Windows\System32\cfgmgr32.dll
0x000000005c1d0000 - 0x000000005c1df000 	C:\Program Files\Java\jre1.8.0_191\bin\verify.dll
0x000000005c1a0000 - 0x000000005c1c9000 	C:\Program Files\Java\jre1.8.0_191\bin\java.dll
0x000000005c180000 - 0x000000005c196000 	C:\Program Files\Java\jre1.8.0_191\bin\zip.dll
0x00007ffb7a8a0000 - 0x00007ffb7bcd8000 	C:\Windows\System32\SHELL32.dll
0x00007ffb79ed0000 - 0x00007ffb79f7a000 	C:\Windows\System32\shcore.dll
0x00007ffb78e00000 - 0x00007ffb794f1000 	C:\Windows\System32\windows.storage.dll
0x00007ffb79f80000 - 0x00007ffb79fd1000 	C:\Windows\System32\shlwapi.dll
0x00007ffb78500000 - 0x00007ffb78511000 	C:\Windows\System32\kernel.appcore.dll
0x00007ffb784b0000 - 0x00007ffb784fc000 	C:\Windows\System32\powrprof.dll
0x00007ffb78470000 - 0x00007ffb78485000 	C:\Windows\System32\profapi.dll
0x0000000000ec0000 - 0x0000000000ec3000 	C:\Program Files\Java\jre1.8.0_191\bin\api-ms-win-core-console-l1-1-0.dll
0x0000000000ee0000 - 0x0000000000ee3000 	C:\Program Files\Java\jre1.8.0_191\bin\api-ms-win-core-datetime-l1-1-0.dll
0x0000000000ef0000 - 0x0000000000ef3000 	C:\Program Files\Java\jre1.8.0_191\bin\api-ms-win-core-debug-l1-1-0.dll
0x0000000000f00000 - 0x0000000000f03000 	C:\Program Files\Java\jre1.8.0_191\bin\api-ms-win-core-errorhandling-l1-1-0.dll
0x0000000000f10000 - 0x0000000000f14000 	C:\Program Files\Java\jre1.8.0_191\bin\api-ms-win-core-file-l1-1-0.dll
0x0000000000f20000 - 0x0000000000f23000 	C:\Program Files\Java\jre1.8.0_191\bin\api-ms-win-core-file-l1-2-0.dll
0x0000000000f30000 - 0x0000000000f33000 	C:\Program Files\Java\jre1.8.0_191\bin\api-ms-win-core-file-l2-1-0.dll
0x0000000000f40000 - 0x0000000000f43000 	C:\Program Files\Java\jre1.8.0_191\bin\api-ms-win-core-handle-l1-1-0.dll
0x0000000002900000 - 0x0000000002903000 	C:\Program Files\Java\jre1.8.0_191\bin\api-ms-win-core-heap-l1-1-0.dll
0x0000000002910000 - 0x0000000002913000 	C:\Program Files\Java\jre1.8.0_191\bin\api-ms-win-core-interlocked-l1-1-0.dll
0x0000000002920000 - 0x0000000002923000 	C:\Program Files\Java\jre1.8.0_191\bin\api-ms-win-core-libraryloader-l1-1-0.dll
0x0000000002930000 - 0x0000000002933000 	C:\Program Files\Java\jre1.8.0_191\bin\api-ms-win-core-localization-l1-2-0.dll
0x0000000002940000 - 0x0000000002943000 	C:\Program Files\Java\jre1.8.0_191\bin\api-ms-win-core-memory-l1-1-0.dll
0x0000000002950000 - 0x0000000002953000 	C:\Program Files\Java\jre1.8.0_191\bin\api-ms-win-core-namedpipe-l1-1-0.dll
0x0000000002960000 - 0x0000000002963000 	C:\Program Files\Java\jre1.8.0_191\bin\api-ms-win-core-processenvironment-l1-1-0.dll
0x0000000002970000 - 0x0000000002973000 	C:\Program Files\Java\jre1.8.0_191\bin\api-ms-win-core-processthreads-l1-1-0.dll
0x0000000002980000 - 0x0000000002983000 	C:\Program Files\Java\jre1.8.0_191\bin\api-ms-win-core-processthreads-l1-1-1.dll
0x0000000002990000 - 0x0000000002993000 	C:\Program Files\Java\jre1.8.0_191\bin\api-ms-win-core-profile-l1-1-0.dll
0x00000000029a0000 - 0x00000000029a3000 	C:\Program Files\Java\jre1.8.0_191\bin\api-ms-win-core-rtlsupport-l1-1-0.dll
0x00000000029b0000 - 0x00000000029b3000 	C:\Program Files\Java\jre1.8.0_191\bin\api-ms-win-core-string-l1-1-0.dll
0x00000000029c0000 - 0x00000000029c3000 	C:\Program Files\Java\jre1.8.0_191\bin\api-ms-win-core-synch-l1-1-0.dll
0x00000000029d0000 - 0x00000000029d3000 	C:\Program Files\Java\jre1.8.0_191\bin\api-ms-win-core-synch-l1-2-0.dll
0x00000000029e0000 - 0x00000000029e3000 	C:\Program Files\Java\jre1.8.0_191\bin\api-ms-win-core-sysinfo-l1-1-0.dll
0x0000000002b00000 - 0x0000000002b03000 	C:\Program Files\Java\jre1.8.0_191\bin\api-ms-win-core-timezone-l1-1-0.dll
0x0000000002b10000 - 0x0000000002b13000 	C:\Program Files\Java\jre1.8.0_191\bin\api-ms-win-core-util-l1-1-0.dll
0x0000000002b20000 - 0x0000000002b23000 	C:\Program Files\Java\jre1.8.0_191\bin\api-ms-win-crt-conio-l1-1-0.dll
0x0000000002b30000 - 0x0000000002b34000 	C:\Program Files\Java\jre1.8.0_191\bin\api-ms-win-crt-convert-l1-1-0.dll
0x0000000002b40000 - 0x0000000002b43000 	C:\Program Files\Java\jre1.8.0_191\bin\api-ms-win-crt-environment-l1-1-0.dll
0x0000000002b50000 - 0x0000000002b53000 	C:\Program Files\Java\jre1.8.0_191\bin\api-ms-win-crt-filesystem-l1-1-0.dll
0x0000000002b60000 - 0x0000000002b63000 	C:\Program Files\Java\jre1.8.0_191\bin\api-ms-win-crt-heap-l1-1-0.dll
0x0000000002b70000 - 0x0000000002b73000 	C:\Program Files\Java\jre1.8.0_191\bin\api-ms-win-crt-locale-l1-1-0.dll
0x0000000002b80000 - 0x0000000002b85000 	C:\Program Files\Java\jre1.8.0_191\bin\api-ms-win-crt-math-l1-1-0.dll
0x0000000002b90000 - 0x0000000002b95000 	C:\Program Files\Java\jre1.8.0_191\bin\api-ms-win-crt-multibyte-l1-1-0.dll
0x0000000002ba0000 - 0x0000000002bb0000 	C:\Program Files\Java\jre1.8.0_191\bin\api-ms-win-crt-private-l1-1-0.dll
0x00000000196e0000 - 0x00000000196e3000 	C:\Program Files\Java\jre1.8.0_191\bin\api-ms-win-crt-process-l1-1-0.dll
0x00000000196f0000 - 0x00000000196f4000 	C:\Program Files\Java\jre1.8.0_191\bin\api-ms-win-crt-runtime-l1-1-0.dll
0x0000000019700000 - 0x0000000019704000 	C:\Program Files\Java\jre1.8.0_191\bin\api-ms-win-crt-stdio-l1-1-0.dll
0x0000000019710000 - 0x0000000019714000 	C:\Program Files\Java\jre1.8.0_191\bin\api-ms-win-crt-string-l1-1-0.dll
0x0000000019720000 - 0x0000000019723000 	C:\Program Files\Java\jre1.8.0_191\bin\api-ms-win-crt-time-l1-1-0.dll
0x0000000019730000 - 0x0000000019733000 	C:\Program Files\Java\jre1.8.0_191\bin\api-ms-win-crt-utility-l1-1-0.dll
0x00007ffb65940000 - 0x00007ffb65a36000 	C:\Program Files\Java\jre1.8.0_191\bin\ucrtbase.dll
0x00007ffb6b780000 - 0x00007ffb6b796000 	C:\Program Files\Java\jre1.8.0_191\bin\vcruntime140.dll
0x00007ffb61170000 - 0x00007ffb6120c000 	C:\Program Files\Java\jre1.8.0_191\bin\msvcp140.dll
0x00007ffb652e0000 - 0x00007ffb65331000 	C:\Program Files\Java\jre1.8.0_191\bin\concrt140.dll
0x000000005bff0000 - 0x000000005c013000 	C:\Program Files\Java\jre1.8.0_191\bin\prism_d3d.dll
0x00007ffb5abc0000 - 0x00007ffb5ad49000 	C:\Windows\system32\d3d9.dll
0x00007ffb766c0000 - 0x00007ffb766ea000 	C:\Windows\SYSTEM32\dwmapi.dll
0x00007ffb76970000 - 0x00007ffb76a05000 	C:\Windows\system32\uxtheme.dll
0x00007ffb5f9b0000 - 0x00007ffb5fb87000 	C:\Windows\System32\DriverStore\FileRepository\ki127171.inf_amd64_368f8c7337214025\igdumdim64.dll
0x00007ffb1ba50000 - 0x00007ffb1ea4d000 	C:\Windows\System32\DriverStore\FileRepository\ki127171.inf_amd64_368f8c7337214025\igd9dxva64.dll
0x00007ffb7a620000 - 0x00007ffb7a765000 	C:\Windows\System32\ole32.dll
0x00007ffb79c50000 - 0x00007ffb79d10000 	C:\Windows\System32\OLEAUT32.dll
0x000000005bfa0000 - 0x000000005bfe9000 	C:\Program Files\Java\jre1.8.0_191\bin\glass.dll
0x00007ffb7a110000 - 0x00007ffb7a218000 	C:\Windows\System32\COMDLG32.dll
0x00007ffb79a30000 - 0x00007ffb79b96000 	C:\Windows\System32\MSCTF.dll
0x00007ffb6fca0000 - 0x00007ffb71a35000 	C:\Windows\System32\DriverStore\FileRepository\ki127171.inf_amd64_368f8c7337214025\igc64.dll
0x000000005bf80000 - 0x000000005bf94000 	C:\Program Files\Java\jre1.8.0_191\bin\javafx_font.dll
0x00000000588c0000 - 0x000000005bf7a000 	C:\Program Files\Java\jre1.8.0_191\bin\jfxwebkit.dll
0x00007ffb6e5b0000 - 0x00007ffb6e86f000 	C:\Windows\SYSTEM32\dwrite.dll
0x00007ffb77ec0000 - 0x00007ffb77ed7000 	C:\Windows\SYSTEM32\CRYPTSP.dll
0x00007ffb77600000 - 0x00007ffb77634000 	C:\Windows\system32\rsaenh.dll
0x00007ffb78030000 - 0x00007ffb78055000 	C:\Windows\SYSTEM32\bcrypt.dll
0x00007ffb77ee0000 - 0x00007ffb77eeb000 	C:\Windows\SYSTEM32\CRYPTBASE.dll
0x00007ffb783a0000 - 0x00007ffb783c9000 	C:\Windows\SYSTEM32\USERENV.dll
0x000000005c160000 - 0x000000005c17a000 	C:\Program Files\Java\jre1.8.0_191\bin\net.dll
0x00007ffb77d20000 - 0x00007ffb77d7c000 	C:\Windows\system32\mswsock.dll
0x00007ffb77ac0000 - 0x00007ffb77af7000 	C:\Windows\SYSTEM32\IPHLPAPI.DLL
0x00007ffb7a080000 - 0x00007ffb7a088000 	C:\Windows\System32\NSI.dll
0x00007ffb71fb0000 - 0x00007ffb71fc6000 	C:\Windows\SYSTEM32\dhcpcsvc6.DLL
0x00007ffb71f90000 - 0x00007ffb71faa000 	C:\Windows\SYSTEM32\dhcpcsvc.DLL
0x000000005c140000 - 0x000000005c151000 	C:\Program Files\Java\jre1.8.0_191\bin\nio.dll
0x000000005c110000 - 0x000000005c134000 	C:\Program Files\Java\jre1.8.0_191\bin\sunec.dll
0x00007ffb79fe0000 - 0x00007ffb7a07e000 	C:\Windows\System32\clbcatq.dll
0x00007ffb73a40000 - 0x00007ffb73bec000 	C:\Windows\SYSTEM32\WindowsCodecs.dll
0x00007ffb65c30000 - 0x00007ffb65c77000 	C:\Windows\system32\dataexchange.dll
0x00007ffb757d0000 - 0x00007ffb75aaf000 	C:\Windows\system32\d3d11.dll
0x00007ffb76150000 - 0x00007ffb76273000 	C:\Windows\system32\dcomp.dll
0x00007ffb77180000 - 0x00007ffb77224000 	C:\Windows\system32\dxgi.dll
0x00007ffb76c50000 - 0x00007ffb76dc0000 	C:\Windows\system32\twinapi.appcore.dll
0x00007ffb752b0000 - 0x00007ffb752e1000 	C:\Program Files\Common Files\Microsoft Shared\Ink\rtscom.dll
0x000000005c100000 - 0x000000005c10b000 	C:\Program Files\Java\jre1.8.0_191\bin\sunmscapi.dll
0x00007ffb77b00000 - 0x00007ffb77ba4000 	C:\Windows\SYSTEM32\DNSAPI.dll
0x00007ffb6c670000 - 0x00007ffb6c67a000 	C:\Windows\System32\rasadhlp.dll
0x00007ffb738d0000 - 0x00007ffb7393b000 	C:\Windows\System32\fwpuclnt.dll
0x00000000588a0000 - 0x00000000588b2000 	C:\Program Files\Java\jre1.8.0_191\bin\prism_common.dll
0x00007ffb75ab0000 - 0x00007ffb76054000 	C:\Windows\SYSTEM32\d2d1.dll

VM Arguments:
jvm_args: -Dfile.encoding=UTF-8 
java_command: principal.Principal
java_class_path (initial): C:\Program Files\Java\jre1.8.0_191\lib\resources.jar;C:\Program Files\Java\jre1.8.0_191\lib\rt.jar;C:\Program Files\Java\jre1.8.0_191\lib\jsse.jar;C:\Program Files\Java\jre1.8.0_191\lib\jce.jar;C:\Program Files\Java\jre1.8.0_191\lib\charsets.jar;C:\Program Files\Java\jre1.8.0_191\lib\jfr.jar;C:\Program Files\Java\jre1.8.0_191\lib\ext\access-bridge-64.jar;C:\Program Files\Java\jre1.8.0_191\lib\ext\cldrdata.jar;C:\Program Files\Java\jre1.8.0_191\lib\ext\dnsns.jar;C:\Program Files\Java\jre1.8.0_191\lib\ext\jaccess.jar;C:\Program Files\Java\jre1.8.0_191\lib\ext\jfxrt.jar;C:\Program Files\Java\jre1.8.0_191\lib\ext\localedata.jar;C:\Program Files\Java\jre1.8.0_191\lib\ext\nashorn.jar;C:\Program Files\Java\jre1.8.0_191\lib\ext\sunec.jar;C:\Program Files\Java\jre1.8.0_191\lib\ext\sunjce_provider.jar;C:\Program Files\Java\jre1.8.0_191\lib\ext\sunmscapi.jar;C:\Program Files\Java\jre1.8.0_191\lib\ext\sunpkcs11.jar;C:\Program Files\Java\jre1.8.0_191\lib\ext\zipfs.jar;C:\Users\fabricio.barrozo\eclipse-workspace\adasa4\target\classes;C:\Users\fabricio.barrozo\.m2\repository\commons-codec\commons-codec\1.11\commons-codec-1.11.jar;C:\Users\fabricio.barrozo\.m2\repository\com\microsoft\sqlserver\mssql-jdbc\7.0.0.jre8\mssql-jdbc-7.0.0.jre8.jar;C:\Users\fabricio.barrozo\.m2\repository\org\hibernate\hibernate-spatial\5.1.0.Final\hibernate-spatial-5.1.0.Final.jar;C:\Users\fabricio.barrozo\.m2\repository\org\jboss\logging\jboss-logging\3.3.0.Final\jboss-logging-3.3.0.Final.jar;C:\Users\fabricio.barrozo\.m2\repository\org\hibernate\hibernate-core\5.1.0.Final\hibernate-core-5.1.0.Final.jar;C:\Users\fabricio.barrozo\.m2\repository\org\hibernate\javax\persistence\hibernate-jpa-2.1-api\1.0.0.Final\hibernate-jpa-2.1-api-1.0.0.Final.jar;C:\Users\fabricio.barrozo\.m2\repository\org\javassist\javassist\3.20.0-GA\javassist-3.20.0-GA.jar;C:\Users\fabricio.barrozo\.m2\repository\antlr\antlr\2.7.7\antlr-2.7.7.jar;C:\Users\fabricio.barrozo\.m2\repository\org\apache\geronim
Launcher Type: SUN_STANDARD

Environment Variables:
JAVA_HOME=C:\Program Files\Java\jdk1.8.0_191
PATH=C:/Program Files/Java/jre1.8.0_191/bin/server;C:/Program Files/Java/jre1.8.0_191/bin;C:/Program Files/Java/jre1.8.0_191/lib/amd64;C:\Program Files (x86)\Common Files\Oracle\Java\javapath;C:\ProgramData\Oracle\Java\javapath;C:\Program Files (x86)\Intel\iCLS Client\;C:\Program Files\Intel\iCLS Client\;C:\Windows\system32;C:\Windows;C:\Windows\System32\Wbem;C:\Windows\System32\WindowsPowerShell\v1.0\;C:\Program Files (x86)\Intel\Intel(R) Management Engine Components\DAL;C:\Program Files\Intel\Intel(R) Management Engine Components\DAL;C:\Program Files (x86)\Intel\Intel(R) Management Engine Components\IPT;C:\Program Files\Intel\Intel(R) Management Engine Components\IPT;C:\Program Files\Intel\WiFi\bin\;C:\Program Files\Common Files\Intel\WirelessCommon\;c:\Program Files\Microsoft SQL Server\110\Tools\Binn\;c:\Program Files (x86)\Microsoft SQL Server\110\Tools\Binn\ManagementStudio\;c:\Program Files (x86)\Microsoft SQL Server\110\Tools\Binn\;c:\Program Files (x86)\Microsoft SQL Server\110\DTS\Binn\;C:\apache-maven-3.6.0\bin;C:\Program Files\Microsoft SQL Server Migration Assistant for Access\bin\;C:\Users\fabricio.barrozo\AppData\Local\Microsoft\WindowsApps;;C:\Windows\System32;
USERNAME=fabricio.barrozo
OS=Windows_NT
PROCESSOR_IDENTIFIER=Intel64 Family 6 Model 94 Stepping 3, GenuineIntel



---------------  S Y S T E M  ---------------

OS: Windows 10.0 , 64 bit Build 15063 (10.0.15063.1058)

CPU:total 4 (initial active 4) (4 cores per cpu, 1 threads per core) family 6 model 94 stepping 3, cmov, cx8, fxsr, mmx, sse, sse2, sse3, ssse3, sse4.1, sse4.2, popcnt, avx, avx2, aes, clmul, erms, rtm, 3dnowpref, lzcnt, tsc, tscinvbit, bmi1, bmi2, adx

Memory: 4k page, physical 8249056k(2258600k free), swap 10196704k(1524k free)

vm_info: Java HotSpot(TM) 64-Bit Server VM (25.191-b12) for windows-amd64 JRE (1.8.0_191-b12), built on Oct  6 2018 09:29:03 by "java_re" with MS VC++ 10.0 (VS2010)

time: Thu Aug 29 13:59:50 2019
elapsed time: 81 seconds (0d 0h 1m 21s)

