#
# There is insufficient memory for the Java Runtime Environment to continue.
# Native memory allocation (malloc) failed to allocate 213136 bytes for Chunk::new
# Possible reasons:
#   The system is out of physical RAM or swap space
#   In 32 bit mode, the process size limit was hit
# Possible solutions:
#   Reduce memory load on the system
#   Increase physical memory or swap space
#   Check if swap backing store is full
#   Use 64 bit Java on a 64 bit OS
#   Decrease Java heap size (-Xmx/-Xms)
#   Decrease number of Java threads
#   Decrease Java thread stack sizes (-Xss)
#   Set larger code cache with -XX:ReservedCodeCacheSize=
# This output file may be truncated or incomplete.
#
#  Out of Memory Error (allocation.cpp:390), pid=10140, tid=0x00000000000032c0
#
# JRE version: Java(TM) SE Runtime Environment (8.0_191-b12) (build 1.8.0_191-b12)
# Java VM: Java HotSpot(TM) 64-Bit Server VM (25.191-b12 mixed mode windows-amd64 compressed oops)
# Failed to write core dump. Minidumps are not enabled by default on client versions of Windows
#

---------------  T H R E A D  ---------------

Current thread (0x0000000017f2d000):  
[error occurred during error reporting (printing current thread), id 0xc0000005]

Stack: [0x000000001aac0000,0x000000001abc0000]
[error occurred during error reporting (printing stack bounds), id 0xc0000005]

Native frames: (J=compiled Java code, j=interpreted, Vv=VM code, C=native code)


Current CompileTask:
C2:   5938 3250       4       javassist.util.proxy.RuntimeSupport::findMethod2 (60 bytes)


---------------  P R O C E S S  ---------------

Java Threads: ( => current thread )
  0x00000000241ad800 JavaThread "pool-3-thread-1" [_thread_blocked, id=11332, stack(0x0000000027890000,0x0000000027990000)]
  0x000000001bb3c800 JavaThread "Prism Font Disposer" daemon [_thread_blocked, id=5428, stack(0x0000000023a50000,0x0000000023b50000)]
  0x000000001b556000 JavaThread "Thread-3" daemon [_thread_blocked, id=12780, stack(0x0000000022a90000,0x0000000022b90000)]
  0x000000001b512800 JavaThread "JavaFX-Launcher" [_thread_blocked, id=580, stack(0x0000000022b90000,0x0000000022c90000)]
  0x000000001b091000 JavaThread "JavaFX Application Thread" [_thread_blocked, id=3568, stack(0x000000001c100000,0x000000001c200000)]
  0x000000001b4ab000 JavaThread "Thread-1" daemon [_thread_blocked, id=11596, stack(0x000000001c000000,0x000000001c100000)]
  0x000000001b06b800 JavaThread "QuantumRenderer-0" daemon [_thread_blocked, id=4068, stack(0x000000001bca0000,0x000000001bda0000)]
  0x000000001aceb000 JavaThread "Service Thread" daemon [_thread_blocked, id=13540, stack(0x000000001b0c0000,0x000000001b1c0000)]
  0x0000000017f2e800 JavaThread "C1 CompilerThread2" daemon [_thread_blocked, id=10096, stack(0x000000001abc0000,0x000000001acc0000)]
=>0x0000000017f2d000 JavaThread "C2 CompilerThread1" daemon [_thread_in_native, id=12992, stack(0x000000001aac0000,0x000000001abc0000)]
  0x0000000017f27000 JavaThread "C2 CompilerThread0" daemon [_thread_in_native, id=15080, stack(0x000000001a9c0000,0x000000001aac0000)]
  0x0000000017f25000 JavaThread "Attach Listener" daemon [_thread_blocked, id=15508, stack(0x000000001a8c0000,0x000000001a9c0000)]
  0x0000000017f23800 JavaThread "Signal Dispatcher" daemon [_thread_blocked, id=13356, stack(0x000000001a7c0000,0x000000001a8c0000)]
  0x0000000017f10000 JavaThread "Finalizer" daemon [_thread_blocked, id=12904, stack(0x0000000019180000,0x0000000019280000)]
  0x0000000003445000 JavaThread "Reference Handler" daemon [_thread_blocked, id=15988, stack(0x0000000019080000,0x0000000019180000)]
  0x0000000003356000 JavaThread "main" [_thread_blocked, id=5064, stack(0x0000000003250000,0x0000000003350000)]

Other Threads:
  0x0000000017ee8000 VMThread [stack: 0x0000000018f80000,0x0000000019080000] [id=9080]
  0x000000001ad4d800 WatcherThread [stack: 0x000000001b1c0000,0x000000001b2c0000] [id=14688]

VM state:at safepoint (normal execution)

VM Mutex/Monitor currently owned by a thread:  ([mutex/lock_event])
[0x0000000003353a50] Threads_lock - owner thread: 0x0000000017ee8000
[0x0000000003353250] Heap_lock - owner thread: 0x000000001b091000

Heap:
 PSYoungGen      total 89088K, used 1132K [0x00000000d6100000, 0x00000000dcb80000, 0x0000000100000000)
  eden space 86528K, 0% used [0x00000000d6100000,0x00000000d6100000,0x00000000db580000)
  from space 2560K, 44% used [0x00000000dc900000,0x00000000dca1b298,0x00000000dcb80000)
  to   space 11264K, 0% used [0x00000000db580000,0x00000000db580000,0x00000000dc080000)
 ParOldGen       total 60416K, used 16088K [0x0000000082200000, 0x0000000085d00000, 0x00000000d6100000)
  object space 60416K, 26% used [0x0000000082200000,0x00000000831b6118,0x0000000085d00000)
 Metaspace       used 35403K, capacity 36168K, committed 36352K, reserved 1085440K
  class space    used 4876K, capacity 5087K, committed 5120K, reserved 1048576K

Card table byte_map: [0x0000000012810000,0x0000000012c00000] byte_map_base: 0x00000000123ff000

Marking Bits: (ParMarkBitMap*) 0x000000006eb33e30
 Begin Bits: [0x00000000132a0000, 0x0000000015218000)
 End Bits:   [0x0000000015218000, 0x0000000017190000)

Polling page: 0x0000000001250000

CodeCache: size=245760Kb used=10204Kb max_used=10204Kb free=235555Kb
 bounds [0x0000000003450000, 0x0000000003e50000, 0x0000000012450000]
 total_blobs=4164 nmethods=3341 adapters=735
 compilation: enabled

Compilation events (10 events):
Event: 5.830 Thread 0x0000000017f2e800 3343       1       org.hibernate.tuple.entity.EntityMetamodel::getProperties (5 bytes)
Event: 5.830 Thread 0x0000000017f2e800 nmethod 3343 0x0000000003e48cd0 code [0x0000000003e48e20, 0x0000000003e48f30]
Event: 5.840 Thread 0x0000000017f2e800 3344       3       org.jboss.logging.Logger::access$000 (10 bytes)
Event: 5.840 Thread 0x0000000017f2e800 nmethod 3344 0x0000000003e48f90 code [0x0000000003e49100, 0x0000000003e49268]
Event: 5.840 Thread 0x0000000017f2e800 3345       3       org.jboss.logging.Logger::join (112 bytes)
Event: 5.841 Thread 0x0000000017f2e800 nmethod 3345 0x0000000003e49310 code [0x0000000003e496a0, 0x0000000003e4b8f8]
Event: 5.863 Thread 0x0000000017f2e800 3346       1       org.hibernate.tuple.entity.EntityMetamodel::getName (5 bytes)
Event: 5.863 Thread 0x0000000017f2e800 nmethod 3346 0x0000000003e4cf90 code [0x0000000003e4d0e0, 0x0000000003e4d1f0]
Event: 5.877 Thread 0x0000000017f2e800 3347       3       java.lang.Package::<init> (56 bytes)
Event: 5.877 Thread 0x0000000017f2e800 nmethod 3347 0x0000000003e4d250 code [0x0000000003e4d3a0, 0x0000000003e4d610]

GC Heap History (10 events):
Event: 4.211 GC heap before
{Heap before GC invocations=5 (full 1):
 PSYoungGen      total 37888K, used 32768K [0x00000000d6100000, 0x00000000d8b00000, 0x0000000100000000)
  eden space 32768K, 100% used [0x00000000d6100000,0x00000000d8100000,0x00000000d8100000)
  from space 5120K, 0% used [0x00000000d8100000,0x00000000d8100000,0x00000000d8600000)
  to   space 5120K, 0% used [0x00000000d8600000,0x00000000d8600000,0x00000000d8b00000)
 ParOldGen       total 60416K, used 10049K [0x0000000082200000, 0x0000000085d00000, 0x00000000d6100000)
  object space 60416K, 16% used [0x0000000082200000,0x0000000082bd0488,0x0000000085d00000)
 Metaspace       used 26007K, capacity 26752K, committed 27008K, reserved 1073152K
  class space    used 3759K, capacity 3939K, committed 3968K, reserved 1048576K
Event: 4.215 GC heap after
Heap after GC invocations=5 (full 1):
 PSYoungGen      total 37888K, used 5116K [0x00000000d6100000, 0x00000000d9e80000, 0x0000000100000000)
  eden space 32768K, 0% used [0x00000000d6100000,0x00000000d6100000,0x00000000d8100000)
  from space 5120K, 99% used [0x00000000d8600000,0x00000000d8aff328,0x00000000d8b00000)
  to   space 5120K, 0% used [0x00000000d8100000,0x00000000d8100000,0x00000000d8600000)
 ParOldGen       total 60416K, used 10057K [0x0000000082200000, 0x0000000085d00000, 0x00000000d6100000)
  object space 60416K, 16% used [0x0000000082200000,0x0000000082bd2488,0x0000000085d00000)
 Metaspace       used 26007K, capacity 26752K, committed 27008K, reserved 1073152K
  class space    used 3759K, capacity 3939K, committed 3968K, reserved 1048576K
}
Event: 5.357 GC heap before
{Heap before GC invocations=6 (full 1):
 PSYoungGen      total 37888K, used 37884K [0x00000000d6100000, 0x00000000d9e80000, 0x0000000100000000)
  eden space 32768K, 100% used [0x00000000d6100000,0x00000000d8100000,0x00000000d8100000)
  from space 5120K, 99% used [0x00000000d8600000,0x00000000d8aff328,0x00000000d8b00000)
  to   space 5120K, 0% used [0x00000000d8100000,0x00000000d8100000,0x00000000d8600000)
 ParOldGen       total 60416K, used 10057K [0x0000000082200000, 0x0000000085d00000, 0x00000000d6100000)
  object space 60416K, 16% used [0x0000000082200000,0x0000000082bd2488,0x0000000085d00000)
 Metaspace       used 31119K, capacity 31860K, committed 32256K, reserved 1077248K
  class space    used 4350K, capacity 4561K, committed 4608K, reserved 1048576K
Event: 5.362 GC heap after
Heap after GC invocations=6 (full 1):
 PSYoungGen      total 37888K, used 5104K [0x00000000d6100000, 0x00000000da780000, 0x0000000100000000)
  eden space 32768K, 0% used [0x00000000d6100000,0x00000000d6100000,0x00000000d8100000)
  from space 5120K, 99% used [0x00000000d8100000,0x00000000d85fc0c0,0x00000000d8600000)
  to   space 10240K, 0% used [0x00000000d9d80000,0x00000000d9d80000,0x00000000da780000)
 ParOldGen       total 60416K, used 12736K [0x0000000082200000, 0x0000000085d00000, 0x00000000d6100000)
  object space 60416K, 21% used [0x0000000082200000,0x0000000082e702b0,0x0000000085d00000)
 Metaspace       used 31119K, capacity 31860K, committed 32256K, reserved 1077248K
  class space    used 4350K, capacity 4561K, committed 4608K, reserved 1048576K
}
Event: 5.697 GC heap before
{Heap before GC invocations=7 (full 1):
 PSYoungGen      total 37888K, used 37872K [0x00000000d6100000, 0x00000000da780000, 0x0000000100000000)
  eden space 32768K, 100% used [0x00000000d6100000,0x00000000d8100000,0x00000000d8100000)
  from space 5120K, 99% used [0x00000000d8100000,0x00000000d85fc0c0,0x00000000d8600000)
  to   space 10240K, 0% used [0x00000000d9d80000,0x00000000d9d80000,0x00000000da780000)
 ParOldGen       total 60416K, used 12736K [0x0000000082200000, 0x0000000085d00000, 0x00000000d6100000)
  object space 60416K, 21% used [0x0000000082200000,0x0000000082e702b0,0x0000000085d00000)
 Metaspace       used 34205K, capacity 34992K, committed 35200K, reserved 1079296K
  class space    used 4747K, capacity 4955K, committed 4992K, reserved 1048576K
Event: 5.705 GC heap after
Heap after GC invocations=7 (full 1):
 PSYoungGen      total 61440K, used 8459K [0x00000000d6100000, 0x00000000dab80000, 0x0000000100000000)
  eden space 51200K, 0% used [0x00000000d6100000,0x00000000d6100000,0x00000000d9300000)
  from space 10240K, 82% used [0x00000000d9d80000,0x00000000da5c2e50,0x00000000da780000)
  to   space 10752K, 0% used [0x00000000d9300000,0x00000000d9300000,0x00000000d9d80000)
 ParOldGen       total 60416K, used 12744K [0x0000000082200000, 0x0000000085d00000, 0x00000000d6100000)
  object space 60416K, 21% used [0x0000000082200000,0x0000000082e722b0,0x0000000085d00000)
 Metaspace       used 34205K, capacity 34992K, committed 35200K, reserved 1079296K
  class space    used 4747K, capacity 4955K, committed 4992K, reserved 1048576K
}
Event: 5.750 GC heap before
{Heap before GC invocations=8 (full 1):
 PSYoungGen      total 61440K, used 18130K [0x00000000d6100000, 0x00000000dab80000, 0x0000000100000000)
  eden space 51200K, 18% used [0x00000000d6100000,0x00000000d6a71d18,0x00000000d9300000)
  from space 10240K, 82% used [0x00000000d9d80000,0x00000000da5c2e50,0x00000000da780000)
  to   space 10752K, 0% used [0x00000000d9300000,0x00000000d9300000,0x00000000d9d80000)
 ParOldGen       total 60416K, used 12744K [0x0000000082200000, 0x0000000085d00000, 0x00000000d6100000)
  object space 60416K, 21% used [0x0000000082200000,0x0000000082e722b0,0x0000000085d00000)
 Metaspace       used 34585K, capacity 35330K, committed 35456K, reserved 1079296K
  class space    used 4763K, capacity 4958K, committed 4992K, reserved 1048576K
Event: 5.756 GC heap after
Heap after GC invocations=8 (full 1):
 PSYoungGen      total 61952K, used 7284K [0x00000000d6100000, 0x00000000dd300000, 0x0000000100000000)
  eden space 51200K, 0% used [0x00000000d6100000,0x00000000d6100000,0x00000000d9300000)
  from space 10752K, 67% used [0x00000000d9300000,0x00000000d9a1d190,0x00000000d9d80000)
  to   space 10240K, 0% used [0x00000000dc900000,0x00000000dc900000,0x00000000dd300000)
 ParOldGen       total 60416K, used 12752K [0x0000000082200000, 0x0000000085d00000, 0x00000000d6100000)
  object space 60416K, 21% used [0x0000000082200000,0x0000000082e742b0,0x0000000085d00000)
 Metaspace       used 34585K, capacity 35330K, committed 35456K, reserved 1079296K
  class space    used 4763K, capacity 4958K, committed 4992K, reserved 1048576K
}
Event: 5.756 GC heap before
{Heap before GC invocations=9 (full 2):
 PSYoungGen      total 61952K, used 7284K [0x00000000d6100000, 0x00000000dd300000, 0x0000000100000000)
  eden space 51200K, 0% used [0x00000000d6100000,0x00000000d6100000,0x00000000d9300000)
  from space 10752K, 67% used [0x00000000d9300000,0x00000000d9a1d190,0x00000000d9d80000)
  to   space 10240K, 0% used [0x00000000dc900000,0x00000000dc900000,0x00000000dd300000)
 ParOldGen       total 60416K, used 12752K [0x0000000082200000, 0x0000000085d00000, 0x00000000d6100000)
  object space 60416K, 21% used [0x0000000082200000,0x0000000082e742b0,0x0000000085d00000)
 Metaspace       used 34585K, capacity 35330K, committed 35456K, reserved 1079296K
  class space    used 4763K, capacity 4958K, committed 4992K, reserved 1048576K
Event: 5.811 GC heap after
Heap after GC invocations=9 (full 2):
 PSYoungGen      total 61952K, used 0K [0x00000000d6100000, 0x00000000dd300000, 0x0000000100000000)
  eden space 51200K, 0% used [0x00000000d6100000,0x00000000d6100000,0x00000000d9300000)
  from space 10752K, 0% used [0x00000000d9300000,0x00000000d9300000,0x00000000d9d80000)
  to   space 10240K, 0% used [0x00000000dc900000,0x00000000dc900000,0x00000000dd300000)
 ParOldGen       total 60416K, used 16088K [0x0000000082200000, 0x0000000085d00000, 0x00000000d6100000)
  object space 60416K, 26% used [0x0000000082200000,0x00000000831b6118,0x0000000085d00000)
 Metaspace       used 34585K, capacity 35330K, committed 35456K, reserved 1079296K
  class space    used 4763K, capacity 4958K, committed 4992K, reserved 1048576K
}

Deoptimization events (10 events):
Event: 4.363 Thread 0x000000001b091000 Uncommon trap: reason=class_check action=maybe_recompile pc=0x00000000037e5fa8 method=java.io.DataInputStream.readChar()C @ 4
Event: 4.363 Thread 0x000000001b091000 Uncommon trap: reason=class_check action=maybe_recompile pc=0x00000000037e5fa8 method=java.io.DataInputStream.readChar()C @ 4
Event: 4.363 Thread 0x000000001b091000 Uncommon trap: reason=class_check action=maybe_recompile pc=0x00000000037e5fa8 method=java.io.DataInputStream.readChar()C @ 4
Event: 4.363 Thread 0x000000001b091000 Uncommon trap: reason=class_check action=maybe_recompile pc=0x00000000037e5fa8 method=java.io.DataInputStream.readChar()C @ 4
Event: 4.484 Thread 0x000000001b091000 Uncommon trap: reason=unstable_if action=reinterpret pc=0x0000000003b22570 method=java.util.Arrays.equals([B[B)Z @ 12
Event: 4.677 Thread 0x000000001b091000 Uncommon trap: reason=class_check action=maybe_recompile pc=0x0000000003b660e4 method=java.util.regex.Matcher.search(I)Z @ 86
Event: 4.677 Thread 0x000000001b091000 Uncommon trap: reason=class_check action=maybe_recompile pc=0x0000000003b660e4 method=java.util.regex.Matcher.search(I)Z @ 86
Event: 4.677 Thread 0x000000001b091000 Uncommon trap: reason=class_check action=maybe_recompile pc=0x0000000003b660e4 method=java.util.regex.Matcher.search(I)Z @ 86
Event: 4.677 Thread 0x000000001b091000 Uncommon trap: reason=class_check action=maybe_recompile pc=0x0000000003b660e4 method=java.util.regex.Matcher.search(I)Z @ 86
Event: 5.668 Thread 0x000000001b091000 Uncommon trap: reason=unstable_if action=reinterpret pc=0x0000000003d6d220 method=javassist.bytecode.ClassFile.isDuplicated(Ljavassist/bytecode/MethodInfo;Ljava/lang/String;Ljava/lang/String;Ljavassist/bytecode/MethodInfo;Ljava/util/ListIterator;)Z @ 8

Classes redefined (0 events):
No events

Internal exceptions (10 events):
Event: 3.469 Thread 0x000000001b091000 Exception <a 'java/lang/ArrayIndexOutOfBoundsException'> (0x00000000d6526950) thrown at [C:\re\workspace\8-2-build-windows-amd64-cygwin\jdk8u191\11896\hotspot\src\share\vm\runtime\sharedRuntime.cpp, line 605]
Event: 3.469 Thread 0x000000001b091000 Exception <a 'java/lang/ArrayIndexOutOfBoundsException'> (0x00000000d6528248) thrown at [C:\re\workspace\8-2-build-windows-amd64-cygwin\jdk8u191\11896\hotspot\src\share\vm\runtime\sharedRuntime.cpp, line 605]
Event: 3.475 Thread 0x000000001b091000 Exception <a 'java/lang/ArrayIndexOutOfBoundsException': 79> (0x00000000d657d650) thrown at [C:\re\workspace\8-2-build-windows-amd64-cygwin\jdk8u191\11896\hotspot\src\share\vm\interpreter\interpreterRuntime.cpp, line 366]
Event: 3.475 Thread 0x000000001b091000 Exception <a 'java/lang/ArrayIndexOutOfBoundsException': 81> (0x00000000d657ec20) thrown at [C:\re\workspace\8-2-build-windows-amd64-cygwin\jdk8u191\11896\hotspot\src\share\vm\interpreter\interpreterRuntime.cpp, line 366]
Event: 3.475 Thread 0x000000001b091000 Exception <a 'java/lang/ArrayIndexOutOfBoundsException': 78> (0x00000000d657ff98) thrown at [C:\re\workspace\8-2-build-windows-amd64-cygwin\jdk8u191\11896\hotspot\src\share\vm\interpreter\interpreterRuntime.cpp, line 366]
Event: 3.475 Thread 0x000000001b091000 Exception <a 'java/lang/ArrayIndexOutOfBoundsException': 83> (0x00000000d6581338) thrown at [C:\re\workspace\8-2-build-windows-amd64-cygwin\jdk8u191\11896\hotspot\src\share\vm\interpreter\interpreterRuntime.cpp, line 366]
Event: 3.475 Thread 0x000000001b091000 Exception <a 'java/lang/ArrayIndexOutOfBoundsException': 38> (0x00000000d6582290) thrown at [C:\re\workspace\8-2-build-windows-amd64-cygwin\jdk8u191\11896\hotspot\src\share\vm\interpreter\interpreterRuntime.cpp, line 366]
Event: 3.527 Thread 0x000000001b091000 Implicit null exception at 0x00000000036c80d6 to 0x00000000036c8469
Event: 4.484 Thread 0x000000001b091000 Implicit null exception at 0x0000000003b22418 to 0x0000000003b2255d
Event: 4.686 Thread 0x000000001b091000 Exception <a 'java/lang/NullPointerException'> (0x00000000d7326268) thrown at [C:\re\workspace\8-2-build-windows-amd64-cygwin\jdk8u191\11896\hotspot\src\share\vm\runtime\reflection.cpp, line 922]

Events (10 events):
Event: 5.876 loading class org/hibernate/transform/ResultTransformer
Event: 5.876 loading class org/hibernate/transform/ResultTransformer done
Event: 5.877 loading class org/hibernate/loader/MultipleBagFetchException
Event: 5.877 loading class org/hibernate/loader/MultipleBagFetchException done
Event: 5.878 loading class org/hibernate/loader/JoinWalker
Event: 5.878 loading class org/hibernate/loader/JoinWalker done
Event: 5.878 loading class org/hibernate/loader/entity/CascadeEntityJoinWalker
Event: 5.878 loading class org/hibernate/loader/entity/CascadeEntityJoinWalker done
Event: 5.879 loading class org/hibernate/loader/AbstractEntityJoinWalker
Event: 5.879 loading class org/hibernate/loader/AbstractEntityJoinWalker done


Dynamic libraries:
0x00007ff6be4e0000 - 0x00007ff6be517000 	C:\Program Files\Java\jre1.8.0_191\bin\javaw.exe
0x00007ffed6a40000 - 0x00007ffed6c1b000 	C:\Windows\SYSTEM32\ntdll.dll
0x00007ffed4c70000 - 0x00007ffed4d1e000 	C:\Windows\System32\KERNEL32.DLL
0x00007ffed3250000 - 0x00007ffed349a000 	C:\Windows\System32\KERNELBASE.dll
0x00007ffed4d20000 - 0x00007ffed4dc1000 	C:\Windows\System32\ADVAPI32.dll
0x00007ffed3fa0000 - 0x00007ffed403d000 	C:\Windows\System32\msvcrt.dll
0x00007ffed53c0000 - 0x00007ffed5419000 	C:\Windows\System32\sechost.dll
0x00007ffed46f0000 - 0x00007ffed4815000 	C:\Windows\System32\RPCRT4.dll
0x00007ffed4fb0000 - 0x00007ffed50fa000 	C:\Windows\System32\USER32.dll
0x00007ffed37d0000 - 0x00007ffed37ee000 	C:\Windows\System32\win32u.dll
0x00007ffed48e0000 - 0x00007ffed4907000 	C:\Windows\System32\GDI32.dll
0x00007ffed3640000 - 0x00007ffed37c8000 	C:\Windows\System32\gdi32full.dll
0x00007ffed35a0000 - 0x00007ffed363a000 	C:\Windows\System32\msvcp_win.dll
0x00007ffed34a0000 - 0x00007ffed3596000 	C:\Windows\System32\ucrtbase.dll
0x00007ffecb0c0000 - 0x00007ffecb327000 	C:\Windows\WinSxS\amd64_microsoft.windows.common-controls_6595b64144ccf1df_6.0.15063.1155_none_40c7922129a7722b\COMCTL32.dll
0x00007ffed4970000 - 0x00007ffed4c69000 	C:\Windows\System32\combase.dll
0x00007ffed2f60000 - 0x00007ffed2fca000 	C:\Windows\System32\bcryptPrimitives.dll
0x00007ffed69f0000 - 0x00007ffed6a1d000 	C:\Windows\System32\IMM32.DLL
0x00007ffeb1dc0000 - 0x00007ffeb1e71000 	C:\Program Files\McAfee\Endpoint Security\Threat Prevention\Ips\EpMPApi.dll
0x00007ffed3840000 - 0x00007ffed3897000 	C:\Windows\System32\WINTRUST.dll
0x00007ffed2eb0000 - 0x00007ffed2ec1000 	C:\Windows\System32\MSASN1.dll
0x00007ffed2fd0000 - 0x00007ffed3199000 	C:\Windows\System32\CRYPT32.dll
0x000000006f0a0000 - 0x000000006f0ac000 	C:\Program Files\McAfee\Endpoint Security\Threat Prevention\Ips\EpMPThe.dll
0x000000006e120000 - 0x000000006e1f2000 	C:\Program Files\Java\jre1.8.0_191\bin\msvcr100.dll
0x000000006e310000 - 0x000000006ebb4000 	C:\Program Files\Java\jre1.8.0_191\bin\server\jvm.dll
0x00007ffed4040000 - 0x00007ffed4048000 	C:\Windows\System32\PSAPI.DLL
0x00007ffec4be0000 - 0x00007ffec4bea000 	C:\Windows\SYSTEM32\VERSION.dll
0x00007ffed1190000 - 0x00007ffed11b3000 	C:\Windows\SYSTEM32\WINMM.dll
0x00007ffeba760000 - 0x00007ffeba769000 	C:\Windows\SYSTEM32\WSOCK32.dll
0x00007ffed4df0000 - 0x00007ffed4e5c000 	C:\Windows\System32\WS2_32.dll
0x00007ffed1160000 - 0x00007ffed118b000 	C:\Windows\SYSTEM32\WINMMBASE.dll
0x00007ffed37f0000 - 0x00007ffed3839000 	C:\Windows\System32\cfgmgr32.dll
0x000000006e300000 - 0x000000006e30f000 	C:\Program Files\Java\jre1.8.0_191\bin\verify.dll
0x000000006e2d0000 - 0x000000006e2f9000 	C:\Program Files\Java\jre1.8.0_191\bin\java.dll
0x000000006e280000 - 0x000000006e296000 	C:\Program Files\Java\jre1.8.0_191\bin\zip.dll
0x0000000019380000 - 0x000000001a7b8000 	C:\Windows\System32\SHELL32.dll
0x00007ffed5100000 - 0x00007ffed51aa000 	C:\Windows\System32\shcore.dll
0x00007ffed38a0000 - 0x00007ffed3f91000 	C:\Windows\System32\windows.storage.dll
0x00007ffed4910000 - 0x00007ffed4961000 	C:\Windows\System32\shlwapi.dll
0x00007ffed2f20000 - 0x00007ffed2f31000 	C:\Windows\System32\kernel.appcore.dll
0x00007ffed2ed0000 - 0x00007ffed2f1c000 	C:\Windows\System32\powrprof.dll
0x00007ffed2f40000 - 0x00007ffed2f55000 	C:\Windows\System32\profapi.dll
0x00000000017c0000 - 0x00000000017c3000 	C:\Program Files\Java\jre1.8.0_191\bin\api-ms-win-core-console-l1-1-0.dll
0x0000000002fb0000 - 0x0000000002fb3000 	C:\Program Files\Java\jre1.8.0_191\bin\api-ms-win-core-datetime-l1-1-0.dll
0x0000000002fc0000 - 0x0000000002fc3000 	C:\Program Files\Java\jre1.8.0_191\bin\api-ms-win-core-debug-l1-1-0.dll
0x0000000002fd0000 - 0x0000000002fd3000 	C:\Program Files\Java\jre1.8.0_191\bin\api-ms-win-core-errorhandling-l1-1-0.dll
0x0000000002fe0000 - 0x0000000002fe4000 	C:\Program Files\Java\jre1.8.0_191\bin\api-ms-win-core-file-l1-1-0.dll
0x0000000002ff0000 - 0x0000000002ff3000 	C:\Program Files\Java\jre1.8.0_191\bin\api-ms-win-core-file-l1-2-0.dll
0x0000000003000000 - 0x0000000003003000 	C:\Program Files\Java\jre1.8.0_191\bin\api-ms-win-core-file-l2-1-0.dll
0x0000000003010000 - 0x0000000003013000 	C:\Program Files\Java\jre1.8.0_191\bin\api-ms-win-core-handle-l1-1-0.dll
0x0000000003020000 - 0x0000000003023000 	C:\Program Files\Java\jre1.8.0_191\bin\api-ms-win-core-heap-l1-1-0.dll
0x0000000003030000 - 0x0000000003033000 	C:\Program Files\Java\jre1.8.0_191\bin\api-ms-win-core-interlocked-l1-1-0.dll
0x000000001b2c0000 - 0x000000001b2c3000 	C:\Program Files\Java\jre1.8.0_191\bin\api-ms-win-core-libraryloader-l1-1-0.dll
0x000000001b2d0000 - 0x000000001b2d3000 	C:\Program Files\Java\jre1.8.0_191\bin\api-ms-win-core-localization-l1-2-0.dll
0x000000001b2e0000 - 0x000000001b2e3000 	C:\Program Files\Java\jre1.8.0_191\bin\api-ms-win-core-memory-l1-1-0.dll
0x000000001b2f0000 - 0x000000001b2f3000 	C:\Program Files\Java\jre1.8.0_191\bin\api-ms-win-core-namedpipe-l1-1-0.dll
0x000000001b300000 - 0x000000001b303000 	C:\Program Files\Java\jre1.8.0_191\bin\api-ms-win-core-processenvironment-l1-1-0.dll
0x000000001b310000 - 0x000000001b313000 	C:\Program Files\Java\jre1.8.0_191\bin\api-ms-win-core-processthreads-l1-1-0.dll
0x000000001b320000 - 0x000000001b323000 	C:\Program Files\Java\jre1.8.0_191\bin\api-ms-win-core-processthreads-l1-1-1.dll
0x000000001b330000 - 0x000000001b333000 	C:\Program Files\Java\jre1.8.0_191\bin\api-ms-win-core-profile-l1-1-0.dll
0x000000001b340000 - 0x000000001b343000 	C:\Program Files\Java\jre1.8.0_191\bin\api-ms-win-core-rtlsupport-l1-1-0.dll
0x000000001b350000 - 0x000000001b353000 	C:\Program Files\Java\jre1.8.0_191\bin\api-ms-win-core-string-l1-1-0.dll
0x000000001b360000 - 0x000000001b363000 	C:\Program Files\Java\jre1.8.0_191\bin\api-ms-win-core-synch-l1-1-0.dll
0x000000001b370000 - 0x000000001b373000 	C:\Program Files\Java\jre1.8.0_191\bin\api-ms-win-core-synch-l1-2-0.dll
0x000000001b380000 - 0x000000001b383000 	C:\Program Files\Java\jre1.8.0_191\bin\api-ms-win-core-sysinfo-l1-1-0.dll
0x000000001b390000 - 0x000000001b393000 	C:\Program Files\Java\jre1.8.0_191\bin\api-ms-win-core-timezone-l1-1-0.dll
0x000000001b3a0000 - 0x000000001b3a3000 	C:\Program Files\Java\jre1.8.0_191\bin\api-ms-win-core-util-l1-1-0.dll
0x000000001b3b0000 - 0x000000001b3b3000 	C:\Program Files\Java\jre1.8.0_191\bin\api-ms-win-crt-conio-l1-1-0.dll
0x000000001b3c0000 - 0x000000001b3c4000 	C:\Program Files\Java\jre1.8.0_191\bin\api-ms-win-crt-convert-l1-1-0.dll
0x000000001b3d0000 - 0x000000001b3d3000 	C:\Program Files\Java\jre1.8.0_191\bin\api-ms-win-crt-environment-l1-1-0.dll
0x000000001b3e0000 - 0x000000001b3e3000 	C:\Program Files\Java\jre1.8.0_191\bin\api-ms-win-crt-filesystem-l1-1-0.dll
0x000000001b3f0000 - 0x000000001b3f3000 	C:\Program Files\Java\jre1.8.0_191\bin\api-ms-win-crt-heap-l1-1-0.dll
0x000000001b400000 - 0x000000001b403000 	C:\Program Files\Java\jre1.8.0_191\bin\api-ms-win-crt-locale-l1-1-0.dll
0x000000001b410000 - 0x000000001b415000 	C:\Program Files\Java\jre1.8.0_191\bin\api-ms-win-crt-math-l1-1-0.dll
0x000000001b420000 - 0x000000001b425000 	C:\Program Files\Java\jre1.8.0_191\bin\api-ms-win-crt-multibyte-l1-1-0.dll
0x000000001b430000 - 0x000000001b440000 	C:\Program Files\Java\jre1.8.0_191\bin\api-ms-win-crt-private-l1-1-0.dll
0x000000001b440000 - 0x000000001b443000 	C:\Program Files\Java\jre1.8.0_191\bin\api-ms-win-crt-process-l1-1-0.dll
0x000000001b450000 - 0x000000001b454000 	C:\Program Files\Java\jre1.8.0_191\bin\api-ms-win-crt-runtime-l1-1-0.dll
0x000000001b460000 - 0x000000001b464000 	C:\Program Files\Java\jre1.8.0_191\bin\api-ms-win-crt-stdio-l1-1-0.dll
0x000000001b470000 - 0x000000001b474000 	C:\Program Files\Java\jre1.8.0_191\bin\api-ms-win-crt-string-l1-1-0.dll
0x000000001b480000 - 0x000000001b483000 	C:\Program Files\Java\jre1.8.0_191\bin\api-ms-win-crt-time-l1-1-0.dll
0x000000001b490000 - 0x000000001b493000 	C:\Program Files\Java\jre1.8.0_191\bin\api-ms-win-crt-utility-l1-1-0.dll
0x00007ffecd090000 - 0x00007ffecd186000 	C:\Program Files\Java\jre1.8.0_191\bin\ucrtbase.dll
0x00007ffecd250000 - 0x00007ffecd266000 	C:\Program Files\Java\jre1.8.0_191\bin\vcruntime140.dll
0x00007ffecd1b0000 - 0x00007ffecd24c000 	C:\Program Files\Java\jre1.8.0_191\bin\msvcp140.dll
0x00007ffeccfd0000 - 0x00007ffecd021000 	C:\Program Files\Java\jre1.8.0_191\bin\concrt140.dll
0x000000006e0f0000 - 0x000000006e113000 	C:\Program Files\Java\jre1.8.0_191\bin\prism_d3d.dll
0x00007ffeb2150000 - 0x00007ffeb22d9000 	C:\Windows\system32\d3d9.dll
0x00007ffed1100000 - 0x00007ffed112a000 	C:\Windows\SYSTEM32\dwmapi.dll
0x00007ffed13b0000 - 0x00007ffed1445000 	C:\Windows\system32\uxtheme.dll
0x00007ffead2b0000 - 0x00007ffead487000 	C:\Windows\System32\DriverStore\FileRepository\ki127171.inf_amd64_368f8c7337214025\igdumdim64.dll
0x00007ffe76160000 - 0x00007ffe7915d000 	C:\Windows\System32\DriverStore\FileRepository\ki127171.inf_amd64_368f8c7337214025\igd9dxva64.dll
0x00007ffed4e60000 - 0x00007ffed4fa5000 	C:\Windows\System32\ole32.dll
0x00007ffed4050000 - 0x00007ffed4110000 	C:\Windows\System32\OLEAUT32.dll
0x000000006e0a0000 - 0x000000006e0e9000 	C:\Program Files\Java\jre1.8.0_191\bin\glass.dll
0x00007ffed54a0000 - 0x00007ffed55a8000 	C:\Windows\System32\COMDLG32.dll
0x00007ffed5250000 - 0x00007ffed53b6000 	C:\Windows\System32\MSCTF.dll
0x00007ffec7cf0000 - 0x00007ffec9a85000 	C:\Windows\System32\DriverStore\FileRepository\ki127171.inf_amd64_368f8c7337214025\igc64.dll
0x000000006e080000 - 0x000000006e094000 	C:\Program Files\Java\jre1.8.0_191\bin\javafx_font.dll
0x00007ffeb6eb0000 - 0x00007ffeb716f000 	C:\Windows\SYSTEM32\dwrite.dll
0x00007ffed51b0000 - 0x00007ffed524e000 	C:\Windows\System32\clbcatq.dll
0x00007ffece350000 - 0x00007ffece4fc000 	C:\Windows\SYSTEM32\WindowsCodecs.dll
0x00007ffec6e80000 - 0x00007ffec6ec7000 	C:\Windows\system32\dataexchange.dll
0x00007ffecff90000 - 0x00007ffed026f000 	C:\Windows\system32\d3d11.dll
0x00007ffecf850000 - 0x00007ffecf973000 	C:\Windows\system32\dcomp.dll
0x00007ffed1bf0000 - 0x00007ffed1c94000 	C:\Windows\system32\dxgi.dll
0x00007ffed1650000 - 0x00007ffed17c0000 	C:\Windows\system32\twinapi.appcore.dll
0x00007ffed2a70000 - 0x00007ffed2a95000 	C:\Windows\system32\bcrypt.dll
0x00007ffeccf90000 - 0x00007ffeccfc1000 	C:\Program Files\Common Files\Microsoft Shared\Ink\rtscom.dll
0x00007ffecd7d0000 - 0x00007ffecd851000 	C:\Windows\System32\TextInputFramework.dll
0x00007ffecdf40000 - 0x00007ffece213000 	C:\Windows\System32\CoreUIComponents.dll
0x00007ffed1b30000 - 0x00007ffed1b61000 	C:\Windows\SYSTEM32\ntmarta.dll
0x00007ffecfea0000 - 0x00007ffecff84000 	C:\Windows\System32\CoreMessaging.dll
0x00007ffed0d90000 - 0x00007ffed0da5000 	C:\Windows\SYSTEM32\usermgrcli.dll
0x00007ffeceaf0000 - 0x00007ffecec29000 	C:\Windows\SYSTEM32\wintypes.dll
0x000000006e060000 - 0x000000006e072000 	C:\Program Files\Java\jre1.8.0_191\bin\prism_common.dll
0x000000006e260000 - 0x000000006e27a000 	C:\Program Files\Java\jre1.8.0_191\bin\net.dll
0x00007ffed27c0000 - 0x00007ffed281c000 	C:\Windows\system32\mswsock.dll
0x00007ffeb7600000 - 0x00007ffeb7616000 	C:\Windows\system32\napinsp.dll
0x00007ffeb7620000 - 0x00007ffeb763a000 	C:\Windows\system32\pnrpnsp.dll
0x00007ffed0f80000 - 0x00007ffed0f98000 	C:\Windows\system32\NLAapi.dll
0x00007ffed25a0000 - 0x00007ffed2644000 	C:\Windows\SYSTEM32\DNSAPI.dll
0x00007ffed6a30000 - 0x00007ffed6a38000 	C:\Windows\System32\NSI.dll
0x00007ffed2560000 - 0x00007ffed2597000 	C:\Windows\SYSTEM32\IPHLPAPI.DLL
0x00007ffeb7730000 - 0x00007ffeb773e000 	C:\Windows\System32\winrnr.dll
0x00007ffeb7740000 - 0x00007ffeb7755000 	C:\Windows\System32\wshbth.dll
0x00007ffec33c0000 - 0x00007ffec33ca000 	C:\Windows\System32\rasadhlp.dll
0x00007ffecbc40000 - 0x00007ffecbcab000 	C:\Windows\System32\fwpuclnt.dll

VM Arguments:
jvm_args: -Dfile.encoding=UTF-8 
java_command: principal.Principal
java_class_path (initial): C:\Program Files\Java\jre1.8.0_191\lib\resources.jar;C:\Program Files\Java\jre1.8.0_191\lib\rt.jar;C:\Program Files\Java\jre1.8.0_191\lib\jsse.jar;C:\Program Files\Java\jre1.8.0_191\lib\jce.jar;C:\Program Files\Java\jre1.8.0_191\lib\charsets.jar;C:\Program Files\Java\jre1.8.0_191\lib\jfr.jar;C:\Program Files\Java\jre1.8.0_191\lib\ext\access-bridge-64.jar;C:\Program Files\Java\jre1.8.0_191\lib\ext\cldrdata.jar;C:\Program Files\Java\jre1.8.0_191\lib\ext\dnsns.jar;C:\Program Files\Java\jre1.8.0_191\lib\ext\jaccess.jar;C:\Program Files\Java\jre1.8.0_191\lib\ext\jfxrt.jar;C:\Program Files\Java\jre1.8.0_191\lib\ext\localedata.jar;C:\Program Files\Java\jre1.8.0_191\lib\ext\nashorn.jar;C:\Program Files\Java\jre1.8.0_191\lib\ext\sunec.jar;C:\Program Files\Java\jre1.8.0_191\lib\ext\sunjce_provider.jar;C:\Program Files\Java\jre1.8.0_191\lib\ext\sunmscapi.jar;C:\Program Files\Java\jre1.8.0_191\lib\ext\sunpkcs11.jar;C:\Program Files\Java\jre1.8.0_191\lib\ext\zipfs.jar;C:\Users\fabricio.barrozo\eclipse-workspace\adasa6\target\classes;C:\Users\fabricio.barrozo\.m2\repository\commons-codec\commons-codec\1.11\commons-codec-1.11.jar;C:\Users\fabricio.barrozo\.m2\repository\com\microsoft\sqlserver\mssql-jdbc\7.0.0.jre8\mssql-jdbc-7.0.0.jre8.jar;C:\Users\fabricio.barrozo\.m2\repository\org\hibernate\hibernate-spatial\5.1.0.Final\hibernate-spatial-5.1.0.Final.jar;C:\Users\fabricio.barrozo\.m2\repository\org\jboss\logging\jboss-logging\3.3.0.Final\jboss-logging-3.3.0.Final.jar;C:\Users\fabricio.barrozo\.m2\repository\org\hibernate\hibernate-core\5.1.0.Final\hibernate-core-5.1.0.Final.jar;C:\Users\fabricio.barrozo\.m2\repository\org\hibernate\javax\persistence\hibernate-jpa-2.1-api\1.0.0.Final\hibernate-jpa-2.1-api-1.0.0.Final.jar;C:\Users\fabricio.barrozo\.m2\repository\org\javassist\javassist\3.20.0-GA\javassist-3.20.0-GA.jar;C:\Users\fabricio.barrozo\.m2\repository\antlr\antlr\2.7.7\antlr-2.7.7.jar;C:\Users\fabricio.barrozo\.m2\repository\org\apache\geronim
Launcher Type: SUN_STANDARD

Environment Variables:
JAVA_HOME=C:\Program Files\Java\jdk1.8.0_191
PATH=C:/Program Files/Java/jre1.8.0_191/bin/server;C:/Program Files/Java/jre1.8.0_191/bin;C:/Program Files/Java/jre1.8.0_191/lib/amd64;C:\Program Files (x86)\Common Files\Oracle\Java\javapath;C:\ProgramData\Oracle\Java\javapath;C:\Program Files (x86)\Intel\iCLS Client\;C:\Program Files\Intel\iCLS Client\;C:\Windows\system32;C:\Windows;C:\Windows\System32\Wbem;C:\Windows\System32\WindowsPowerShell\v1.0\;C:\Program Files (x86)\Intel\Intel(R) Management Engine Components\DAL;C:\Program Files\Intel\Intel(R) Management Engine Components\DAL;C:\Program Files (x86)\Intel\Intel(R) Management Engine Components\IPT;C:\Program Files\Intel\Intel(R) Management Engine Components\IPT;C:\Program Files\Intel\WiFi\bin\;C:\Program Files\Common Files\Intel\WirelessCommon\;c:\Program Files\Microsoft SQL Server\110\Tools\Binn\;c:\Program Files (x86)\Microsoft SQL Server\110\Tools\Binn\ManagementStudio\;c:\Program Files (x86)\Microsoft SQL Server\110\Tools\Binn\;c:\Program Files (x86)\Microsoft SQL Server\110\DTS\Binn\;C:\apache-maven-3.6.0\bin;C:\Program Files\Microsoft SQL Server Migration Assistant for Access\bin\;C:\Users\fabricio.barrozo\AppData\Local\Microsoft\WindowsApps;;C:\Users\fabricio.barrozo\AppData\Local\Programs\Microsoft VS Code\bin;C:\Windows\system32;
USERNAME=fabricio.barrozo
OS=Windows_NT
PROCESSOR_IDENTIFIER=Intel64 Family 6 Model 94 Stepping 3, GenuineIntel



---------------  S Y S T E M  ---------------

OS: Windows 10.0 , 64 bit Build 15063 (10.0.15063.1058)

CPU:total 4 (initial active 4) (4 cores per cpu, 1 threads per core) family 6 model 94 stepping 3, cmov, cx8, fxsr, mmx, sse, sse2, sse3, ssse3, sse4.1, sse4.2, popcnt, avx, avx2, aes, clmul, erms, rtm, 3dnowpref, lzcnt, tsc, tscinvbit, bmi1, bmi2, adx

Memory: 4k page, physical 8249056k(1790212k free), swap 10196704k(11904k free)

vm_info: Java HotSpot(TM) 64-Bit Server VM (25.191-b12) for windows-amd64 JRE (1.8.0_191-b12), built on Oct  6 2018 09:29:03 by "java_re" with MS VC++ 10.0 (VS2010)

time: Tue Oct 22 14:15:04 2019
elapsed time: 5 seconds (0d 0h 0m 5s)

