#
# There is insufficient memory for the Java Runtime Environment to continue.
# Native memory allocation (malloc) failed to allocate 32744 bytes for ChunkPool::allocate
# Possible reasons:
#   The system is out of physical RAM or swap space
#   In 32 bit mode, the process size limit was hit
# Possible solutions:
#   Reduce memory load on the system
#   Increase physical memory or swap space
#   Check if swap backing store is full
#   Use 64 bit Java on a 64 bit OS
#   Decrease Java heap size (-Xmx/-Xms)
#   Decrease number of Java threads
#   Decrease Java thread stack sizes (-Xss)
#   Set larger code cache with -XX:ReservedCodeCacheSize=
# This output file may be truncated or incomplete.
#
#  Out of Memory Error (allocation.cpp:273), pid=8944, tid=0x0000000000003f28
#
# JRE version: Java(TM) SE Runtime Environment (8.0_191-b12) (build 1.8.0_191-b12)
# Java VM: Java HotSpot(TM) 64-Bit Server VM (25.191-b12 mixed mode windows-amd64 compressed oops)
# Failed to write core dump. Minidumps are not enabled by default on client versions of Windows
#

---------------  T H R E A D  ---------------

Current thread (0x0000000017ad2000):  JavaThread "C1 CompilerThread2" daemon [_thread_in_native, id=16168, stack(0x00000000193d0000,0x00000000194d0000)]

Stack: [0x00000000193d0000,0x00000000194d0000]
[error occurred during error reporting (printing stack bounds), id 0xc0000005]

Native frames: (J=compiled Java code, j=interpreted, Vv=VM code, C=native code)


Current CompileTask:
C1:  63640 9103       3      
[error occurred during error reporting (printing current compile task), id 0xe0000001]


---------------  P R O C E S S  ---------------

Java Threads: ( => current thread )
  0x0000000019d2d800 JavaThread "URL-Loader-40" daemon [_thread_blocked, id=5824, stack(0x00000000392c0000,0x00000000393c0000)]
  0x0000000019d2d000 JavaThread "URL-Loader-39" daemon [_thread_blocked, id=10752, stack(0x00000000391c0000,0x00000000392c0000)]
  0x0000000019d2b800 JavaThread "URL-Loader-38" daemon [_thread_blocked, id=9888, stack(0x00000000390c0000,0x00000000391c0000)]
  0x000000002545c800 JavaThread "URL-Loader-37" daemon [_thread_blocked, id=2372, stack(0x0000000038fc0000,0x00000000390c0000)]
  0x000000002545a800 JavaThread "URL-Loader-36" daemon [_thread_blocked, id=14024, stack(0x0000000038ec0000,0x0000000038fc0000)]
  0x0000000025459000 JavaThread "URL-Loader-35" daemon [_thread_blocked, id=13880, stack(0x0000000038dc0000,0x0000000038ec0000)]
  0x000000002545c000 JavaThread "URL-Loader-34" daemon [_thread_blocked, id=9272, stack(0x0000000038cc0000,0x0000000038dc0000)]
  0x0000000025451800 JavaThread "URL-Loader-33" daemon [_thread_blocked, id=920, stack(0x0000000038bc0000,0x0000000038cc0000)]
  0x0000000025457800 JavaThread "URL-Loader-32" daemon [_thread_blocked, id=8496, stack(0x0000000038ac0000,0x0000000038bc0000)]
  0x0000000025456800 JavaThread "URL-Loader-31" daemon [_thread_blocked, id=11936, stack(0x00000000389c0000,0x0000000038ac0000)]
  0x0000000025458000 JavaThread "URL-Loader-30" daemon [_thread_blocked, id=15144, stack(0x00000000388c0000,0x00000000389c0000)]
  0x000000002544f000 JavaThread "URL-Loader-29" daemon [_thread_blocked, id=5416, stack(0x00000000386c0000,0x00000000387c0000)]
  0x0000000025456000 JavaThread "URL-Loader-28" daemon [_thread_blocked, id=10716, stack(0x00000000385c0000,0x00000000386c0000)]
  0x0000000025455000 JavaThread "URL-Loader-27" daemon [_thread_blocked, id=10784, stack(0x00000000384c0000,0x00000000385c0000)]
  0x0000000025452000 JavaThread "Keep-Alive-Timer" daemon [_thread_blocked, id=4128, stack(0x00000000373f0000,0x00000000374f0000)]
  0x0000000025450800 JavaThread "URL-Loader-26" daemon [_thread_blocked, id=14784, stack(0x0000000036320000,0x0000000036420000)]
  0x000000002544d800 JavaThread "URL-Loader-25" daemon [_thread_blocked, id=2876, stack(0x0000000035250000,0x0000000035350000)]
  0x0000000025453000 JavaThread "URL-Loader-24" daemon [_thread_blocked, id=6224, stack(0x0000000033a80000,0x0000000033b80000)]
  0x0000000025454800 JavaThread "URL-Loader-23" daemon [_thread_blocked, id=9036, stack(0x0000000033980000,0x0000000033a80000)]
  0x0000000025450000 JavaThread "URL-Loader-22" daemon [_thread_blocked, id=14096, stack(0x0000000033880000,0x0000000033980000)]
  0x000000002544e800 JavaThread "URL-Loader-21" daemon [_thread_blocked, id=11200, stack(0x0000000032550000,0x0000000032650000)]
  0x000000002545b000 JavaThread "pool-4-thread-1" [_thread_blocked, id=11260, stack(0x0000000031e50000,0x0000000031f50000)]
  0x0000000019d2a000 JavaThread "Disposer" daemon [_thread_blocked, id=15372, stack(0x0000000023aa0000,0x0000000023ba0000)]
  0x0000000019d30800 JavaThread "Prism Font Disposer" daemon [_thread_blocked, id=16156, stack(0x0000000023020000,0x0000000023120000)]
  0x0000000019d2a800 JavaThread "Thread-3" daemon [_thread_in_native, id=15676, stack(0x00000000211e0000,0x00000000212e0000)]
  0x0000000019d2f000 JavaThread "JavaFX-Launcher" [_thread_blocked, id=1280, stack(0x00000000212e0000,0x00000000213e0000)]
  0x0000000019ca2800 JavaThread "JavaFX Application Thread" [_thread_in_native, id=872, stack(0x000000001a900000,0x000000001aa00000)]
  0x0000000019c92800 JavaThread "Thread-1" daemon [_thread_blocked, id=15296, stack(0x000000001a800000,0x000000001a900000)]
  0x00000000198a0800 JavaThread "QuantumRenderer-0" daemon [_thread_blocked, id=6304, stack(0x000000001a490000,0x000000001a590000)]
  0x00000000194f8800 JavaThread "Service Thread" daemon [_thread_blocked, id=1936, stack(0x00000000198d0000,0x00000000199d0000)]
=>0x0000000017ad2000 JavaThread "C1 CompilerThread2" daemon [_thread_in_native, id=16168, stack(0x00000000193d0000,0x00000000194d0000)]
  0x0000000017acb800 JavaThread "C2 CompilerThread1" daemon [_thread_blocked, id=7224, stack(0x00000000192d0000,0x00000000193d0000)]
  0x0000000017ac4000 JavaThread "C2 CompilerThread0" daemon [_thread_in_native, id=16312, stack(0x00000000191d0000,0x00000000192d0000)]
  0x0000000017ac2000 JavaThread "Attach Listener" daemon [_thread_blocked, id=8488, stack(0x00000000190d0000,0x00000000191d0000)]
  0x0000000017ac1000 JavaThread "Signal Dispatcher" daemon [_thread_blocked, id=5932, stack(0x0000000018fd0000,0x00000000190d0000)]
  0x0000000002fed000 JavaThread "Finalizer" daemon [_thread_blocked, id=14224, stack(0x0000000018d20000,0x0000000018e20000)]
  0x0000000002fe2000 JavaThread "Reference Handler" daemon [_thread_blocked, id=10520, stack(0x0000000018c20000,0x0000000018d20000)]
  0x0000000002ef3800 JavaThread "main" [_thread_blocked, id=11124, stack(0x0000000002d40000,0x0000000002e40000)]

Other Threads:
  0x0000000017a88000 VMThread [stack: 0x0000000018b20000,0x0000000018c20000] [id=716]
  0x0000000017b1d800 WatcherThread [stack: 0x00000000199d0000,0x0000000019ad0000] [id=7400]

VM state:not at safepoint (normal execution)

VM Mutex/Monitor currently owned by a thread: None

Heap:
 PSYoungGen      total 243200K, used 149469K [0x00000000d6100000, 0x00000000ea200000, 0x0000000100000000)
  eden space 202240K, 56% used [0x00000000d6100000,0x00000000dd0142c8,0x00000000e2680000)
  from space 40960K, 87% used [0x00000000e2680000,0x00000000e49632c8,0x00000000e4e80000)
  to   space 45568K, 0% used [0x00000000e7580000,0x00000000e7580000,0x00000000ea200000)
 ParOldGen       total 116736K, used 64258K [0x0000000082200000, 0x0000000089400000, 0x00000000d6100000)
  object space 116736K, 55% used [0x0000000082200000,0x00000000860c0b00,0x0000000089400000)
 Metaspace       used 46313K, capacity 48110K, committed 48256K, reserved 1091584K
  class space    used 6158K, capacity 6499K, committed 6528K, reserved 1048576K

Card table byte_map: [0x00000000123b0000,0x00000000127a0000] byte_map_base: 0x0000000011f9f000

Marking Bits: (ParMarkBitMap*) 0x0000000051f23e30
 Begin Bits: [0x0000000012e40000, 0x0000000014db8000)
 End Bits:   [0x0000000014db8000, 0x0000000016d30000)

Polling page: 0x0000000001400000

CodeCache: size=245760Kb used=25038Kb max_used=25038Kb free=220721Kb
 bounds [0x0000000002ff0000, 0x0000000004890000, 0x0000000011ff0000]
 total_blobs=8757 nmethods=7841 adapters=826
 compilation: enabled

Compilation events (10 events):
Event: 63.119 Thread 0x0000000017ad2000 9098       3       com.sun.javafx.geom.RectBounds::flattenInto (46 bytes)
Event: 63.120 Thread 0x0000000017ad2000 nmethod 9098 0x0000000004517590 code [0x0000000004517720, 0x0000000004517e50]
Event: 63.435 Thread 0x0000000017ad2000 9099       3       com.sun.javafx.sg.prism.NodePath::next (26 bytes)
Event: 63.436 Thread 0x0000000017ad2000 nmethod 9099 0x000000000450d6d0 code [0x000000000450d880, 0x000000000450ddc8]
Event: 63.436 Thread 0x0000000017ad2000 9100       3       com.sun.javafx.sg.prism.NodePath::getCurrentNode (17 bytes)
Event: 63.436 Thread 0x0000000017ad2000 nmethod 9100 0x0000000004517050 code [0x00000000045171c0, 0x00000000045174c8]
Event: 63.578 Thread 0x0000000017ac4000 9101   !   4       javafx.scene.CssStyleHelper::transitionToState (1075 bytes)
Event: 63.578 Thread 0x0000000017ad2000 9102   !   3       com.sun.javafx.text.PrismTextLayout::layout (1635 bytes)
Event: 63.586 Thread 0x0000000017ad2000 nmethod 9102 0x0000000004877110 code [0x0000000004877900, 0x000000000487e108]
Event: 63.586 Thread 0x0000000017ad2000 9103       3       com.sun.javafx.scene.control.skin.LabeledSkinBase::layoutLabelInArea (1590 bytes)

GC Heap History (10 events):
Event: 38.412 GC heap before
{Heap before GC invocations=15 (full 2):
 PSYoungGen      total 132608K, used 132596K [0x00000000d6100000, 0x00000000e0680000, 0x0000000100000000)
  eden space 118272K, 100% used [0x00000000d6100000,0x00000000dd480000,0x00000000dd480000)
  from space 14336K, 99% used [0x00000000dea00000,0x00000000df7fd030,0x00000000df800000)
  to   space 22016K, 0% used [0x00000000dd480000,0x00000000dd480000,0x00000000dea00000)
 ParOldGen       total 116736K, used 42991K [0x0000000082200000, 0x0000000089400000, 0x00000000d6100000)
  object space 116736K, 36% used [0x0000000082200000,0x0000000084bfbfa0,0x0000000089400000)
 Metaspace       used 45736K, capacity 47528K, committed 47744K, reserved 1091584K
  class space    used 6148K, capacity 6492K, committed 6528K, reserved 1048576K
Event: 38.428 GC heap after
Heap after GC invocations=15 (full 2):
 PSYoungGen      total 140288K, used 21991K [0x00000000d6100000, 0x00000000e3680000, 0x0000000100000000)
  eden space 118272K, 0% used [0x00000000d6100000,0x00000000d6100000,0x00000000dd480000)
  from space 22016K, 99% used [0x00000000dd480000,0x00000000de9f9f18,0x00000000dea00000)
  to   space 27648K, 0% used [0x00000000e1b80000,0x00000000e1b80000,0x00000000e3680000)
 ParOldGen       total 116736K, used 49864K [0x0000000082200000, 0x0000000089400000, 0x00000000d6100000)
  object space 116736K, 42% used [0x0000000082200000,0x00000000852b20d0,0x0000000089400000)
 Metaspace       used 45736K, capacity 47528K, committed 47744K, reserved 1091584K
  class space    used 6148K, capacity 6492K, committed 6528K, reserved 1048576K
}
Event: 45.737 GC heap before
{Heap before GC invocations=16 (full 2):
 PSYoungGen      total 140288K, used 140263K [0x00000000d6100000, 0x00000000e3680000, 0x0000000100000000)
  eden space 118272K, 100% used [0x00000000d6100000,0x00000000dd480000,0x00000000dd480000)
  from space 22016K, 99% used [0x00000000dd480000,0x00000000de9f9f18,0x00000000dea00000)
  to   space 27648K, 0% used [0x00000000e1b80000,0x00000000e1b80000,0x00000000e3680000)
 ParOldGen       total 116736K, used 49864K [0x0000000082200000, 0x0000000089400000, 0x00000000d6100000)
  object space 116736K, 42% used [0x0000000082200000,0x00000000852b20d0,0x0000000089400000)
 Metaspace       used 45951K, capacity 47730K, committed 48000K, reserved 1091584K
  class space    used 6150K, capacity 6493K, committed 6528K, reserved 1048576K
Event: 45.753 GC heap after
Heap after GC invocations=16 (full 2):
 PSYoungGen      total 185856K, used 27633K [0x00000000d6100000, 0x00000000e3c00000, 0x0000000100000000)
  eden space 158208K, 0% used [0x00000000d6100000,0x00000000d6100000,0x00000000dfb80000)
  from space 27648K, 99% used [0x00000000e1b80000,0x00000000e367c5d0,0x00000000e3680000)
  to   space 32768K, 0% used [0x00000000dfb80000,0x00000000dfb80000,0x00000000e1b80000)
 ParOldGen       total 116736K, used 53164K [0x0000000082200000, 0x0000000089400000, 0x00000000d6100000)
  object space 116736K, 45% used [0x0000000082200000,0x00000000855eb2c8,0x0000000089400000)
 Metaspace       used 45951K, capacity 47730K, committed 48000K, reserved 1091584K
  class space    used 6150K, capacity 6493K, committed 6528K, reserved 1048576K
}
Event: 50.492 GC heap before
{Heap before GC invocations=17 (full 2):
 PSYoungGen      total 185856K, used 185841K [0x00000000d6100000, 0x00000000e3c00000, 0x0000000100000000)
  eden space 158208K, 100% used [0x00000000d6100000,0x00000000dfb80000,0x00000000dfb80000)
  from space 27648K, 99% used [0x00000000e1b80000,0x00000000e367c5d0,0x00000000e3680000)
  to   space 32768K, 0% used [0x00000000dfb80000,0x00000000dfb80000,0x00000000e1b80000)
 ParOldGen       total 116736K, used 53164K [0x0000000082200000, 0x0000000089400000, 0x00000000d6100000)
  object space 116736K, 45% used [0x0000000082200000,0x00000000855eb2c8,0x0000000089400000)
 Metaspace       used 46168K, capacity 47966K, committed 48000K, reserved 1091584K
  class space    used 6157K, capacity 6499K, committed 6528K, reserved 1048576K
Event: 50.505 GC heap after
Heap after GC invocations=17 (full 2):
 PSYoungGen      total 190976K, used 27548K [0x00000000d6100000, 0x00000000e7180000, 0x0000000100000000)
  eden space 158208K, 0% used [0x00000000d6100000,0x00000000d6100000,0x00000000dfb80000)
  from space 32768K, 84% used [0x00000000dfb80000,0x00000000e16673a0,0x00000000e1b80000)
  to   space 35840K, 0% used [0x00000000e4e80000,0x00000000e4e80000,0x00000000e7180000)
 ParOldGen       total 116736K, used 53404K [0x0000000082200000, 0x0000000089400000, 0x00000000d6100000)
  object space 116736K, 45% used [0x0000000082200000,0x00000000856272c8,0x0000000089400000)
 Metaspace       used 46168K, capacity 47966K, committed 48000K, reserved 1091584K
  class space    used 6157K, capacity 6499K, committed 6528K, reserved 1048576K
}
Event: 53.366 GC heap before
{Heap before GC invocations=18 (full 2):
 PSYoungGen      total 190976K, used 185756K [0x00000000d6100000, 0x00000000e7180000, 0x0000000100000000)
  eden space 158208K, 100% used [0x00000000d6100000,0x00000000dfb80000,0x00000000dfb80000)
  from space 32768K, 84% used [0x00000000dfb80000,0x00000000e16673a0,0x00000000e1b80000)
  to   space 35840K, 0% used [0x00000000e4e80000,0x00000000e4e80000,0x00000000e7180000)
 ParOldGen       total 116736K, used 53404K [0x0000000082200000, 0x0000000089400000, 0x00000000d6100000)
  object space 116736K, 45% used [0x0000000082200000,0x00000000856272c8,0x0000000089400000)
 Metaspace       used 46263K, capacity 48030K, committed 48256K, reserved 1091584K
  class space    used 6158K, capacity 6499K, committed 6528K, reserved 1048576K
Event: 53.384 GC heap after
Heap after GC invocations=18 (full 2):
 PSYoungGen      total 238080K, used 35593K [0x00000000d6100000, 0x00000000e7880000, 0x0000000100000000)
  eden space 202240K, 0% used [0x00000000d6100000,0x00000000d6100000,0x00000000e2680000)
  from space 35840K, 99% used [0x00000000e4e80000,0x00000000e7142720,0x00000000e7180000)
  to   space 40960K, 0% used [0x00000000e2680000,0x00000000e2680000,0x00000000e4e80000)
 ParOldGen       total 116736K, used 55336K [0x0000000082200000, 0x0000000089400000, 0x00000000d6100000)
  object space 116736K, 47% used [0x0000000082200000,0x000000008580a2f8,0x0000000089400000)
 Metaspace       used 46263K, capacity 48030K, committed 48256K, reserved 1091584K
  class space    used 6158K, capacity 6499K, committed 6528K, reserved 1048576K
}
Event: 58.990 GC heap before
{Heap before GC invocations=19 (full 2):
 PSYoungGen      total 238080K, used 237833K [0x00000000d6100000, 0x00000000e7880000, 0x0000000100000000)
  eden space 202240K, 100% used [0x00000000d6100000,0x00000000e2680000,0x00000000e2680000)
  from space 35840K, 99% used [0x00000000e4e80000,0x00000000e7142720,0x00000000e7180000)
  to   space 40960K, 0% used [0x00000000e2680000,0x00000000e2680000,0x00000000e4e80000)
 ParOldGen       total 116736K, used 55336K [0x0000000082200000, 0x0000000089400000, 0x00000000d6100000)
  object space 116736K, 47% used [0x0000000082200000,0x000000008580a2f8,0x0000000089400000)
 Metaspace       used 46302K, capacity 48110K, committed 48256K, reserved 1091584K
  class space    used 6158K, capacity 6499K, committed 6528K, reserved 1048576K
Event: 59.007 GC heap after
Heap after GC invocations=19 (full 2):
 PSYoungGen      total 243200K, used 35724K [0x00000000d6100000, 0x00000000ea200000, 0x0000000100000000)
  eden space 202240K, 0% used [0x00000000d6100000,0x00000000d6100000,0x00000000e2680000)
  from space 40960K, 87% used [0x00000000e2680000,0x00000000e49632c8,0x00000000e4e80000)
  to   space 45568K, 0% used [0x00000000e7580000,0x00000000e7580000,0x00000000ea200000)
 ParOldGen       total 116736K, used 64258K [0x0000000082200000, 0x0000000089400000, 0x00000000d6100000)
  object space 116736K, 55% used [0x0000000082200000,0x00000000860c0b00,0x0000000089400000)
 Metaspace       used 46302K, capacity 48110K, committed 48256K, reserved 1091584K
  class space    used 6158K, capacity 6499K, committed 6528K, reserved 1048576K
}

Deoptimization events (10 events):
Event: 52.133 Thread 0x0000000019ca2800 Uncommon trap: reason=unstable_if action=reinterpret pc=0x0000000003920638 method=javafx.scene.Node$MiscProperties.isMouseTransparent()Z @ 4
Event: 52.222 Thread 0x0000000019ca2800 Uncommon trap: reason=unstable_if action=reinterpret pc=0x0000000003a14a78 method=javafx.scene.Node.updateBounds()V @ 47
Event: 52.222 Thread 0x0000000019ca2800 Uncommon trap: reason=unstable_if action=reinterpret pc=0x00000000043e26f0 method=javafx.scene.Node.updateBounds()V @ 47
Event: 52.222 Thread 0x0000000019ca2800 Uncommon trap: reason=unstable_if action=reinterpret pc=0x00000000043e26f0 method=javafx.scene.Node.updateBounds()V @ 47
Event: 52.227 Thread 0x00000000198a0800 Uncommon trap: reason=unstable_if action=reinterpret pc=0x000000000454e54c method=com.sun.prism.impl.BaseGraphics.validateTransformAndPaint()V @ 20
Event: 52.227 Thread 0x00000000198a0800 Uncommon trap: reason=unstable_if action=reinterpret pc=0x0000000003fac178 method=com.sun.prism.impl.BaseGraphics.validateTransformAndPaint()V @ 20
Event: 53.277 Thread 0x00000000198a0800 Uncommon trap: reason=unstable_if action=reinterpret pc=0x000000000475d5f4 method=com.sun.javafx.geom.RectBounds.intersectWith(FFFF)V @ 11
Event: 53.277 Thread 0x00000000198a0800 Uncommon trap: reason=unstable_if action=reinterpret pc=0x000000000446bfa8 method=com.sun.javafx.geom.RectBounds.intersectWith(FFFF)V @ 11
Event: 53.725 Thread 0x00000000198a0800 Uncommon trap: reason=unstable_if action=reinterpret pc=0x000000000346dbd0 method=com.sun.prism.impl.BaseGraphics.validateTransformAndPaint()V @ 20
Event: 59.103 Thread 0x0000000025450800 Uncommon trap: reason=unstable_if action=reinterpret pc=0x000000000470d9b0 method=java.util.concurrent.locks.ReentrantLock$Sync.nonfairTryAcquire(I)Z @ 19

Classes redefined (0 events):
No events

Internal exceptions (10 events):
Event: 28.886 Thread 0x0000000019ca2800 Exception <a 'sun/nio/fs/WindowsException'> (0x00000000dae94d78) thrown at [C:\re\workspace\8-2-build-windows-amd64-cygwin\jdk8u191\11896\hotspot\src\share\vm\prims\jni.cpp, line 709]
Event: 29.154 Thread 0x0000000019ca2800 Exception <a 'sun/nio/fs/WindowsException'> (0x00000000daf75fc8) thrown at [C:\re\workspace\8-2-build-windows-amd64-cygwin\jdk8u191\11896\hotspot\src\share\vm\prims\jni.cpp, line 709]
Event: 29.155 Thread 0x0000000019ca2800 Exception <a 'sun/nio/fs/WindowsException'> (0x00000000daf77a48) thrown at [C:\re\workspace\8-2-build-windows-amd64-cygwin\jdk8u191\11896\hotspot\src\share\vm\prims\jni.cpp, line 709]
Event: 29.159 Thread 0x0000000019ca2800 Exception <a 'sun/nio/fs/WindowsException'> (0x00000000daf82c28) thrown at [C:\re\workspace\8-2-build-windows-amd64-cygwin\jdk8u191\11896\hotspot\src\share\vm\prims\jni.cpp, line 709]
Event: 29.160 Thread 0x0000000019ca2800 Exception <a 'sun/nio/fs/WindowsException'> (0x00000000daf846a8) thrown at [C:\re\workspace\8-2-build-windows-amd64-cygwin\jdk8u191\11896\hotspot\src\share\vm\prims\jni.cpp, line 709]
Event: 29.198 Thread 0x0000000019ca2800 Exception <a 'sun/nio/fs/WindowsException'> (0x00000000db0f8038) thrown at [C:\re\workspace\8-2-build-windows-amd64-cygwin\jdk8u191\11896\hotspot\src\share\vm\prims\jni.cpp, line 709]
Event: 29.200 Thread 0x0000000019ca2800 Exception <a 'sun/nio/fs/WindowsException'> (0x00000000db0f9ab8) thrown at [C:\re\workspace\8-2-build-windows-amd64-cygwin\jdk8u191\11896\hotspot\src\share\vm\prims\jni.cpp, line 709]
Event: 38.516 Thread 0x00000000198a0800 Implicit null exception at 0x000000000447d3ac to 0x000000000447d421
Event: 39.087 Thread 0x00000000198a0800 Implicit null exception at 0x00000000044dafec to 0x00000000044dc00d
Event: 39.088 Thread 0x00000000198a0800 Implicit null exception at 0x0000000004435bd4 to 0x0000000004435c39

Events (10 events):
Event: 62.161 Thread 0x0000000032e8a800 Thread added: 0x0000000032e8a800
Event: 62.161 Thread 0x0000000025459800 Thread added: 0x0000000025459800
Event: 62.162 Thread 0x000000003346a800 Thread exited: 0x000000003346a800
Event: 62.162 Thread 0x0000000025453800 Thread exited: 0x0000000025453800
Event: 62.163 Thread 0x0000000032e8a800 Thread exited: 0x0000000032e8a800
Event: 62.163 Thread 0x0000000025459800 Thread exited: 0x0000000025459800
Event: 62.202 Thread 0x0000000033468000 Thread added: 0x0000000033468000
Event: 62.202 Thread 0x0000000032e88800 Thread added: 0x0000000032e88800
Event: 62.206 Thread 0x0000000032e88800 Thread exited: 0x0000000032e88800
Event: 62.206 Thread 0x0000000033468000 Thread exited: 0x0000000033468000


Dynamic libraries:
0x00007ff69c8c0000 - 0x00007ff69c8f7000 	C:\Program Files\Java\jre1.8.0_191\bin\javaw.exe
0x00007ff8098c0000 - 0x00007ff809a9b000 	C:\Windows\SYSTEM32\ntdll.dll
0x00007ff8090a0000 - 0x00007ff80914e000 	C:\Windows\System32\KERNEL32.DLL
0x00007ff806740000 - 0x00007ff80698a000 	C:\Windows\System32\KERNELBASE.dll
0x00007ff806eb0000 - 0x00007ff806f51000 	C:\Windows\System32\ADVAPI32.dll
0x00007ff809820000 - 0x00007ff8098bd000 	C:\Windows\System32\msvcrt.dll
0x00007ff808b00000 - 0x00007ff808b59000 	C:\Windows\System32\sechost.dll
0x00007ff808dd0000 - 0x00007ff808ef5000 	C:\Windows\System32\RPCRT4.dll
0x00007ff806f90000 - 0x00007ff8070da000 	C:\Windows\System32\USER32.dll
0x00007ff806b60000 - 0x00007ff806b7e000 	C:\Windows\System32\win32u.dll
0x00007ff808ad0000 - 0x00007ff808af7000 	C:\Windows\System32\GDI32.dll
0x00007ff806b80000 - 0x00007ff806d08000 	C:\Windows\System32\gdi32full.dll
0x00007ff806d10000 - 0x00007ff806daa000 	C:\Windows\System32\msvcp_win.dll
0x00007ff805f40000 - 0x00007ff806036000 	C:\Windows\System32\ucrtbase.dll
0x00007ffffb9e0000 - 0x00007ffffbc47000 	C:\Windows\WinSxS\amd64_microsoft.windows.common-controls_6595b64144ccf1df_6.0.15063.1155_none_40c7922129a7722b\COMCTL32.dll
0x00007ff8070e0000 - 0x00007ff8073d9000 	C:\Windows\System32\combase.dll
0x00007ff806db0000 - 0x00007ff806e1a000 	C:\Windows\System32\bcryptPrimitives.dll
0x00007ff806e20000 - 0x00007ff806e4d000 	C:\Windows\System32\IMM32.DLL
0x00007ffff3b30000 - 0x00007ffff3be1000 	C:\Program Files\McAfee\Endpoint Security\Threat Prevention\Ips\EpMPApi.dll
0x00007ff805de0000 - 0x00007ff805e37000 	C:\Windows\System32\WINTRUST.dll
0x00007ff805da0000 - 0x00007ff805db1000 	C:\Windows\System32\MSASN1.dll
0x00007ff806990000 - 0x00007ff806b59000 	C:\Windows\System32\CRYPT32.dll
0x0000000052490000 - 0x000000005249c000 	C:\Program Files\McAfee\Endpoint Security\Threat Prevention\Ips\EpMPThe.dll
0x0000000051540000 - 0x0000000051612000 	C:\Program Files\Java\jre1.8.0_191\bin\msvcr100.dll
0x0000000051700000 - 0x0000000051fa4000 	C:\Program Files\Java\jre1.8.0_191\bin\server\jvm.dll
0x00007ff8091b0000 - 0x00007ff8091b8000 	C:\Windows\System32\PSAPI.DLL
0x00007ff804010000 - 0x00007ff804033000 	C:\Windows\SYSTEM32\WINMM.dll
0x00007ffff2350000 - 0x00007ffff2359000 	C:\Windows\SYSTEM32\WSOCK32.dll
0x00007ff808a60000 - 0x00007ff808acc000 	C:\Windows\System32\WS2_32.dll
0x00007ffffc060000 - 0x00007ffffc06a000 	C:\Windows\SYSTEM32\VERSION.dll
0x00007ff803fe0000 - 0x00007ff80400b000 	C:\Windows\SYSTEM32\WINMMBASE.dll
0x00007ff805e40000 - 0x00007ff805e89000 	C:\Windows\System32\cfgmgr32.dll
0x00000000516f0000 - 0x00000000516ff000 	C:\Program Files\Java\jre1.8.0_191\bin\verify.dll
0x00000000516c0000 - 0x00000000516e9000 	C:\Program Files\Java\jre1.8.0_191\bin\java.dll
0x00000000516a0000 - 0x00000000516b6000 	C:\Program Files\Java\jre1.8.0_191\bin\zip.dll
0x00007ff807450000 - 0x00007ff808888000 	C:\Windows\System32\SHELL32.dll
0x00007ff806040000 - 0x00007ff806731000 	C:\Windows\System32\windows.storage.dll
0x00007ff806e50000 - 0x00007ff806ea1000 	C:\Windows\System32\shlwapi.dll
0x00007ff805dc0000 - 0x00007ff805dd1000 	C:\Windows\System32\kernel.appcore.dll
0x00007ff805d50000 - 0x00007ff805d9c000 	C:\Windows\System32\powrprof.dll
0x00007ff805d30000 - 0x00007ff805d45000 	C:\Windows\System32\profapi.dll
0x0000000018f20000 - 0x0000000018fca000 	C:\Windows\System32\shcore.dll
0x0000000001470000 - 0x0000000001473000 	C:\Program Files\Java\jre1.8.0_191\bin\api-ms-win-core-console-l1-1-0.dll
0x0000000001480000 - 0x0000000001483000 	C:\Program Files\Java\jre1.8.0_191\bin\api-ms-win-core-datetime-l1-1-0.dll
0x0000000002e40000 - 0x0000000002e43000 	C:\Program Files\Java\jre1.8.0_191\bin\api-ms-win-core-debug-l1-1-0.dll
0x0000000002e50000 - 0x0000000002e53000 	C:\Program Files\Java\jre1.8.0_191\bin\api-ms-win-core-errorhandling-l1-1-0.dll
0x0000000002e60000 - 0x0000000002e64000 	C:\Program Files\Java\jre1.8.0_191\bin\api-ms-win-core-file-l1-1-0.dll
0x0000000002e70000 - 0x0000000002e73000 	C:\Program Files\Java\jre1.8.0_191\bin\api-ms-win-core-file-l1-2-0.dll
0x0000000002e80000 - 0x0000000002e83000 	C:\Program Files\Java\jre1.8.0_191\bin\api-ms-win-core-file-l2-1-0.dll
0x0000000002e90000 - 0x0000000002e93000 	C:\Program Files\Java\jre1.8.0_191\bin\api-ms-win-core-handle-l1-1-0.dll
0x0000000002ea0000 - 0x0000000002ea3000 	C:\Program Files\Java\jre1.8.0_191\bin\api-ms-win-core-heap-l1-1-0.dll
0x0000000002eb0000 - 0x0000000002eb3000 	C:\Program Files\Java\jre1.8.0_191\bin\api-ms-win-core-interlocked-l1-1-0.dll
0x0000000002ec0000 - 0x0000000002ec3000 	C:\Program Files\Java\jre1.8.0_191\bin\api-ms-win-core-libraryloader-l1-1-0.dll
0x0000000002ed0000 - 0x0000000002ed3000 	C:\Program Files\Java\jre1.8.0_191\bin\api-ms-win-core-localization-l1-2-0.dll
0x0000000019ad0000 - 0x0000000019ad3000 	C:\Program Files\Java\jre1.8.0_191\bin\api-ms-win-core-memory-l1-1-0.dll
0x0000000019ae0000 - 0x0000000019ae3000 	C:\Program Files\Java\jre1.8.0_191\bin\api-ms-win-core-namedpipe-l1-1-0.dll
0x0000000019af0000 - 0x0000000019af3000 	C:\Program Files\Java\jre1.8.0_191\bin\api-ms-win-core-processenvironment-l1-1-0.dll
0x0000000019b00000 - 0x0000000019b03000 	C:\Program Files\Java\jre1.8.0_191\bin\api-ms-win-core-processthreads-l1-1-0.dll
0x0000000019b10000 - 0x0000000019b13000 	C:\Program Files\Java\jre1.8.0_191\bin\api-ms-win-core-processthreads-l1-1-1.dll
0x0000000019b20000 - 0x0000000019b23000 	C:\Program Files\Java\jre1.8.0_191\bin\api-ms-win-core-profile-l1-1-0.dll
0x0000000019b30000 - 0x0000000019b33000 	C:\Program Files\Java\jre1.8.0_191\bin\api-ms-win-core-rtlsupport-l1-1-0.dll
0x0000000019b40000 - 0x0000000019b43000 	C:\Program Files\Java\jre1.8.0_191\bin\api-ms-win-core-string-l1-1-0.dll
0x0000000019b50000 - 0x0000000019b53000 	C:\Program Files\Java\jre1.8.0_191\bin\api-ms-win-core-synch-l1-1-0.dll
0x0000000019b60000 - 0x0000000019b63000 	C:\Program Files\Java\jre1.8.0_191\bin\api-ms-win-core-synch-l1-2-0.dll
0x0000000019b70000 - 0x0000000019b73000 	C:\Program Files\Java\jre1.8.0_191\bin\api-ms-win-core-sysinfo-l1-1-0.dll
0x0000000019b80000 - 0x0000000019b83000 	C:\Program Files\Java\jre1.8.0_191\bin\api-ms-win-core-timezone-l1-1-0.dll
0x0000000019b90000 - 0x0000000019b93000 	C:\Program Files\Java\jre1.8.0_191\bin\api-ms-win-core-util-l1-1-0.dll
0x0000000019ba0000 - 0x0000000019ba3000 	C:\Program Files\Java\jre1.8.0_191\bin\api-ms-win-crt-conio-l1-1-0.dll
0x0000000019bb0000 - 0x0000000019bb4000 	C:\Program Files\Java\jre1.8.0_191\bin\api-ms-win-crt-convert-l1-1-0.dll
0x0000000019bc0000 - 0x0000000019bc3000 	C:\Program Files\Java\jre1.8.0_191\bin\api-ms-win-crt-environment-l1-1-0.dll
0x0000000019bd0000 - 0x0000000019bd3000 	C:\Program Files\Java\jre1.8.0_191\bin\api-ms-win-crt-filesystem-l1-1-0.dll
0x0000000019be0000 - 0x0000000019be3000 	C:\Program Files\Java\jre1.8.0_191\bin\api-ms-win-crt-heap-l1-1-0.dll
0x0000000019bf0000 - 0x0000000019bf3000 	C:\Program Files\Java\jre1.8.0_191\bin\api-ms-win-crt-locale-l1-1-0.dll
0x0000000019c00000 - 0x0000000019c05000 	C:\Program Files\Java\jre1.8.0_191\bin\api-ms-win-crt-math-l1-1-0.dll
0x0000000019c10000 - 0x0000000019c15000 	C:\Program Files\Java\jre1.8.0_191\bin\api-ms-win-crt-multibyte-l1-1-0.dll
0x0000000019c20000 - 0x0000000019c30000 	C:\Program Files\Java\jre1.8.0_191\bin\api-ms-win-crt-private-l1-1-0.dll
0x0000000019c30000 - 0x0000000019c33000 	C:\Program Files\Java\jre1.8.0_191\bin\api-ms-win-crt-process-l1-1-0.dll
0x0000000019c40000 - 0x0000000019c44000 	C:\Program Files\Java\jre1.8.0_191\bin\api-ms-win-crt-runtime-l1-1-0.dll
0x0000000019c50000 - 0x0000000019c54000 	C:\Program Files\Java\jre1.8.0_191\bin\api-ms-win-crt-stdio-l1-1-0.dll
0x0000000019c60000 - 0x0000000019c64000 	C:\Program Files\Java\jre1.8.0_191\bin\api-ms-win-crt-string-l1-1-0.dll
0x0000000019c70000 - 0x0000000019c73000 	C:\Program Files\Java\jre1.8.0_191\bin\api-ms-win-crt-time-l1-1-0.dll
0x0000000019c80000 - 0x0000000019c83000 	C:\Program Files\Java\jre1.8.0_191\bin\api-ms-win-crt-utility-l1-1-0.dll
0x00007fffe6850000 - 0x00007fffe6946000 	C:\Program Files\Java\jre1.8.0_191\bin\ucrtbase.dll
0x00007ff8007b0000 - 0x00007ff8007c6000 	C:\Program Files\Java\jre1.8.0_191\bin\vcruntime140.dll
0x00007fffe6730000 - 0x00007fffe67cc000 	C:\Program Files\Java\jre1.8.0_191\bin\msvcp140.dll
0x00007fffef340000 - 0x00007fffef391000 	C:\Program Files\Java\jre1.8.0_191\bin\concrt140.dll
0x0000000051510000 - 0x0000000051533000 	C:\Program Files\Java\jre1.8.0_191\bin\prism_d3d.dll
0x00007fffe31f0000 - 0x00007fffe3379000 	C:\Windows\system32\d3d9.dll
0x00007ff803f80000 - 0x00007ff803faa000 	C:\Windows\SYSTEM32\dwmapi.dll
0x00007ff804230000 - 0x00007ff8042c5000 	C:\Windows\system32\uxtheme.dll
0x00007fffdb0e0000 - 0x00007fffdb2b7000 	C:\Windows\System32\DriverStore\FileRepository\ki127171.inf_amd64_368f8c7337214025\igdumdim64.dll
0x00007fffa8d10000 - 0x00007fffabd0d000 	C:\Windows\System32\DriverStore\FileRepository\ki127171.inf_amd64_368f8c7337214025\igd9dxva64.dll
0x00007ff808c80000 - 0x00007ff808dc5000 	C:\Windows\System32\ole32.dll
0x00007ff808890000 - 0x00007ff808950000 	C:\Windows\System32\OLEAUT32.dll
0x00000000514c0000 - 0x0000000051509000 	C:\Program Files\Java\jre1.8.0_191\bin\glass.dll
0x00007ff808950000 - 0x00007ff808a58000 	C:\Windows\System32\COMDLG32.dll
0x00007ff809600000 - 0x00007ff809766000 	C:\Windows\System32\MSCTF.dll
0x00007ffff97e0000 - 0x00007ffffb575000 	C:\Windows\System32\DriverStore\FileRepository\ki127171.inf_amd64_368f8c7337214025\igc64.dll
0x00000000514a0000 - 0x00000000514b4000 	C:\Program Files\Java\jre1.8.0_191\bin\javafx_font.dll
0x00007ffff31d0000 - 0x00007ffff348f000 	C:\Windows\SYSTEM32\dwrite.dll
0x00007ff805790000 - 0x00007ff8057a7000 	C:\Windows\SYSTEM32\CRYPTSP.dll
0x00007ff804ec0000 - 0x00007ff804ef4000 	C:\Windows\system32\rsaenh.dll
0x00007ff8058f0000 - 0x00007ff805915000 	C:\Windows\SYSTEM32\bcrypt.dll
0x00007ff805c30000 - 0x00007ff805c59000 	C:\Windows\SYSTEM32\USERENV.dll
0x00007ff805780000 - 0x00007ff80578b000 	C:\Windows\SYSTEM32\CRYPTBASE.dll
0x0000000074940000 - 0x0000000077ffa000 	C:\Program Files\Java\jre1.8.0_191\bin\jfxwebkit.dll
0x0000000051680000 - 0x000000005169a000 	C:\Program Files\Java\jre1.8.0_191\bin\net.dll
0x00007ff8055e0000 - 0x00007ff80563c000 	C:\Windows\system32\mswsock.dll
0x00007ff805380000 - 0x00007ff8053b7000 	C:\Windows\SYSTEM32\IPHLPAPI.DLL
0x00007ff806f80000 - 0x00007ff806f88000 	C:\Windows\System32\NSI.dll
0x00007ff8000a0000 - 0x00007ff8000b6000 	C:\Windows\SYSTEM32\dhcpcsvc6.DLL
0x00007ff800080000 - 0x00007ff80009a000 	C:\Windows\SYSTEM32\dhcpcsvc.DLL
0x0000000051660000 - 0x0000000051671000 	C:\Program Files\Java\jre1.8.0_191\bin\nio.dll
0x00007ff808b60000 - 0x00007ff808bfe000 	C:\Windows\System32\clbcatq.dll
0x00007ff801100000 - 0x00007ff8012ac000 	C:\Windows\SYSTEM32\WindowsCodecs.dll
0x00007fffeafb0000 - 0x00007fffeaff7000 	C:\Windows\system32\dataexchange.dll
0x00007ff8034a0000 - 0x00007ff8035c3000 	C:\Windows\system32\dcomp.dll
0x00007ff8029b0000 - 0x00007ff802c8f000 	C:\Windows\system32\d3d11.dll
0x00007ff804a00000 - 0x00007ff804aa4000 	C:\Windows\system32\dxgi.dll
0x00007ff804480000 - 0x00007ff8045f0000 	C:\Windows\system32\twinapi.appcore.dll
0x00007fffff7f0000 - 0x00007fffff821000 	C:\Program Files\Common Files\Microsoft Shared\Ink\rtscom.dll
0x00007ff8000e0000 - 0x00007ff800161000 	C:\Windows\System32\TextInputFramework.dll
0x00007ff803360000 - 0x00007ff803444000 	C:\Windows\System32\CoreMessaging.dll
0x00007ff800a00000 - 0x00007ff800cd3000 	C:\Windows\System32\CoreUIComponents.dll
0x00007ff804b60000 - 0x00007ff804b91000 	C:\Windows\SYSTEM32\ntmarta.dll
0x00007ff801980000 - 0x00007ff801ab9000 	C:\Windows\SYSTEM32\wintypes.dll
0x00007ff803c00000 - 0x00007ff803c15000 	C:\Windows\SYSTEM32\usermgrcli.dll
0x0000000051630000 - 0x0000000051654000 	C:\Program Files\Java\jre1.8.0_191\bin\sunec.dll

VM Arguments:
jvm_args: -Dfile.encoding=UTF-8 
java_command: principal.Principal
java_class_path (initial): C:\Program Files\Java\jre1.8.0_191\lib\resources.jar;C:\Program Files\Java\jre1.8.0_191\lib\rt.jar;C:\Program Files\Java\jre1.8.0_191\lib\jsse.jar;C:\Program Files\Java\jre1.8.0_191\lib\jce.jar;C:\Program Files\Java\jre1.8.0_191\lib\charsets.jar;C:\Program Files\Java\jre1.8.0_191\lib\jfr.jar;C:\Program Files\Java\jre1.8.0_191\lib\ext\access-bridge-64.jar;C:\Program Files\Java\jre1.8.0_191\lib\ext\cldrdata.jar;C:\Program Files\Java\jre1.8.0_191\lib\ext\dnsns.jar;C:\Program Files\Java\jre1.8.0_191\lib\ext\jaccess.jar;C:\Program Files\Java\jre1.8.0_191\lib\ext\jfxrt.jar;C:\Program Files\Java\jre1.8.0_191\lib\ext\localedata.jar;C:\Program Files\Java\jre1.8.0_191\lib\ext\nashorn.jar;C:\Program Files\Java\jre1.8.0_191\lib\ext\sunec.jar;C:\Program Files\Java\jre1.8.0_191\lib\ext\sunjce_provider.jar;C:\Program Files\Java\jre1.8.0_191\lib\ext\sunmscapi.jar;C:\Program Files\Java\jre1.8.0_191\lib\ext\sunpkcs11.jar;C:\Program Files\Java\jre1.8.0_191\lib\ext\zipfs.jar;C:\Users\fabricio.barrozo\eclipse-workspace\adasa4\target\classes;C:\Users\fabricio.barrozo\.m2\repository\commons-codec\commons-codec\1.11\commons-codec-1.11.jar;C:\Users\fabricio.barrozo\.m2\repository\com\microsoft\sqlserver\mssql-jdbc\7.0.0.jre8\mssql-jdbc-7.0.0.jre8.jar;C:\Users\fabricio.barrozo\.m2\repository\org\hibernate\hibernate-spatial\5.1.0.Final\hibernate-spatial-5.1.0.Final.jar;C:\Users\fabricio.barrozo\.m2\repository\org\jboss\logging\jboss-logging\3.3.0.Final\jboss-logging-3.3.0.Final.jar;C:\Users\fabricio.barrozo\.m2\repository\org\hibernate\hibernate-core\5.1.0.Final\hibernate-core-5.1.0.Final.jar;C:\Users\fabricio.barrozo\.m2\repository\org\hibernate\javax\persistence\hibernate-jpa-2.1-api\1.0.0.Final\hibernate-jpa-2.1-api-1.0.0.Final.jar;C:\Users\fabricio.barrozo\.m2\repository\org\javassist\javassist\3.20.0-GA\javassist-3.20.0-GA.jar;C:\Users\fabricio.barrozo\.m2\repository\antlr\antlr\2.7.7\antlr-2.7.7.jar;C:\Users\fabricio.barrozo\.m2\repository\org\apache\geronim
Launcher Type: SUN_STANDARD

Environment Variables:
JAVA_HOME=C:\Program Files\Java\jdk1.8.0_191
PATH=C:/Program Files/Java/jre1.8.0_191/bin/server;C:/Program Files/Java/jre1.8.0_191/bin;C:/Program Files/Java/jre1.8.0_191/lib/amd64;C:\Program Files (x86)\Common Files\Oracle\Java\javapath;C:\ProgramData\Oracle\Java\javapath;C:\Program Files (x86)\Intel\iCLS Client\;C:\Program Files\Intel\iCLS Client\;C:\Windows\system32;C:\Windows;C:\Windows\System32\Wbem;C:\Windows\System32\WindowsPowerShell\v1.0\;C:\Program Files (x86)\Intel\Intel(R) Management Engine Components\DAL;C:\Program Files\Intel\Intel(R) Management Engine Components\DAL;C:\Program Files (x86)\Intel\Intel(R) Management Engine Components\IPT;C:\Program Files\Intel\Intel(R) Management Engine Components\IPT;C:\Program Files\Intel\WiFi\bin\;C:\Program Files\Common Files\Intel\WirelessCommon\;c:\Program Files\Microsoft SQL Server\110\Tools\Binn\;c:\Program Files (x86)\Microsoft SQL Server\110\Tools\Binn\ManagementStudio\;c:\Program Files (x86)\Microsoft SQL Server\110\Tools\Binn\;c:\Program Files (x86)\Microsoft SQL Server\110\DTS\Binn\;C:\apache-maven-3.6.0\bin;C:\Program Files\Microsoft SQL Server Migration Assistant for Access\bin\;C:\Users\fabricio.barrozo\AppData\Local\Microsoft\WindowsApps;;C:\Windows\System32;
USERNAME=fabricio.barrozo
OS=Windows_NT
PROCESSOR_IDENTIFIER=Intel64 Family 6 Model 94 Stepping 3, GenuineIntel



---------------  S Y S T E M  ---------------

OS: Windows 10.0 , 64 bit Build 15063 (10.0.15063.1058)

CPU:total 4 (initial active 4) (4 cores per cpu, 1 threads per core) family 6 model 94 stepping 3, cmov, cx8, fxsr, mmx, sse, sse2, sse3, ssse3, sse4.1, sse4.2, popcnt, avx, avx2, aes, clmul, erms, rtm, 3dnowpref, lzcnt, tsc, tscinvbit, bmi1, bmi2, adx

Memory: 4k page, physical 8249056k(1894148k free), swap 10196704k(3484k free)

vm_info: Java HotSpot(TM) 64-Bit Server VM (25.191-b12) for windows-amd64 JRE (1.8.0_191-b12), built on Oct  6 2018 09:29:03 by "java_re" with MS VC++ 10.0 (VS2010)

time: Wed Aug 14 15:42:39 2019
elapsed time: 63 seconds (0d 0h 1m 3s)

