#
# There is insufficient memory for the Java Runtime Environment to continue.
# Native memory allocation (malloc) failed to allocate 1048576 bytes for AllocateHeap
# Possible reasons:
#   The system is out of physical RAM or swap space
#   In 32 bit mode, the process size limit was hit
# Possible solutions:
#   Reduce memory load on the system
#   Increase physical memory or swap space
#   Check if swap backing store is full
#   Use 64 bit Java on a 64 bit OS
#   Decrease Java heap size (-Xmx/-Xms)
#   Decrease number of Java threads
#   Decrease Java thread stack sizes (-Xss)
#   Set larger code cache with -XX:ReservedCodeCacheSize=
# This output file may be truncated or incomplete.
#
#  Out of Memory Error (memory/allocation.inline.hpp:61), pid=10208, tid=0x000000000000058c
#
# JRE version:  (8.0_191-b12) (build )
# Java VM: Java HotSpot(TM) 64-Bit Server VM (25.191-b12 mixed mode windows-amd64 compressed oops)
# Failed to write core dump. Minidumps are not enabled by default on client versions of Windows
#

---------------  T H R E A D  ---------------

Current thread (0x0000000002a63800):  JavaThread "Unknown thread" [_thread_in_vm, id=1420, stack(0x0000000002930000,0x0000000002a30000)]

Stack: [0x0000000002930000,0x0000000002a30000]
[error occurred during error reporting (printing stack bounds), id 0xc0000005]

Native frames: (J=compiled Java code, j=interpreted, Vv=VM code, C=native code)


---------------  P R O C E S S  ---------------

Java Threads: ( => current thread )

Other Threads:

=>0x0000000002a63800 (exited) JavaThread "Unknown thread" [_thread_in_vm, id=1420, stack(0x0000000002930000,0x0000000002a30000)]

VM state:not at safepoint (normal execution)

VM Mutex/Monitor currently owned by a thread: None

Heap:
 PSYoungGen      total 37888K, used 655K [0x00000000d6100000, 0x00000000d8b00000, 0x0000000100000000)
  eden space 32768K, 2% used [0x00000000d6100000,0x00000000d61a3d80,0x00000000d8100000)
  from space 5120K, 0% used [0x00000000d8600000,0x00000000d8600000,0x00000000d8b00000)
  to   space 5120K, 0% used [0x00000000d8100000,0x00000000d8100000,0x00000000d8600000)
 ParOldGen       total 86016K, used 0K [0x0000000082200000, 0x0000000087600000, 0x00000000d6100000)
  object space 86016K, 0% used [0x0000000082200000,0x0000000082200000,0x0000000087600000)
 Metaspace       used 751K, capacity 4480K, committed 4480K, reserved 1056768K
  class space    used 76K, capacity 384K, committed 384K, reserved 1048576K

Card table byte_map: [0x0000000011f20000,0x0000000012310000] byte_map_base: 0x0000000011b0f000

Marking Bits: (ParMarkBitMap*) 0x000000006bf93e30
 Begin Bits: [0x00000000129b0000, 0x0000000014928000)
 End Bits:   [0x0000000014928000, 0x00000000168a0000)

Polling page: 0x00000000028b0000

CodeCache: size=245760Kb used=328Kb max_used=328Kb free=245431Kb
 bounds [0x0000000002b60000, 0x0000000002dd0000, 0x0000000011b60000]
 total_blobs=58 nmethods=0 adapters=38
 compilation: enabled

Compilation events (0 events):
No events

GC Heap History (0 events):
No events

Deoptimization events (0 events):
No events

Classes redefined (0 events):
No events

Internal exceptions (0 events):
No events

Events (10 events):
Event: 0.023 loading class java/lang/Short
Event: 0.023 loading class java/lang/Short done
Event: 0.023 loading class java/lang/Integer
Event: 0.023 loading class java/lang/Integer done
Event: 0.023 loading class java/lang/Long
Event: 0.023 loading class java/lang/Long done
Event: 0.024 loading class java/lang/NullPointerException
Event: 0.024 loading class java/lang/NullPointerException done
Event: 0.024 loading class java/lang/ArithmeticException
Event: 0.024 loading class java/lang/ArithmeticException done


Dynamic libraries:
0x00007ff7579a0000 - 0x00007ff7579d7000 	C:\Program Files\Java\jre1.8.0_191\bin\javaw.exe
0x00007ffb26440000 - 0x00007ffb2661b000 	C:\Windows\SYSTEM32\ntdll.dll
0x00007ffb242a0000 - 0x00007ffb2434e000 	C:\Windows\System32\KERNEL32.DLL
0x00007ffb22960000 - 0x00007ffb22baa000 	C:\Windows\System32\KERNELBASE.dll
0x00007ffb23d60000 - 0x00007ffb23e01000 	C:\Windows\System32\ADVAPI32.dll
0x00007ffb25e00000 - 0x00007ffb25e9d000 	C:\Windows\System32\msvcrt.dll
0x00007ffb24040000 - 0x00007ffb24099000 	C:\Windows\System32\sechost.dll
0x00007ffb25ab0000 - 0x00007ffb25bd5000 	C:\Windows\System32\RPCRT4.dll
0x00007ffb262f0000 - 0x00007ffb2643a000 	C:\Windows\System32\USER32.dll
0x00007ffb23470000 - 0x00007ffb2348e000 	C:\Windows\System32\win32u.dll
0x00007ffb23ed0000 - 0x00007ffb23ef7000 	C:\Windows\System32\GDI32.dll
0x00007ffb234f0000 - 0x00007ffb23678000 	C:\Windows\System32\gdi32full.dll
0x00007ffb23680000 - 0x00007ffb2371a000 	C:\Windows\System32\msvcp_win.dll
0x00007ffb23370000 - 0x00007ffb23466000 	C:\Windows\System32\ucrtbase.dll
0x00007ffb17120000 - 0x00007ffb17387000 	C:\Windows\WinSxS\amd64_microsoft.windows.common-controls_6595b64144ccf1df_6.0.15063.1155_none_40c7922129a7722b\COMCTL32.dll
0x00007ffb23a60000 - 0x00007ffb23d59000 	C:\Windows\System32\combase.dll
0x00007ffb22c00000 - 0x00007ffb22c6a000 	C:\Windows\System32\bcryptPrimitives.dll
0x00007ffb25a80000 - 0x00007ffb25aad000 	C:\Windows\System32\IMM32.DLL
0x00007ffb0ba50000 - 0x00007ffb0bb01000 	C:\Program Files\McAfee\Endpoint Security\Threat Prevention\Ips\EpMPApi.dll
0x00007ffb23490000 - 0x00007ffb234e7000 	C:\Windows\System32\WINTRUST.dll
0x00007ffb22920000 - 0x00007ffb22931000 	C:\Windows\System32\MSASN1.dll
0x00007ffb237d0000 - 0x00007ffb23999000 	C:\Windows\System32\CRYPT32.dll
0x000000006c530000 - 0x000000006c53c000 	C:\Program Files\McAfee\Endpoint Security\Threat Prevention\Ips\EpMPThe.dll
0x000000006b610000 - 0x000000006b6e2000 	C:\Program Files\Java\jre1.8.0_191\bin\msvcr100.dll
0x000000006b770000 - 0x000000006c014000 	C:\Program Files\Java\jre1.8.0_191\bin\server\jvm.dll
0x00007ffb23fb0000 - 0x00007ffb23fb8000 	C:\Windows\System32\PSAPI.DLL
0x00007ffb0eac0000 - 0x00007ffb0eac9000 	C:\Windows\SYSTEM32\WSOCK32.dll
0x00007ffb13b50000 - 0x00007ffb13b5a000 	C:\Windows\SYSTEM32\VERSION.dll
0x00007ffb25d30000 - 0x00007ffb25d9c000 	C:\Windows\System32\WS2_32.dll
0x00007ffb20bc0000 - 0x00007ffb20be3000 	C:\Windows\SYSTEM32\WINMM.dll
0x00007ffb20b60000 - 0x00007ffb20b8b000 	C:\Windows\SYSTEM32\winmmbase.dll
0x00007ffb22bb0000 - 0x00007ffb22bf9000 	C:\Windows\System32\cfgmgr32.dll
0x000000006c370000 - 0x000000006c37f000 	C:\Program Files\Java\jre1.8.0_191\bin\verify.dll
0x000000006c340000 - 0x000000006c369000 	C:\Program Files\Java\jre1.8.0_191\bin\java.dll
0x000000006c320000 - 0x000000006c336000 	C:\Program Files\Java\jre1.8.0_191\bin\zip.dll

VM Arguments:
jvm_args: -Dfile.encoding=UTF-8 
java_command: principal.Principal
java_class_path (initial): C:\Program Files\Java\jre1.8.0_191\lib\resources.jar;C:\Program Files\Java\jre1.8.0_191\lib\rt.jar;C:\Program Files\Java\jre1.8.0_191\lib\jsse.jar;C:\Program Files\Java\jre1.8.0_191\lib\jce.jar;C:\Program Files\Java\jre1.8.0_191\lib\charsets.jar;C:\Program Files\Java\jre1.8.0_191\lib\jfr.jar;C:\Program Files\Java\jre1.8.0_191\lib\ext\access-bridge-64.jar;C:\Program Files\Java\jre1.8.0_191\lib\ext\cldrdata.jar;C:\Program Files\Java\jre1.8.0_191\lib\ext\dnsns.jar;C:\Program Files\Java\jre1.8.0_191\lib\ext\jaccess.jar;C:\Program Files\Java\jre1.8.0_191\lib\ext\jfxrt.jar;C:\Program Files\Java\jre1.8.0_191\lib\ext\localedata.jar;C:\Program Files\Java\jre1.8.0_191\lib\ext\nashorn.jar;C:\Program Files\Java\jre1.8.0_191\lib\ext\sunec.jar;C:\Program Files\Java\jre1.8.0_191\lib\ext\sunjce_provider.jar;C:\Program Files\Java\jre1.8.0_191\lib\ext\sunmscapi.jar;C:\Program Files\Java\jre1.8.0_191\lib\ext\sunpkcs11.jar;C:\Program Files\Java\jre1.8.0_191\lib\ext\zipfs.jar;C:\Users\fabricio.barrozo\eclipse-workspace\adasa4\target\classes;C:\Users\fabricio.barrozo\.m2\repository\commons-codec\commons-codec\1.11\commons-codec-1.11.jar;C:\Users\fabricio.barrozo\.m2\repository\com\microsoft\sqlserver\mssql-jdbc\7.0.0.jre8\mssql-jdbc-7.0.0.jre8.jar;C:\Users\fabricio.barrozo\.m2\repository\org\hibernate\hibernate-spatial\5.1.0.Final\hibernate-spatial-5.1.0.Final.jar;C:\Users\fabricio.barrozo\.m2\repository\org\jboss\logging\jboss-logging\3.3.0.Final\jboss-logging-3.3.0.Final.jar;C:\Users\fabricio.barrozo\.m2\repository\org\hibernate\hibernate-core\5.1.0.Final\hibernate-core-5.1.0.Final.jar;C:\Users\fabricio.barrozo\.m2\repository\org\hibernate\javax\persistence\hibernate-jpa-2.1-api\1.0.0.Final\hibernate-jpa-2.1-api-1.0.0.Final.jar;C:\Users\fabricio.barrozo\.m2\repository\org\javassist\javassist\3.20.0-GA\javassist-3.20.0-GA.jar;C:\Users\fabricio.barrozo\.m2\repository\antlr\antlr\2.7.7\antlr-2.7.7.jar;C:\Users\fabricio.barrozo\.m2\repository\org\apache\geronim
Launcher Type: SUN_STANDARD

Environment Variables:
JAVA_HOME=C:\Program Files\Java\jdk1.8.0_191
PATH=C:/Program Files/Java/jre1.8.0_191/bin/server;C:/Program Files/Java/jre1.8.0_191/bin;C:/Program Files/Java/jre1.8.0_191/lib/amd64;C:\Program Files (x86)\Common Files\Oracle\Java\javapath;C:\ProgramData\Oracle\Java\javapath;C:\Program Files (x86)\Intel\iCLS Client\;C:\Program Files\Intel\iCLS Client\;C:\Windows\system32;C:\Windows;C:\Windows\System32\Wbem;C:\Windows\System32\WindowsPowerShell\v1.0\;C:\Program Files (x86)\Intel\Intel(R) Management Engine Components\DAL;C:\Program Files\Intel\Intel(R) Management Engine Components\DAL;C:\Program Files (x86)\Intel\Intel(R) Management Engine Components\IPT;C:\Program Files\Intel\Intel(R) Management Engine Components\IPT;C:\Program Files\Intel\WiFi\bin\;C:\Program Files\Common Files\Intel\WirelessCommon\;c:\Program Files\Microsoft SQL Server\110\Tools\Binn\;c:\Program Files (x86)\Microsoft SQL Server\110\Tools\Binn\ManagementStudio\;c:\Program Files (x86)\Microsoft SQL Server\110\Tools\Binn\;c:\Program Files (x86)\Microsoft SQL Server\110\DTS\Binn\;C:\apache-maven-3.6.0\bin;C:\Users\fabricio.barrozo\AppData\Local\Microsoft\WindowsApps;;C:\Windows\System32;
USERNAME=fabricio.barrozo
OS=Windows_NT
PROCESSOR_IDENTIFIER=Intel64 Family 6 Model 94 Stepping 3, GenuineIntel



---------------  S Y S T E M  ---------------

OS: Windows 10.0 , 64 bit Build 15063 (10.0.15063.1058)

CPU:total 4 (initial active 4) (4 cores per cpu, 1 threads per core) family 6 model 94 stepping 3, cmov, cx8, fxsr, mmx, sse, sse2, sse3, ssse3, sse4.1, sse4.2, popcnt, avx, avx2, aes, clmul, erms, rtm, 3dnowpref, lzcnt, tsc, tscinvbit, bmi1, bmi2, adx

Memory: 4k page, physical 8249056k(1562844k free), swap 10196704k(5232k free)

vm_info: Java HotSpot(TM) 64-Bit Server VM (25.191-b12) for windows-amd64 JRE (1.8.0_191-b12), built on Oct  6 2018 09:29:03 by "java_re" with MS VC++ 10.0 (VS2010)

time: Fri Jul 05 11:37:26 2019
elapsed time: 0 seconds (0d 0h 0m 0s)

