#
# There is insufficient memory for the Java Runtime Environment to continue.
# Native memory allocation (malloc) failed to allocate 1242896 bytes for Chunk::new
# Possible reasons:
#   The system is out of physical RAM or swap space
#   In 32 bit mode, the process size limit was hit
# Possible solutions:
#   Reduce memory load on the system
#   Increase physical memory or swap space
#   Check if swap backing store is full
#   Use 64 bit Java on a 64 bit OS
#   Decrease Java heap size (-Xmx/-Xms)
#   Decrease number of Java threads
#   Decrease Java thread stack sizes (-Xss)
#   Set larger code cache with -XX:ReservedCodeCacheSize=
# This output file may be truncated or incomplete.
#
#  Out of Memory Error (allocation.cpp:390), pid=13124, tid=0x0000000000003338
#
# JRE version: Java(TM) SE Runtime Environment (8.0_191-b12) (build 1.8.0_191-b12)
# Java VM: Java HotSpot(TM) 64-Bit Server VM (25.191-b12 mixed mode windows-amd64 compressed oops)
# Failed to write core dump. Minidumps are not enabled by default on client versions of Windows
#

---------------  T H R E A D  ---------------

Current thread (0x00000000174cf800):  JavaThread "C2 CompilerThread0" daemon [_thread_in_native, id=13112, stack(0x0000000018b30000,0x0000000018c30000)]

Stack: [0x0000000018b30000,0x0000000018c30000]
[error occurred during error reporting (printing stack bounds), id 0xc0000005]

Native frames: (J=compiled Java code, j=interpreted, Vv=VM code, C=native code)


Current CompileTask:
C2: 282494 12220   !   4       com.sun.webkit.network.URLLoader::receiveResponse (814 bytes)


---------------  P R O C E S S  ---------------

Java Threads: ( => current thread )
  0x0000000024eab800 JavaThread "URL-Loader-142" daemon [_thread_blocked, id=3512, stack(0x0000000044660000,0x0000000044760000)]
  0x0000000024eaa000 JavaThread "URL-Loader-141" daemon [_thread_blocked, id=16832, stack(0x0000000044460000,0x0000000044560000)]
  0x0000000024eab000 JavaThread "URL-Loader-140" daemon [_thread_blocked, id=12732, stack(0x0000000044360000,0x0000000044460000)]
  0x0000000024eae000 JavaThread "URL-Loader-139" daemon [_thread_blocked, id=11848, stack(0x0000000044260000,0x0000000044360000)]
  0x0000000024ea8000 JavaThread "URL-Loader-138" daemon [_thread_blocked, id=10828, stack(0x0000000044160000,0x0000000044260000)]
  0x0000000024eac800 JavaThread "URL-Loader-137" daemon [_thread_blocked, id=9880, stack(0x0000000044060000,0x0000000044160000)]
  0x0000000032c10800 JavaThread "URL-Loader-136" daemon [_thread_blocked, id=4132, stack(0x0000000042f60000,0x0000000043060000)]
  0x0000000032c12000 JavaThread "URL-Loader-135" daemon [_thread_blocked, id=15080, stack(0x0000000042e60000,0x0000000042f60000)]
  0x0000000032c0e800 JavaThread "URL-Loader-134" daemon [_thread_blocked, id=1596, stack(0x0000000042d60000,0x0000000042e60000)]
  0x0000000032c07000 JavaThread "URL-Loader-133" daemon [_thread_blocked, id=3468, stack(0x0000000042c60000,0x0000000042d60000)]
  0x0000000032c0d000 JavaThread "URL-Loader-132" daemon [_thread_blocked, id=14924, stack(0x0000000042b60000,0x0000000042c60000)]
  0x0000000032c0c000 JavaThread "URL-Loader-131" daemon [_thread_blocked, id=12912, stack(0x0000000042a60000,0x0000000042b60000)]
  0x0000000032c0b800 JavaThread "URL-Loader-130" daemon [_thread_in_native, id=9260, stack(0x0000000042960000,0x0000000042a60000)]
  0x0000000032c0a000 JavaThread "URL-Loader-129" daemon [_thread_blocked, id=10136, stack(0x0000000042860000,0x0000000042960000)]
  0x0000000032c04000 JavaThread "URL-Loader-128" daemon [_thread_blocked, id=14488, stack(0x0000000042760000,0x0000000042860000)]
  0x0000000032c04800 JavaThread "URL-Loader-127" daemon [_thread_blocked, id=12116, stack(0x0000000042660000,0x0000000042760000)]
  0x0000000032c08800 JavaThread "URL-Loader-126" daemon [_thread_in_native, id=14728, stack(0x0000000042560000,0x0000000042660000)]
  0x0000000032c05800 JavaThread "URL-Loader-125" daemon [_thread_blocked, id=1588, stack(0x0000000042460000,0x0000000042560000)]
  0x0000000032c09000 JavaThread "URL-Loader-124" daemon [_thread_in_native, id=1464, stack(0x0000000042360000,0x0000000042460000)]
  0x0000000032c06000 JavaThread "Keep-Alive-Timer" daemon [_thread_blocked, id=9604, stack(0x0000000042160000,0x0000000042260000)]
  0x0000000032c0a800 JavaThread "URL-Loader-123" daemon [_thread_blocked, id=7500, stack(0x0000000041b60000,0x0000000041c60000)]
  0x0000000024eb3000 JavaThread "C3P0PooledConnectionPoolManager[identityToken->1bqoq4ia31dn1jbjknzfz4|5bb3656]-HelperThread-#2" daemon [_thread_blocked, id=12824, stack(0x0000000032090000,0x0000000032190000)]
  0x0000000024eb2800 JavaThread "C3P0PooledConnectionPoolManager[identityToken->1bqoq4ia31dn1jbjknzfz4|5bb3656]-HelperThread-#1" daemon [_thread_blocked, id=12228, stack(0x0000000031f90000,0x0000000032090000)]
  0x0000000024eb1000 JavaThread "C3P0PooledConnectionPoolManager[identityToken->1bqoq4ia31dn1jbjknzfz4|5bb3656]-HelperThread-#0" daemon [_thread_blocked, id=14568, stack(0x0000000031e90000,0x0000000031f90000)]
  0x0000000024eb1800 JavaThread "C3P0PooledConnectionPoolManager[identityToken->1bqoq4ia31dn1jbjknzfz4|5bb3656]-AdminTaskTimer" daemon [_thread_blocked, id=13572, stack(0x0000000031d90000,0x0000000031e90000)]
  0x00000000199b9800 JavaThread "Disposer" daemon [_thread_blocked, id=2760, stack(0x0000000022e50000,0x0000000022f50000)]
  0x000000001998e000 JavaThread "Prism Font Disposer" daemon [_thread_blocked, id=1532, stack(0x0000000022550000,0x0000000022650000)]
  0x00000000195f7800 JavaThread "Thread-3" daemon [_thread_in_native, id=14136, stack(0x0000000020a80000,0x0000000020b80000)]
  0x00000000195b8000 JavaThread "JavaFX-Launcher" [_thread_blocked, id=15844, stack(0x0000000020b80000,0x0000000020c80000)]
  0x000000001951e000 JavaThread "JavaFX Application Thread" [_thread_in_native, id=11184, stack(0x000000001a0f0000,0x000000001a1f0000)]
  0x000000001951d000 JavaThread "Thread-1" daemon [_thread_blocked, id=11700, stack(0x0000000019ff0000,0x000000001a0f0000)]
  0x00000000194f4000 JavaThread "QuantumRenderer-0" daemon [_thread_blocked, id=4176, stack(0x0000000019ce0000,0x0000000019de0000)]
  0x0000000018e4c000 JavaThread "Service Thread" daemon [_thread_blocked, id=17148, stack(0x0000000019230000,0x0000000019330000)]
  0x00000000174de000 JavaThread "C1 CompilerThread2" daemon [_thread_blocked, id=15840, stack(0x0000000018d30000,0x0000000018e30000)]
  0x00000000174d6800 JavaThread "C2 CompilerThread1" daemon [_thread_blocked, id=13852, stack(0x0000000018c30000,0x0000000018d30000)]
=>0x00000000174cf800 JavaThread "C2 CompilerThread0" daemon [_thread_in_native, id=13112, stack(0x0000000018b30000,0x0000000018c30000)]
  0x00000000174cd800 JavaThread "Attach Listener" daemon [_thread_blocked, id=15332, stack(0x0000000018a30000,0x0000000018b30000)]
  0x00000000174cd000 JavaThread "Signal Dispatcher" daemon [_thread_blocked, id=4988, stack(0x0000000018930000,0x0000000018a30000)]
  0x00000000029fd800 JavaThread "Finalizer" daemon [_thread_blocked, id=14132, stack(0x0000000018730000,0x0000000018830000)]
  0x00000000029f2800 JavaThread "Reference Handler" daemon [_thread_blocked, id=5032, stack(0x0000000018630000,0x0000000018730000)]
  0x0000000002903800 JavaThread "main" [_thread_blocked, id=11064, stack(0x0000000002800000,0x0000000002900000)]

Other Threads:
  0x0000000017498800 VMThread [stack: 0x0000000018530000,0x0000000018630000] [id=13180]
  0x0000000018e87000 WatcherThread [stack: 0x0000000019330000,0x0000000019430000] [id=11756]

VM state:not at safepoint (normal execution)

VM Mutex/Monitor currently owned by a thread: None

Heap:
 PSYoungGen      total 555520K, used 184122K [0x00000000d6100000, 0x00000000fb400000, 0x0000000100000000)
  eden space 501760K, 34% used [0x00000000d6100000,0x00000000e0874978,0x00000000f4b00000)
  from space 53760K, 23% used [0x00000000f4b00000,0x00000000f5759ef0,0x00000000f7f80000)
  to   space 40448K, 0% used [0x00000000f8c80000,0x00000000f8c80000,0x00000000fb400000)
 ParOldGen       total 221696K, used 119952K [0x0000000082200000, 0x000000008fa80000, 0x00000000d6100000)
  object space 221696K, 54% used [0x0000000082200000,0x0000000089724238,0x000000008fa80000)
 Metaspace       used 51733K, capacity 53884K, committed 54016K, reserved 1095680K
  class space    used 6748K, capacity 7146K, committed 7168K, reserved 1048576K

Card table byte_map: [0x0000000011dc0000,0x00000000121b0000] byte_map_base: 0x00000000119af000

Marking Bits: (ParMarkBitMap*) 0x0000000057463e30
 Begin Bits: [0x0000000012850000, 0x00000000147c8000)
 End Bits:   [0x00000000147c8000, 0x0000000016740000)

Polling page: 0x0000000000cf0000

CodeCache: size=245760Kb used=31722Kb max_used=31835Kb free=214037Kb
 bounds [0x0000000002a00000, 0x0000000004950000, 0x0000000011a00000]
 total_blobs=10773 nmethods=9794 adapters=890
 compilation: enabled

Compilation events (10 events):
Event: 281.975 Thread 0x00000000174cf800 12220   !   4       com.sun.webkit.network.URLLoader::receiveResponse (814 bytes)
Event: 281.975 Thread 0x00000000174de000 nmethod 12219 0x0000000004189d90 code [0x000000000418a100, 0x000000000418c168]
Event: 282.034 Thread 0x00000000174de000 12221   !   3       sun.net.www.http.ChunkedInputStream::readAheadBlocking (103 bytes)
Event: 282.034 Thread 0x00000000174de000 nmethod 12221 0x00000000034f47d0 code [0x00000000034f4980, 0x00000000034f4e58]
Event: 282.034 Thread 0x00000000174d6800 12222   !   4       java.io.SequenceInputStream::<init> (51 bytes)
Event: 282.042 Thread 0x00000000174d6800 nmethod 12222 0x00000000049385d0 code [0x0000000004938780, 0x00000000049391b8]
Event: 282.042 Thread 0x00000000174d6800 12223       4       java.util.HashMap::remove (26 bytes)
Event: 282.046 Thread 0x00000000174d6800 nmethod 12223 0x0000000003d7d790 code [0x0000000003d7d900, 0x0000000003d7ddb8]
Event: 282.150 Thread 0x00000000174d6800 12224       4       javafx.scene.Node::impl_intersects (47 bytes)
Event: 282.160 Thread 0x00000000174d6800 nmethod 12224 0x0000000003079910 code [0x0000000003079b20, 0x000000000307a550]

GC Heap History (10 events):
Event: 247.565 GC heap before
{Heap before GC invocations=22 (full 3):
 PSYoungGen      total 386048K, used 332288K [0x00000000d6100000, 0x00000000f1480000, 0x0000000100000000)
  eden space 332288K, 100% used [0x00000000d6100000,0x00000000ea580000,0x00000000ea580000)
  from space 53760K, 0% used [0x00000000ee000000,0x00000000ee000000,0x00000000f1480000)
  to   space 56832K, 0% used [0x00000000ea580000,0x00000000ea580000,0x00000000edd00000)
 ParOldGen       total 221696K, used 106180K [0x0000000082200000, 0x000000008fa80000, 0x00000000d6100000)
  object space 221696K, 47% used [0x0000000082200000,0x00000000889b1158,0x000000008fa80000)
 Metaspace       used 51622K, capacity 53778K, committed 54016K, reserved 1095680K
  class space    used 6745K, capacity 7113K, committed 7168K, reserved 1048576K
Event: 247.581 GC heap after
Heap after GC invocations=22 (full 3):
 PSYoungGen      total 389120K, used 47421K [0x00000000d6100000, 0x00000000f7a00000, 0x0000000100000000)
  eden space 332288K, 0% used [0x00000000d6100000,0x00000000d6100000,0x00000000ea580000)
  from space 56832K, 83% used [0x00000000ea580000,0x00000000ed3cf498,0x00000000edd00000)
  to   space 62464K, 0% used [0x00000000f3d00000,0x00000000f3d00000,0x00000000f7a00000)
 ParOldGen       total 221696K, used 106188K [0x0000000082200000, 0x000000008fa80000, 0x00000000d6100000)
  object space 221696K, 47% used [0x0000000082200000,0x00000000889b3158,0x000000008fa80000)
 Metaspace       used 51622K, capacity 53778K, committed 54016K, reserved 1095680K
  class space    used 6745K, capacity 7113K, committed 7168K, reserved 1048576K
}
Event: 256.670 GC heap before
{Heap before GC invocations=23 (full 3):
 PSYoungGen      total 389120K, used 379709K [0x00000000d6100000, 0x00000000f7a00000, 0x0000000100000000)
  eden space 332288K, 100% used [0x00000000d6100000,0x00000000ea580000,0x00000000ea580000)
  from space 56832K, 83% used [0x00000000ea580000,0x00000000ed3cf498,0x00000000edd00000)
  to   space 62464K, 0% used [0x00000000f3d00000,0x00000000f3d00000,0x00000000f7a00000)
 ParOldGen       total 221696K, used 106188K [0x0000000082200000, 0x000000008fa80000, 0x00000000d6100000)
  object space 221696K, 47% used [0x0000000082200000,0x00000000889b3158,0x000000008fa80000)
 Metaspace       used 51641K, capacity 53878K, committed 54016K, reserved 1095680K
  class space    used 6748K, capacity 7145K, committed 7168K, reserved 1048576K
Event: 256.680 GC heap after
Heap after GC invocations=23 (full 3):
 PSYoungGen      total 463872K, used 25229K [0x00000000d6100000, 0x00000000f6b00000, 0x0000000100000000)
  eden space 416768K, 0% used [0x00000000d6100000,0x00000000d6100000,0x00000000ef800000)
  from space 47104K, 53% used [0x00000000f3d00000,0x00000000f55a3780,0x00000000f6b00000)
  to   space 58880K, 0% used [0x00000000ef800000,0x00000000ef800000,0x00000000f3180000)
 ParOldGen       total 221696K, used 107698K [0x0000000082200000, 0x000000008fa80000, 0x00000000d6100000)
  object space 221696K, 48% used [0x0000000082200000,0x0000000088b2c878,0x000000008fa80000)
 Metaspace       used 51641K, capacity 53878K, committed 54016K, reserved 1095680K
  class space    used 6748K, capacity 7145K, committed 7168K, reserved 1048576K
}
Event: 263.380 GC heap before
{Heap before GC invocations=24 (full 3):
 PSYoungGen      total 463872K, used 441997K [0x00000000d6100000, 0x00000000f6b00000, 0x0000000100000000)
  eden space 416768K, 100% used [0x00000000d6100000,0x00000000ef800000,0x00000000ef800000)
  from space 47104K, 53% used [0x00000000f3d00000,0x00000000f55a3780,0x00000000f6b00000)
  to   space 58880K, 0% used [0x00000000ef800000,0x00000000ef800000,0x00000000f3180000)
 ParOldGen       total 221696K, used 107698K [0x0000000082200000, 0x000000008fa80000, 0x00000000d6100000)
  object space 221696K, 48% used [0x0000000082200000,0x0000000088b2c878,0x000000008fa80000)
 Metaspace       used 51649K, capacity 53878K, committed 54016K, reserved 1095680K
  class space    used 6748K, capacity 7145K, committed 7168K, reserved 1048576K
Event: 263.394 GC heap after
Heap after GC invocations=24 (full 3):
 PSYoungGen      total 475648K, used 20553K [0x00000000d6100000, 0x00000000fc380000, 0x0000000100000000)
  eden space 416768K, 0% used [0x00000000d6100000,0x00000000d6100000,0x00000000ef800000)
  from space 58880K, 34% used [0x00000000ef800000,0x00000000f0c12400,0x00000000f3180000)
  to   space 56320K, 0% used [0x00000000f8c80000,0x00000000f8c80000,0x00000000fc380000)
 ParOldGen       total 221696K, used 115669K [0x0000000082200000, 0x000000008fa80000, 0x00000000d6100000)
  object space 221696K, 52% used [0x0000000082200000,0x00000000892f54e8,0x000000008fa80000)
 Metaspace       used 51649K, capacity 53878K, committed 54016K, reserved 1095680K
  class space    used 6748K, capacity 7145K, committed 7168K, reserved 1048576K
}
Event: 269.600 GC heap before
{Heap before GC invocations=25 (full 3):
 PSYoungGen      total 475648K, used 437321K [0x00000000d6100000, 0x00000000fc380000, 0x0000000100000000)
  eden space 416768K, 100% used [0x00000000d6100000,0x00000000ef800000,0x00000000ef800000)
  from space 58880K, 34% used [0x00000000ef800000,0x00000000f0c12400,0x00000000f3180000)
  to   space 56320K, 0% used [0x00000000f8c80000,0x00000000f8c80000,0x00000000fc380000)
 ParOldGen       total 221696K, used 115669K [0x0000000082200000, 0x000000008fa80000, 0x00000000d6100000)
  object space 221696K, 52% used [0x0000000082200000,0x00000000892f54e8,0x000000008fa80000)
 Metaspace       used 51664K, capacity 53878K, committed 54016K, reserved 1095680K
  class space    used 6748K, capacity 7145K, committed 7168K, reserved 1048576K
Event: 269.611 GC heap after
Heap after GC invocations=25 (full 3):
 PSYoungGen      total 542208K, used 22486K [0x00000000d6100000, 0x00000000fb400000, 0x0000000100000000)
  eden space 501760K, 0% used [0x00000000d6100000,0x00000000d6100000,0x00000000f4b00000)
  from space 40448K, 55% used [0x00000000f8c80000,0x00000000fa2759e8,0x00000000fb400000)
  to   space 53760K, 0% used [0x00000000f4b00000,0x00000000f4b00000,0x00000000f7f80000)
 ParOldGen       total 221696K, used 117798K [0x0000000082200000, 0x000000008fa80000, 0x00000000d6100000)
  object space 221696K, 53% used [0x0000000082200000,0x0000000089509b88,0x000000008fa80000)
 Metaspace       used 51664K, capacity 53878K, committed 54016K, reserved 1095680K
  class space    used 6748K, capacity 7145K, committed 7168K, reserved 1048576K
}
Event: 278.659 GC heap before
{Heap before GC invocations=26 (full 3):
 PSYoungGen      total 542208K, used 524246K [0x00000000d6100000, 0x00000000fb400000, 0x0000000100000000)
  eden space 501760K, 100% used [0x00000000d6100000,0x00000000f4b00000,0x00000000f4b00000)
  from space 40448K, 55% used [0x00000000f8c80000,0x00000000fa2759e8,0x00000000fb400000)
  to   space 53760K, 0% used [0x00000000f4b00000,0x00000000f4b00000,0x00000000f7f80000)
 ParOldGen       total 221696K, used 117798K [0x0000000082200000, 0x000000008fa80000, 0x00000000d6100000)
  object space 221696K, 53% used [0x0000000082200000,0x0000000089509b88,0x000000008fa80000)
 Metaspace       used 51719K, capacity 53884K, committed 54016K, reserved 1095680K
  class space    used 6748K, capacity 7146K, committed 7168K, reserved 1048576K
Event: 278.669 GC heap after
Heap after GC invocations=26 (full 3):
 PSYoungGen      total 555520K, used 12647K [0x00000000d6100000, 0x00000000fb400000, 0x0000000100000000)
  eden space 501760K, 0% used [0x00000000d6100000,0x00000000d6100000,0x00000000f4b00000)
  from space 53760K, 23% used [0x00000000f4b00000,0x00000000f5759ef0,0x00000000f7f80000)
  to   space 40448K, 0% used [0x00000000f8c80000,0x00000000f8c80000,0x00000000fb400000)
 ParOldGen       total 221696K, used 119952K [0x0000000082200000, 0x000000008fa80000, 0x00000000d6100000)
  object space 221696K, 54% used [0x0000000082200000,0x0000000089724238,0x000000008fa80000)
 Metaspace       used 51719K, capacity 53884K, committed 54016K, reserved 1095680K
  class space    used 6748K, capacity 7146K, committed 7168K, reserved 1048576K
}

Deoptimization events (10 events):
Event: 249.180 Thread 0x000000001951e000 Uncommon trap: reason=unstable_if action=reinterpret pc=0x0000000003f2fbf4 method=com.sun.javafx.iio.png.PNGIDATChunkInputStream.read([BII)I @ 68
Event: 251.065 Thread 0x000000001951e000 Uncommon trap: reason=unstable_if action=reinterpret pc=0x000000000472a8a8 method=javafx.scene.CssStyleHelper.transitionToState(Ljavafx/scene/Node;)V @ 684
Event: 278.576 Thread 0x00000000194f4000 Uncommon trap: reason=unstable_if action=reinterpret pc=0x000000000447adb4 method=com.sun.javafx.sg.prism.NGNode.getContentBounds(Lcom/sun/javafx/geom/BaseBounds;Lcom/sun/javafx/geom/transform/BaseTransform;)Lcom/sun/javafx/geom/BaseBounds; @ 4
Event: 278.576 Thread 0x00000000194f4000 Uncommon trap: reason=unstable_if action=reinterpret pc=0x0000000004473788 method=com.sun.javafx.sg.prism.NGNode.getContentBounds(Lcom/sun/javafx/geom/BaseBounds;Lcom/sun/javafx/geom/transform/BaseTransform;)Lcom/sun/javafx/geom/BaseBounds; @ 4
Event: 278.807 Thread 0x00000000194f4000 Uncommon trap: reason=null_check action=make_not_entrant pc=0x0000000003eefb98 method=com.sun.prism.impl.BaseResourcePool$WeakLinkedList.getResource()Lcom/sun/prism/impl/ManagedResource; @ 7
Event: 280.622 Thread 0x000000001951e000 Uncommon trap: reason=bimorphic action=maybe_recompile pc=0x0000000004764bf0 method=javafx.scene.control.PopupControl$CSSBridge.getStyleableParent()Ljavafx/css/Styleable; @ 4
Event: 280.622 Thread 0x000000001951e000 Uncommon trap: reason=bimorphic action=maybe_recompile pc=0x00000000047d0c58 method=javafx.scene.control.PopupControl$CSSBridge.getStyleableParent()Ljavafx/css/Styleable; @ 4
Event: 280.622 Thread 0x000000001951e000 Uncommon trap: reason=bimorphic action=maybe_recompile pc=0x0000000004764bf0 method=javafx.scene.control.PopupControl$CSSBridge.getStyleableParent()Ljavafx/css/Styleable; @ 4
Event: 280.622 Thread 0x000000001951e000 Uncommon trap: reason=bimorphic action=maybe_recompile pc=0x0000000004764bf0 method=javafx.scene.control.PopupControl$CSSBridge.getStyleableParent()Ljavafx/css/Styleable; @ 4
Event: 280.622 Thread 0x000000001951e000 Uncommon trap: reason=bimorphic action=maybe_recompile pc=0x00000000047d0c58 method=javafx.scene.control.PopupControl$CSSBridge.getStyleableParent()Ljavafx/css/Styleable; @ 4

Classes redefined (0 events):
No events

Internal exceptions (10 events):
Event: 206.680 Thread 0x00000000194f4000 Implicit null exception at 0x00000000043b85a2 to 0x00000000043ba369
Event: 208.749 Thread 0x00000000194f4000 Implicit null exception at 0x000000000407346c to 0x00000000040734e1
Event: 208.910 Thread 0x000000001951e000 Implicit null exception at 0x0000000003f9a892 to 0x0000000003f9c1a5
Event: 221.232 Thread 0x000000001951e000 Implicit null exception at 0x00000000033895f4 to 0x0000000003389743
Event: 221.896 Thread 0x000000001951e000 Implicit null exception at 0x000000000453c76c to 0x000000000453cb0d
Event: 222.181 Thread 0x000000001951e000 Implicit null exception at 0x000000000459fac8 to 0x000000000459fcb1
Event: 226.864 Thread 0x000000001951e000 Implicit null exception at 0x0000000003d38bc8 to 0x0000000003d398e8
Event: 227.347 Thread 0x00000000194f4000 Implicit null exception at 0x0000000003175014 to 0x0000000003175079
Event: 228.793 Thread 0x00000000194f4000 Implicit null exception at 0x00000000031b4950 to 0x00000000031b49a9
Event: 278.807 Thread 0x00000000194f4000 Implicit null exception at 0x0000000003eefb54 to 0x0000000003eefb8d

Events (10 events):
Event: 282.098 Thread 0x0000000019aca800 Thread exited: 0x0000000019aca800
Event: 282.098 Thread 0x0000000032c13000 Thread exited: 0x0000000032c13000
Event: 282.098 Thread 0x0000000024eb5800 Thread exited: 0x0000000024eb5800
Event: 282.098 Thread 0x0000000024ead000 Thread exited: 0x0000000024ead000
Event: 282.098 Thread 0x0000000024eb4000 Thread exited: 0x0000000024eb4000
Event: 282.098 Thread 0x0000000019acb000 Thread exited: 0x0000000019acb000
Event: 282.098 Thread 0x0000000024eb0000 Thread exited: 0x0000000024eb0000
Event: 282.098 Thread 0x0000000024eaf800 Thread exited: 0x0000000024eaf800
Event: 282.112 Thread 0x0000000024ead000 Thread added: 0x0000000024ead000
Event: 282.112 Thread 0x0000000024ead000 Thread exited: 0x0000000024ead000


Dynamic libraries:
0x00007ff646430000 - 0x00007ff646467000 	C:\Program Files\Java\jre1.8.0_191\bin\javaw.exe
0x00007ffe77e10000 - 0x00007ffe77feb000 	C:\Windows\SYSTEM32\ntdll.dll
0x00007ffe757d0000 - 0x00007ffe7587e000 	C:\Windows\System32\KERNEL32.DLL
0x00007ffe74330000 - 0x00007ffe7457a000 	C:\Windows\System32\KERNELBASE.dll
0x00007ffe77720000 - 0x00007ffe777c1000 	C:\Windows\System32\ADVAPI32.dll
0x00007ffe76d80000 - 0x00007ffe76e1d000 	C:\Windows\System32\msvcrt.dll
0x00007ffe76d20000 - 0x00007ffe76d79000 	C:\Windows\System32\sechost.dll
0x00007ffe76eb0000 - 0x00007ffe76fd5000 	C:\Windows\System32\RPCRT4.dll
0x00007ffe77920000 - 0x00007ffe77a6a000 	C:\Windows\System32\USER32.dll
0x00007ffe747f0000 - 0x00007ffe7480e000 	C:\Windows\System32\win32u.dll
0x00007ffe76e80000 - 0x00007ffe76ea7000 	C:\Windows\System32\GDI32.dll
0x00007ffe74a20000 - 0x00007ffe74ba8000 	C:\Windows\System32\gdi32full.dll
0x00007ffe74750000 - 0x00007ffe747ea000 	C:\Windows\System32\msvcp_win.dll
0x00007ffe748c0000 - 0x00007ffe749b6000 	C:\Windows\System32\ucrtbase.dll
0x00007ffe64bb0000 - 0x00007ffe64e17000 	C:\Windows\WinSxS\amd64_microsoft.windows.common-controls_6595b64144ccf1df_6.0.15063.1155_none_40c7922129a7722b\COMCTL32.dll
0x00007ffe77b10000 - 0x00007ffe77e09000 	C:\Windows\System32\combase.dll
0x00007ffe75300000 - 0x00007ffe7536a000 	C:\Windows\System32\bcryptPrimitives.dll
0x00007ffe77670000 - 0x00007ffe7769d000 	C:\Windows\System32\IMM32.DLL
0x00007ffe4f870000 - 0x00007ffe4f921000 	C:\Program Files\McAfee\Endpoint Security\Threat Prevention\Ips\EpMPApi.dll
0x00007ffe749c0000 - 0x00007ffe74a17000 	C:\Windows\System32\WINTRUST.dll
0x00007ffe742a0000 - 0x00007ffe742b1000 	C:\Windows\System32\MSASN1.dll
0x00007ffe74580000 - 0x00007ffe74749000 	C:\Windows\System32\CRYPT32.dll
0x0000000057ad0000 - 0x0000000057adc000 	C:\Program Files\McAfee\Endpoint Security\Threat Prevention\Ips\EpMPThe.dll
0x0000000056040000 - 0x0000000056112000 	C:\Program Files\Java\jre1.8.0_191\bin\msvcr100.dll
0x0000000056c40000 - 0x00000000574e4000 	C:\Program Files\Java\jre1.8.0_191\bin\server\jvm.dll
0x00007ffe776a0000 - 0x00007ffe776a8000 	C:\Windows\System32\PSAPI.DLL
0x00007ffe62590000 - 0x00007ffe62599000 	C:\Windows\SYSTEM32\WSOCK32.dll
0x00007ffe776b0000 - 0x00007ffe7771c000 	C:\Windows\System32\WS2_32.dll
0x00007ffe64e30000 - 0x00007ffe64e3a000 	C:\Windows\SYSTEM32\VERSION.dll
0x00007ffe72560000 - 0x00007ffe72583000 	C:\Windows\SYSTEM32\WINMM.dll
0x00007ffe72530000 - 0x00007ffe7255b000 	C:\Windows\SYSTEM32\winmmbase.dll
0x00007ffe74bb0000 - 0x00007ffe74bf9000 	C:\Windows\System32\cfgmgr32.dll
0x0000000056c30000 - 0x0000000056c3f000 	C:\Program Files\Java\jre1.8.0_191\bin\verify.dll
0x0000000056c00000 - 0x0000000056c29000 	C:\Program Files\Java\jre1.8.0_191\bin\java.dll
0x0000000056be0000 - 0x0000000056bf6000 	C:\Program Files\Java\jre1.8.0_191\bin\zip.dll
0x00007ffe75880000 - 0x00007ffe76cb8000 	C:\Windows\System32\SHELL32.dll
0x00007ffe77040000 - 0x00007ffe770ea000 	C:\Windows\System32\shcore.dll
0x00007ffe74c00000 - 0x00007ffe752f1000 	C:\Windows\System32\windows.storage.dll
0x00007ffe76fe0000 - 0x00007ffe77031000 	C:\Windows\System32\shlwapi.dll
0x00007ffe74310000 - 0x00007ffe74321000 	C:\Windows\System32\kernel.appcore.dll
0x00007ffe742c0000 - 0x00007ffe7430c000 	C:\Windows\System32\powrprof.dll
0x00007ffe74280000 - 0x00007ffe74295000 	C:\Windows\System32\profapi.dll
0x0000000000d50000 - 0x0000000000d53000 	C:\Program Files\Java\jre1.8.0_191\bin\api-ms-win-core-console-l1-1-0.dll
0x0000000002510000 - 0x0000000002513000 	C:\Program Files\Java\jre1.8.0_191\bin\api-ms-win-core-datetime-l1-1-0.dll
0x0000000002520000 - 0x0000000002523000 	C:\Program Files\Java\jre1.8.0_191\bin\api-ms-win-core-debug-l1-1-0.dll
0x0000000002530000 - 0x0000000002533000 	C:\Program Files\Java\jre1.8.0_191\bin\api-ms-win-core-errorhandling-l1-1-0.dll
0x0000000002540000 - 0x0000000002544000 	C:\Program Files\Java\jre1.8.0_191\bin\api-ms-win-core-file-l1-1-0.dll
0x0000000002550000 - 0x0000000002553000 	C:\Program Files\Java\jre1.8.0_191\bin\api-ms-win-core-file-l1-2-0.dll
0x0000000002560000 - 0x0000000002563000 	C:\Program Files\Java\jre1.8.0_191\bin\api-ms-win-core-file-l2-1-0.dll
0x0000000002570000 - 0x0000000002573000 	C:\Program Files\Java\jre1.8.0_191\bin\api-ms-win-core-handle-l1-1-0.dll
0x0000000002580000 - 0x0000000002583000 	C:\Program Files\Java\jre1.8.0_191\bin\api-ms-win-core-heap-l1-1-0.dll
0x0000000002590000 - 0x0000000002593000 	C:\Program Files\Java\jre1.8.0_191\bin\api-ms-win-core-interlocked-l1-1-0.dll
0x00000000025a0000 - 0x00000000025a3000 	C:\Program Files\Java\jre1.8.0_191\bin\api-ms-win-core-libraryloader-l1-1-0.dll
0x00000000025b0000 - 0x00000000025b3000 	C:\Program Files\Java\jre1.8.0_191\bin\api-ms-win-core-localization-l1-2-0.dll
0x00000000026d0000 - 0x00000000026d3000 	C:\Program Files\Java\jre1.8.0_191\bin\api-ms-win-core-memory-l1-1-0.dll
0x00000000026e0000 - 0x00000000026e3000 	C:\Program Files\Java\jre1.8.0_191\bin\api-ms-win-core-namedpipe-l1-1-0.dll
0x00000000026f0000 - 0x00000000026f3000 	C:\Program Files\Java\jre1.8.0_191\bin\api-ms-win-core-processenvironment-l1-1-0.dll
0x0000000002700000 - 0x0000000002703000 	C:\Program Files\Java\jre1.8.0_191\bin\api-ms-win-core-processthreads-l1-1-0.dll
0x0000000002710000 - 0x0000000002713000 	C:\Program Files\Java\jre1.8.0_191\bin\api-ms-win-core-processthreads-l1-1-1.dll
0x0000000002720000 - 0x0000000002723000 	C:\Program Files\Java\jre1.8.0_191\bin\api-ms-win-core-profile-l1-1-0.dll
0x0000000002730000 - 0x0000000002733000 	C:\Program Files\Java\jre1.8.0_191\bin\api-ms-win-core-rtlsupport-l1-1-0.dll
0x0000000002740000 - 0x0000000002743000 	C:\Program Files\Java\jre1.8.0_191\bin\api-ms-win-core-string-l1-1-0.dll
0x0000000002750000 - 0x0000000002753000 	C:\Program Files\Java\jre1.8.0_191\bin\api-ms-win-core-synch-l1-1-0.dll
0x0000000002760000 - 0x0000000002763000 	C:\Program Files\Java\jre1.8.0_191\bin\api-ms-win-core-synch-l1-2-0.dll
0x0000000002770000 - 0x0000000002773000 	C:\Program Files\Java\jre1.8.0_191\bin\api-ms-win-core-sysinfo-l1-1-0.dll
0x0000000002780000 - 0x0000000002783000 	C:\Program Files\Java\jre1.8.0_191\bin\api-ms-win-core-timezone-l1-1-0.dll
0x0000000002790000 - 0x0000000002793000 	C:\Program Files\Java\jre1.8.0_191\bin\api-ms-win-core-util-l1-1-0.dll
0x00000000027b0000 - 0x00000000027b3000 	C:\Program Files\Java\jre1.8.0_191\bin\api-ms-win-crt-conio-l1-1-0.dll
0x00000000027c0000 - 0x00000000027c4000 	C:\Program Files\Java\jre1.8.0_191\bin\api-ms-win-crt-convert-l1-1-0.dll
0x00000000027d0000 - 0x00000000027d3000 	C:\Program Files\Java\jre1.8.0_191\bin\api-ms-win-crt-environment-l1-1-0.dll
0x00000000027e0000 - 0x00000000027e3000 	C:\Program Files\Java\jre1.8.0_191\bin\api-ms-win-crt-filesystem-l1-1-0.dll
0x0000000019430000 - 0x0000000019433000 	C:\Program Files\Java\jre1.8.0_191\bin\api-ms-win-crt-heap-l1-1-0.dll
0x0000000019440000 - 0x0000000019443000 	C:\Program Files\Java\jre1.8.0_191\bin\api-ms-win-crt-locale-l1-1-0.dll
0x0000000019450000 - 0x0000000019455000 	C:\Program Files\Java\jre1.8.0_191\bin\api-ms-win-crt-math-l1-1-0.dll
0x0000000019460000 - 0x0000000019465000 	C:\Program Files\Java\jre1.8.0_191\bin\api-ms-win-crt-multibyte-l1-1-0.dll
0x0000000019470000 - 0x0000000019480000 	C:\Program Files\Java\jre1.8.0_191\bin\api-ms-win-crt-private-l1-1-0.dll
0x0000000019480000 - 0x0000000019483000 	C:\Program Files\Java\jre1.8.0_191\bin\api-ms-win-crt-process-l1-1-0.dll
0x0000000019490000 - 0x0000000019494000 	C:\Program Files\Java\jre1.8.0_191\bin\api-ms-win-crt-runtime-l1-1-0.dll
0x00000000194a0000 - 0x00000000194a4000 	C:\Program Files\Java\jre1.8.0_191\bin\api-ms-win-crt-stdio-l1-1-0.dll
0x00000000194b0000 - 0x00000000194b4000 	C:\Program Files\Java\jre1.8.0_191\bin\api-ms-win-crt-string-l1-1-0.dll
0x00000000194c0000 - 0x00000000194c3000 	C:\Program Files\Java\jre1.8.0_191\bin\api-ms-win-crt-time-l1-1-0.dll
0x00000000194d0000 - 0x00000000194d3000 	C:\Program Files\Java\jre1.8.0_191\bin\api-ms-win-crt-utility-l1-1-0.dll
0x00007ffe59460000 - 0x00007ffe59556000 	C:\Program Files\Java\jre1.8.0_191\bin\ucrtbase.dll
0x00007ffe6dfa0000 - 0x00007ffe6dfb6000 	C:\Program Files\Java\jre1.8.0_191\bin\vcruntime140.dll
0x00007ffe59190000 - 0x00007ffe5922c000 	C:\Program Files\Java\jre1.8.0_191\bin\msvcp140.dll
0x00007ffe6df40000 - 0x00007ffe6df91000 	C:\Program Files\Java\jre1.8.0_191\bin\concrt140.dll
0x0000000056010000 - 0x0000000056033000 	C:\Program Files\Java\jre1.8.0_191\bin\prism_d3d.dll
0x00007ffe54390000 - 0x00007ffe54519000 	C:\Windows\system32\d3d9.dll
0x00007ffe724d0000 - 0x00007ffe724fa000 	C:\Windows\SYSTEM32\dwmapi.dll
0x00007ffe72780000 - 0x00007ffe72815000 	C:\Windows\system32\uxtheme.dll
0x00007ffe3ec00000 - 0x00007ffe3edd7000 	C:\Windows\System32\DriverStore\FileRepository\ki127171.inf_amd64_368f8c7337214025\igdumdim64.dll
0x00007ffe2b050000 - 0x00007ffe2e04d000 	C:\Windows\System32\DriverStore\FileRepository\ki127171.inf_amd64_368f8c7337214025\igd9dxva64.dll
0x00007ffe777d0000 - 0x00007ffe77915000 	C:\Windows\System32\ole32.dll
0x00007ffe775b0000 - 0x00007ffe77670000 	C:\Windows\System32\OLEAUT32.dll
0x0000000055fc0000 - 0x0000000056009000 	C:\Program Files\Java\jre1.8.0_191\bin\glass.dll
0x00007ffe774a0000 - 0x00007ffe775a8000 	C:\Windows\System32\COMDLG32.dll
0x00007ffe77180000 - 0x00007ffe772e6000 	C:\Windows\System32\MSCTF.dll
0x00007ffe6a340000 - 0x00007ffe6c0d5000 	C:\Windows\System32\DriverStore\FileRepository\ki127171.inf_amd64_368f8c7337214025\igc64.dll
0x0000000055fa0000 - 0x0000000055fb4000 	C:\Program Files\Java\jre1.8.0_191\bin\javafx_font.dll
0x00000000528e0000 - 0x0000000055f9a000 	C:\Program Files\Java\jre1.8.0_191\bin\jfxwebkit.dll
0x00007ffe6e150000 - 0x00007ffe6e40f000 	C:\Windows\SYSTEM32\dwrite.dll
0x00007ffe73ce0000 - 0x00007ffe73cf7000 	C:\Windows\SYSTEM32\CRYPTSP.dll
0x00007ffe73410000 - 0x00007ffe73444000 	C:\Windows\system32\rsaenh.dll
0x00007ffe73e40000 - 0x00007ffe73e65000 	C:\Windows\SYSTEM32\bcrypt.dll
0x00007ffe73cd0000 - 0x00007ffe73cdb000 	C:\Windows\SYSTEM32\CRYPTBASE.dll
0x00007ffe741b0000 - 0x00007ffe741d9000 	C:\Windows\SYSTEM32\USERENV.dll
0x0000000056bc0000 - 0x0000000056bda000 	C:\Program Files\Java\jre1.8.0_191\bin\net.dll
0x00007ffe73b30000 - 0x00007ffe73b8c000 	C:\Windows\system32\mswsock.dll
0x00007ffe738d0000 - 0x00007ffe73907000 	C:\Windows\SYSTEM32\IPHLPAPI.DLL
0x00007ffe770f0000 - 0x00007ffe770f8000 	C:\Windows\System32\NSI.dll
0x00007ffe6a080000 - 0x00007ffe6a096000 	C:\Windows\SYSTEM32\dhcpcsvc6.DLL
0x00007ffe69970000 - 0x00007ffe6998a000 	C:\Windows\SYSTEM32\dhcpcsvc.DLL
0x0000000056ba0000 - 0x0000000056bb1000 	C:\Program Files\Java\jre1.8.0_191\bin\nio.dll
0x0000000056b70000 - 0x0000000056b94000 	C:\Program Files\Java\jre1.8.0_191\bin\sunec.dll
0x00000000258f0000 - 0x000000002598e000 	C:\Windows\System32\clbcatq.dll
0x00007ffe6f300000 - 0x00007ffe6f4ac000 	C:\Windows\SYSTEM32\WindowsCodecs.dll
0x00007ffe630c0000 - 0x00007ffe63107000 	C:\Windows\system32\dataexchange.dll
0x00007ffe71280000 - 0x00007ffe7155f000 	C:\Windows\system32\d3d11.dll
0x00007ffe71c00000 - 0x00007ffe71d23000 	C:\Windows\system32\dcomp.dll
0x00007ffe72f90000 - 0x00007ffe73034000 	C:\Windows\system32\dxgi.dll
0x00007ffe729d0000 - 0x00007ffe72b40000 	C:\Windows\system32\twinapi.appcore.dll
0x00007ffe5a8d0000 - 0x00007ffe5a901000 	C:\Program Files\Common Files\Microsoft Shared\Ink\rtscom.dll
0x0000000056b60000 - 0x0000000056b6b000 	C:\Program Files\Java\jre1.8.0_191\bin\sunmscapi.dll
0x00007ffe73910000 - 0x00007ffe739b4000 	C:\Windows\SYSTEM32\DNSAPI.dll
0x00007ffe67d20000 - 0x00007ffe67d2a000 	C:\Windows\System32\rasadhlp.dll
0x00007ffe6edf0000 - 0x00007ffe6ee5b000 	C:\Windows\System32\fwpuclnt.dll
0x00000000528c0000 - 0x00000000528d2000 	C:\Program Files\Java\jre1.8.0_191\bin\prism_common.dll
0x00007ffe71560000 - 0x00007ffe71b04000 	C:\Windows\SYSTEM32\d2d1.dll

VM Arguments:
jvm_args: -Dfile.encoding=UTF-8 
java_command: principal.Principal
java_class_path (initial): C:\Program Files\Java\jre1.8.0_191\lib\resources.jar;C:\Program Files\Java\jre1.8.0_191\lib\rt.jar;C:\Program Files\Java\jre1.8.0_191\lib\jsse.jar;C:\Program Files\Java\jre1.8.0_191\lib\jce.jar;C:\Program Files\Java\jre1.8.0_191\lib\charsets.jar;C:\Program Files\Java\jre1.8.0_191\lib\jfr.jar;C:\Program Files\Java\jre1.8.0_191\lib\ext\access-bridge-64.jar;C:\Program Files\Java\jre1.8.0_191\lib\ext\cldrdata.jar;C:\Program Files\Java\jre1.8.0_191\lib\ext\dnsns.jar;C:\Program Files\Java\jre1.8.0_191\lib\ext\jaccess.jar;C:\Program Files\Java\jre1.8.0_191\lib\ext\jfxrt.jar;C:\Program Files\Java\jre1.8.0_191\lib\ext\localedata.jar;C:\Program Files\Java\jre1.8.0_191\lib\ext\nashorn.jar;C:\Program Files\Java\jre1.8.0_191\lib\ext\sunec.jar;C:\Program Files\Java\jre1.8.0_191\lib\ext\sunjce_provider.jar;C:\Program Files\Java\jre1.8.0_191\lib\ext\sunmscapi.jar;C:\Program Files\Java\jre1.8.0_191\lib\ext\sunpkcs11.jar;C:\Program Files\Java\jre1.8.0_191\lib\ext\zipfs.jar;C:\Users\fabricio.barrozo\eclipse-workspace\adasa4\target\classes;C:\Users\fabricio.barrozo\.m2\repository\com\microsoft\sqlserver\mssql-jdbc\7.0.0.jre8\mssql-jdbc-7.0.0.jre8.jar;C:\Users\fabricio.barrozo\.m2\repository\org\hibernate\hibernate-spatial\5.1.0.Final\hibernate-spatial-5.1.0.Final.jar;C:\Users\fabricio.barrozo\.m2\repository\org\jboss\logging\jboss-logging\3.3.0.Final\jboss-logging-3.3.0.Final.jar;C:\Users\fabricio.barrozo\.m2\repository\org\hibernate\hibernate-core\5.1.0.Final\hibernate-core-5.1.0.Final.jar;C:\Users\fabricio.barrozo\.m2\repository\org\hibernate\javax\persistence\hibernate-jpa-2.1-api\1.0.0.Final\hibernate-jpa-2.1-api-1.0.0.Final.jar;C:\Users\fabricio.barrozo\.m2\repository\org\javassist\javassist\3.20.0-GA\javassist-3.20.0-GA.jar;C:\Users\fabricio.barrozo\.m2\repository\antlr\antlr\2.7.7\antlr-2.7.7.jar;C:\Users\fabricio.barrozo\.m2\repository\org\apache\geronimo\specs\geronimo-jta_1.1_spec\1.1.1\geronimo-jta_1.1_spec-1.1.1.jar;C:\Users\fabricio.barrozo\.m2
Launcher Type: SUN_STANDARD

Environment Variables:
JAVA_HOME=C:\Program Files\Java\jdk1.8.0_191
PATH=C:/Program Files/Java/jre1.8.0_191/bin/server;C:/Program Files/Java/jre1.8.0_191/bin;C:/Program Files/Java/jre1.8.0_191/lib/amd64;C:\Program Files (x86)\Common Files\Oracle\Java\javapath;C:\ProgramData\Oracle\Java\javapath;C:\Program Files (x86)\Intel\iCLS Client\;C:\Program Files\Intel\iCLS Client\;C:\Windows\system32;C:\Windows;C:\Windows\System32\Wbem;C:\Windows\System32\WindowsPowerShell\v1.0\;C:\Program Files (x86)\Intel\Intel(R) Management Engine Components\DAL;C:\Program Files\Intel\Intel(R) Management Engine Components\DAL;C:\Program Files (x86)\Intel\Intel(R) Management Engine Components\IPT;C:\Program Files\Intel\Intel(R) Management Engine Components\IPT;C:\Program Files\Intel\WiFi\bin\;C:\Program Files\Common Files\Intel\WirelessCommon\;c:\Program Files\Microsoft SQL Server\110\Tools\Binn\;c:\Program Files (x86)\Microsoft SQL Server\110\Tools\Binn\ManagementStudio\;c:\Program Files (x86)\Microsoft SQL Server\110\Tools\Binn\;c:\Program Files (x86)\Microsoft SQL Server\110\DTS\Binn\;C:\apache-maven-3.6.0\bin;C:\Users\fabricio.barrozo\AppData\Local\Microsoft\WindowsApps;;C:\Windows\System32;
USERNAME=fabricio.barrozo
OS=Windows_NT
PROCESSOR_IDENTIFIER=Intel64 Family 6 Model 94 Stepping 3, GenuineIntel



---------------  S Y S T E M  ---------------

OS: Windows 10.0 , 64 bit Build 15063 (10.0.15063.1058)

CPU:total 4 (initial active 4) (4 cores per cpu, 1 threads per core) family 6 model 94 stepping 3, cmov, cx8, fxsr, mmx, sse, sse2, sse3, ssse3, sse4.1, sse4.2, popcnt, avx, avx2, aes, clmul, erms, rtm, 3dnowpref, lzcnt, tsc, tscinvbit, bmi1, bmi2, adx

Memory: 4k page, physical 8249056k(1471828k free), swap 10196704k(3172k free)

vm_info: Java HotSpot(TM) 64-Bit Server VM (25.191-b12) for windows-amd64 JRE (1.8.0_191-b12), built on Oct  6 2018 09:29:03 by "java_re" with MS VC++ 10.0 (VS2010)

time: Tue Jul 02 10:42:33 2019
elapsed time: 282 seconds (0d 0h 4m 42s)

