#
# A fatal error has been detected by the Java Runtime Environment:
#
#  EXCEPTION_UNCAUGHT_CXX_EXCEPTION (0xe06d7363) at pc=0x00007ffbf02c56b8, pid=15328, tid=0x000000000000200c
#
# JRE version: Java(TM) SE Runtime Environment (8.0_191-b12) (build 1.8.0_191-b12)
# Java VM: Java HotSpot(TM) 64-Bit Server VM (25.191-b12 mixed mode windows-amd64 compressed oops)
# Problematic frame:
# C  [KERNELBASE.dll+0x656b8]
#
# Failed to write core dump. Minidumps are not enabled by default on client versions of Windows
#
# If you would like to submit a bug report, please visit:
#   http://bugreport.java.com/bugreport/crash.jsp
# The crash happened outside the Java Virtual Machine in native code.
# See problematic frame for where to report the bug.
#

---------------  T H R E A D  ---------------

Current thread (0x000000001946c800):  JavaThread "JavaFX Application Thread" [_thread_in_native, id=8204, stack(0x0000000019be0000,0x0000000019ce0000)]

siginfo: ExceptionCode=0xe06d7363, ExceptionInformation=0x0000000019930520 0x0000000019cdd210 0x000000006304ddf0 0x000000005fc80000 

Registers:
RAX=0x00000000000054fc, RBX=0x0000000000000420, RCX=0x0000000100041f00, RDX=0x0000000000000000
RSP=0x0000000019cdd090, RBP=0x0000000019cdd1d0, RSI=0x000000006304ddf0, RDI=0x00000000005f1161
R8 =0x00000000000041ff, R9 =0x0000000000000000, R10=0x0000000000001bf8, R11=0x0000000100800003
R12=0x0000000000000000, R13=0x000000003833f590, R14=0x0000000019cdd210, R15=0x00000000ffa0eea2
RIP=0x00007ffbf02c56b8, EFLAGS=0x0000000000000206

Top of Stack: (sp=0x0000000019cdd090)
0x0000000019cdd090:   0000000000000043 0000000000000420
0x0000000019cdd0a0:   000000006304ddf0 00000000005f1161
0x0000000019cdd0b0:   00000001e06d7363 0000000000000000
0x0000000019cdd0c0:   00007ffbf02c56b8 0000000000000004
0x0000000019cdd0d0:   0000000019930520 0000000019cdd210
0x0000000019cdd0e0:   000000006304ddf0 000000005fc80000
0x0000000019cdd0f0:   0000000019cdd210 0000000000000000
0x0000000019cdd100:   00000000005f1161 000000006304ddf0
0x0000000019cdd110:   0000000019cdd1d0 00007ffbf31e82f3
0x0000000019cdd120:   0000000019cdd1f0 00007ffb00000000
0x0000000019cdd130:   0000000000000000 0000000000000000
0x0000000019cdd140:   0000000063149000 000000005fc80000
0x0000000019cdd150:   00007f30f9bd4520 00007ffbf320d5b0
0x0000000019cdd160:   0000000000000420 00007ffbed7344f2
0x0000000019cdd170:   0000000000000000 0000000100000002
0x0000000019cdd180:   0000000000b10001 00007ffbf320d5b0 

Instructions: (pc=0x00007ffbf02c56b8)
0x00007ffbf02c5698:   49 8b d1 44 0f 47 c0 44 89 44 24 38 49 c1 e0 03
0x00007ffbf02c56a8:   e8 6b 2a 02 00 48 8d 4c 24 20 ff 15 30 10 10 00
0x00007ffbf02c56b8:   48 8b 8c 24 c0 00 00 00 48 33 cc e8 88 fc 01 00
0x00007ffbf02c56c8:   48 81 c4 d8 00 00 00 c3 83 64 24 38 00 eb d6 cc 


Register to memory mapping:

RAX=0x00000000000054fc is an unknown value
RBX=0x0000000000000420 is an unknown value
RCX=0x0000000100041f00 is pointing into metadata
RDX=0x0000000000000000 is an unknown value
RSP=0x0000000019cdd090 is pointing into the stack for thread: 0x000000001946c800
RBP=0x0000000019cdd1d0 is pointing into the stack for thread: 0x000000001946c800
RSI=0x000000006304ddf0 is an unknown value
RDI=0x00000000005f1161 is an unknown value
R8 =0x00000000000041ff is an unknown value
R9 =0x0000000000000000 is an unknown value
R10=0x0000000000001bf8 is an unknown value
R11=0x0000000100800003 is an unknown value
R12=0x0000000000000000 is an unknown value
R13=0x000000003833f590 is an unknown value
R14=0x0000000019cdd210 is pointing into the stack for thread: 0x000000001946c800
R15=0x00000000ffa0eea2 is an unknown value


Stack: [0x0000000019be0000,0x0000000019ce0000],  sp=0x0000000019cdd090,  free space=1012k
Native frames: (J=compiled Java code, j=interpreted, Vv=VM code, C=native code)
C  [KERNELBASE.dll+0x656b8]
C  [vcruntime140.dll+0x44f2]
C  [jfxwebkit.dll+0x1919cff]

Java frames: (J=compiled Java code, j=interpreted, Vv=VM code)
J 5417  com.sun.webkit.network.URLLoader.twkDidReceiveData(Ljava/nio/ByteBuffer;IIJ)V (0 bytes) @ 0x0000000003b4b85f [0x0000000003b4b800+0x5f]
J 5422 C1 com.sun.webkit.network.URLLoader.notifyDidReceiveData(Ljava/nio/ByteBuffer;II)V (69 bytes) @ 0x0000000003b511c4 [0x0000000003b4fb20+0x16a4]
J 5403 C1 com.sun.webkit.network.URLLoader$$Lambda$125.run()V (16 bytes) @ 0x0000000003b49614 [0x0000000003b49380+0x294]
J 5255 C2 com.sun.javafx.application.PlatformImpl$$Lambda$49.run()Ljava/lang/Object; (8 bytes) @ 0x0000000003a27fc4 [0x0000000003a27f80+0x44]
v  ~StubRoutines::call_stub
J 2786  java.security.AccessController.doPrivileged(Ljava/security/PrivilegedAction;Ljava/security/AccessControlContext;)Ljava/lang/Object; (0 bytes) @ 0x00000000034d1766 [0x00000000034d1700+0x66]
J 5235 C2 com.sun.javafx.application.PlatformImpl$$Lambda$48.run()V (12 bytes) @ 0x0000000003ab8b50 [0x0000000003ab8ac0+0x90]
J 4291 C2 com.sun.glass.ui.InvokeLaterDispatcher$Future.run()V (91 bytes) @ 0x0000000002f1a9c8 [0x0000000002f1a980+0x48]
v  ~StubRoutines::call_stub
j  com.sun.glass.ui.win.WinApplication._runLoop(Ljava/lang/Runnable;)V+0
j  com.sun.glass.ui.win.WinApplication.lambda$null$147(ILjava/lang/Runnable;)V+8
j  com.sun.glass.ui.win.WinApplication$$Lambda$37.run()V+12
j  java.lang.Thread.run()V+11
v  ~StubRoutines::call_stub

---------------  P R O C E S S  ---------------

Java Threads: ( => current thread )
  0x0000000022ee8000 JavaThread "Keep-Alive-Timer" daemon [_thread_blocked, id=2412, stack(0x000000004fa20000,0x000000004fb20000)]
  0x0000000022ee7800 JavaThread "URL-Loader-132" daemon [_thread_blocked, id=10280, stack(0x000000004f920000,0x000000004fa20000)]
  0x0000000020d0e000 JavaThread "Disposer" daemon [_thread_blocked, id=5984, stack(0x0000000024130000,0x0000000024230000)]
  0x0000000022873800 JavaThread "Prism Font Disposer" daemon [_thread_blocked, id=15232, stack(0x0000000023830000,0x0000000023930000)]
  0x0000000020590000 JavaThread "Thread-3" daemon [_thread_in_native, id=8800, stack(0x0000000020d10000,0x0000000020e10000)]
  0x0000000020516800 JavaThread "JavaFX-Launcher" [_thread_blocked, id=13036, stack(0x0000000020e10000,0x0000000020f10000)]
=>0x000000001946c800 JavaThread "JavaFX Application Thread" [_thread_in_native, id=8204, stack(0x0000000019be0000,0x0000000019ce0000)]
  0x000000001945a800 JavaThread "Thread-1" daemon [_thread_blocked, id=4400, stack(0x0000000019ae0000,0x0000000019be0000)]
  0x0000000019429000 JavaThread "QuantumRenderer-0" daemon [_thread_blocked, id=660, stack(0x00000000197d0000,0x00000000198d0000)]
  0x00000000190ab000 JavaThread "Service Thread" daemon [_thread_blocked, id=8624, stack(0x0000000019480000,0x0000000019580000)]
  0x0000000017736000 JavaThread "C1 CompilerThread2" daemon [_thread_blocked, id=8404, stack(0x0000000018f80000,0x0000000019080000)]
  0x000000001772f000 JavaThread "C2 CompilerThread1" daemon [_thread_blocked, id=9100, stack(0x0000000018e80000,0x0000000018f80000)]
  0x0000000017729000 JavaThread "C2 CompilerThread0" daemon [_thread_blocked, id=708, stack(0x0000000018d80000,0x0000000018e80000)]
  0x0000000017727000 JavaThread "Attach Listener" daemon [_thread_blocked, id=4820, stack(0x0000000018c80000,0x0000000018d80000)]
  0x0000000017726000 JavaThread "Signal Dispatcher" daemon [_thread_blocked, id=6076, stack(0x0000000018b80000,0x0000000018c80000)]
  0x0000000017710000 JavaThread "Finalizer" daemon [_thread_blocked, id=14732, stack(0x0000000018980000,0x0000000018a80000)]
  0x0000000002c45000 JavaThread "Reference Handler" daemon [_thread_blocked, id=13580, stack(0x0000000018880000,0x0000000018980000)]
  0x0000000002b56000 JavaThread "main" [_thread_blocked, id=9112, stack(0x00000000029a0000,0x0000000002aa0000)]

Other Threads:
  0x00000000176e8000 VMThread [stack: 0x0000000018780000,0x0000000018880000] [id=14688]
  0x000000001777e000 WatcherThread [stack: 0x0000000019580000,0x0000000019680000] [id=940]

VM state:not at safepoint (normal execution)

VM Mutex/Monitor currently owned by a thread: None

Heap:
 PSYoungGen      total 579584K, used 62209K [0x00000000d6100000, 0x00000000ffe00000, 0x0000000100000000)
  eden space 578560K, 10% used [0x00000000d6100000,0x00000000d9ccce18,0x00000000f9600000)
  from space 1024K, 95% used [0x00000000f9600000,0x00000000f96f3888,0x00000000f9700000)
  to   space 53248K, 0% used [0x00000000fca00000,0x00000000fca00000,0x00000000ffe00000)
 ParOldGen       total 511488K, used 245546K [0x0000000082200000, 0x00000000a1580000, 0x00000000d6100000)
  object space 511488K, 48% used [0x0000000082200000,0x00000000911ca818,0x00000000a1580000)
 Metaspace       used 27292K, capacity 28824K, committed 29056K, reserved 1075200K
  class space    used 3572K, capacity 3878K, committed 3968K, reserved 1048576K

Card table byte_map: [0x0000000012010000,0x0000000012400000] byte_map_base: 0x0000000011bff000

Marking Bits: (ParMarkBitMap*) 0x0000000064363e30
 Begin Bits: [0x0000000012aa0000, 0x0000000014a18000)
 End Bits:   [0x0000000014a18000, 0x0000000016990000)

Polling page: 0x00000000007f0000

CodeCache: size=245760Kb used=20110Kb max_used=20120Kb free=225649Kb
 bounds [0x0000000002c50000, 0x0000000004020000, 0x0000000011c50000]
 total_blobs=6930 nmethods=6129 adapters=712
 compilation: enabled

Compilation events (10 events):
Event: 230.267 Thread 0x000000001772f000 7455       4       com.sun.webkit.graphics.BufferData::<init> (50 bytes)
Event: 230.273 Thread 0x000000001772f000 nmethod 7455 0x0000000003bee210 code [0x0000000003bee380, 0x0000000003bee618]
Event: 230.379 Thread 0x0000000017729000 7456       4       javafx.scene.Node::impl_syncPeer (43 bytes)
Event: 230.382 Thread 0x0000000017729000 nmethod 7456 0x0000000003674810 code [0x0000000003674960, 0x0000000003674a18]
Event: 230.476 Thread 0x000000001772f000 7457   !   4       com.sun.webkit.graphics.GraphicsDecoder::drawImage (42 bytes)
Event: 230.485 Thread 0x000000001772f000 nmethod 7457 0x000000000364df90 code [0x000000000364e180, 0x000000000364e940]
Event: 230.883 Thread 0x0000000017736000 7458       3       java.lang.ThreadGroup::checkAccess (14 bytes)
Event: 230.883 Thread 0x0000000017736000 nmethod 7458 0x0000000002ddca50 code [0x0000000002ddcc00, 0x0000000002ddd118]
Event: 235.883 Thread 0x0000000017736000 7459       3       java.util.SubList::checkForComodification (23 bytes)
Event: 235.884 Thread 0x0000000017736000 nmethod 7459 0x0000000002ddc550 code [0x0000000002ddc6c0, 0x0000000002ddc928]

GC Heap History (10 events):
Event: 199.503 GC heap before
{Heap before GC invocations=29 (full 7):
 PSYoungGen      total 551936K, used 4523K [0x00000000d6100000, 0x00000000fb700000, 0x0000000100000000)
  eden space 524288K, 0% used [0x00000000d6100000,0x00000000d6100000,0x00000000f6100000)
  from space 27648K, 16% used [0x00000000f7b00000,0x00000000f7f6ad00,0x00000000f9600000)
  to   space 26624K, 0% used [0x00000000f6100000,0x00000000f6100000,0x00000000f7b00000)
 ParOldGen       total 327168K, used 245233K [0x0000000082200000, 0x0000000096180000, 0x00000000d6100000)
  object space 327168K, 74% used [0x0000000082200000,0x000000009117c710,0x0000000096180000)
 Metaspace       used 27244K, capacity 28754K, committed 29056K, reserved 1075200K
  class space    used 3572K, capacity 3877K, committed 3968K, reserved 1048576K
Event: 199.529 GC heap after
Heap after GC invocations=29 (full 7):
 PSYoungGen      total 551936K, used 0K [0x00000000d6100000, 0x00000000fb700000, 0x0000000100000000)
  eden space 524288K, 0% used [0x00000000d6100000,0x00000000d6100000,0x00000000f6100000)
  from space 27648K, 0% used [0x00000000f7b00000,0x00000000f7b00000,0x00000000f9600000)
  to   space 26624K, 0% used [0x00000000f6100000,0x00000000f6100000,0x00000000f7b00000)
 ParOldGen       total 462336K, used 139174K [0x0000000082200000, 0x000000009e580000, 0x00000000d6100000)
  object space 462336K, 30% used [0x0000000082200000,0x000000008a9e9ac0,0x000000009e580000)
 Metaspace       used 27244K, capacity 28754K, committed 29056K, reserved 1075200K
  class space    used 3572K, capacity 3877K, committed 3968K, reserved 1048576K
}
Event: 212.310 GC heap before
{Heap before GC invocations=30 (full 7):
 PSYoungGen      total 551936K, used 457715K [0x00000000d6100000, 0x00000000fb700000, 0x0000000100000000)
  eden space 524288K, 87% used [0x00000000d6100000,0x00000000f1ffced0,0x00000000f6100000)
  from space 27648K, 0% used [0x00000000f7b00000,0x00000000f7b00000,0x00000000f9600000)
  to   space 26624K, 0% used [0x00000000f6100000,0x00000000f6100000,0x00000000f7b00000)
 ParOldGen       total 462336K, used 139174K [0x0000000082200000, 0x000000009e580000, 0x00000000d6100000)
  object space 462336K, 30% used [0x0000000082200000,0x000000008a9e9ac0,0x000000009e580000)
 Metaspace       used 27275K, capacity 28824K, committed 29056K, reserved 1075200K
  class space    used 3572K, capacity 3878K, committed 3968K, reserved 1048576K
Event: 212.323 GC heap after
Heap after GC invocations=30 (full 7):
 PSYoungGen      total 550912K, used 26603K [0x00000000d6100000, 0x0000000100000000, 0x0000000100000000)
  eden space 524288K, 0% used [0x00000000d6100000,0x00000000d6100000,0x00000000f6100000)
  from space 26624K, 99% used [0x00000000f6100000,0x00000000f7afaf88,0x00000000f7b00000)
  to   space 54272K, 0% used [0x00000000fcb00000,0x00000000fcb00000,0x0000000100000000)
 ParOldGen       total 462336K, used 200185K [0x0000000082200000, 0x000000009e580000, 0x00000000d6100000)
  object space 462336K, 43% used [0x0000000082200000,0x000000008e57e538,0x000000009e580000)
 Metaspace       used 27275K, capacity 28824K, committed 29056K, reserved 1075200K
  class space    used 3572K, capacity 3878K, committed 3968K, reserved 1048576K
}
Event: 212.519 GC heap before
{Heap before GC invocations=31 (full 7):
 PSYoungGen      total 550912K, used 477958K [0x00000000d6100000, 0x0000000100000000, 0x0000000100000000)
  eden space 524288K, 86% used [0x00000000d6100000,0x00000000f19c6880,0x00000000f6100000)
  from space 26624K, 99% used [0x00000000f6100000,0x00000000f7afaf88,0x00000000f7b00000)
  to   space 54272K, 0% used [0x00000000fcb00000,0x00000000fcb00000,0x0000000100000000)
 ParOldGen       total 462336K, used 200185K [0x0000000082200000, 0x000000009e580000, 0x00000000d6100000)
  object space 462336K, 43% used [0x0000000082200000,0x000000008e57e538,0x000000009e580000)
 Metaspace       used 27275K, capacity 28824K, committed 29056K, reserved 1075200K
  class space    used 3572K, capacity 3878K, committed 3968K, reserved 1048576K
Event: 212.550 GC heap after
Heap after GC invocations=31 (full 7):
 PSYoungGen      total 632832K, used 26629K [0x00000000d6100000, 0x0000000100000000, 0x0000000100000000)
  eden space 578560K, 0% used [0x00000000d6100000,0x00000000d6100000,0x00000000f9600000)
  from space 54272K, 49% used [0x00000000fcb00000,0x00000000fe5014c8,0x0000000100000000)
  to   space 54272K, 0% used [0x00000000f9600000,0x00000000f9600000,0x00000000fcb00000)
 ParOldGen       total 462336K, used 365914K [0x0000000082200000, 0x000000009e580000, 0x00000000d6100000)
  object space 462336K, 79% used [0x0000000082200000,0x0000000098756bb8,0x000000009e580000)
 Metaspace       used 27275K, capacity 28824K, committed 29056K, reserved 1075200K
  class space    used 3572K, capacity 3878K, committed 3968K, reserved 1048576K
}
Event: 212.550 GC heap before
{Heap before GC invocations=32 (full 8):
 PSYoungGen      total 632832K, used 26629K [0x00000000d6100000, 0x0000000100000000, 0x0000000100000000)
  eden space 578560K, 0% used [0x00000000d6100000,0x00000000d6100000,0x00000000f9600000)
  from space 54272K, 49% used [0x00000000fcb00000,0x00000000fe5014c8,0x0000000100000000)
  to   space 54272K, 0% used [0x00000000f9600000,0x00000000f9600000,0x00000000fcb00000)
 ParOldGen       total 462336K, used 365914K [0x0000000082200000, 0x000000009e580000, 0x00000000d6100000)
  object space 462336K, 79% used [0x0000000082200000,0x0000000098756bb8,0x000000009e580000)
 Metaspace       used 27275K, capacity 28824K, committed 29056K, reserved 1075200K
  class space    used 3572K, capacity 3878K, committed 3968K, reserved 1048576K
Event: 212.586 GC heap after
Heap after GC invocations=32 (full 8):
 PSYoungGen      total 632832K, used 0K [0x00000000d6100000, 0x0000000100000000, 0x0000000100000000)
  eden space 578560K, 0% used [0x00000000d6100000,0x00000000d6100000,0x00000000f9600000)
  from space 54272K, 0% used [0x00000000fcb00000,0x00000000fcb00000,0x0000000100000000)
  to   space 54272K, 0% used [0x00000000f9600000,0x00000000f9600000,0x00000000fcb00000)
 ParOldGen       total 511488K, used 135059K [0x0000000082200000, 0x00000000a1580000, 0x00000000d6100000)
  object space 511488K, 26% used [0x0000000082200000,0x000000008a5e4e18,0x00000000a1580000)
 Metaspace       used 27275K, capacity 28824K, committed 29056K, reserved 1075200K
  class space    used 3572K, capacity 3878K, committed 3968K, reserved 1048576K
}
Event: 213.988 GC heap before
{Heap before GC invocations=33 (full 8):
 PSYoungGen      total 632832K, used 578560K [0x00000000d6100000, 0x0000000100000000, 0x0000000100000000)
  eden space 578560K, 100% used [0x00000000d6100000,0x00000000f9600000,0x00000000f9600000)
  from space 54272K, 0% used [0x00000000fcb00000,0x00000000fcb00000,0x0000000100000000)
  to   space 54272K, 0% used [0x00000000f9600000,0x00000000f9600000,0x00000000fcb00000)
 ParOldGen       total 511488K, used 135059K [0x0000000082200000, 0x00000000a1580000, 0x00000000d6100000)
  object space 511488K, 26% used [0x0000000082200000,0x000000008a5e4e18,0x00000000a1580000)
 Metaspace       used 27276K, capacity 28824K, committed 29056K, reserved 1075200K
  class space    used 3572K, capacity 3878K, committed 3968K, reserved 1048576K
Event: 214.003 GC heap after
Heap after GC invocations=33 (full 8):
 PSYoungGen      total 579584K, used 974K [0x00000000d6100000, 0x00000000ffe00000, 0x0000000100000000)
  eden space 578560K, 0% used [0x00000000d6100000,0x00000000d6100000,0x00000000f9600000)
  from space 1024K, 95% used [0x00000000f9600000,0x00000000f96f3888,0x00000000f9700000)
  to   space 53248K, 0% used [0x00000000fca00000,0x00000000fca00000,0x00000000ffe00000)
 ParOldGen       total 511488K, used 245546K [0x0000000082200000, 0x00000000a1580000, 0x00000000d6100000)
  object space 511488K, 48% used [0x0000000082200000,0x00000000911ca818,0x00000000a1580000)
 Metaspace       used 27276K, capacity 28824K, committed 29056K, reserved 1075200K
  class space    used 3572K, capacity 3878K, committed 3968K, reserved 1048576K
}

Deoptimization events (10 events):
Event: 199.914 Thread 0x000000001946c800 Uncommon trap: reason=unstable_if action=reinterpret pc=0x00000000033a4d94 method=java.util.HashMap$HashIterator.<init>(Ljava/util/HashMap;)V @ 45
Event: 204.434 Thread 0x000000001946c800 Uncommon trap: reason=unstable_if action=reinterpret pc=0x0000000003f82ac8 method=javafx.scene.Scene$MouseHandler.handleEnterExit(Ljavafx/scene/input/MouseEvent;Ljavafx/scene/Scene$TargetWrapper;)V @ 168
Event: 205.845 Thread 0x000000001946c800 Uncommon trap: reason=predicate action=maybe_recompile pc=0x0000000003f8ec48 method=javafx.scene.Scene$ClickGenerator.postProcess(Ljavafx/scene/input/MouseEvent;Ljavafx/scene/Scene$TargetWrapper;Ljavafx/scene/Scene$TargetWrapper;)V @ 78
Event: 215.236 Thread 0x0000000019429000 Uncommon trap: reason=class_check action=maybe_recompile pc=0x0000000003d86edc method=com.sun.webkit.graphics.GraphicsDecoder.decode(Lcom/sun/webkit/graphics/WCGraphicsManager;Lcom/sun/webkit/graphics/WCGraphicsContext;Lcom/sun/webkit/graphics/BufferData;
Event: 215.308 Thread 0x0000000019429000 Uncommon trap: reason=unstable_if action=reinterpret pc=0x0000000003577cc0 method=com.sun.javafx.geom.Path2D.equals(Ljava/lang/Object;)Z @ 108
Event: 215.954 Thread 0x000000001946c800 Uncommon trap: reason=unstable_if action=reinterpret pc=0x00000000039f0e6c method=javafx.scene.Node$MiscProperties.isMouseTransparent()Z @ 4
Event: 215.964 Thread 0x000000001946c800 Uncommon trap: reason=unstable_if action=reinterpret pc=0x00000000031a493c method=javafx.scene.Node.updateBounds()V @ 47
Event: 215.964 Thread 0x000000001946c800 Uncommon trap: reason=unstable_if action=reinterpret pc=0x00000000031a493c method=javafx.scene.Node.updateBounds()V @ 47
Event: 215.964 Thread 0x000000001946c800 Uncommon trap: reason=unstable_if action=reinterpret pc=0x0000000002eccf30 method=javafx.scene.Node.updateBounds()V @ 47
Event: 215.964 Thread 0x000000001946c800 Uncommon trap: reason=unstable_if action=reinterpret pc=0x00000000031a493c method=javafx.scene.Node.updateBounds()V @ 47

Classes redefined (0 events):
No events

Internal exceptions (10 events):
Event: 189.943 Thread 0x000000001946c800 Exception <a 'java/lang/ClassNotFoundException': sun/net/www/protocol/about/Handler> (0x00000000dec723c0) thrown at [C:\re\workspace\8-2-build-windows-amd64-cygwin\jdk8u191\11896\hotspot\src\share\vm\classfile\systemDictionary.cpp, line 210]
Event: 191.723 Thread 0x000000001946c800 Exception <a 'sun/nio/fs/WindowsException'> (0x00000000e2952fe0) thrown at [C:\re\workspace\8-2-build-windows-amd64-cygwin\jdk8u191\11896\hotspot\src\share\vm\prims\jni.cpp, line 709]
Event: 191.724 Thread 0x000000001946c800 Exception <a 'sun/nio/fs/WindowsException'> (0x00000000e29544a8) thrown at [C:\re\workspace\8-2-build-windows-amd64-cygwin\jdk8u191\11896\hotspot\src\share\vm\prims\jni.cpp, line 709]
Event: 208.516 Thread 0x000000001946c800 Exception <a 'java/lang/ClassNotFoundException': sun/net/www/protocol/about/Handler> (0x00000000e86d59d8) thrown at [C:\re\workspace\8-2-build-windows-amd64-cygwin\jdk8u191\11896\hotspot\src\share\vm\classfile\systemDictionary.cpp, line 210]
Event: 209.660 Thread 0x000000001946c800 Exception <a 'java/lang/ClassNotFoundException': sun/net/www/protocol/about/Handler> (0x00000000ecd96c98) thrown at [C:\re\workspace\8-2-build-windows-amd64-cygwin\jdk8u191\11896\hotspot\src\share\vm\classfile\systemDictionary.cpp, line 210]
Event: 209.661 Thread 0x000000001946c800 Exception <a 'java/lang/ClassNotFoundException': sun/net/www/protocol/about/Handler> (0x00000000ecda05c8) thrown at [C:\re\workspace\8-2-build-windows-amd64-cygwin\jdk8u191\11896\hotspot\src\share\vm\classfile\systemDictionary.cpp, line 210]
Event: 210.451 Thread 0x000000001946c800 Exception <a 'java/lang/ClassNotFoundException': sun/net/www/protocol/about/Handler> (0x00000000ed12f718) thrown at [C:\re\workspace\8-2-build-windows-amd64-cygwin\jdk8u191\11896\hotspot\src\share\vm\classfile\systemDictionary.cpp, line 210]
Event: 210.685 Thread 0x000000001946c800 Exception <a 'java/lang/ClassNotFoundException': sun/net/www/protocol/about/Handler> (0x00000000ed245220) thrown at [C:\re\workspace\8-2-build-windows-amd64-cygwin\jdk8u191\11896\hotspot\src\share\vm\classfile\systemDictionary.cpp, line 210]
Event: 212.605 Thread 0x000000001946c800 Exception <a 'sun/nio/fs/WindowsException'> (0x00000000dcd05638) thrown at [C:\re\workspace\8-2-build-windows-amd64-cygwin\jdk8u191\11896\hotspot\src\share\vm\prims\jni.cpp, line 709]
Event: 212.606 Thread 0x000000001946c800 Exception <a 'sun/nio/fs/WindowsException'> (0x00000000dcd06b00) thrown at [C:\re\workspace\8-2-build-windows-amd64-cygwin\jdk8u191\11896\hotspot\src\share\vm\prims\jni.cpp, line 709]

Events (10 events):
Event: 228.516 Executing VM operation: RevokeBias done
Event: 228.516 Executing VM operation: RevokeBias
Event: 228.517 Executing VM operation: RevokeBias done
Event: 228.517 Thread 0x0000000022ee5000 Thread exited: 0x0000000022ee5000
Event: 230.348 Executing VM operation: RevokeBias
Event: 230.348 Executing VM operation: RevokeBias done
Event: 230.348 Thread 0x0000000022ee8000 Thread exited: 0x0000000022ee8000
Event: 230.883 Thread 0x0000000022ee8000 Thread added: 0x0000000022ee8000
Event: 235.883 Executing VM operation: RevokeBias
Event: 235.883 Executing VM operation: RevokeBias done


Dynamic libraries:
0x00007ff7d8270000 - 0x00007ff7d82a7000 	C:\Program Files\Java\jre1.8.0_191\bin\javaw.exe
0x00007ffbf31b0000 - 0x00007ffbf338b000 	C:\Windows\SYSTEM32\ntdll.dll
0x00007ffbf1520000 - 0x00007ffbf15ce000 	C:\Windows\System32\KERNEL32.DLL
0x00007ffbf0260000 - 0x00007ffbf04aa000 	C:\Windows\System32\KERNELBASE.dll
0x00007ffbf2d00000 - 0x00007ffbf2da1000 	C:\Windows\System32\ADVAPI32.dll
0x00007ffbf0860000 - 0x00007ffbf08fd000 	C:\Windows\System32\msvcrt.dll
0x00007ffbf0ba0000 - 0x00007ffbf0bf9000 	C:\Windows\System32\sechost.dll
0x00007ffbf0a70000 - 0x00007ffbf0b95000 	C:\Windows\System32\RPCRT4.dll
0x00007ffbf2db0000 - 0x00007ffbf2efa000 	C:\Windows\System32\USER32.dll
0x00007ffbf06f0000 - 0x00007ffbf070e000 	C:\Windows\System32\win32u.dll
0x00007ffbf15d0000 - 0x00007ffbf15f7000 	C:\Windows\System32\GDI32.dll
0x00007ffbf0560000 - 0x00007ffbf06e8000 	C:\Windows\System32\gdi32full.dll
0x00007ffbef890000 - 0x00007ffbef92a000 	C:\Windows\System32\msvcp_win.dll
0x00007ffbef790000 - 0x00007ffbef886000 	C:\Windows\System32\ucrtbase.dll
0x00007ffbe3fa0000 - 0x00007ffbe4207000 	C:\Windows\WinSxS\amd64_microsoft.windows.common-controls_6595b64144ccf1df_6.0.15063.1155_none_40c7922129a7722b\COMCTL32.dll
0x00007ffbf0c10000 - 0x00007ffbf0f09000 	C:\Windows\System32\combase.dll
0x00007ffbef720000 - 0x00007ffbef78a000 	C:\Windows\System32\bcryptPrimitives.dll
0x00007ffbf14f0000 - 0x00007ffbf151d000 	C:\Windows\System32\IMM32.DLL
0x0000000063a60000 - 0x0000000063b32000 	C:\Program Files\Java\jre1.8.0_191\bin\msvcr100.dll
0x0000000063b40000 - 0x00000000643e4000 	C:\Program Files\Java\jre1.8.0_191\bin\server\jvm.dll
0x00007ffbf1730000 - 0x00007ffbf1738000 	C:\Windows\System32\PSAPI.DLL
0x00007ffbed930000 - 0x00007ffbed953000 	C:\Windows\SYSTEM32\WINMM.dll
0x00007ffbde2d0000 - 0x00007ffbde2d9000 	C:\Windows\SYSTEM32\WSOCK32.dll
0x00007ffbe0d80000 - 0x00007ffbe0d8a000 	C:\Windows\SYSTEM32\VERSION.dll
0x00007ffbf1740000 - 0x00007ffbf17ac000 	C:\Windows\System32\WS2_32.dll
0x00007ffbed8d0000 - 0x00007ffbed8fb000 	C:\Windows\SYSTEM32\WINMMBASE.dll
0x00007ffbef6d0000 - 0x00007ffbef719000 	C:\Windows\System32\cfgmgr32.dll
0x0000000064b80000 - 0x0000000064b8f000 	C:\Program Files\Java\jre1.8.0_191\bin\verify.dll
0x0000000064b50000 - 0x0000000064b79000 	C:\Program Files\Java\jre1.8.0_191\bin\java.dll
0x0000000064670000 - 0x0000000064686000 	C:\Program Files\Java\jre1.8.0_191\bin\zip.dll
0x00007ffbf17b0000 - 0x00007ffbf2be8000 	C:\Windows\System32\SHELL32.dll
0x00007ffbf1680000 - 0x00007ffbf172a000 	C:\Windows\System32\shcore.dll
0x00007ffbef930000 - 0x00007ffbf0021000 	C:\Windows\System32\windows.storage.dll
0x00007ffbf1600000 - 0x00007ffbf1651000 	C:\Windows\System32\shlwapi.dll
0x00007ffbef640000 - 0x00007ffbef651000 	C:\Windows\System32\kernel.appcore.dll
0x00007ffbef680000 - 0x00007ffbef6cc000 	C:\Windows\System32\powrprof.dll
0x00007ffbef620000 - 0x00007ffbef635000 	C:\Windows\System32\profapi.dll
0x0000000001050000 - 0x0000000001053000 	C:\Program Files\Java\jre1.8.0_191\bin\api-ms-win-core-console-l1-1-0.dll
0x0000000002910000 - 0x0000000002913000 	C:\Program Files\Java\jre1.8.0_191\bin\api-ms-win-core-datetime-l1-1-0.dll
0x0000000002920000 - 0x0000000002923000 	C:\Program Files\Java\jre1.8.0_191\bin\api-ms-win-core-debug-l1-1-0.dll
0x0000000002930000 - 0x0000000002933000 	C:\Program Files\Java\jre1.8.0_191\bin\api-ms-win-core-errorhandling-l1-1-0.dll
0x0000000002940000 - 0x0000000002944000 	C:\Program Files\Java\jre1.8.0_191\bin\api-ms-win-core-file-l1-1-0.dll
0x0000000002950000 - 0x0000000002953000 	C:\Program Files\Java\jre1.8.0_191\bin\api-ms-win-core-file-l1-2-0.dll
0x0000000002960000 - 0x0000000002963000 	C:\Program Files\Java\jre1.8.0_191\bin\api-ms-win-core-file-l2-1-0.dll
0x0000000002970000 - 0x0000000002973000 	C:\Program Files\Java\jre1.8.0_191\bin\api-ms-win-core-handle-l1-1-0.dll
0x0000000002980000 - 0x0000000002983000 	C:\Program Files\Java\jre1.8.0_191\bin\api-ms-win-core-heap-l1-1-0.dll
0x0000000002aa0000 - 0x0000000002aa3000 	C:\Program Files\Java\jre1.8.0_191\bin\api-ms-win-core-interlocked-l1-1-0.dll
0x0000000002ab0000 - 0x0000000002ab3000 	C:\Program Files\Java\jre1.8.0_191\bin\api-ms-win-core-libraryloader-l1-1-0.dll
0x0000000002ac0000 - 0x0000000002ac3000 	C:\Program Files\Java\jre1.8.0_191\bin\api-ms-win-core-localization-l1-2-0.dll
0x0000000002ad0000 - 0x0000000002ad3000 	C:\Program Files\Java\jre1.8.0_191\bin\api-ms-win-core-memory-l1-1-0.dll
0x0000000002ae0000 - 0x0000000002ae3000 	C:\Program Files\Java\jre1.8.0_191\bin\api-ms-win-core-namedpipe-l1-1-0.dll
0x0000000002af0000 - 0x0000000002af3000 	C:\Program Files\Java\jre1.8.0_191\bin\api-ms-win-core-processenvironment-l1-1-0.dll
0x0000000002b00000 - 0x0000000002b03000 	C:\Program Files\Java\jre1.8.0_191\bin\api-ms-win-core-processthreads-l1-1-0.dll
0x0000000002b10000 - 0x0000000002b13000 	C:\Program Files\Java\jre1.8.0_191\bin\api-ms-win-core-processthreads-l1-1-1.dll
0x0000000002b20000 - 0x0000000002b23000 	C:\Program Files\Java\jre1.8.0_191\bin\api-ms-win-core-profile-l1-1-0.dll
0x0000000002b30000 - 0x0000000002b33000 	C:\Program Files\Java\jre1.8.0_191\bin\api-ms-win-core-rtlsupport-l1-1-0.dll
0x0000000019680000 - 0x0000000019683000 	C:\Program Files\Java\jre1.8.0_191\bin\api-ms-win-core-string-l1-1-0.dll
0x0000000019690000 - 0x0000000019693000 	C:\Program Files\Java\jre1.8.0_191\bin\api-ms-win-core-synch-l1-1-0.dll
0x00000000196a0000 - 0x00000000196a3000 	C:\Program Files\Java\jre1.8.0_191\bin\api-ms-win-core-synch-l1-2-0.dll
0x00000000196b0000 - 0x00000000196b3000 	C:\Program Files\Java\jre1.8.0_191\bin\api-ms-win-core-sysinfo-l1-1-0.dll
0x00000000196c0000 - 0x00000000196c3000 	C:\Program Files\Java\jre1.8.0_191\bin\api-ms-win-core-timezone-l1-1-0.dll
0x00000000196d0000 - 0x00000000196d3000 	C:\Program Files\Java\jre1.8.0_191\bin\api-ms-win-core-util-l1-1-0.dll
0x00000000196e0000 - 0x00000000196e3000 	C:\Program Files\Java\jre1.8.0_191\bin\api-ms-win-crt-conio-l1-1-0.dll
0x00000000196f0000 - 0x00000000196f4000 	C:\Program Files\Java\jre1.8.0_191\bin\api-ms-win-crt-convert-l1-1-0.dll
0x0000000019700000 - 0x0000000019703000 	C:\Program Files\Java\jre1.8.0_191\bin\api-ms-win-crt-environment-l1-1-0.dll
0x0000000019710000 - 0x0000000019713000 	C:\Program Files\Java\jre1.8.0_191\bin\api-ms-win-crt-filesystem-l1-1-0.dll
0x0000000019720000 - 0x0000000019723000 	C:\Program Files\Java\jre1.8.0_191\bin\api-ms-win-crt-heap-l1-1-0.dll
0x0000000019730000 - 0x0000000019733000 	C:\Program Files\Java\jre1.8.0_191\bin\api-ms-win-crt-locale-l1-1-0.dll
0x0000000019740000 - 0x0000000019745000 	C:\Program Files\Java\jre1.8.0_191\bin\api-ms-win-crt-math-l1-1-0.dll
0x0000000019750000 - 0x0000000019755000 	C:\Program Files\Java\jre1.8.0_191\bin\api-ms-win-crt-multibyte-l1-1-0.dll
0x0000000019760000 - 0x0000000019770000 	C:\Program Files\Java\jre1.8.0_191\bin\api-ms-win-crt-private-l1-1-0.dll
0x0000000019770000 - 0x0000000019773000 	C:\Program Files\Java\jre1.8.0_191\bin\api-ms-win-crt-process-l1-1-0.dll
0x0000000019780000 - 0x0000000019784000 	C:\Program Files\Java\jre1.8.0_191\bin\api-ms-win-crt-runtime-l1-1-0.dll
0x0000000019790000 - 0x0000000019794000 	C:\Program Files\Java\jre1.8.0_191\bin\api-ms-win-crt-stdio-l1-1-0.dll
0x00000000197a0000 - 0x00000000197a4000 	C:\Program Files\Java\jre1.8.0_191\bin\api-ms-win-crt-string-l1-1-0.dll
0x00000000197b0000 - 0x00000000197b3000 	C:\Program Files\Java\jre1.8.0_191\bin\api-ms-win-crt-time-l1-1-0.dll
0x00000000197c0000 - 0x00000000197c3000 	C:\Program Files\Java\jre1.8.0_191\bin\api-ms-win-crt-utility-l1-1-0.dll
0x00007ffbd1530000 - 0x00007ffbd1626000 	C:\Program Files\Java\jre1.8.0_191\bin\ucrtbase.dll
0x00007ffbed730000 - 0x00007ffbed746000 	C:\Program Files\Java\jre1.8.0_191\bin\vcruntime140.dll
0x00007ffbd4900000 - 0x00007ffbd499c000 	C:\Program Files\Java\jre1.8.0_191\bin\msvcp140.dll
0x00007ffbe2790000 - 0x00007ffbe27e1000 	C:\Program Files\Java\jre1.8.0_191\bin\concrt140.dll
0x0000000064580000 - 0x00000000645a3000 	C:\Program Files\Java\jre1.8.0_191\bin\prism_d3d.dll
0x00007ffbc42a0000 - 0x00007ffbc4429000 	C:\Windows\system32\d3d9.dll
0x00007ffbed870000 - 0x00007ffbed89a000 	C:\Windows\SYSTEM32\dwmapi.dll
0x00007ffbedb20000 - 0x00007ffbedbb5000 	C:\Windows\system32\uxtheme.dll
0x00007ffbbefb0000 - 0x00007ffbbf187000 	C:\Windows\System32\DriverStore\FileRepository\ki127171.inf_amd64_368f8c7337214025\igdumdim64.dll
0x00007ffb9a340000 - 0x00007ffb9d33d000 	C:\Windows\System32\DriverStore\FileRepository\ki127171.inf_amd64_368f8c7337214025\igd9dxva64.dll
0x00007ffbf0710000 - 0x00007ffbf0855000 	C:\Windows\System32\ole32.dll
0x00007ffbf1350000 - 0x00007ffbf1410000 	C:\Windows\System32\OLEAUT32.dll
0x0000000063a10000 - 0x0000000063a59000 	C:\Program Files\Java\jre1.8.0_191\bin\glass.dll
0x00007ffbf30a0000 - 0x00007ffbf31a8000 	C:\Windows\System32\COMDLG32.dll
0x00007ffbf0900000 - 0x00007ffbf0a66000 	C:\Windows\System32\MSCTF.dll
0x00007ffbe4e70000 - 0x00007ffbe6c05000 	C:\Windows\System32\DriverStore\FileRepository\ki127171.inf_amd64_368f8c7337214025\igc64.dll
0x0000000064560000 - 0x0000000064574000 	C:\Program Files\Java\jre1.8.0_191\bin\javafx_font.dll
0x000000005fc80000 - 0x000000006333a000 	C:\Program Files\Java\jre1.8.0_191\bin\jfxwebkit.dll
0x00007ffbe4840000 - 0x00007ffbe4aff000 	C:\Windows\SYSTEM32\dwrite.dll
0x00007ffbef080000 - 0x00007ffbef097000 	C:\Windows\SYSTEM32\CRYPTSP.dll
0x00007ffbee7b0000 - 0x00007ffbee7e4000 	C:\Windows\system32\rsaenh.dll
0x00007ffbef1e0000 - 0x00007ffbef205000 	C:\Windows\SYSTEM32\bcrypt.dll
0x00007ffbef070000 - 0x00007ffbef07b000 	C:\Windows\SYSTEM32\CRYPTBASE.dll
0x00007ffbef550000 - 0x00007ffbef579000 	C:\Windows\SYSTEM32\USERENV.dll
0x0000000064650000 - 0x000000006466a000 	C:\Program Files\Java\jre1.8.0_191\bin\net.dll
0x00007ffbeeed0000 - 0x00007ffbeef2c000 	C:\Windows\system32\mswsock.dll
0x00007ffbeec70000 - 0x00007ffbeeca7000 	C:\Windows\SYSTEM32\IPHLPAPI.DLL
0x00007ffbf0c00000 - 0x00007ffbf0c08000 	C:\Windows\System32\NSI.dll
0x00007ffbe4e30000 - 0x00007ffbe4e46000 	C:\Windows\SYSTEM32\dhcpcsvc6.DLL
0x00007ffbe4e10000 - 0x00007ffbe4e2a000 	C:\Windows\SYSTEM32\dhcpcsvc.DLL
0x00000000645f0000 - 0x0000000064601000 	C:\Program Files\Java\jre1.8.0_191\bin\nio.dll
0x00000000645c0000 - 0x00000000645e4000 	C:\Program Files\Java\jre1.8.0_191\bin\sunec.dll
0x00000000645b0000 - 0x00000000645bb000 	C:\Program Files\Java\jre1.8.0_191\bin\sunmscapi.dll
0x00007ffbf0030000 - 0x00007ffbf01f9000 	C:\Windows\System32\CRYPT32.dll
0x00007ffbef660000 - 0x00007ffbef671000 	C:\Windows\System32\MSASN1.dll
0x00007ffbeecb0000 - 0x00007ffbeed54000 	C:\Windows\SYSTEM32\DNSAPI.dll
0x00007ffbe03d0000 - 0x00007ffbe03da000 	C:\Windows\System32\rasadhlp.dll
0x00007ffbf2bf0000 - 0x00007ffbf2c8e000 	C:\Windows\System32\clbcatq.dll
0x00007ffbea270000 - 0x00007ffbea2db000 	C:\Windows\System32\fwpuclnt.dll
0x00007ffbeaad0000 - 0x00007ffbeac7c000 	C:\Windows\SYSTEM32\WindowsCodecs.dll
0x00007ffbe2840000 - 0x00007ffbe2887000 	C:\Windows\system32\dataexchange.dll
0x00007ffbec520000 - 0x00007ffbec7ff000 	C:\Windows\system32\d3d11.dll
0x00007ffbecdc0000 - 0x00007ffbecee3000 	C:\Windows\system32\dcomp.dll
0x00007ffbee2f0000 - 0x00007ffbee394000 	C:\Windows\system32\dxgi.dll
0x00007ffbeddd0000 - 0x00007ffbedf40000 	C:\Windows\system32\twinapi.appcore.dll
0x00007ffbdf250000 - 0x00007ffbdf281000 	C:\Program Files\Common Files\Microsoft Shared\Ink\rtscom.dll
0x00007ffbe86d0000 - 0x00007ffbe8751000 	C:\Windows\System32\TextInputFramework.dll
0x00007ffbea660000 - 0x00007ffbea933000 	C:\Windows\System32\CoreUIComponents.dll
0x00007ffbebff0000 - 0x00007ffbec0d4000 	C:\Windows\System32\CoreMessaging.dll
0x00007ffbee3a0000 - 0x00007ffbee3d1000 	C:\Windows\SYSTEM32\ntmarta.dll
0x00007ffbeb2b0000 - 0x00007ffbeb3e9000 	C:\Windows\SYSTEM32\wintypes.dll

VM Arguments:
jvm_args: -Dfile.encoding=UTF-8 
java_command: principal.Principal
java_class_path (initial): C:\Program Files\Java\jre1.8.0_191\lib\resources.jar;C:\Program Files\Java\jre1.8.0_191\lib\rt.jar;C:\Program Files\Java\jre1.8.0_191\lib\jsse.jar;C:\Program Files\Java\jre1.8.0_191\lib\jce.jar;C:\Program Files\Java\jre1.8.0_191\lib\charsets.jar;C:\Program Files\Java\jre1.8.0_191\lib\jfr.jar;C:\Program Files\Java\jre1.8.0_191\lib\ext\access-bridge-64.jar;C:\Program Files\Java\jre1.8.0_191\lib\ext\cldrdata.jar;C:\Program Files\Java\jre1.8.0_191\lib\ext\dnsns.jar;C:\Program Files\Java\jre1.8.0_191\lib\ext\jaccess.jar;C:\Program Files\Java\jre1.8.0_191\lib\ext\jfxrt.jar;C:\Program Files\Java\jre1.8.0_191\lib\ext\localedata.jar;C:\Program Files\Java\jre1.8.0_191\lib\ext\nashorn.jar;C:\Program Files\Java\jre1.8.0_191\lib\ext\sunec.jar;C:\Program Files\Java\jre1.8.0_191\lib\ext\sunjce_provider.jar;C:\Program Files\Java\jre1.8.0_191\lib\ext\sunmscapi.jar;C:\Program Files\Java\jre1.8.0_191\lib\ext\sunpkcs11.jar;C:\Program Files\Java\jre1.8.0_191\lib\ext\zipfs.jar;C:\Users\fabricio.barrozo\eclipse-workspace\adasa4\target\classes;C:\Users\fabricio.barrozo\.m2\repository\commons-codec\commons-codec\1.11\commons-codec-1.11.jar;C:\Users\fabricio.barrozo\.m2\repository\com\microsoft\sqlserver\mssql-jdbc\7.0.0.jre8\mssql-jdbc-7.0.0.jre8.jar;C:\Users\fabricio.barrozo\.m2\repository\org\hibernate\hibernate-spatial\5.1.0.Final\hibernate-spatial-5.1.0.Final.jar;C:\Users\fabricio.barrozo\.m2\repository\org\jboss\logging\jboss-logging\3.3.0.Final\jboss-logging-3.3.0.Final.jar;C:\Users\fabricio.barrozo\.m2\repository\org\hibernate\hibernate-core\5.1.0.Final\hibernate-core-5.1.0.Final.jar;C:\Users\fabricio.barrozo\.m2\repository\org\hibernate\javax\persistence\hibernate-jpa-2.1-api\1.0.0.Final\hibernate-jpa-2.1-api-1.0.0.Final.jar;C:\Users\fabricio.barrozo\.m2\repository\org\javassist\javassist\3.20.0-GA\javassist-3.20.0-GA.jar;C:\Users\fabricio.barrozo\.m2\repository\antlr\antlr\2.7.7\antlr-2.7.7.jar;C:\Users\fabricio.barrozo\.m2\repository\org\apache\geronim
Launcher Type: SUN_STANDARD

Environment Variables:
JAVA_HOME=C:\Program Files\Java\jdk1.8.0_191
PATH=C:/Program Files/Java/jre1.8.0_191/bin/server;C:/Program Files/Java/jre1.8.0_191/bin;C:/Program Files/Java/jre1.8.0_191/lib/amd64;C:\Program Files (x86)\Common Files\Oracle\Java\javapath;C:\ProgramData\Oracle\Java\javapath;C:\Program Files (x86)\Intel\iCLS Client\;C:\Program Files\Intel\iCLS Client\;C:\Windows\system32;C:\Windows;C:\Windows\System32\Wbem;C:\Windows\System32\WindowsPowerShell\v1.0\;C:\Program Files (x86)\Intel\Intel(R) Management Engine Components\DAL;C:\Program Files\Intel\Intel(R) Management Engine Components\DAL;C:\Program Files (x86)\Intel\Intel(R) Management Engine Components\IPT;C:\Program Files\Intel\Intel(R) Management Engine Components\IPT;C:\Program Files\Intel\WiFi\bin\;C:\Program Files\Common Files\Intel\WirelessCommon\;c:\Program Files\Microsoft SQL Server\110\Tools\Binn\;c:\Program Files (x86)\Microsoft SQL Server\110\Tools\Binn\ManagementStudio\;c:\Program Files (x86)\Microsoft SQL Server\110\Tools\Binn\;c:\Program Files (x86)\Microsoft SQL Server\110\DTS\Binn\;C:\apache-maven-3.6.0\bin;C:\Program Files\Microsoft SQL Server Migration Assistant for Access\bin\;C:\Users\fabricio.barrozo\AppData\Local\Microsoft\WindowsApps;;C:\Windows\System32;
USERNAME=fabricio.barrozo
OS=Windows_NT
PROCESSOR_IDENTIFIER=Intel64 Family 6 Model 94 Stepping 3, GenuineIntel



---------------  S Y S T E M  ---------------

OS: Windows 10.0 , 64 bit Build 15063 (10.0.15063.1058)

CPU:total 4 (initial active 4) (4 cores per cpu, 1 threads per core) family 6 model 94 stepping 3, cmov, cx8, fxsr, mmx, sse, sse2, sse3, ssse3, sse4.1, sse4.2, popcnt, avx, avx2, aes, clmul, erms, rtm, 3dnowpref, lzcnt, tsc, tscinvbit, bmi1, bmi2, adx

Memory: 4k page, physical 8249056k(251896k free), swap 10196704k(54140k free)

vm_info: Java HotSpot(TM) 64-Bit Server VM (25.191-b12) for windows-amd64 JRE (1.8.0_191-b12), built on Oct  6 2018 09:29:03 by "java_re" with MS VC++ 10.0 (VS2010)

time: Mon Sep 23 11:46:05 2019
elapsed time: 239 seconds (0d 0h 3m 59s)

