#
# A fatal error has been detected by the Java Runtime Environment:
#
#  EXCEPTION_ACCESS_VIOLATION (0xc0000005) at pc=0x0000000059ff62e1, pid=7504, tid=0x0000000000000c20
#
# JRE version: Java(TM) SE Runtime Environment (8.0_191-b12) (build 1.8.0_191-b12)
# Java VM: Java HotSpot(TM) 64-Bit Server VM (25.191-b12 mixed mode windows-amd64 compressed oops)
# Problematic frame:
# C  [jfxwebkit.dll+0x17362e1]
#
# Failed to write core dump. Minidumps are not enabled by default on client versions of Windows
#
# If you would like to submit a bug report, please visit:
#   http://bugreport.java.com/bugreport/crash.jsp
# The crash happened outside the Java Virtual Machine in native code.
# See problematic frame for where to report the bug.
#

---------------  T H R E A D  ---------------

Current thread (0x0000000019e1a000):  JavaThread "JavaFX Application Thread" [_thread_in_native, id=3104, stack(0x000000001ae40000,0x000000001af40000)]

siginfo: ExceptionCode=0xc0000005, writing address 0x00000000bbadbeef

Registers:
RAX=0x0000000000000000, RBX=0x000000003b379920, RCX=0xc915ec101a370000, RDX=0x0000000000000000
RSP=0x000000001af3d890, RBP=0x0000000000000000, RSI=0x000000001af3dac0, RDI=0x000000005bd59290
R8 =0x000000001af3bb28, R9 =0x000000001af3d0e1, R10=0x0000000000000000, R11=0x000000001af3d690
R12=0x000000002c555a28, R13=0x00000000014a8770, R14=0x000000001af3da20, R15=0x0000000037ee7bb8
RIP=0x0000000059ff62e1, EFLAGS=0x0000000000010246

Top of Stack: (sp=0x000000001af3d890)
0x000000001af3d890:   000000003b379920 00007ffb78b8e9a1
0x000000001af3d8a0:   0000000000000000 00000000013fe8d0
0x000000001af3d8b0:   000096310000000a 000000000000c2c1
0x000000001af3d8c0:   000000005a01dfb9 0000000059ff62ce
0x000000001af3d8d0:   000000005940e359 00000000595e166c
0x000000001af3d8e0:   00000000592826f2 00000000596e3a2b
0x000000001af3d8f0:   00000000592fe28c 000000005913e337
0x000000001af3d900:   0000000059119445 000000000426c174
0x000000001af3d910:   000000000000c2d9 000000002dbd0000
0x000000001af3d920:   000000001af3da18 0000000059fe6352
0x000000001af3d930:   000000001af3d980 00000000592ab248
0x000000001af3d940:   00000000014a8770 0000000000000000
0x000000001af3d950:   000000003b379920 0000000059ffdea2
0x000000001af3d960:   000000002dbdb300 000000005940e1a2
0x000000001af3d970:   000000000000c200 0000000000000000
0x000000001af3d980:   0000000000000000 0000c915f6e3c357 

Instructions: (pc=0x0000000059ff62e1)
0x0000000059ff62c1:   00 00 00 48 8d 4c 24 30 e8 d2 7c 02 00 8b 54 24
0x0000000059ff62d1:   20 48 8d 4c 24 40 83 c2 fe e8 e1 fe ff ff 33 c0
0x0000000059ff62e1:   a3 ef be ad bb 00 00 00 00 ff d0 48 8b 8c 24 40
0x0000000059ff62f1:   01 00 00 48 33 cc e8 04 28 1e 00 48 81 c4 58 01 


Register to memory mapping:

RAX=0x0000000000000000 is an unknown value
RBX=0x000000003b379920 is an unknown value
RCX=0xc915ec101a370000 is an unknown value
RDX=0x0000000000000000 is an unknown value
RSP=0x000000001af3d890 is pointing into the stack for thread: 0x0000000019e1a000
RBP=0x0000000000000000 is an unknown value
RSI=0x000000001af3dac0 is pointing into the stack for thread: 0x0000000019e1a000
RDI=0x000000005bd59290 is an unknown value
R8 =0x000000001af3bb28 is pointing into the stack for thread: 0x0000000019e1a000
R9 =0x000000001af3d0e1 is pointing into the stack for thread: 0x0000000019e1a000
R10=0x0000000000000000 is an unknown value
R11=0x000000001af3d690 is pointing into the stack for thread: 0x0000000019e1a000
R12=0x000000002c555a28 is an unknown value
R13=0x00000000014a8770 is an unknown value
R14=0x000000001af3da20 is pointing into the stack for thread: 0x0000000019e1a000
R15=0x0000000037ee7bb8 is an unknown value


Stack: [0x000000001ae40000,0x000000001af40000],  sp=0x000000001af3d890,  free space=1014k
Native frames: (J=compiled Java code, j=interpreted, Vv=VM code, C=native code)

Java frames: (J=compiled Java code, j=interpreted, Vv=VM code)
J 7546  com.sun.webkit.Timer.twkFireTimerEvent()V (0 bytes) @ 0x000000000426c0fe [0x000000000426c0c0+0x3e]
J 8014 C2 javafx.scene.web.WebEngine$PulseTimer$$Lambda$136.run()V (4 bytes) @ 0x0000000004acd7c8 [0x0000000004acd640+0x188]
J 7581 C2 com.sun.javafx.application.PlatformImpl$$Lambda$49.run()Ljava/lang/Object; (8 bytes) @ 0x000000000405b0c4 [0x000000000405b080+0x44]
v  ~StubRoutines::call_stub
J 2547  java.security.AccessController.doPrivileged(Ljava/security/PrivilegedAction;Ljava/security/AccessControlContext;)Ljava/lang/Object; (0 bytes) @ 0x0000000003e107e6 [0x0000000003e10780+0x66]
J 7920 C2 com.sun.javafx.application.PlatformImpl$$Lambda$48.run()V (12 bytes) @ 0x0000000004a8bb50 [0x0000000004a8bac0+0x90]
J 7926 C2 com.sun.glass.ui.InvokeLaterDispatcher$Future.run()V (91 bytes) @ 0x0000000003b1ab08 [0x0000000003b1aac0+0x48]
v  ~StubRoutines::call_stub
j  com.sun.glass.ui.win.WinApplication._runLoop(Ljava/lang/Runnable;)V+0
j  com.sun.glass.ui.win.WinApplication.lambda$null$147(ILjava/lang/Runnable;)V+8
j  com.sun.glass.ui.win.WinApplication$$Lambda$37.run()V+12
j  java.lang.Thread.run()V+11
v  ~StubRoutines::call_stub

---------------  P R O C E S S  ---------------

Java Threads: ( => current thread )
  0x0000000032036000 JavaThread "URL-Loader-60" daemon [_thread_blocked, id=3108, stack(0x0000000042330000,0x0000000042430000)]
  0x0000000032030000 JavaThread "URL-Loader-59" daemon [_thread_blocked, id=14608, stack(0x0000000042230000,0x0000000042330000)]
  0x000000003202f800 JavaThread "URL-Loader-58" daemon [_thread_blocked, id=14676, stack(0x0000000042130000,0x0000000042230000)]
  0x0000000032034000 JavaThread "URL-Loader-57" daemon [_thread_blocked, id=16332, stack(0x0000000042030000,0x0000000042130000)]
  0x0000000032035800 JavaThread "URL-Loader-56" daemon [_thread_blocked, id=2176, stack(0x0000000041f30000,0x0000000042030000)]
  0x0000000032034800 JavaThread "URL-Loader-55" daemon [_thread_blocked, id=2740, stack(0x0000000041d30000,0x0000000041e30000)]
  0x00000000245d8000 JavaThread "Keep-Alive-Timer" daemon [_thread_blocked, id=13816, stack(0x0000000041130000,0x0000000041230000)]
  0x00000000245d4000 JavaThread "URL-Loader-54" daemon [_thread_blocked, id=3112, stack(0x000000003ed30000,0x000000003ee30000)]
  0x00000000245d9800 JavaThread "URL-Loader-53" daemon [_thread_blocked, id=15268, stack(0x000000003ec30000,0x000000003ed30000)]
  0x00000000245d8800 JavaThread "URL-Loader-52" daemon [_thread_blocked, id=17248, stack(0x000000003eb30000,0x000000003ec30000)]
  0x00000000245d7000 JavaThread "URL-Loader-51" daemon [_thread_blocked, id=13872, stack(0x000000003ea30000,0x000000003eb30000)]
  0x00000000245d6800 JavaThread "URL-Loader-50" daemon [_thread_blocked, id=9608, stack(0x000000003e930000,0x000000003ea30000)]
  0x00000000245cb800 JavaThread "URL-Loader-49" daemon [_thread_blocked, id=7972, stack(0x000000003e830000,0x000000003e930000)]
  0x00000000245d2800 JavaThread "URL-Loader-48" daemon [_thread_blocked, id=4472, stack(0x000000003e730000,0x000000003e830000)]
  0x00000000245cb000 JavaThread "URL-Loader-47" daemon [_thread_blocked, id=12112, stack(0x000000003e630000,0x000000003e730000)]
  0x00000000245d1800 JavaThread "URL-Loader-46" daemon [_thread_blocked, id=9984, stack(0x000000003e530000,0x000000003e630000)]
  0x00000000245ca000 JavaThread "URL-Loader-45" daemon [_thread_blocked, id=12132, stack(0x000000003e430000,0x000000003e530000)]
  0x00000000245d0000 JavaThread "URL-Loader-44" daemon [_thread_blocked, id=6848, stack(0x000000003e330000,0x000000003e430000)]
  0x00000000245cf800 JavaThread "URL-Loader-43" daemon [_thread_blocked, id=7300, stack(0x000000003e230000,0x000000003e330000)]
  0x00000000245d1000 JavaThread "URL-Loader-42" daemon [_thread_blocked, id=2272, stack(0x000000003e130000,0x000000003e230000)]
  0x00000000245cc800 JavaThread "URL-Loader-41" daemon [_thread_blocked, id=15344, stack(0x000000003df30000,0x000000003e030000)]
  0x00000000245d3800 JavaThread "pool-4-thread-1" [_thread_blocked, id=3024, stack(0x00000000323b0000,0x00000000324b0000)]
  0x000000001a9cb000 JavaThread "Disposer" daemon [_thread_blocked, id=10496, stack(0x0000000023ba0000,0x0000000023ca0000)]
  0x000000001a8dc800 JavaThread "Prism Font Disposer" daemon [_thread_blocked, id=13576, stack(0x00000000232a0000,0x00000000233a0000)]
  0x000000001a297800 JavaThread "Thread-3" daemon [_thread_in_native, id=17336, stack(0x00000000217d0000,0x00000000218d0000)]
  0x000000001a2aa000 JavaThread "JavaFX-Launcher" [_thread_blocked, id=2692, stack(0x00000000218d0000,0x00000000219d0000)]
=>0x0000000019e1a000 JavaThread "JavaFX Application Thread" [_thread_in_native, id=3104, stack(0x000000001ae40000,0x000000001af40000)]
  0x0000000019e16000 JavaThread "Thread-1" daemon [_thread_blocked, id=8424, stack(0x000000001ad40000,0x000000001ae40000)]
  0x0000000019e0b800 JavaThread "QuantumRenderer-0" daemon [_thread_blocked, id=11564, stack(0x000000001aa20000,0x000000001ab20000)]
  0x0000000019a78800 JavaThread "Service Thread" daemon [_thread_blocked, id=6760, stack(0x0000000019e40000,0x0000000019f40000)]
  0x0000000018101800 JavaThread "C1 CompilerThread2" daemon [_thread_blocked, id=14672, stack(0x0000000019940000,0x0000000019a40000)]
  0x00000000180fd000 JavaThread "C2 CompilerThread1" daemon [_thread_blocked, id=10916, stack(0x0000000019840000,0x0000000019940000)]
  0x00000000180f6800 JavaThread "C2 CompilerThread0" daemon [_thread_blocked, id=11708, stack(0x0000000019740000,0x0000000019840000)]
  0x00000000180f4800 JavaThread "Attach Listener" daemon [_thread_blocked, id=5560, stack(0x0000000019640000,0x0000000019740000)]
  0x00000000180f3800 JavaThread "Signal Dispatcher" daemon [_thread_blocked, id=10648, stack(0x0000000019540000,0x0000000019640000)]
  0x00000000180e0000 JavaThread "Finalizer" daemon [_thread_blocked, id=10952, stack(0x0000000019340000,0x0000000019440000)]
  0x0000000003615800 JavaThread "Reference Handler" daemon [_thread_blocked, id=15596, stack(0x0000000019240000,0x0000000019340000)]
  0x0000000003526000 JavaThread "main" [_thread_blocked, id=4072, stack(0x0000000003420000,0x0000000003520000)]

Other Threads:
  0x00000000180b8800 VMThread [stack: 0x0000000019140000,0x0000000019240000] [id=11776]
  0x000000001814d000 WatcherThread [stack: 0x0000000019f40000,0x000000001a040000] [id=11444]

VM state:not at safepoint (normal execution)

VM Mutex/Monitor currently owned by a thread: None

Heap:
 PSYoungGen      total 240128K, used 170375K [0x00000000d6100000, 0x00000000e8000000, 0x0000000100000000)
  eden space 200704K, 65% used [0x00000000d6100000,0x00000000de0e3000,0x00000000e2500000)
  from space 39424K, 99% used [0x00000000e5100000,0x00000000e777ed80,0x00000000e7780000)
  to   space 45056K, 0% used [0x00000000e2500000,0x00000000e2500000,0x00000000e5100000)
 ParOldGen       total 123392K, used 88145K [0x0000000082200000, 0x0000000089a80000, 0x00000000d6100000)
  object space 123392K, 71% used [0x0000000082200000,0x0000000087814718,0x0000000089a80000)
 Metaspace       used 47278K, capacity 49192K, committed 49408K, reserved 1091584K
  class space    used 6264K, capacity 6592K, committed 6656K, reserved 1048576K

Card table byte_map: [0x00000000129e0000,0x0000000012dd0000] byte_map_base: 0x00000000125cf000

Marking Bits: (ParMarkBitMap*) 0x000000005ca03e30
 Begin Bits: [0x0000000013470000, 0x00000000153e8000)
 End Bits:   [0x00000000153e8000, 0x0000000017360000)

Polling page: 0x00000000031d0000

CodeCache: size=245760Kb used=24504Kb max_used=24525Kb free=221255Kb
 bounds [0x0000000003620000, 0x0000000004e50000, 0x0000000012620000]
 total_blobs=8866 nmethods=7940 adapters=836
 compilation: enabled

Compilation events (10 events):
Event: 793.808 Thread 0x00000000180fd000 9382       4       com.sun.javafx.css.SelectorPartitioning::match (700 bytes)
Event: 793.810 Thread 0x0000000018101800 9383       3       javafx.stage.PopupWindow::getOwnerWindow (11 bytes)
Event: 793.811 Thread 0x0000000018101800 nmethod 9383 0x0000000003ef5d90 code [0x0000000003ef5f20, 0x0000000003ef6368]
Event: 793.898 Thread 0x00000000180fd000 nmethod 9382 0x00000000049ecd90 code [0x00000000049ed140, 0x00000000049f0f58]
Event: 793.995 Thread 0x0000000018101800 9384       3       javafx.animation.Animation::isAutoReverse (19 bytes)
Event: 793.996 Thread 0x0000000018101800 nmethod 9384 0x0000000003ef56d0 code [0x0000000003ef5840, 0x0000000003ef5c08]
Event: 794.013 Thread 0x0000000018101800 9385       3       javafx.scene.Node::getProperties (26 bytes)
Event: 794.013 Thread 0x0000000018101800 nmethod 9385 0x0000000003f53390 code [0x0000000003f53520, 0x0000000003f539f0]
Event: 794.406 Thread 0x0000000018101800 9387       3       javafx.stage.Screen::getScreens (7 bytes)
Event: 794.406 Thread 0x0000000018101800 nmethod 9387 0x0000000003eee190 code [0x0000000003eee300, 0x0000000003eee5d8]

GC Heap History (10 events):
Event: 780.975 GC heap before
{Heap before GC invocations=18 (full 2):
 PSYoungGen      total 158720K, used 158693K [0x00000000d6100000, 0x00000000e4400000, 0x0000000100000000)
  eden space 134656K, 100% used [0x00000000d6100000,0x00000000de480000,0x00000000de480000)
  from space 24064K, 99% used [0x00000000de480000,0x00000000dfbf9600,0x00000000dfc00000)
  to   space 27648K, 0% used [0x00000000e2900000,0x00000000e2900000,0x00000000e4400000)
 ParOldGen       total 123392K, used 50053K [0x0000000082200000, 0x0000000089a80000, 0x00000000d6100000)
  object space 123392K, 40% used [0x0000000082200000,0x00000000852e1718,0x0000000089a80000)
 Metaspace       used 47011K, capacity 48910K, committed 49152K, reserved 1091584K
  class space    used 6240K, capacity 6579K, committed 6656K, reserved 1048576K
Event: 780.995 GC heap after
Heap after GC invocations=18 (full 2):
 PSYoungGen      total 201728K, used 25141K [0x00000000d6100000, 0x00000000e4980000, 0x0000000100000000)
  eden space 174080K, 0% used [0x00000000d6100000,0x00000000d6100000,0x00000000e0b00000)
  from space 27648K, 90% used [0x00000000e2900000,0x00000000e418d438,0x00000000e4400000)
  to   space 30720K, 0% used [0x00000000e0b00000,0x00000000e0b00000,0x00000000e2900000)
 ParOldGen       total 123392K, used 56261K [0x0000000082200000, 0x0000000089a80000, 0x00000000d6100000)
  object space 123392K, 45% used [0x0000000082200000,0x00000000858f1668,0x0000000089a80000)
 Metaspace       used 47011K, capacity 48910K, committed 49152K, reserved 1091584K
  class space    used 6240K, capacity 6579K, committed 6656K, reserved 1048576K
}
Event: 784.772 GC heap before
{Heap before GC invocations=19 (full 2):
 PSYoungGen      total 201728K, used 199221K [0x00000000d6100000, 0x00000000e4980000, 0x0000000100000000)
  eden space 174080K, 100% used [0x00000000d6100000,0x00000000e0b00000,0x00000000e0b00000)
  from space 27648K, 90% used [0x00000000e2900000,0x00000000e418d438,0x00000000e4400000)
  to   space 30720K, 0% used [0x00000000e0b00000,0x00000000e0b00000,0x00000000e2900000)
 ParOldGen       total 123392K, used 56266K [0x0000000082200000, 0x0000000089a80000, 0x00000000d6100000)
  object space 123392K, 45% used [0x0000000082200000,0x00000000858f2b30,0x0000000089a80000)
 Metaspace       used 47158K, capacity 49004K, committed 49152K, reserved 1091584K
  class space    used 6241K, capacity 6580K, committed 6656K, reserved 1048576K
Event: 784.790 GC heap after
Heap after GC invocations=19 (full 2):
 PSYoungGen      total 204800K, used 30717K [0x00000000d6100000, 0x00000000e7780000, 0x0000000100000000)
  eden space 174080K, 0% used [0x00000000d6100000,0x00000000d6100000,0x00000000e0b00000)
  from space 30720K, 99% used [0x00000000e0b00000,0x00000000e28ff5c0,0x00000000e2900000)
  to   space 39424K, 0% used [0x00000000e5100000,0x00000000e5100000,0x00000000e7780000)
 ParOldGen       total 123392K, used 68095K [0x0000000082200000, 0x0000000089a80000, 0x00000000d6100000)
  object space 123392K, 55% used [0x0000000082200000,0x000000008647ffd8,0x0000000089a80000)
 Metaspace       used 47158K, capacity 49004K, committed 49152K, reserved 1091584K
  class space    used 6241K, capacity 6580K, committed 6656K, reserved 1048576K
}
Event: 786.182 GC heap before
{Heap before GC invocations=20 (full 2):
 PSYoungGen      total 204800K, used 204797K [0x00000000d6100000, 0x00000000e7780000, 0x0000000100000000)
  eden space 174080K, 100% used [0x00000000d6100000,0x00000000e0b00000,0x00000000e0b00000)
  from space 30720K, 99% used [0x00000000e0b00000,0x00000000e28ff5c0,0x00000000e2900000)
  to   space 39424K, 0% used [0x00000000e5100000,0x00000000e5100000,0x00000000e7780000)
 ParOldGen       total 123392K, used 68879K [0x0000000082200000, 0x0000000089a80000, 0x00000000d6100000)
  object space 123392K, 55% used [0x0000000082200000,0x0000000086543dd8,0x0000000089a80000)
 Metaspace       used 47198K, capacity 49024K, committed 49152K, reserved 1091584K
  class space    used 6246K, capacity 6586K, committed 6656K, reserved 1048576K
Event: 786.193 GC heap after
Heap after GC invocations=20 (full 2):
 PSYoungGen      total 240128K, used 38506K [0x00000000d6100000, 0x00000000e8000000, 0x0000000100000000)
  eden space 200704K, 0% used [0x00000000d6100000,0x00000000d6100000,0x00000000e2500000)
  from space 39424K, 97% used [0x00000000e5100000,0x00000000e769aac0,0x00000000e7780000)
  to   space 45056K, 0% used [0x00000000e2500000,0x00000000e2500000,0x00000000e5100000)
 ParOldGen       total 123392K, used 71992K [0x0000000082200000, 0x0000000089a80000, 0x00000000d6100000)
  object space 123392K, 58% used [0x0000000082200000,0x000000008684e088,0x0000000089a80000)
 Metaspace       used 47198K, capacity 49024K, committed 49152K, reserved 1091584K
  class space    used 6246K, capacity 6586K, committed 6656K, reserved 1048576K
}
Event: 788.284 GC heap before
{Heap before GC invocations=21 (full 2):
 PSYoungGen      total 240128K, used 239210K [0x00000000d6100000, 0x00000000e8000000, 0x0000000100000000)
  eden space 200704K, 100% used [0x00000000d6100000,0x00000000e2500000,0x00000000e2500000)
  from space 39424K, 97% used [0x00000000e5100000,0x00000000e769aac0,0x00000000e7780000)
  to   space 45056K, 0% used [0x00000000e2500000,0x00000000e2500000,0x00000000e5100000)
 ParOldGen       total 123392K, used 72000K [0x0000000082200000, 0x0000000089a80000, 0x00000000d6100000)
  object space 123392K, 58% used [0x0000000082200000,0x0000000086850098,0x0000000089a80000)
 Metaspace       used 47205K, capacity 49088K, committed 49408K, reserved 1091584K
  class space    used 6246K, capacity 6586K, committed 6656K, reserved 1048576K
Event: 788.297 GC heap after
Heap after GC invocations=21 (full 2):
 PSYoungGen      total 245760K, used 39217K [0x00000000d6100000, 0x00000000e8000000, 0x0000000100000000)
  eden space 200704K, 0% used [0x00000000d6100000,0x00000000d6100000,0x00000000e2500000)
  from space 45056K, 87% used [0x00000000e2500000,0x00000000e4b4c428,0x00000000e5100000)
  to   space 39424K, 0% used [0x00000000e5100000,0x00000000e5100000,0x00000000e7780000)
 ParOldGen       total 123392K, used 72008K [0x0000000082200000, 0x0000000089a80000, 0x00000000d6100000)
  object space 123392K, 58% used [0x0000000082200000,0x0000000086852098,0x0000000089a80000)
 Metaspace       used 47205K, capacity 49088K, committed 49408K, reserved 1091584K
  class space    used 6246K, capacity 6586K, committed 6656K, reserved 1048576K
}
Event: 790.325 GC heap before
{Heap before GC invocations=22 (full 2):
 PSYoungGen      total 245760K, used 239921K [0x00000000d6100000, 0x00000000e8000000, 0x0000000100000000)
  eden space 200704K, 100% used [0x00000000d6100000,0x00000000e2500000,0x00000000e2500000)
  from space 45056K, 87% used [0x00000000e2500000,0x00000000e4b4c428,0x00000000e5100000)
  to   space 39424K, 0% used [0x00000000e5100000,0x00000000e5100000,0x00000000e7780000)
 ParOldGen       total 123392K, used 72012K [0x0000000082200000, 0x0000000089a80000, 0x00000000d6100000)
  object space 123392K, 58% used [0x0000000082200000,0x0000000086853290,0x0000000089a80000)
 Metaspace       used 47209K, capacity 49092K, committed 49408K, reserved 1091584K
  class space    used 6246K, capacity 6586K, committed 6656K, reserved 1048576K
Event: 790.340 GC heap after
Heap after GC invocations=22 (full 2):
 PSYoungGen      total 240128K, used 39419K [0x00000000d6100000, 0x00000000e8000000, 0x0000000100000000)
  eden space 200704K, 0% used [0x00000000d6100000,0x00000000d6100000,0x00000000e2500000)
  from space 39424K, 99% used [0x00000000e5100000,0x00000000e777ed80,0x00000000e7780000)
  to   space 45056K, 0% used [0x00000000e2500000,0x00000000e2500000,0x00000000e5100000)
 ParOldGen       total 123392K, used 88145K [0x0000000082200000, 0x0000000089a80000, 0x00000000d6100000)
  object space 123392K, 71% used [0x0000000082200000,0x0000000087814718,0x0000000089a80000)
 Metaspace       used 47209K, capacity 49092K, committed 49408K, reserved 1091584K
  class space    used 6246K, capacity 6586K, committed 6656K, reserved 1048576K
}

Deoptimization events (10 events):
Event: 780.922 Thread 0x0000000019e0b800 Uncommon trap: reason=unstable_if action=reinterpret pc=0x0000000003a86e68 method=com.sun.javafx.geom.RectBounds.intersectWith(FFFF)V @ 11
Event: 781.026 Thread 0x0000000019e0b800 Uncommon trap: reason=intrinsic action=make_not_entrant pc=0x0000000004cfcc88 method=com.sun.prism.impl.ps.BaseShaderGraphics.drawString(Lcom/sun/javafx/scene/text/GlyphList;Lcom/sun/javafx/font/FontStrike;FFLcom/sun/prism/paint/Color;II)V @ 546
Event: 781.214 Thread 0x0000000019e0b800 Uncommon trap: reason=intrinsic action=make_not_entrant pc=0x0000000004d1e4d4 method=com.sun.prism.impl.ps.BaseShaderGraphics.drawString(Lcom/sun/javafx/scene/text/GlyphList;Lcom/sun/javafx/font/FontStrike;FFLcom/sun/prism/paint/Color;II)V @ 559
Event: 781.323 Thread 0x0000000019e0b800 Uncommon trap: reason=intrinsic action=make_not_entrant pc=0x0000000004d2bdf4 method=com.sun.prism.impl.ps.BaseShaderGraphics.drawString(Lcom/sun/javafx/scene/text/GlyphList;Lcom/sun/javafx/font/FontStrike;FFLcom/sun/prism/paint/Color;II)V @ 572
Event: 784.326 Thread 0x00000000245d4000 Uncommon trap: reason=predicate action=maybe_recompile pc=0x0000000004d6c5bc method=java.util.regex.Pattern$Slice.match(Ljava/util/regex/Matcher;ILjava/lang/CharSequence;)Z @ 21
Event: 784.420 Thread 0x0000000019e0b800 Uncommon trap: reason=unstable_if action=reinterpret pc=0x00000000049fd254 method=com.sun.prism.d3d.D3DTextureResource.isValid()Z @ 4
Event: 784.769 Thread 0x0000000019e0b800 Uncommon trap: reason=unstable_if action=reinterpret pc=0x00000000049f7bcc method=com.sun.prism.d3d.D3DTextureResource.isValid()Z @ 4
Event: 784.769 Thread 0x0000000019e0b800 Uncommon trap: reason=unstable_if action=reinterpret pc=0x000000000405973c method=com.sun.prism.d3d.D3DTextureResource.isValid()Z @ 4
Event: 785.975 Thread 0x0000000019e0b800 Uncommon trap: reason=unstable_if action=reinterpret pc=0x0000000004e14c14 method=com.sun.scenario.effect.impl.ImagePool.checkOut(Lcom/sun/scenario/effect/impl/Renderer;II)Lcom/sun/scenario/effect/impl/PoolFilterable; @ 201
Event: 793.809 Thread 0x0000000019e1a000 Uncommon trap: reason=unstable_if action=reinterpret pc=0x0000000004b6aa08 method=javafx.scene.CssStyleHelper.createStyleHelper(Ljavafx/scene/Node;)Ljavafx/scene/CssStyleHelper; @ 191

Classes redefined (0 events):
No events

Internal exceptions (10 events):
Event: 23.505 Thread 0x0000000019e1a000 Exception <a 'sun/nio/fs/WindowsException'> (0x00000000d8adaf80) thrown at [C:\re\workspace\8-2-build-windows-amd64-cygwin\jdk8u191\11896\hotspot\src\share\vm\prims\jni.cpp, line 709]
Event: 23.929 Thread 0x0000000019e1a000 Implicit null exception at 0x0000000003ec444c to 0x0000000003ec4491
Event: 768.644 Thread 0x0000000019e1a000 Implicit null exception at 0x000000000495c70f to 0x0000000004960e63
Event: 775.880 Thread 0x0000000019e1a000 Implicit null exception at 0x0000000004b61d95 to 0x0000000004b62689
Event: 775.880 Thread 0x0000000019e1a000 Implicit null exception at 0x0000000004767e46 to 0x000000000476881d
Event: 775.880 Thread 0x0000000019e1a000 Implicit null exception at 0x0000000003da4087 to 0x0000000003da40d1
Event: 775.955 Thread 0x0000000019e0b800 Implicit null exception at 0x0000000004a03e2c to 0x0000000004a03ea1
Event: 784.420 Thread 0x0000000019e0b800 Implicit null exception at 0x00000000049fc1e2 to 0x00000000049fd201
Event: 784.769 Thread 0x0000000019e0b800 Implicit null exception at 0x00000000049f7b54 to 0x00000000049f7bb9
Event: 784.769 Thread 0x0000000019e0b800 Implicit null exception at 0x00000000040596d0 to 0x0000000004059729

Events (10 events):
Event: 793.806 loading class javafx/scene/control/Tooltip$TooltipBehavior done
Event: 793.806 loading class javafx/event/ActionEvent
Event: 793.806 loading class javafx/event/ActionEvent done
Event: 793.806 loading class javafx/scene/control/Tooltip$TooltipBehavior
Event: 793.806 loading class javafx/scene/control/Tooltip$TooltipBehavior done
Event: 793.808 Thread 0x0000000019e1a000 DEOPT PACKING pc=0x00000000046cca6c sp=0x000000001af3ba00
Event: 793.808 Thread 0x0000000019e1a000 DEOPT UNPACKING pc=0x0000000003667890 sp=0x000000001af3b778 mode 0
Event: 793.809 Thread 0x0000000019e1a000 Uncommon trap: trap_request=0xffffff65 fr.pc=0x0000000004b6aa08
Event: 793.809 Thread 0x0000000019e1a000 DEOPT PACKING pc=0x0000000004b6aa08 sp=0x000000001af3bb50
Event: 793.809 Thread 0x0000000019e1a000 DEOPT UNPACKING pc=0x000000000366583b sp=0x000000001af3ba90 mode 2


Dynamic libraries:
0x00007ff77d860000 - 0x00007ff77d897000 	C:\Program Files\Java\jre1.8.0_191\bin\javaw.exe
0x00007ffb7c000000 - 0x00007ffb7c1db000 	C:\Windows\SYSTEM32\ntdll.dll
0x00007ffb79dc0000 - 0x00007ffb79e6e000 	C:\Windows\System32\KERNEL32.DLL
0x00007ffb786f0000 - 0x00007ffb7893a000 	C:\Windows\System32\KERNELBASE.dll
0x00007ffb79d10000 - 0x00007ffb79db1000 	C:\Windows\System32\ADVAPI32.dll
0x00007ffb79ba0000 - 0x00007ffb79c3d000 	C:\Windows\System32\msvcrt.dll
0x00007ffb799d0000 - 0x00007ffb79a29000 	C:\Windows\System32\sechost.dll
0x00007ffb7a770000 - 0x00007ffb7a895000 	C:\Windows\System32\RPCRT4.dll
0x00007ffb7a420000 - 0x00007ffb7a56a000 	C:\Windows\System32\USER32.dll
0x00007ffb78d70000 - 0x00007ffb78d8e000 	C:\Windows\System32\win32u.dll
0x00007ffb79560000 - 0x00007ffb79587000 	C:\Windows\System32\GDI32.dll
0x00007ffb789f0000 - 0x00007ffb78b78000 	C:\Windows\System32\gdi32full.dll
0x00007ffb78cd0000 - 0x00007ffb78d6a000 	C:\Windows\System32\msvcp_win.dll
0x00007ffb78b80000 - 0x00007ffb78c76000 	C:\Windows\System32\ucrtbase.dll
0x00007ffb6ade0000 - 0x00007ffb6b047000 	C:\Windows\WinSxS\amd64_microsoft.windows.common-controls_6595b64144ccf1df_6.0.15063.1155_none_40c7922129a7722b\COMCTL32.dll
0x00007ffb7bd00000 - 0x00007ffb7bff9000 	C:\Windows\System32\combase.dll
0x00007ffb78d90000 - 0x00007ffb78dfa000 	C:\Windows\System32\bcryptPrimitives.dll
0x00007ffb7a5f0000 - 0x00007ffb7a61d000 	C:\Windows\System32\IMM32.DLL
0x00007ffb572c0000 - 0x00007ffb57371000 	C:\Program Files\McAfee\Endpoint Security\Threat Prevention\Ips\EpMPApi.dll
0x00007ffb79500000 - 0x00007ffb79557000 	C:\Windows\System32\WINTRUST.dll
0x00007ffb78490000 - 0x00007ffb784a1000 	C:\Windows\System32\MSASN1.dll
0x00007ffb78520000 - 0x00007ffb786e9000 	C:\Windows\System32\CRYPT32.dll
0x000000005d140000 - 0x000000005d14c000 	C:\Program Files\McAfee\Endpoint Security\Threat Prevention\Ips\EpMPThe.dll
0x000000005c020000 - 0x000000005c0f2000 	C:\Program Files\Java\jre1.8.0_191\bin\msvcr100.dll
0x000000005c1e0000 - 0x000000005ca84000 	C:\Program Files\Java\jre1.8.0_191\bin\server\jvm.dll
0x00007ffb7a570000 - 0x00007ffb7a578000 	C:\Windows\System32\PSAPI.DLL
0x00007ffb62ba0000 - 0x00007ffb62ba9000 	C:\Windows\SYSTEM32\WSOCK32.dll
0x00007ffb6b220000 - 0x00007ffb6b22a000 	C:\Windows\SYSTEM32\VERSION.dll
0x00007ffb7a580000 - 0x00007ffb7a5ec000 	C:\Windows\System32\WS2_32.dll
0x00007ffb76780000 - 0x00007ffb767a3000 	C:\Windows\SYSTEM32\WINMM.dll
0x00007ffb76720000 - 0x00007ffb7674b000 	C:\Windows\SYSTEM32\winmmbase.dll
0x00007ffb78c80000 - 0x00007ffb78cc9000 	C:\Windows\System32\cfgmgr32.dll
0x000000005c1d0000 - 0x000000005c1df000 	C:\Program Files\Java\jre1.8.0_191\bin\verify.dll
0x000000005c1a0000 - 0x000000005c1c9000 	C:\Program Files\Java\jre1.8.0_191\bin\java.dll
0x000000005c180000 - 0x000000005c196000 	C:\Program Files\Java\jre1.8.0_191\bin\zip.dll
0x00007ffb7a8a0000 - 0x00007ffb7bcd8000 	C:\Windows\System32\SHELL32.dll
0x00007ffb79ed0000 - 0x00007ffb79f7a000 	C:\Windows\System32\shcore.dll
0x00007ffb78e00000 - 0x00007ffb794f1000 	C:\Windows\System32\windows.storage.dll
0x00007ffb79f80000 - 0x00007ffb79fd1000 	C:\Windows\System32\shlwapi.dll
0x00007ffb78500000 - 0x00007ffb78511000 	C:\Windows\System32\kernel.appcore.dll
0x00007ffb784b0000 - 0x00007ffb784fc000 	C:\Windows\System32\powrprof.dll
0x00007ffb78470000 - 0x00007ffb78485000 	C:\Windows\System32\profapi.dll
0x0000000003370000 - 0x0000000003373000 	C:\Program Files\Java\jre1.8.0_191\bin\api-ms-win-core-console-l1-1-0.dll
0x0000000003380000 - 0x0000000003383000 	C:\Program Files\Java\jre1.8.0_191\bin\api-ms-win-core-datetime-l1-1-0.dll
0x0000000003390000 - 0x0000000003393000 	C:\Program Files\Java\jre1.8.0_191\bin\api-ms-win-core-debug-l1-1-0.dll
0x00000000033a0000 - 0x00000000033a3000 	C:\Program Files\Java\jre1.8.0_191\bin\api-ms-win-core-errorhandling-l1-1-0.dll
0x00000000033b0000 - 0x00000000033b4000 	C:\Program Files\Java\jre1.8.0_191\bin\api-ms-win-core-file-l1-1-0.dll
0x00000000033c0000 - 0x00000000033c3000 	C:\Program Files\Java\jre1.8.0_191\bin\api-ms-win-core-file-l1-2-0.dll
0x00000000033d0000 - 0x00000000033d3000 	C:\Program Files\Java\jre1.8.0_191\bin\api-ms-win-core-file-l2-1-0.dll
0x00000000033e0000 - 0x00000000033e3000 	C:\Program Files\Java\jre1.8.0_191\bin\api-ms-win-core-handle-l1-1-0.dll
0x00000000033f0000 - 0x00000000033f3000 	C:\Program Files\Java\jre1.8.0_191\bin\api-ms-win-core-heap-l1-1-0.dll
0x0000000003400000 - 0x0000000003403000 	C:\Program Files\Java\jre1.8.0_191\bin\api-ms-win-core-interlocked-l1-1-0.dll
0x000000001a040000 - 0x000000001a043000 	C:\Program Files\Java\jre1.8.0_191\bin\api-ms-win-core-libraryloader-l1-1-0.dll
0x000000001a050000 - 0x000000001a053000 	C:\Program Files\Java\jre1.8.0_191\bin\api-ms-win-core-localization-l1-2-0.dll
0x000000001a060000 - 0x000000001a063000 	C:\Program Files\Java\jre1.8.0_191\bin\api-ms-win-core-memory-l1-1-0.dll
0x000000001a070000 - 0x000000001a073000 	C:\Program Files\Java\jre1.8.0_191\bin\api-ms-win-core-namedpipe-l1-1-0.dll
0x000000001a080000 - 0x000000001a083000 	C:\Program Files\Java\jre1.8.0_191\bin\api-ms-win-core-processenvironment-l1-1-0.dll
0x000000001a090000 - 0x000000001a093000 	C:\Program Files\Java\jre1.8.0_191\bin\api-ms-win-core-processthreads-l1-1-0.dll
0x000000001a0a0000 - 0x000000001a0a3000 	C:\Program Files\Java\jre1.8.0_191\bin\api-ms-win-core-processthreads-l1-1-1.dll
0x000000001a0b0000 - 0x000000001a0b3000 	C:\Program Files\Java\jre1.8.0_191\bin\api-ms-win-core-profile-l1-1-0.dll
0x000000001a0c0000 - 0x000000001a0c3000 	C:\Program Files\Java\jre1.8.0_191\bin\api-ms-win-core-rtlsupport-l1-1-0.dll
0x000000001a0d0000 - 0x000000001a0d3000 	C:\Program Files\Java\jre1.8.0_191\bin\api-ms-win-core-string-l1-1-0.dll
0x000000001a0e0000 - 0x000000001a0e3000 	C:\Program Files\Java\jre1.8.0_191\bin\api-ms-win-core-synch-l1-1-0.dll
0x000000001a0f0000 - 0x000000001a0f3000 	C:\Program Files\Java\jre1.8.0_191\bin\api-ms-win-core-synch-l1-2-0.dll
0x000000001a100000 - 0x000000001a103000 	C:\Program Files\Java\jre1.8.0_191\bin\api-ms-win-core-sysinfo-l1-1-0.dll
0x000000001a110000 - 0x000000001a113000 	C:\Program Files\Java\jre1.8.0_191\bin\api-ms-win-core-timezone-l1-1-0.dll
0x000000001a120000 - 0x000000001a123000 	C:\Program Files\Java\jre1.8.0_191\bin\api-ms-win-core-util-l1-1-0.dll
0x000000001a130000 - 0x000000001a133000 	C:\Program Files\Java\jre1.8.0_191\bin\api-ms-win-crt-conio-l1-1-0.dll
0x000000001a140000 - 0x000000001a144000 	C:\Program Files\Java\jre1.8.0_191\bin\api-ms-win-crt-convert-l1-1-0.dll
0x000000001a150000 - 0x000000001a153000 	C:\Program Files\Java\jre1.8.0_191\bin\api-ms-win-crt-environment-l1-1-0.dll
0x000000001a160000 - 0x000000001a163000 	C:\Program Files\Java\jre1.8.0_191\bin\api-ms-win-crt-filesystem-l1-1-0.dll
0x000000001a170000 - 0x000000001a173000 	C:\Program Files\Java\jre1.8.0_191\bin\api-ms-win-crt-heap-l1-1-0.dll
0x000000001a180000 - 0x000000001a183000 	C:\Program Files\Java\jre1.8.0_191\bin\api-ms-win-crt-locale-l1-1-0.dll
0x000000001a190000 - 0x000000001a195000 	C:\Program Files\Java\jre1.8.0_191\bin\api-ms-win-crt-math-l1-1-0.dll
0x000000001a1a0000 - 0x000000001a1a5000 	C:\Program Files\Java\jre1.8.0_191\bin\api-ms-win-crt-multibyte-l1-1-0.dll
0x000000001a1b0000 - 0x000000001a1c0000 	C:\Program Files\Java\jre1.8.0_191\bin\api-ms-win-crt-private-l1-1-0.dll
0x000000001a1c0000 - 0x000000001a1c3000 	C:\Program Files\Java\jre1.8.0_191\bin\api-ms-win-crt-process-l1-1-0.dll
0x000000001a1d0000 - 0x000000001a1d4000 	C:\Program Files\Java\jre1.8.0_191\bin\api-ms-win-crt-runtime-l1-1-0.dll
0x000000001a1e0000 - 0x000000001a1e4000 	C:\Program Files\Java\jre1.8.0_191\bin\api-ms-win-crt-stdio-l1-1-0.dll
0x000000001a1f0000 - 0x000000001a1f4000 	C:\Program Files\Java\jre1.8.0_191\bin\api-ms-win-crt-string-l1-1-0.dll
0x000000001a200000 - 0x000000001a203000 	C:\Program Files\Java\jre1.8.0_191\bin\api-ms-win-crt-time-l1-1-0.dll
0x000000001a210000 - 0x000000001a213000 	C:\Program Files\Java\jre1.8.0_191\bin\api-ms-win-crt-utility-l1-1-0.dll
0x00007ffb60930000 - 0x00007ffb60a26000 	C:\Program Files\Java\jre1.8.0_191\bin\ucrtbase.dll
0x00007ffb752a0000 - 0x00007ffb752b6000 	C:\Program Files\Java\jre1.8.0_191\bin\vcruntime140.dll
0x00007ffb659a0000 - 0x00007ffb65a3c000 	C:\Program Files\Java\jre1.8.0_191\bin\msvcp140.dll
0x00007ffb728e0000 - 0x00007ffb72931000 	C:\Program Files\Java\jre1.8.0_191\bin\concrt140.dll
0x000000005bff0000 - 0x000000005c013000 	C:\Program Files\Java\jre1.8.0_191\bin\prism_d3d.dll
0x00007ffb607a0000 - 0x00007ffb60929000 	C:\Windows\system32\d3d9.dll
0x00007ffb766c0000 - 0x00007ffb766ea000 	C:\Windows\SYSTEM32\dwmapi.dll
0x00007ffb76970000 - 0x00007ffb76a05000 	C:\Windows\system32\uxtheme.dll
0x00007ffb56be0000 - 0x00007ffb56db7000 	C:\Windows\System32\DriverStore\FileRepository\ki127171.inf_amd64_368f8c7337214025\igdumdim64.dll
0x00007ffb31730000 - 0x00007ffb3472d000 	C:\Windows\System32\DriverStore\FileRepository\ki127171.inf_amd64_368f8c7337214025\igd9dxva64.dll
0x00007ffb7a620000 - 0x00007ffb7a765000 	C:\Windows\System32\ole32.dll
0x00007ffb79c50000 - 0x00007ffb79d10000 	C:\Windows\System32\OLEAUT32.dll
0x000000005bfa0000 - 0x000000005bfe9000 	C:\Program Files\Java\jre1.8.0_191\bin\glass.dll
0x00007ffb7a110000 - 0x00007ffb7a218000 	C:\Windows\System32\COMDLG32.dll
0x00007ffb79a30000 - 0x00007ffb79b96000 	C:\Windows\System32\MSCTF.dll
0x00007ffb6fca0000 - 0x00007ffb71a35000 	C:\Windows\System32\DriverStore\FileRepository\ki127171.inf_amd64_368f8c7337214025\igc64.dll
0x000000005bf80000 - 0x000000005bf94000 	C:\Program Files\Java\jre1.8.0_191\bin\javafx_font.dll
0x00000000588c0000 - 0x000000005bf7a000 	C:\Program Files\Java\jre1.8.0_191\bin\jfxwebkit.dll
0x00007ffb77ec0000 - 0x00007ffb77ed7000 	C:\Windows\SYSTEM32\CRYPTSP.dll
0x00007ffb77600000 - 0x00007ffb77634000 	C:\Windows\system32\rsaenh.dll
0x00007ffb78030000 - 0x00007ffb78055000 	C:\Windows\SYSTEM32\bcrypt.dll
0x00007ffb77ee0000 - 0x00007ffb77eeb000 	C:\Windows\SYSTEM32\CRYPTBASE.dll
0x00007ffb72a70000 - 0x00007ffb72d2f000 	C:\Windows\SYSTEM32\dwrite.dll
0x00007ffb783a0000 - 0x00007ffb783c9000 	C:\Windows\SYSTEM32\USERENV.dll
0x000000005c160000 - 0x000000005c17a000 	C:\Program Files\Java\jre1.8.0_191\bin\net.dll
0x00007ffb77d20000 - 0x00007ffb77d7c000 	C:\Windows\system32\mswsock.dll
0x00007ffb77ac0000 - 0x00007ffb77af7000 	C:\Windows\SYSTEM32\IPHLPAPI.DLL
0x00007ffb7a080000 - 0x00007ffb7a088000 	C:\Windows\System32\NSI.dll
0x00007ffb71fb0000 - 0x00007ffb71fc6000 	C:\Windows\SYSTEM32\dhcpcsvc6.DLL
0x00007ffb71f90000 - 0x00007ffb71faa000 	C:\Windows\SYSTEM32\dhcpcsvc.DLL
0x000000005c140000 - 0x000000005c151000 	C:\Program Files\Java\jre1.8.0_191\bin\nio.dll
0x000000005c110000 - 0x000000005c134000 	C:\Program Files\Java\jre1.8.0_191\bin\sunec.dll
0x00007ffb79fe0000 - 0x00007ffb7a07e000 	C:\Windows\System32\clbcatq.dll
0x00007ffb73a40000 - 0x00007ffb73bec000 	C:\Windows\SYSTEM32\WindowsCodecs.dll
0x00007ffb683c0000 - 0x00007ffb68407000 	C:\Windows\system32\dataexchange.dll
0x00007ffb757d0000 - 0x00007ffb75aaf000 	C:\Windows\system32\d3d11.dll
0x00007ffb6ec60000 - 0x00007ffb6ed83000 	C:\Windows\system32\dcomp.dll
0x00007ffb77180000 - 0x00007ffb77224000 	C:\Windows\system32\dxgi.dll
0x00007ffb76c50000 - 0x00007ffb76dc0000 	C:\Windows\system32\twinapi.appcore.dll
0x00007ffb72990000 - 0x00007ffb729c1000 	C:\Program Files\Common Files\Microsoft Shared\Ink\rtscom.dll
0x00007ffb75e90000 - 0x00007ffb75f11000 	C:\Windows\System32\TextInputFramework.dll
0x00007ffb735f0000 - 0x00007ffb738c3000 	C:\Windows\System32\CoreUIComponents.dll
0x00007ffb76060000 - 0x00007ffb76144000 	C:\Windows\System32\CoreMessaging.dll
0x00007ffb77140000 - 0x00007ffb77171000 	C:\Windows\SYSTEM32\ntmarta.dll
0x00007ffb74b30000 - 0x00007ffb74c69000 	C:\Windows\SYSTEM32\wintypes.dll
0x00007ffb74a10000 - 0x00007ffb74a25000 	C:\Windows\SYSTEM32\usermgrcli.dll

VM Arguments:
jvm_args: -Dfile.encoding=UTF-8 
java_command: principal.Principal
java_class_path (initial): C:\Program Files\Java\jre1.8.0_191\lib\resources.jar;C:\Program Files\Java\jre1.8.0_191\lib\rt.jar;C:\Program Files\Java\jre1.8.0_191\lib\jsse.jar;C:\Program Files\Java\jre1.8.0_191\lib\jce.jar;C:\Program Files\Java\jre1.8.0_191\lib\charsets.jar;C:\Program Files\Java\jre1.8.0_191\lib\jfr.jar;C:\Program Files\Java\jre1.8.0_191\lib\ext\access-bridge-64.jar;C:\Program Files\Java\jre1.8.0_191\lib\ext\cldrdata.jar;C:\Program Files\Java\jre1.8.0_191\lib\ext\dnsns.jar;C:\Program Files\Java\jre1.8.0_191\lib\ext\jaccess.jar;C:\Program Files\Java\jre1.8.0_191\lib\ext\jfxrt.jar;C:\Program Files\Java\jre1.8.0_191\lib\ext\localedata.jar;C:\Program Files\Java\jre1.8.0_191\lib\ext\nashorn.jar;C:\Program Files\Java\jre1.8.0_191\lib\ext\sunec.jar;C:\Program Files\Java\jre1.8.0_191\lib\ext\sunjce_provider.jar;C:\Program Files\Java\jre1.8.0_191\lib\ext\sunmscapi.jar;C:\Program Files\Java\jre1.8.0_191\lib\ext\sunpkcs11.jar;C:\Program Files\Java\jre1.8.0_191\lib\ext\zipfs.jar;C:\Users\fabricio.barrozo\eclipse-workspace\adasa4\target\classes;C:\Users\fabricio.barrozo\.m2\repository\commons-codec\commons-codec\1.11\commons-codec-1.11.jar;C:\Users\fabricio.barrozo\.m2\repository\com\microsoft\sqlserver\mssql-jdbc\7.0.0.jre8\mssql-jdbc-7.0.0.jre8.jar;C:\Users\fabricio.barrozo\.m2\repository\org\hibernate\hibernate-spatial\5.1.0.Final\hibernate-spatial-5.1.0.Final.jar;C:\Users\fabricio.barrozo\.m2\repository\org\jboss\logging\jboss-logging\3.3.0.Final\jboss-logging-3.3.0.Final.jar;C:\Users\fabricio.barrozo\.m2\repository\org\hibernate\hibernate-core\5.1.0.Final\hibernate-core-5.1.0.Final.jar;C:\Users\fabricio.barrozo\.m2\repository\org\hibernate\javax\persistence\hibernate-jpa-2.1-api\1.0.0.Final\hibernate-jpa-2.1-api-1.0.0.Final.jar;C:\Users\fabricio.barrozo\.m2\repository\org\javassist\javassist\3.20.0-GA\javassist-3.20.0-GA.jar;C:\Users\fabricio.barrozo\.m2\repository\antlr\antlr\2.7.7\antlr-2.7.7.jar;C:\Users\fabricio.barrozo\.m2\repository\org\apache\geronim
Launcher Type: SUN_STANDARD

Environment Variables:
JAVA_HOME=C:\Program Files\Java\jdk1.8.0_191
PATH=C:/Program Files/Java/jre1.8.0_191/bin/server;C:/Program Files/Java/jre1.8.0_191/bin;C:/Program Files/Java/jre1.8.0_191/lib/amd64;C:\Program Files (x86)\Common Files\Oracle\Java\javapath;C:\ProgramData\Oracle\Java\javapath;C:\Program Files (x86)\Intel\iCLS Client\;C:\Program Files\Intel\iCLS Client\;C:\Windows\system32;C:\Windows;C:\Windows\System32\Wbem;C:\Windows\System32\WindowsPowerShell\v1.0\;C:\Program Files (x86)\Intel\Intel(R) Management Engine Components\DAL;C:\Program Files\Intel\Intel(R) Management Engine Components\DAL;C:\Program Files (x86)\Intel\Intel(R) Management Engine Components\IPT;C:\Program Files\Intel\Intel(R) Management Engine Components\IPT;C:\Program Files\Intel\WiFi\bin\;C:\Program Files\Common Files\Intel\WirelessCommon\;c:\Program Files\Microsoft SQL Server\110\Tools\Binn\;c:\Program Files (x86)\Microsoft SQL Server\110\Tools\Binn\ManagementStudio\;c:\Program Files (x86)\Microsoft SQL Server\110\Tools\Binn\;c:\Program Files (x86)\Microsoft SQL Server\110\DTS\Binn\;C:\apache-maven-3.6.0\bin;C:\Program Files\Microsoft SQL Server Migration Assistant for Access\bin\;C:\Users\fabricio.barrozo\AppData\Local\Microsoft\WindowsApps;;C:\Windows\system32;
USERNAME=fabricio.barrozo
OS=Windows_NT
PROCESSOR_IDENTIFIER=Intel64 Family 6 Model 94 Stepping 3, GenuineIntel



---------------  S Y S T E M  ---------------

OS: Windows 10.0 , 64 bit Build 15063 (10.0.15063.1058)

CPU:total 4 (initial active 4) (4 cores per cpu, 1 threads per core) family 6 model 94 stepping 3, cmov, cx8, fxsr, mmx, sse, sse2, sse3, ssse3, sse4.1, sse4.2, popcnt, avx, avx2, aes, clmul, erms, rtm, 3dnowpref, lzcnt, tsc, tscinvbit, bmi1, bmi2, adx

Memory: 4k page, physical 8249056k(2351320k free), swap 10196704k(3880k free)

vm_info: Java HotSpot(TM) 64-Bit Server VM (25.191-b12) for windows-amd64 JRE (1.8.0_191-b12), built on Oct  6 2018 09:29:03 by "java_re" with MS VC++ 10.0 (VS2010)

time: Thu Sep 05 18:10:05 2019
elapsed time: 794 seconds (0d 0h 13m 14s)

