#
# There is insufficient memory for the Java Runtime Environment to continue.
# Native memory allocation (malloc) failed to allocate 2321456 bytes for Chunk::new
# Possible reasons:
#   The system is out of physical RAM or swap space
#   In 32 bit mode, the process size limit was hit
# Possible solutions:
#   Reduce memory load on the system
#   Increase physical memory or swap space
#   Check if swap backing store is full
#   Use 64 bit Java on a 64 bit OS
#   Decrease Java heap size (-Xmx/-Xms)
#   Decrease number of Java threads
#   Decrease Java thread stack sizes (-Xss)
#   Set larger code cache with -XX:ReservedCodeCacheSize=
# This output file may be truncated or incomplete.
#
#  Out of Memory Error (allocation.cpp:390), pid=11332, tid=0x00000000000011a0
#
# JRE version: Java(TM) SE Runtime Environment (8.0_191-b12) (build 1.8.0_191-b12)
# Java VM: Java HotSpot(TM) 64-Bit Server VM (25.191-b12 mixed mode windows-amd64 compressed oops)
# Failed to write core dump. Minidumps are not enabled by default on client versions of Windows
#

---------------  T H R E A D  ---------------

Current thread (0x0000000017cc5000):  JavaThread "C2 CompilerThread0" daemon [_thread_in_native, id=4512, stack(0x0000000019320000,0x0000000019420000)]

Stack: [0x0000000019320000,0x0000000019420000]
[error occurred during error reporting (printing stack bounds), id 0xc0000005]

Native frames: (J=compiled Java code, j=interpreted, Vv=VM code, C=native code)


Current CompileTask:
C2:  12787 3995       4       java.net.URLClassLoader$1::run (5 bytes)


---------------  P R O C E S S  ---------------

Java Threads: ( => current thread )
  0x000000001988f000 JavaThread "pool-4-thread-1" [_thread_blocked, id=15240, stack(0x00000000321a0000,0x00000000322a0000)]
  0x000000001988b800 JavaThread "URL-Loader-20" daemon [_thread_blocked, id=17180, stack(0x000000002d300000,0x000000002d400000)]
  0x000000001988e800 JavaThread "URL-Loader-19" daemon [_thread_blocked, id=10520, stack(0x000000002c130000,0x000000002c230000)]
  0x0000000019887800 JavaThread "URL-Loader-18" daemon [_thread_blocked, id=944, stack(0x000000002c030000,0x000000002c130000)]
  0x0000000019888800 JavaThread "URL-Loader-17" daemon [_thread_blocked, id=16792, stack(0x000000002be30000,0x000000002bf30000)]
  0x000000001988d800 JavaThread "URL-Loader-16" daemon [_thread_blocked, id=2828, stack(0x000000002ad60000,0x000000002ae60000)]
  0x0000000019887000 JavaThread "URL-Loader-15" daemon [_thread_blocked, id=2776, stack(0x000000002ac60000,0x000000002ad60000)]
  0x000000001988c000 JavaThread "URL-Loader-14" daemon [_thread_blocked, id=804, stack(0x0000000029d50000,0x0000000029e50000)]
  0x000000001988d000 JavaThread "URL-Loader-13" daemon [_thread_blocked, id=1616, stack(0x0000000029c50000,0x0000000029d50000)]
  0x000000001988a000 JavaThread "URL-Loader-12" daemon [_thread_blocked, id=3560, stack(0x0000000029b50000,0x0000000029c50000)]
  0x0000000019886000 JavaThread "URL-Loader-11" daemon [_thread_blocked, id=2312, stack(0x0000000029850000,0x0000000029950000)]
  0x0000000023acc800 JavaThread "URL-Loader-10" daemon [_thread_blocked, id=9460, stack(0x0000000029750000,0x0000000029850000)]
  0x0000000023acc000 JavaThread "Keep-Alive-Timer" daemon [_thread_blocked, id=15540, stack(0x0000000027c30000,0x0000000027d30000)]
  0x0000000023ac7800 JavaThread "URL-Loader-9" daemon [_thread_blocked, id=12396, stack(0x0000000025210000,0x0000000025310000)]
  0x0000000023ac9800 JavaThread "URL-Loader-8" daemon [_thread_blocked, id=6948, stack(0x0000000025110000,0x0000000025210000)]
  0x0000000023ac6000 JavaThread "URL-Loader-7" daemon [_thread_blocked, id=15700, stack(0x0000000025010000,0x0000000025110000)]
  0x0000000023ac9000 JavaThread "URL-Loader-6" daemon [_thread_blocked, id=16280, stack(0x0000000024f10000,0x0000000025010000)]
  0x0000000023acb000 JavaThread "URL-Loader-5" daemon [_thread_blocked, id=3340, stack(0x0000000024e10000,0x0000000024f10000)]
  0x0000000023ac6800 JavaThread "URL-Loader-4" daemon [_thread_blocked, id=5864, stack(0x0000000024d10000,0x0000000024e10000)]
  0x0000000023aca800 JavaThread "URL-Loader-3" daemon [_thread_blocked, id=11596, stack(0x0000000024c10000,0x0000000024d10000)]
  0x0000000023ac8000 JavaThread "URL-Loader-2" daemon [_thread_blocked, id=11540, stack(0x0000000024b10000,0x0000000024c10000)]
  0x000000001a54a800 JavaThread "URL-Loader-1" daemon [_thread_blocked, id=15644, stack(0x0000000024810000,0x0000000024910000)]
  0x000000001a476800 JavaThread "Disposer" daemon [_thread_blocked, id=10608, stack(0x0000000023740000,0x0000000023840000)]
  0x000000001a474000 JavaThread "Prism Font Disposer" daemon [_thread_blocked, id=10144, stack(0x0000000022e40000,0x0000000022f40000)]
  0x0000000019e85000 JavaThread "Thread-3" daemon [_thread_in_native, id=976, stack(0x0000000021370000,0x0000000021470000)]
  0x0000000019e33000 JavaThread "JavaFX-Launcher" [_thread_blocked, id=10824, stack(0x0000000021470000,0x0000000021570000)]
  0x00000000199f0800 JavaThread "JavaFX Application Thread" [_thread_in_native, id=17392, stack(0x000000001a9e0000,0x000000001aae0000)]
  0x0000000019a14000 JavaThread "Thread-1" daemon [_thread_blocked, id=952, stack(0x000000001a8e0000,0x000000001a9e0000)]
  0x00000000199d5000 JavaThread "QuantumRenderer-0" daemon [_thread_blocked, id=10772, stack(0x000000001a5b0000,0x000000001a6b0000)]
  0x0000000019648800 JavaThread "Service Thread" daemon [_thread_blocked, id=16992, stack(0x0000000019a20000,0x0000000019b20000)]
  0x0000000017ccc000 JavaThread "C1 CompilerThread2" daemon [_thread_blocked, id=3440, stack(0x0000000019520000,0x0000000019620000)]
  0x0000000017ccb800 JavaThread "C2 CompilerThread1" daemon [_thread_blocked, id=1128, stack(0x0000000019420000,0x0000000019520000)]
=>0x0000000017cc5000 JavaThread "C2 CompilerThread0" daemon [_thread_in_native, id=4512, stack(0x0000000019320000,0x0000000019420000)]
  0x0000000017cc3000 JavaThread "Attach Listener" daemon [_thread_blocked, id=14456, stack(0x0000000019220000,0x0000000019320000)]
  0x0000000017cc2000 JavaThread "Signal Dispatcher" daemon [_thread_blocked, id=15296, stack(0x0000000019120000,0x0000000019220000)]
  0x0000000017cac000 JavaThread "Finalizer" daemon [_thread_blocked, id=15584, stack(0x0000000018f20000,0x0000000019020000)]
  0x0000000017c89000 JavaThread "Reference Handler" daemon [_thread_blocked, id=15724, stack(0x0000000018e20000,0x0000000018f20000)]
  0x00000000030f6000 JavaThread "main" [_thread_blocked, id=4944, stack(0x0000000002ff0000,0x00000000030f0000)]

Other Threads:
  0x0000000017c87800 VMThread [stack: 0x0000000018d20000,0x0000000018e20000] [id=13560]
  0x000000001969a800 WatcherThread [stack: 0x0000000019b20000,0x0000000019c20000] [id=16360]

VM state:not at safepoint (normal execution)

VM Mutex/Monitor currently owned by a thread: None

Heap:
 PSYoungGen      total 42496K, used 21461K [0x00000000d6100000, 0x00000000db280000, 0x0000000100000000)
  eden space 31232K, 68% used [0x00000000d6100000,0x00000000d75f5448,0x00000000d7f80000)
  from space 11264K, 0% used [0x00000000d7f80000,0x00000000d7f80000,0x00000000d8a80000)
  to   space 11264K, 0% used [0x00000000da780000,0x00000000da780000,0x00000000db280000)
 ParOldGen       total 45568K, used 21953K [0x0000000082200000, 0x0000000084e80000, 0x00000000d6100000)
  object space 45568K, 48% used [0x0000000082200000,0x0000000083770698,0x0000000084e80000)
 Metaspace       used 36725K, capacity 38096K, committed 38272K, reserved 1081344K
  class space    used 5136K, capacity 5428K, committed 5504K, reserved 1048576K

Card table byte_map: [0x00000000125b0000,0x00000000129a0000] byte_map_base: 0x000000001219f000

Marking Bits: (ParMarkBitMap*) 0x000000005ca03e30
 Begin Bits: [0x0000000013040000, 0x0000000014fb8000)
 End Bits:   [0x0000000014fb8000, 0x0000000016f30000)

Polling page: 0x0000000002e80000

CodeCache: size=245760Kb used=12386Kb max_used=12386Kb free=233374Kb
 bounds [0x00000000031f0000, 0x0000000003e20000, 0x00000000121f0000]
 total_blobs=4772 nmethods=3915 adapters=769
 compilation: enabled

Compilation events (10 events):
Event: 12.721 Thread 0x0000000017ccc000 4292       3       org.hibernate.mapping.SimpleValue::getColumnIterator (10 bytes)
Event: 12.721 Thread 0x0000000017ccc000 nmethod 4292 0x0000000003e14510 code [0x0000000003e14680, 0x0000000003e148a8]
Event: 12.721 Thread 0x0000000017ccc000 4288       3       org.hibernate.type.TypeResolver::basic (9 bytes)
Event: 12.721 Thread 0x0000000017ccc000 nmethod 4288 0x0000000003e14950 code [0x0000000003e14ac0, 0x0000000003e14e48]
Event: 12.721 Thread 0x0000000017ccc000 4289       3       org.hibernate.type.BasicTypeRegistry::getRegisteredType (14 bytes)
Event: 12.721 Thread 0x0000000017ccc000 nmethod 4289 0x0000000003e14f90 code [0x0000000003e15100, 0x0000000003e15428]
Event: 12.721 Thread 0x0000000017ccc000 4291       1       org.hibernate.type.AbstractStandardBasicType::getColumnSpan (2 bytes)
Event: 12.721 Thread 0x0000000017ccc000 nmethod 4291 0x0000000003e15510 code [0x0000000003e15660, 0x0000000003e15770]
Event: 12.721 Thread 0x0000000017ccc000 4293       3       org.hibernate.mapping.SimpleValue::getColumnSpan (10 bytes)
Event: 12.721 Thread 0x0000000017ccc000 nmethod 4293 0x0000000003e157d0 code [0x0000000003e15940, 0x0000000003e15b68]

GC Heap History (10 events):
Event: 9.249 GC heap before
{Heap before GC invocations=5 (full 1):
 PSYoungGen      total 37888K, used 37856K [0x00000000d6100000, 0x00000000d8b00000, 0x0000000100000000)
  eden space 32768K, 99% used [0x00000000d6100000,0x00000000d80fbf78,0x00000000d8100000)
  from space 5120K, 99% used [0x00000000d8100000,0x00000000d85fc120,0x00000000d8600000)
  to   space 5120K, 0% used [0x00000000d8600000,0x00000000d8600000,0x00000000d8b00000)
 ParOldGen       total 45568K, used 10855K [0x0000000082200000, 0x0000000084e80000, 0x00000000d6100000)
  object space 45568K, 23% used [0x0000000082200000,0x0000000082c99ee0,0x0000000084e80000)
 Metaspace       used 24293K, capacity 25542K, committed 25728K, reserved 1071104K
  class space    used 3394K, capacity 3677K, committed 3712K, reserved 1048576K
Event: 9.251 GC heap after
Heap after GC invocations=5 (full 1):
 PSYoungGen      total 37888K, used 5106K [0x00000000d6100000, 0x00000000d8b00000, 0x0000000100000000)
  eden space 32768K, 0% used [0x00000000d6100000,0x00000000d6100000,0x00000000d8100000)
  from space 5120K, 99% used [0x00000000d8600000,0x00000000d8afc988,0x00000000d8b00000)
  to   space 5120K, 0% used [0x00000000d8100000,0x00000000d8100000,0x00000000d8600000)
 ParOldGen       total 45568K, used 13238K [0x0000000082200000, 0x0000000084e80000, 0x00000000d6100000)
  object space 45568K, 29% used [0x0000000082200000,0x0000000082eedba8,0x0000000084e80000)
 Metaspace       used 24293K, capacity 25542K, committed 25728K, reserved 1071104K
  class space    used 3394K, capacity 3677K, committed 3712K, reserved 1048576K
}
Event: 10.375 GC heap before
{Heap before GC invocations=6 (full 1):
 PSYoungGen      total 37888K, used 37874K [0x00000000d6100000, 0x00000000d8b00000, 0x0000000100000000)
  eden space 32768K, 100% used [0x00000000d6100000,0x00000000d8100000,0x00000000d8100000)
  from space 5120K, 99% used [0x00000000d8600000,0x00000000d8afc988,0x00000000d8b00000)
  to   space 5120K, 0% used [0x00000000d8100000,0x00000000d8100000,0x00000000d8600000)
 ParOldGen       total 45568K, used 13238K [0x0000000082200000, 0x0000000084e80000, 0x00000000d6100000)
  object space 45568K, 29% used [0x0000000082200000,0x0000000082eedba8,0x0000000084e80000)
 Metaspace       used 29438K, capacity 30736K, committed 30848K, reserved 1075200K
  class space    used 4163K, capacity 4420K, committed 4480K, reserved 1048576K
Event: 10.378 GC heap after
Heap after GC invocations=6 (full 1):
 PSYoungGen      total 37376K, used 5112K [0x00000000d6100000, 0x00000000d9480000, 0x0000000100000000)
  eden space 32256K, 0% used [0x00000000d6100000,0x00000000d6100000,0x00000000d8080000)
  from space 5120K, 99% used [0x00000000d8100000,0x00000000d85fe170,0x00000000d8600000)
  to   space 10240K, 0% used [0x00000000d8a80000,0x00000000d8a80000,0x00000000d9480000)
 ParOldGen       total 45568K, used 16955K [0x0000000082200000, 0x0000000084e80000, 0x00000000d6100000)
  object space 45568K, 37% used [0x0000000082200000,0x000000008328ef70,0x0000000084e80000)
 Metaspace       used 29438K, capacity 30736K, committed 30848K, reserved 1075200K
  class space    used 4163K, capacity 4420K, committed 4480K, reserved 1048576K
}
Event: 11.679 GC heap before
{Heap before GC invocations=7 (full 1):
 PSYoungGen      total 37376K, used 37368K [0x00000000d6100000, 0x00000000d9480000, 0x0000000100000000)
  eden space 32256K, 100% used [0x00000000d6100000,0x00000000d8080000,0x00000000d8080000)
  from space 5120K, 99% used [0x00000000d8100000,0x00000000d85fe170,0x00000000d8600000)
  to   space 10240K, 0% used [0x00000000d8a80000,0x00000000d8a80000,0x00000000d9480000)
 ParOldGen       total 45568K, used 16955K [0x0000000082200000, 0x0000000084e80000, 0x00000000d6100000)
  object space 45568K, 37% used [0x0000000082200000,0x000000008328ef70,0x0000000084e80000)
 Metaspace       used 33785K, capacity 35106K, committed 35328K, reserved 1079296K
  class space    used 4729K, capacity 4999K, committed 5120K, reserved 1048576K
Event: 11.685 GC heap after
Heap after GC invocations=7 (full 1):
 PSYoungGen      total 41472K, used 10223K [0x00000000d6100000, 0x00000000d9600000, 0x0000000100000000)
  eden space 31232K, 0% used [0x00000000d6100000,0x00000000d6100000,0x00000000d7f80000)
  from space 10240K, 99% used [0x00000000d8a80000,0x00000000d947bc48,0x00000000d9480000)
  to   space 11264K, 0% used [0x00000000d7f80000,0x00000000d7f80000,0x00000000d8a80000)
 ParOldGen       total 45568K, used 17152K [0x0000000082200000, 0x0000000084e80000, 0x00000000d6100000)
  object space 45568K, 37% used [0x0000000082200000,0x00000000832c0050,0x0000000084e80000)
 Metaspace       used 33785K, capacity 35106K, committed 35328K, reserved 1079296K
  class space    used 4729K, capacity 4999K, committed 5120K, reserved 1048576K
}
Event: 11.694 GC heap before
{Heap before GC invocations=8 (full 1):
 PSYoungGen      total 41472K, used 11289K [0x00000000d6100000, 0x00000000d9600000, 0x0000000100000000)
  eden space 31232K, 3% used [0x00000000d6100000,0x00000000d620a800,0x00000000d7f80000)
  from space 10240K, 99% used [0x00000000d8a80000,0x00000000d947bc48,0x00000000d9480000)
  to   space 11264K, 0% used [0x00000000d7f80000,0x00000000d7f80000,0x00000000d8a80000)
 ParOldGen       total 45568K, used 17152K [0x0000000082200000, 0x0000000084e80000, 0x00000000d6100000)
  object space 45568K, 37% used [0x0000000082200000,0x00000000832c0050,0x0000000084e80000)
 Metaspace       used 33905K, capacity 35202K, committed 35416K, reserved 1079296K
  class space    used 4741K, capacity 5031K, committed 5120K, reserved 1048576K
Event: 11.698 GC heap after
Heap after GC invocations=8 (full 1):
 PSYoungGen      total 42496K, used 7049K [0x00000000d6100000, 0x00000000db280000, 0x0000000100000000)
  eden space 31232K, 0% used [0x00000000d6100000,0x00000000d6100000,0x00000000d7f80000)
  from space 11264K, 62% used [0x00000000d7f80000,0x00000000d86625c0,0x00000000d8a80000)
  to   space 11264K, 0% used [0x00000000da780000,0x00000000da780000,0x00000000db280000)
 ParOldGen       total 45568K, used 17152K [0x0000000082200000, 0x0000000084e80000, 0x00000000d6100000)
  object space 45568K, 37% used [0x0000000082200000,0x00000000832c0050,0x0000000084e80000)
 Metaspace       used 33905K, capacity 35202K, committed 35416K, reserved 1079296K
  class space    used 4741K, capacity 5031K, committed 5120K, reserved 1048576K
}
Event: 11.698 GC heap before
{Heap before GC invocations=9 (full 2):
 PSYoungGen      total 42496K, used 7049K [0x00000000d6100000, 0x00000000db280000, 0x0000000100000000)
  eden space 31232K, 0% used [0x00000000d6100000,0x00000000d6100000,0x00000000d7f80000)
  from space 11264K, 62% used [0x00000000d7f80000,0x00000000d86625c0,0x00000000d8a80000)
  to   space 11264K, 0% used [0x00000000da780000,0x00000000da780000,0x00000000db280000)
 ParOldGen       total 45568K, used 17152K [0x0000000082200000, 0x0000000084e80000, 0x00000000d6100000)
  object space 45568K, 37% used [0x0000000082200000,0x00000000832c0050,0x0000000084e80000)
 Metaspace       used 33905K, capacity 35202K, committed 35416K, reserved 1079296K
  class space    used 4741K, capacity 5031K, committed 5120K, reserved 1048576K
Event: 11.749 GC heap after
Heap after GC invocations=9 (full 2):
 PSYoungGen      total 42496K, used 0K [0x00000000d6100000, 0x00000000db280000, 0x0000000100000000)
  eden space 31232K, 0% used [0x00000000d6100000,0x00000000d6100000,0x00000000d7f80000)
  from space 11264K, 0% used [0x00000000d7f80000,0x00000000d7f80000,0x00000000d8a80000)
  to   space 11264K, 0% used [0x00000000da780000,0x00000000da780000,0x00000000db280000)
 ParOldGen       total 45568K, used 21953K [0x0000000082200000, 0x0000000084e80000, 0x00000000d6100000)
  object space 45568K, 48% used [0x0000000082200000,0x0000000083770698,0x0000000084e80000)
 Metaspace       used 33905K, capacity 35202K, committed 35416K, reserved 1079296K
  class space    used 4741K, capacity 5031K, committed 5120K, reserved 1048576K
}

Deoptimization events (10 events):
Event: 10.349 Thread 0x00000000199f0800 Uncommon trap: reason=bimorphic action=maybe_recompile pc=0x0000000003c160d0 method=java.io.FilterInputStream.read()I @ 4
Event: 10.349 Thread 0x00000000199f0800 Uncommon trap: reason=bimorphic action=maybe_recompile pc=0x0000000003c160d0 method=java.io.FilterInputStream.read()I @ 4
Event: 10.424 Thread 0x00000000199f0800 Uncommon trap: reason=unstable_if action=reinterpret pc=0x000000000378f908 method=java.lang.ThreadLocal$ThreadLocalMap.getEntry(Ljava/lang/ThreadLocal;)Ljava/lang/ThreadLocal$ThreadLocalMap$Entry; @ 29
Event: 10.442 Thread 0x00000000199f0800 Uncommon trap: reason=unstable_if action=reinterpret pc=0x000000000379821c method=java.lang.ThreadLocal$ThreadLocalMap.getEntry(Ljava/lang/ThreadLocal;)Ljava/lang/ThreadLocal$ThreadLocalMap$Entry; @ 29
Event: 10.469 Thread 0x00000000199f0800 Uncommon trap: reason=unstable_if action=reinterpret pc=0x0000000003adb9fc method=java.util.ArrayList.remove(I)Ljava/lang/Object; @ 31
Event: 11.462 Thread 0x00000000199f0800 Uncommon trap: reason=class_check action=maybe_recompile pc=0x0000000003c6d2ec method=java.util.regex.Matcher.search(I)Z @ 86
Event: 11.462 Thread 0x00000000199f0800 Uncommon trap: reason=class_check action=maybe_recompile pc=0x0000000003c6d2ec method=java.util.regex.Matcher.search(I)Z @ 86
Event: 11.462 Thread 0x00000000199f0800 Uncommon trap: reason=class_check action=maybe_recompile pc=0x0000000003c6d2ec method=java.util.regex.Matcher.search(I)Z @ 86
Event: 11.462 Thread 0x00000000199f0800 Uncommon trap: reason=class_check action=maybe_recompile pc=0x0000000003c6d2ec method=java.util.regex.Matcher.search(I)Z @ 86
Event: 11.462 Thread 0x00000000199f0800 Uncommon trap: reason=class_check action=maybe_recompile pc=0x00000000036d46c4 method=java.util.regex.Matcher.search(I)Z @ 86

Classes redefined (0 events):
No events

Internal exceptions (10 events):
Event: 9.937 Thread 0x00000000199f0800 Exception <a 'java/lang/ClassNotFoundException': com/sun/org/glassfish/hk2/osgiresourcelocator/ServiceLoader> (0x00000000d6f39470) thrown at [C:\re\workspace\8-2-build-windows-amd64-cygwin\jdk8u191\11896\hotspot\src\share\vm\classfile\systemDictionary.cpp
Event: 9.975 Thread 0x00000000199f0800 Exception <a 'java/lang/NullPointerException'> (0x00000000d6f47500) thrown at [C:\re\workspace\8-2-build-windows-amd64-cygwin\jdk8u191\11896\hotspot\src\share\vm\interpreter\linkResolver.cpp, line 1287]
Event: 10.086 Thread 0x00000000199f0800 Exception <a 'java/lang/ArrayIndexOutOfBoundsException'> (0x00000000d6fdf1d0) thrown at [C:\re\workspace\8-2-build-windows-amd64-cygwin\jdk8u191\11896\hotspot\src\share\vm\runtime\sharedRuntime.cpp, line 605]
Event: 10.086 Thread 0x00000000199f0800 Exception <a 'java/lang/ArrayIndexOutOfBoundsException'> (0x00000000d6fe08a0) thrown at [C:\re\workspace\8-2-build-windows-amd64-cygwin\jdk8u191\11896\hotspot\src\share\vm\runtime\sharedRuntime.cpp, line 605]
Event: 10.092 Thread 0x00000000199f0800 Exception <a 'java/lang/ArrayIndexOutOfBoundsException': 79> (0x00000000d7035718) thrown at [C:\re\workspace\8-2-build-windows-amd64-cygwin\jdk8u191\11896\hotspot\src\share\vm\interpreter\interpreterRuntime.cpp, line 366]
Event: 10.092 Thread 0x00000000199f0800 Exception <a 'java/lang/ArrayIndexOutOfBoundsException': 38> (0x00000000d7036838) thrown at [C:\re\workspace\8-2-build-windows-amd64-cygwin\jdk8u191\11896\hotspot\src\share\vm\interpreter\interpreterRuntime.cpp, line 366]
Event: 10.092 Thread 0x00000000199f0800 Exception <a 'java/lang/ArrayIndexOutOfBoundsException': 81> (0x00000000d7037bf0) thrown at [C:\re\workspace\8-2-build-windows-amd64-cygwin\jdk8u191\11896\hotspot\src\share\vm\interpreter\interpreterRuntime.cpp, line 366]
Event: 10.092 Thread 0x00000000199f0800 Exception <a 'java/lang/ArrayIndexOutOfBoundsException': 83> (0x00000000d7038f90) thrown at [C:\re\workspace\8-2-build-windows-amd64-cygwin\jdk8u191\11896\hotspot\src\share\vm\interpreter\interpreterRuntime.cpp, line 366]
Event: 10.092 Thread 0x00000000199f0800 Exception <a 'java/lang/ArrayIndexOutOfBoundsException': 78> (0x00000000d703a308) thrown at [C:\re\workspace\8-2-build-windows-amd64-cygwin\jdk8u191\11896\hotspot\src\share\vm\interpreter\interpreterRuntime.cpp, line 366]
Event: 11.475 Thread 0x00000000199f0800 Exception <a 'java/lang/NullPointerException'> (0x00000000d7b66638) thrown at [C:\re\workspace\8-2-build-windows-amd64-cygwin\jdk8u191\11896\hotspot\src\share\vm\runtime\reflection.cpp, line 922]

Events (10 events):
Event: 12.729 loading class org/hibernate/service/internal/SessionFactoryServiceRegistryFactoryImpl
Event: 12.729 loading class org/hibernate/service/internal/SessionFactoryServiceRegistryFactoryImpl done
Event: 12.730 loading class org/hibernate/service/internal/SessionFactoryServiceRegistryImpl
Event: 12.730 loading class org/hibernate/service/internal/SessionFactoryServiceRegistryImpl done
Event: 12.730 loading class org/hibernate/service/internal/StandardSessionFactoryServiceInitiators
Event: 12.730 loading class org/hibernate/service/internal/StandardSessionFactoryServiceInitiators done
Event: 12.730 loading class org/hibernate/event/service/internal/EventListenerServiceInitiator
Event: 12.730 loading class org/hibernate/event/service/internal/EventListenerServiceInitiator done
Event: 12.752 loading class org/hibernate/service/spi/SessionFactoryServiceInitiator
Event: 12.752 loading class org/hibernate/service/spi/SessionFactoryServiceInitiator done


Dynamic libraries:
0x00007ff779400000 - 0x00007ff779437000 	C:\Program Files\Java\jre1.8.0_191\bin\javaw.exe
0x00007ffb7c000000 - 0x00007ffb7c1db000 	C:\Windows\SYSTEM32\ntdll.dll
0x00007ffb79dc0000 - 0x00007ffb79e6e000 	C:\Windows\System32\KERNEL32.DLL
0x00007ffb786f0000 - 0x00007ffb7893a000 	C:\Windows\System32\KERNELBASE.dll
0x00007ffb79d10000 - 0x00007ffb79db1000 	C:\Windows\System32\ADVAPI32.dll
0x00007ffb79ba0000 - 0x00007ffb79c3d000 	C:\Windows\System32\msvcrt.dll
0x00007ffb799d0000 - 0x00007ffb79a29000 	C:\Windows\System32\sechost.dll
0x00007ffb7a770000 - 0x00007ffb7a895000 	C:\Windows\System32\RPCRT4.dll
0x00007ffb7a420000 - 0x00007ffb7a56a000 	C:\Windows\System32\USER32.dll
0x00007ffb78d70000 - 0x00007ffb78d8e000 	C:\Windows\System32\win32u.dll
0x00007ffb79560000 - 0x00007ffb79587000 	C:\Windows\System32\GDI32.dll
0x00007ffb789f0000 - 0x00007ffb78b78000 	C:\Windows\System32\gdi32full.dll
0x00007ffb78cd0000 - 0x00007ffb78d6a000 	C:\Windows\System32\msvcp_win.dll
0x00007ffb78b80000 - 0x00007ffb78c76000 	C:\Windows\System32\ucrtbase.dll
0x00007ffb6ade0000 - 0x00007ffb6b047000 	C:\Windows\WinSxS\amd64_microsoft.windows.common-controls_6595b64144ccf1df_6.0.15063.1155_none_40c7922129a7722b\COMCTL32.dll
0x00007ffb7bd00000 - 0x00007ffb7bff9000 	C:\Windows\System32\combase.dll
0x00007ffb78d90000 - 0x00007ffb78dfa000 	C:\Windows\System32\bcryptPrimitives.dll
0x00007ffb7a5f0000 - 0x00007ffb7a61d000 	C:\Windows\System32\IMM32.DLL
0x00007ffb572c0000 - 0x00007ffb57371000 	C:\Program Files\McAfee\Endpoint Security\Threat Prevention\Ips\EpMPApi.dll
0x00007ffb79500000 - 0x00007ffb79557000 	C:\Windows\System32\WINTRUST.dll
0x00007ffb78490000 - 0x00007ffb784a1000 	C:\Windows\System32\MSASN1.dll
0x00007ffb78520000 - 0x00007ffb786e9000 	C:\Windows\System32\CRYPT32.dll
0x000000005d140000 - 0x000000005d14c000 	C:\Program Files\McAfee\Endpoint Security\Threat Prevention\Ips\EpMPThe.dll
0x000000005bff0000 - 0x000000005c0c2000 	C:\Program Files\Java\jre1.8.0_191\bin\msvcr100.dll
0x000000005c1e0000 - 0x000000005ca84000 	C:\Program Files\Java\jre1.8.0_191\bin\server\jvm.dll
0x00007ffb7a570000 - 0x00007ffb7a578000 	C:\Windows\System32\PSAPI.DLL
0x00007ffb76780000 - 0x00007ffb767a3000 	C:\Windows\SYSTEM32\WINMM.dll
0x00007ffb6b220000 - 0x00007ffb6b22a000 	C:\Windows\SYSTEM32\VERSION.dll
0x00007ffb62ba0000 - 0x00007ffb62ba9000 	C:\Windows\SYSTEM32\WSOCK32.dll
0x00007ffb7a580000 - 0x00007ffb7a5ec000 	C:\Windows\System32\WS2_32.dll
0x00007ffb76720000 - 0x00007ffb7674b000 	C:\Windows\SYSTEM32\winmmbase.dll
0x00007ffb78c80000 - 0x00007ffb78cc9000 	C:\Windows\System32\cfgmgr32.dll
0x000000005c1d0000 - 0x000000005c1df000 	C:\Program Files\Java\jre1.8.0_191\bin\verify.dll
0x000000005c1a0000 - 0x000000005c1c9000 	C:\Program Files\Java\jre1.8.0_191\bin\java.dll
0x000000005c180000 - 0x000000005c196000 	C:\Program Files\Java\jre1.8.0_191\bin\zip.dll
0x00007ffb7a8a0000 - 0x00007ffb7bcd8000 	C:\Windows\System32\SHELL32.dll
0x00007ffb79ed0000 - 0x00007ffb79f7a000 	C:\Windows\System32\shcore.dll
0x00007ffb78e00000 - 0x00007ffb794f1000 	C:\Windows\System32\windows.storage.dll
0x00007ffb79f80000 - 0x00007ffb79fd1000 	C:\Windows\System32\shlwapi.dll
0x00007ffb78500000 - 0x00007ffb78511000 	C:\Windows\System32\kernel.appcore.dll
0x00007ffb784b0000 - 0x00007ffb784fc000 	C:\Windows\System32\powrprof.dll
0x00007ffb78470000 - 0x00007ffb78485000 	C:\Windows\System32\profapi.dll
0x0000000002ee0000 - 0x0000000002ee3000 	C:\Program Files\Java\jre1.8.0_191\bin\api-ms-win-core-console-l1-1-0.dll
0x0000000002ef0000 - 0x0000000002ef3000 	C:\Program Files\Java\jre1.8.0_191\bin\api-ms-win-core-datetime-l1-1-0.dll
0x0000000002f00000 - 0x0000000002f03000 	C:\Program Files\Java\jre1.8.0_191\bin\api-ms-win-core-debug-l1-1-0.dll
0x0000000002f20000 - 0x0000000002f23000 	C:\Program Files\Java\jre1.8.0_191\bin\api-ms-win-core-errorhandling-l1-1-0.dll
0x0000000002f30000 - 0x0000000002f34000 	C:\Program Files\Java\jre1.8.0_191\bin\api-ms-win-core-file-l1-1-0.dll
0x0000000002f40000 - 0x0000000002f43000 	C:\Program Files\Java\jre1.8.0_191\bin\api-ms-win-core-file-l1-2-0.dll
0x0000000002f50000 - 0x0000000002f53000 	C:\Program Files\Java\jre1.8.0_191\bin\api-ms-win-core-file-l2-1-0.dll
0x0000000002f60000 - 0x0000000002f63000 	C:\Program Files\Java\jre1.8.0_191\bin\api-ms-win-core-handle-l1-1-0.dll
0x0000000002f70000 - 0x0000000002f73000 	C:\Program Files\Java\jre1.8.0_191\bin\api-ms-win-core-heap-l1-1-0.dll
0x0000000002f80000 - 0x0000000002f83000 	C:\Program Files\Java\jre1.8.0_191\bin\api-ms-win-core-interlocked-l1-1-0.dll
0x0000000002f90000 - 0x0000000002f93000 	C:\Program Files\Java\jre1.8.0_191\bin\api-ms-win-core-libraryloader-l1-1-0.dll
0x0000000002fa0000 - 0x0000000002fa3000 	C:\Program Files\Java\jre1.8.0_191\bin\api-ms-win-core-localization-l1-2-0.dll
0x0000000002fb0000 - 0x0000000002fb3000 	C:\Program Files\Java\jre1.8.0_191\bin\api-ms-win-core-memory-l1-1-0.dll
0x0000000002fc0000 - 0x0000000002fc3000 	C:\Program Files\Java\jre1.8.0_191\bin\api-ms-win-core-namedpipe-l1-1-0.dll
0x0000000002fd0000 - 0x0000000002fd3000 	C:\Program Files\Java\jre1.8.0_191\bin\api-ms-win-core-processenvironment-l1-1-0.dll
0x0000000019c20000 - 0x0000000019c23000 	C:\Program Files\Java\jre1.8.0_191\bin\api-ms-win-core-processthreads-l1-1-0.dll
0x0000000019c30000 - 0x0000000019c33000 	C:\Program Files\Java\jre1.8.0_191\bin\api-ms-win-core-processthreads-l1-1-1.dll
0x0000000019c40000 - 0x0000000019c43000 	C:\Program Files\Java\jre1.8.0_191\bin\api-ms-win-core-profile-l1-1-0.dll
0x0000000019c50000 - 0x0000000019c53000 	C:\Program Files\Java\jre1.8.0_191\bin\api-ms-win-core-rtlsupport-l1-1-0.dll
0x0000000019c60000 - 0x0000000019c63000 	C:\Program Files\Java\jre1.8.0_191\bin\api-ms-win-core-string-l1-1-0.dll
0x0000000019c70000 - 0x0000000019c73000 	C:\Program Files\Java\jre1.8.0_191\bin\api-ms-win-core-synch-l1-1-0.dll
0x0000000019c80000 - 0x0000000019c83000 	C:\Program Files\Java\jre1.8.0_191\bin\api-ms-win-core-synch-l1-2-0.dll
0x0000000019c90000 - 0x0000000019c93000 	C:\Program Files\Java\jre1.8.0_191\bin\api-ms-win-core-sysinfo-l1-1-0.dll
0x0000000019ca0000 - 0x0000000019ca3000 	C:\Program Files\Java\jre1.8.0_191\bin\api-ms-win-core-timezone-l1-1-0.dll
0x0000000019cb0000 - 0x0000000019cb3000 	C:\Program Files\Java\jre1.8.0_191\bin\api-ms-win-core-util-l1-1-0.dll
0x0000000019cc0000 - 0x0000000019cc3000 	C:\Program Files\Java\jre1.8.0_191\bin\api-ms-win-crt-conio-l1-1-0.dll
0x0000000019cd0000 - 0x0000000019cd4000 	C:\Program Files\Java\jre1.8.0_191\bin\api-ms-win-crt-convert-l1-1-0.dll
0x0000000019ce0000 - 0x0000000019ce3000 	C:\Program Files\Java\jre1.8.0_191\bin\api-ms-win-crt-environment-l1-1-0.dll
0x0000000019cf0000 - 0x0000000019cf3000 	C:\Program Files\Java\jre1.8.0_191\bin\api-ms-win-crt-filesystem-l1-1-0.dll
0x0000000019d00000 - 0x0000000019d03000 	C:\Program Files\Java\jre1.8.0_191\bin\api-ms-win-crt-heap-l1-1-0.dll
0x0000000019d10000 - 0x0000000019d13000 	C:\Program Files\Java\jre1.8.0_191\bin\api-ms-win-crt-locale-l1-1-0.dll
0x0000000019d20000 - 0x0000000019d25000 	C:\Program Files\Java\jre1.8.0_191\bin\api-ms-win-crt-math-l1-1-0.dll
0x0000000019d30000 - 0x0000000019d35000 	C:\Program Files\Java\jre1.8.0_191\bin\api-ms-win-crt-multibyte-l1-1-0.dll
0x0000000019d40000 - 0x0000000019d50000 	C:\Program Files\Java\jre1.8.0_191\bin\api-ms-win-crt-private-l1-1-0.dll
0x0000000019d50000 - 0x0000000019d53000 	C:\Program Files\Java\jre1.8.0_191\bin\api-ms-win-crt-process-l1-1-0.dll
0x0000000019d60000 - 0x0000000019d64000 	C:\Program Files\Java\jre1.8.0_191\bin\api-ms-win-crt-runtime-l1-1-0.dll
0x0000000019d70000 - 0x0000000019d74000 	C:\Program Files\Java\jre1.8.0_191\bin\api-ms-win-crt-stdio-l1-1-0.dll
0x0000000019d80000 - 0x0000000019d84000 	C:\Program Files\Java\jre1.8.0_191\bin\api-ms-win-crt-string-l1-1-0.dll
0x0000000019d90000 - 0x0000000019d93000 	C:\Program Files\Java\jre1.8.0_191\bin\api-ms-win-crt-time-l1-1-0.dll
0x0000000019da0000 - 0x0000000019da3000 	C:\Program Files\Java\jre1.8.0_191\bin\api-ms-win-crt-utility-l1-1-0.dll
0x00007ffb675d0000 - 0x00007ffb676c6000 	C:\Program Files\Java\jre1.8.0_191\bin\ucrtbase.dll
0x00007ffb75e80000 - 0x00007ffb75e96000 	C:\Program Files\Java\jre1.8.0_191\bin\vcruntime140.dll
0x00007ffb6b720000 - 0x00007ffb6b7bc000 	C:\Program Files\Java\jre1.8.0_191\bin\msvcp140.dll
0x00007ffb75c80000 - 0x00007ffb75cd1000 	C:\Program Files\Java\jre1.8.0_191\bin\concrt140.dll
0x000000005bfc0000 - 0x000000005bfe3000 	C:\Program Files\Java\jre1.8.0_191\bin\prism_d3d.dll
0x00007ffb56640000 - 0x00007ffb567c9000 	C:\Windows\system32\d3d9.dll
0x00007ffb766c0000 - 0x00007ffb766ea000 	C:\Windows\SYSTEM32\dwmapi.dll
0x00007ffb76970000 - 0x00007ffb76a05000 	C:\Windows\system32\uxtheme.dll
0x00007ffb561a0000 - 0x00007ffb56377000 	C:\Windows\System32\DriverStore\FileRepository\ki127171.inf_amd64_368f8c7337214025\igdumdim64.dll
0x00007ffb31730000 - 0x00007ffb3472d000 	C:\Windows\System32\DriverStore\FileRepository\ki127171.inf_amd64_368f8c7337214025\igd9dxva64.dll
0x00007ffb7a620000 - 0x00007ffb7a765000 	C:\Windows\System32\ole32.dll
0x00007ffb79c50000 - 0x00007ffb79d10000 	C:\Windows\System32\OLEAUT32.dll
0x000000005bf70000 - 0x000000005bfb9000 	C:\Program Files\Java\jre1.8.0_191\bin\glass.dll
0x00007ffb7a110000 - 0x00007ffb7a218000 	C:\Windows\System32\COMDLG32.dll
0x00007ffb79a30000 - 0x00007ffb79b96000 	C:\Windows\System32\MSCTF.dll
0x00007ffb6fca0000 - 0x00007ffb71a35000 	C:\Windows\System32\DriverStore\FileRepository\ki127171.inf_amd64_368f8c7337214025\igc64.dll
0x000000005bf50000 - 0x000000005bf64000 	C:\Program Files\Java\jre1.8.0_191\bin\javafx_font.dll
0x0000000058890000 - 0x000000005bf4a000 	C:\Program Files\Java\jre1.8.0_191\bin\jfxwebkit.dll
0x00007ffb77ec0000 - 0x00007ffb77ed7000 	C:\Windows\SYSTEM32\CRYPTSP.dll
0x00007ffb77600000 - 0x00007ffb77634000 	C:\Windows\system32\rsaenh.dll
0x00007ffb78030000 - 0x00007ffb78055000 	C:\Windows\SYSTEM32\bcrypt.dll
0x00007ffb77ee0000 - 0x00007ffb77eeb000 	C:\Windows\SYSTEM32\CRYPTBASE.dll
0x00007ffb6e750000 - 0x00007ffb6ea0f000 	C:\Windows\SYSTEM32\dwrite.dll
0x00007ffb783a0000 - 0x00007ffb783c9000 	C:\Windows\SYSTEM32\USERENV.dll
0x000000005c160000 - 0x000000005c17a000 	C:\Program Files\Java\jre1.8.0_191\bin\net.dll
0x00007ffb77d20000 - 0x00007ffb77d7c000 	C:\Windows\system32\mswsock.dll
0x00007ffb77ac0000 - 0x00007ffb77af7000 	C:\Windows\SYSTEM32\IPHLPAPI.DLL
0x00007ffb7a080000 - 0x00007ffb7a088000 	C:\Windows\System32\NSI.dll
0x00007ffb71fb0000 - 0x00007ffb71fc6000 	C:\Windows\SYSTEM32\dhcpcsvc6.DLL
0x00007ffb71f90000 - 0x00007ffb71faa000 	C:\Windows\SYSTEM32\dhcpcsvc.DLL
0x000000005c140000 - 0x000000005c151000 	C:\Program Files\Java\jre1.8.0_191\bin\nio.dll
0x000000005c110000 - 0x000000005c134000 	C:\Program Files\Java\jre1.8.0_191\bin\sunec.dll
0x000000005c100000 - 0x000000005c10b000 	C:\Program Files\Java\jre1.8.0_191\bin\sunmscapi.dll
0x00007ffb77b00000 - 0x00007ffb77ba4000 	C:\Windows\SYSTEM32\DNSAPI.dll
0x00007ffb6c670000 - 0x00007ffb6c67a000 	C:\Windows\System32\rasadhlp.dll
0x00007ffb738d0000 - 0x00007ffb7393b000 	C:\Windows\System32\fwpuclnt.dll
0x00007ffb79fe0000 - 0x00007ffb7a07e000 	C:\Windows\System32\clbcatq.dll
0x00007ffb73a40000 - 0x00007ffb73bec000 	C:\Windows\SYSTEM32\WindowsCodecs.dll
0x00007ffb622d0000 - 0x00007ffb62317000 	C:\Windows\system32\dataexchange.dll
0x00007ffb6ec60000 - 0x00007ffb6ed83000 	C:\Windows\system32\dcomp.dll
0x00007ffb757d0000 - 0x00007ffb75aaf000 	C:\Windows\system32\d3d11.dll
0x00007ffb77180000 - 0x00007ffb77224000 	C:\Windows\system32\dxgi.dll
0x00007ffb76c50000 - 0x00007ffb76dc0000 	C:\Windows\system32\twinapi.appcore.dll
0x00007ffb75c20000 - 0x00007ffb75c51000 	C:\Program Files\Common Files\Microsoft Shared\Ink\rtscom.dll
0x0000000058870000 - 0x0000000058882000 	C:\Program Files\Java\jre1.8.0_191\bin\prism_common.dll
0x00007ffb5c370000 - 0x00007ffb5c914000 	C:\Windows\SYSTEM32\d2d1.dll

VM Arguments:
jvm_args: -Dfile.encoding=UTF-8 
java_command: principal.Principal
java_class_path (initial): C:\Program Files\Java\jre1.8.0_191\lib\resources.jar;C:\Program Files\Java\jre1.8.0_191\lib\rt.jar;C:\Program Files\Java\jre1.8.0_191\lib\jsse.jar;C:\Program Files\Java\jre1.8.0_191\lib\jce.jar;C:\Program Files\Java\jre1.8.0_191\lib\charsets.jar;C:\Program Files\Java\jre1.8.0_191\lib\jfr.jar;C:\Program Files\Java\jre1.8.0_191\lib\ext\access-bridge-64.jar;C:\Program Files\Java\jre1.8.0_191\lib\ext\cldrdata.jar;C:\Program Files\Java\jre1.8.0_191\lib\ext\dnsns.jar;C:\Program Files\Java\jre1.8.0_191\lib\ext\jaccess.jar;C:\Program Files\Java\jre1.8.0_191\lib\ext\jfxrt.jar;C:\Program Files\Java\jre1.8.0_191\lib\ext\localedata.jar;C:\Program Files\Java\jre1.8.0_191\lib\ext\nashorn.jar;C:\Program Files\Java\jre1.8.0_191\lib\ext\sunec.jar;C:\Program Files\Java\jre1.8.0_191\lib\ext\sunjce_provider.jar;C:\Program Files\Java\jre1.8.0_191\lib\ext\sunmscapi.jar;C:\Program Files\Java\jre1.8.0_191\lib\ext\sunpkcs11.jar;C:\Program Files\Java\jre1.8.0_191\lib\ext\zipfs.jar;C:\Users\fabricio.barrozo\eclipse-workspace\adasa4\target\classes;C:\Users\fabricio.barrozo\.m2\repository\commons-codec\commons-codec\1.11\commons-codec-1.11.jar;C:\Users\fabricio.barrozo\.m2\repository\com\microsoft\sqlserver\mssql-jdbc\7.0.0.jre8\mssql-jdbc-7.0.0.jre8.jar;C:\Users\fabricio.barrozo\.m2\repository\org\hibernate\hibernate-spatial\5.1.0.Final\hibernate-spatial-5.1.0.Final.jar;C:\Users\fabricio.barrozo\.m2\repository\org\jboss\logging\jboss-logging\3.3.0.Final\jboss-logging-3.3.0.Final.jar;C:\Users\fabricio.barrozo\.m2\repository\org\hibernate\hibernate-core\5.1.0.Final\hibernate-core-5.1.0.Final.jar;C:\Users\fabricio.barrozo\.m2\repository\org\hibernate\javax\persistence\hibernate-jpa-2.1-api\1.0.0.Final\hibernate-jpa-2.1-api-1.0.0.Final.jar;C:\Users\fabricio.barrozo\.m2\repository\org\javassist\javassist\3.20.0-GA\javassist-3.20.0-GA.jar;C:\Users\fabricio.barrozo\.m2\repository\antlr\antlr\2.7.7\antlr-2.7.7.jar;C:\Users\fabricio.barrozo\.m2\repository\org\apache\geronim
Launcher Type: SUN_STANDARD

Environment Variables:
JAVA_HOME=C:\Program Files\Java\jdk1.8.0_191
PATH=C:/Program Files/Java/jre1.8.0_191/bin/server;C:/Program Files/Java/jre1.8.0_191/bin;C:/Program Files/Java/jre1.8.0_191/lib/amd64;C:\Program Files (x86)\Common Files\Oracle\Java\javapath;C:\ProgramData\Oracle\Java\javapath;C:\Program Files (x86)\Intel\iCLS Client\;C:\Program Files\Intel\iCLS Client\;C:\Windows\system32;C:\Windows;C:\Windows\System32\Wbem;C:\Windows\System32\WindowsPowerShell\v1.0\;C:\Program Files (x86)\Intel\Intel(R) Management Engine Components\DAL;C:\Program Files\Intel\Intel(R) Management Engine Components\DAL;C:\Program Files (x86)\Intel\Intel(R) Management Engine Components\IPT;C:\Program Files\Intel\Intel(R) Management Engine Components\IPT;C:\Program Files\Intel\WiFi\bin\;C:\Program Files\Common Files\Intel\WirelessCommon\;c:\Program Files\Microsoft SQL Server\110\Tools\Binn\;c:\Program Files (x86)\Microsoft SQL Server\110\Tools\Binn\ManagementStudio\;c:\Program Files (x86)\Microsoft SQL Server\110\Tools\Binn\;c:\Program Files (x86)\Microsoft SQL Server\110\DTS\Binn\;C:\apache-maven-3.6.0\bin;C:\Program Files\Microsoft SQL Server Migration Assistant for Access\bin\;C:\Users\fabricio.barrozo\AppData\Local\Microsoft\WindowsApps;;C:\Windows\System32;
USERNAME=fabricio.barrozo
OS=Windows_NT
PROCESSOR_IDENTIFIER=Intel64 Family 6 Model 94 Stepping 3, GenuineIntel



---------------  S Y S T E M  ---------------

OS: Windows 10.0 , 64 bit Build 15063 (10.0.15063.1058)

CPU:total 4 (initial active 4) (4 cores per cpu, 1 threads per core) family 6 model 94 stepping 3, cmov, cx8, fxsr, mmx, sse, sse2, sse3, ssse3, sse4.1, sse4.2, popcnt, avx, avx2, aes, clmul, erms, rtm, 3dnowpref, lzcnt, tsc, tscinvbit, bmi1, bmi2, adx

Memory: 4k page, physical 8249056k(1521680k free), swap 10196704k(5432k free)

vm_info: Java HotSpot(TM) 64-Bit Server VM (25.191-b12) for windows-amd64 JRE (1.8.0_191-b12), built on Oct  6 2018 09:29:03 by "java_re" with MS VC++ 10.0 (VS2010)

time: Tue Sep 03 17:41:28 2019
elapsed time: 12 seconds (0d 0h 0m 12s)

