#
# A fatal error has been detected by the Java Runtime Environment:
#
#  EXCEPTION_UNCAUGHT_CXX_EXCEPTION (0xe06d7363) at pc=0x00007ffbf02c56b8, pid=11032, tid=0x0000000000001438
#
# JRE version: Java(TM) SE Runtime Environment (8.0_191-b12) (build 1.8.0_191-b12)
# Java VM: Java HotSpot(TM) 64-Bit Server VM (25.191-b12 mixed mode windows-amd64 compressed oops)
# Problematic frame:
# C  [KERNELBASE.dll+0x656b8]
#
# Failed to write core dump. Minidumps are not enabled by default on client versions of Windows
#
# If you would like to submit a bug report, please visit:
#   http://bugreport.java.com/bugreport/crash.jsp
# The crash happened outside the Java Virtual Machine in native code.
# See problematic frame for where to report the bug.
#

---------------  T H R E A D  ---------------

Current thread (0x0000000019838800):  JavaThread "JavaFX Application Thread" [_thread_in_native, id=5176, stack(0x000000001a0d0000,0x000000001a1d0000)]

siginfo: ExceptionCode=0xe06d7363, ExceptionInformation=0x0000000019930520 0x000000001a1cd130 0x000000006261ddf0 0x000000005f250000 

Registers:
RAX=0x0000000000000000, RBX=0x0000000000000420, RCX=0x0000000100041200, RDX=0x0000000000000000
RSP=0x000000001a1ccfb0, RBP=0x000000001a1cd0f0, RSI=0x000000006261ddf0, RDI=0x00000000000d8820
R8 =0x000000000000412b, R9 =0x0000000000000000, R10=0x0000000000000530, R11=0x0000000100800003
R12=0x0000000000000000, R13=0x0000000034606ac0, R14=0x000000001a1cd130, R15=0x00000000fff277e3
RIP=0x00007ffbf02c56b8, EFLAGS=0x0000000000000202

Top of Stack: (sp=0x000000001a1ccfb0)
0x000000001a1ccfb0:   0000000000000043 0000000000000420
0x000000001a1ccfc0:   000000006261ddf0 00000000000d8820
0x000000001a1ccfd0:   00000001e06d7363 0000000000000000
0x000000001a1ccfe0:   00007ffbf02c56b8 0000000000000004
0x000000001a1ccff0:   0000000019930520 000000001a1cd130
0x000000001a1cd000:   000000006261ddf0 000000005f250000
0x000000001a1cd010:   000000001a1cd130 0000000000000000
0x000000001a1cd020:   00000000000d8820 000000006261ddf0
0x000000001a1cd030:   000000001a1cd0f0 00007ffbf31e82f3
0x000000001a1cd040:   000000001a1cd110 00007ffb00000000
0x000000001a1cd050:   0000000000000000 0000000000000000
0x000000001a1cd060:   0000000062719000 000000005f250000
0x000000001a1cd070:   00007f442ec303a2 00007ffbf320d5b0
0x000000001a1cd080:   0000000000000420 00007ffbe83444f2
0x000000001a1cd090:   0000000000000000 0000000100000002
0x000000001a1cd0a0:   0000000000fc0001 00007ffbf320d5b0 

Instructions: (pc=0x00007ffbf02c56b8)
0x00007ffbf02c5698:   49 8b d1 44 0f 47 c0 44 89 44 24 38 49 c1 e0 03
0x00007ffbf02c56a8:   e8 6b 2a 02 00 48 8d 4c 24 20 ff 15 30 10 10 00
0x00007ffbf02c56b8:   48 8b 8c 24 c0 00 00 00 48 33 cc e8 88 fc 01 00
0x00007ffbf02c56c8:   48 81 c4 d8 00 00 00 c3 83 64 24 38 00 eb d6 cc 


Register to memory mapping:

RAX=0x0000000000000000 is an unknown value
RBX=0x0000000000000420 is an unknown value
RCX=0x0000000100041200 is pointing into metadata
RDX=0x0000000000000000 is an unknown value
RSP=0x000000001a1ccfb0 is pointing into the stack for thread: 0x0000000019838800
RBP=0x000000001a1cd0f0 is pointing into the stack for thread: 0x0000000019838800
RSI=0x000000006261ddf0 is an unknown value
RDI=0x00000000000d8820 is an unknown value
R8 =0x000000000000412b is an unknown value
R9 =0x0000000000000000 is an unknown value
R10=0x0000000000000530 is an unknown value
R11=0x0000000100800003 is an unknown value
R12=0x0000000000000000 is an unknown value
R13=0x0000000034606ac0 is an unknown value
R14=0x000000001a1cd130 is pointing into the stack for thread: 0x0000000019838800
R15=0x00000000fff277e3 is an unallocated location in the heap


Stack: [0x000000001a0d0000,0x000000001a1d0000],  sp=0x000000001a1ccfb0,  free space=1011k
Native frames: (J=compiled Java code, j=interpreted, Vv=VM code, C=native code)
C  [KERNELBASE.dll+0x656b8]

Java frames: (J=compiled Java code, j=interpreted, Vv=VM code)
J 5190  com.sun.webkit.network.URLLoader.twkDidReceiveData(Ljava/nio/ByteBuffer;IIJ)V (0 bytes) @ 0x00000000037c0f1f [0x00000000037c0ec0+0x5f]
J 5189 C1 com.sun.webkit.network.URLLoader.notifyDidReceiveData(Ljava/nio/ByteBuffer;II)V (69 bytes) @ 0x000000000378f304 [0x000000000378dc60+0x16a4]
J 5028 C1 com.sun.webkit.network.URLLoader$$Lambda$122.run()V (16 bytes) @ 0x0000000003ed0294 [0x0000000003ed0000+0x294]
J 6276 C2 com.sun.javafx.application.PlatformImpl$$Lambda$49.run()Ljava/lang/Object; (8 bytes) @ 0x0000000003dc79c4 [0x0000000003dc7980+0x44]
v  ~StubRoutines::call_stub
J 2600  java.security.AccessController.doPrivileged(Ljava/security/PrivilegedAction;Ljava/security/AccessControlContext;)Ljava/lang/Object; (0 bytes) @ 0x000000000381a9a6 [0x000000000381a940+0x66]
J 6273 C2 com.sun.javafx.application.PlatformImpl$$Lambda$48.run()V (12 bytes) @ 0x00000000037bc850 [0x00000000037bc7c0+0x90]
J 5799 C2 com.sun.glass.ui.InvokeLaterDispatcher$Future.run()V (91 bytes) @ 0x00000000033f3f48 [0x00000000033f3f00+0x48]
v  ~StubRoutines::call_stub
j  com.sun.glass.ui.win.WinApplication._runLoop(Ljava/lang/Runnable;)V+0
j  com.sun.glass.ui.win.WinApplication.lambda$null$147(ILjava/lang/Runnable;)V+8
j  com.sun.glass.ui.win.WinApplication$$Lambda$37.run()V+12
j  java.lang.Thread.run()V+11
v  ~StubRoutines::call_stub

---------------  P R O C E S S  ---------------

Java Threads: ( => current thread )
  0x0000000023a01800 JavaThread "URL-Loader-48" daemon [_thread_blocked, id=12772, stack(0x0000000041380000,0x0000000041480000)]
  0x00000000239fc000 JavaThread "Keep-Alive-Timer" daemon [_thread_blocked, id=1448, stack(0x0000000041280000,0x0000000041380000)]
  0x0000000023a03000 JavaThread "URL-Loader-47" daemon [_thread_blocked, id=11732, stack(0x0000000041080000,0x0000000041180000)]
  0x00000000210e5800 JavaThread "Disposer" daemon [_thread_blocked, id=14716, stack(0x0000000023620000,0x0000000023720000)]
  0x0000000021000800 JavaThread "Prism Font Disposer" daemon [_thread_blocked, id=7252, stack(0x0000000022d20000,0x0000000022e20000)]
  0x0000000020a4c000 JavaThread "Thread-3" daemon [_thread_in_native, id=216, stack(0x00000000211d0000,0x00000000212d0000)]
  0x0000000020a2d800 JavaThread "JavaFX-Launcher" [_thread_blocked, id=12588, stack(0x00000000212d0000,0x00000000213d0000)]
=>0x0000000019838800 JavaThread "JavaFX Application Thread" [_thread_in_native, id=5176, stack(0x000000001a0d0000,0x000000001a1d0000)]
  0x0000000019837000 JavaThread "Thread-1" daemon [_thread_blocked, id=12816, stack(0x0000000019fd0000,0x000000001a0d0000)]
  0x000000001982b000 JavaThread "QuantumRenderer-0" daemon [_thread_blocked, id=4588, stack(0x0000000019cb0000,0x0000000019db0000)]
  0x0000000017b2d800 JavaThread "Service Thread" daemon [_thread_blocked, id=7520, stack(0x0000000019840000,0x0000000019940000)]
  0x0000000017adf800 JavaThread "C1 CompilerThread2" daemon [_thread_blocked, id=12684, stack(0x0000000019340000,0x0000000019440000)]
  0x0000000017adc800 JavaThread "C2 CompilerThread1" daemon [_thread_blocked, id=13496, stack(0x0000000019240000,0x0000000019340000)]
  0x0000000017ad6800 JavaThread "C2 CompilerThread0" daemon [_thread_blocked, id=9360, stack(0x0000000019140000,0x0000000019240000)]
  0x0000000017ad4800 JavaThread "Attach Listener" daemon [_thread_blocked, id=12472, stack(0x0000000019040000,0x0000000019140000)]
  0x0000000017ad3000 JavaThread "Signal Dispatcher" daemon [_thread_blocked, id=14592, stack(0x0000000018f40000,0x0000000019040000)]
  0x0000000017ac0000 JavaThread "Finalizer" daemon [_thread_blocked, id=4292, stack(0x0000000018d40000,0x0000000018e40000)]
  0x0000000002ff5000 JavaThread "Reference Handler" daemon [_thread_blocked, id=5768, stack(0x0000000018c40000,0x0000000018d40000)]
  0x0000000002f06000 JavaThread "main" [_thread_blocked, id=8216, stack(0x0000000002dc0000,0x0000000002ec0000)]

Other Threads:
  0x0000000017a98000 VMThread [stack: 0x0000000018b40000,0x0000000018c40000] [id=15216]
  0x00000000194b5000 WatcherThread [stack: 0x0000000019940000,0x0000000019a40000] [id=14928]

VM state:not at safepoint (normal execution)

VM Mutex/Monitor currently owned by a thread: None

Heap:
 PSYoungGen      total 285184K, used 66662K [0x00000000d6100000, 0x00000000e8b80000, 0x0000000100000000)
  eden space 277504K, 21% used [0x00000000d6100000,0x00000000d9b01e18,0x00000000e7000000)
  from space 7680K, 94% used [0x00000000e8400000,0x00000000e8b17b08,0x00000000e8b80000)
  to   space 10752K, 0% used [0x00000000e7680000,0x00000000e7680000,0x00000000e8100000)
 ParOldGen       total 71680K, used 35618K [0x0000000082200000, 0x0000000086800000, 0x00000000d6100000)
  object space 71680K, 49% used [0x0000000082200000,0x00000000844c8978,0x0000000086800000)
 Metaspace       used 26942K, capacity 28498K, committed 28800K, reserved 1075200K
  class space    used 3572K, capacity 3879K, committed 3968K, reserved 1048576K

Card table byte_map: [0x00000000123c0000,0x00000000127b0000] byte_map_base: 0x0000000011faf000

Marking Bits: (ParMarkBitMap*) 0x0000000064443e30
 Begin Bits: [0x0000000012e50000, 0x0000000014dc8000)
 End Bits:   [0x0000000014dc8000, 0x0000000016d40000)

Polling page: 0x00000000014c0000

CodeCache: size=245760Kb used=17926Kb max_used=18095Kb free=227833Kb
 bounds [0x0000000003000000, 0x00000000041d0000, 0x0000000012000000]
 total_blobs=6390 nmethods=5588 adapters=712
 compilation: enabled

Compilation events (10 events):
Event: 93.943 Thread 0x0000000017adf800 6668       3       sun.net.www.protocol.http.HttpURLConnection$StreamingOutputStream::checkError (53 bytes)
Event: 93.944 Thread 0x0000000017adf800 nmethod 6668 0x0000000003b8bed0 code [0x0000000003b8c080, 0x0000000003b8c548]
Event: 93.944 Thread 0x0000000017adf800 6669       3       com.sun.webkit.network.URLLoader::didSendData (13 bytes)
Event: 93.944 Thread 0x0000000017adf800 nmethod 6669 0x00000000039876d0 code [0x00000000039878e0, 0x0000000003988578]
Event: 94.225 Thread 0x0000000017adf800 6671       1       java.io.ByteArrayInputStream::close (1 bytes)
Event: 94.225 Thread 0x0000000017adf800 nmethod 6671 0x000000000371ccd0 code [0x000000000371ce20, 0x000000000371cf30]
Event: 94.271 Thread 0x0000000017ad6800 6672       4       com.sun.scenario.animation.AbstractMasterTimer$MainLoop::updateAnimationRunnable (61 bytes)
Event: 94.272 Thread 0x0000000017ad6800 nmethod 6672 0x0000000003985f10 code [0x0000000003986040, 0x00000000039860d8]
Event: 94.721 Thread 0x0000000017adc800 6673       4       com.sun.javafx.geom.LineIterator::currentSegment (92 bytes)
Event: 94.724 Thread 0x0000000017adc800 nmethod 6673 0x0000000003b8ba50 code [0x0000000003b8bba0, 0x0000000003b8bd18]

GC Heap History (10 events):
Event: 38.459 GC heap before
{Heap before GC invocations=11 (full 1):
 PSYoungGen      total 130048K, used 122909K [0x00000000d6100000, 0x00000000e1d80000, 0x0000000100000000)
  eden space 119808K, 97% used [0x00000000d6100000,0x00000000dd3966c0,0x00000000dd600000)
  from space 10240K, 54% used [0x00000000dd600000,0x00000000ddb70d40,0x00000000de000000)
  to   space 10240K, 0% used [0x00000000e1380000,0x00000000e1380000,0x00000000e1d80000)
 ParOldGen       total 71680K, used 19023K [0x0000000082200000, 0x0000000086800000, 0x00000000d6100000)
  object space 71680K, 26% used [0x0000000082200000,0x0000000083493df0,0x0000000086800000)
 Metaspace       used 26545K, capacity 28012K, committed 28288K, reserved 1073152K
  class space    used 3561K, capacity 3866K, committed 3968K, reserved 1048576K
Event: 38.465 GC heap after
Heap after GC invocations=11 (full 1):
 PSYoungGen      total 177152K, used 8925K [0x00000000d6100000, 0x00000000e1c80000, 0x0000000100000000)
  eden space 167936K, 0% used [0x00000000d6100000,0x00000000d6100000,0x00000000e0500000)
  from space 9216K, 96% used [0x00000000e1380000,0x00000000e1c37768,0x00000000e1c80000)
  to   space 10752K, 0% used [0x00000000e0780000,0x00000000e0780000,0x00000000e1200000)
 ParOldGen       total 71680K, used 26161K [0x0000000082200000, 0x0000000086800000, 0x00000000d6100000)
  object space 71680K, 36% used [0x0000000082200000,0x0000000083b8c7d0,0x0000000086800000)
 Metaspace       used 26545K, capacity 28012K, committed 28288K, reserved 1073152K
  class space    used 3561K, capacity 3866K, committed 3968K, reserved 1048576K
}
Event: 50.080 GC heap before
{Heap before GC invocations=12 (full 1):
 PSYoungGen      total 177152K, used 176861K [0x00000000d6100000, 0x00000000e1c80000, 0x0000000100000000)
  eden space 167936K, 100% used [0x00000000d6100000,0x00000000e0500000,0x00000000e0500000)
  from space 9216K, 96% used [0x00000000e1380000,0x00000000e1c37768,0x00000000e1c80000)
  to   space 10752K, 0% used [0x00000000e0780000,0x00000000e0780000,0x00000000e1200000)
 ParOldGen       total 71680K, used 26161K [0x0000000082200000, 0x0000000086800000, 0x00000000d6100000)
  object space 71680K, 36% used [0x0000000082200000,0x0000000083b8c7d0,0x0000000086800000)
 Metaspace       used 26714K, capacity 28222K, committed 28544K, reserved 1073152K
  class space    used 3571K, capacity 3879K, committed 3968K, reserved 1048576K
Event: 50.086 GC heap after
Heap after GC invocations=12 (full 1):
 PSYoungGen      total 181248K, used 5914K [0x00000000d6100000, 0x00000000e5480000, 0x0000000100000000)
  eden space 170496K, 0% used [0x00000000d6100000,0x00000000d6100000,0x00000000e0780000)
  from space 10752K, 55% used [0x00000000e0780000,0x00000000e0d46ba0,0x00000000e1200000)
  to   space 10240K, 0% used [0x00000000e4a80000,0x00000000e4a80000,0x00000000e5480000)
 ParOldGen       total 71680K, used 30297K [0x0000000082200000, 0x0000000086800000, 0x00000000d6100000)
  object space 71680K, 42% used [0x0000000082200000,0x0000000083f966b0,0x0000000086800000)
 Metaspace       used 26714K, capacity 28222K, committed 28544K, reserved 1073152K
  class space    used 3571K, capacity 3879K, committed 3968K, reserved 1048576K
}
Event: 59.517 GC heap before
{Heap before GC invocations=13 (full 1):
 PSYoungGen      total 181248K, used 176410K [0x00000000d6100000, 0x00000000e5480000, 0x0000000100000000)
  eden space 170496K, 100% used [0x00000000d6100000,0x00000000e0780000,0x00000000e0780000)
  from space 10752K, 55% used [0x00000000e0780000,0x00000000e0d46ba0,0x00000000e1200000)
  to   space 10240K, 0% used [0x00000000e4a80000,0x00000000e4a80000,0x00000000e5480000)
 ParOldGen       total 71680K, used 30297K [0x0000000082200000, 0x0000000086800000, 0x00000000d6100000)
  object space 71680K, 42% used [0x0000000082200000,0x0000000083f966b0,0x0000000086800000)
 Metaspace       used 26773K, capacity 28286K, committed 28544K, reserved 1073152K
  class space    used 3571K, capacity 3879K, committed 3968K, reserved 1048576K
Event: 59.519 GC heap after
Heap after GC invocations=13 (full 1):
 PSYoungGen      total 231936K, used 1450K [0x00000000d6100000, 0x00000000e5180000, 0x0000000100000000)
  eden space 224768K, 0% used [0x00000000d6100000,0x00000000d6100000,0x00000000e3c80000)
  from space 7168K, 20% used [0x00000000e4a80000,0x00000000e4beaba0,0x00000000e5180000)
  to   space 10752K, 0% used [0x00000000e3c80000,0x00000000e3c80000,0x00000000e4700000)
 ParOldGen       total 71680K, used 35170K [0x0000000082200000, 0x0000000086800000, 0x00000000d6100000)
  object space 71680K, 49% used [0x0000000082200000,0x0000000084458ac8,0x0000000086800000)
 Metaspace       used 26773K, capacity 28286K, committed 28544K, reserved 1073152K
  class space    used 3571K, capacity 3879K, committed 3968K, reserved 1048576K
}
Event: 78.434 GC heap before
{Heap before GC invocations=14 (full 1):
 PSYoungGen      total 231936K, used 225930K [0x00000000d6100000, 0x00000000e5180000, 0x0000000100000000)
  eden space 224768K, 99% used [0x00000000d6100000,0x00000000e3c37d40,0x00000000e3c80000)
  from space 7168K, 20% used [0x00000000e4a80000,0x00000000e4beaba0,0x00000000e5180000)
  to   space 10752K, 0% used [0x00000000e3c80000,0x00000000e3c80000,0x00000000e4700000)
 ParOldGen       total 71680K, used 35170K [0x0000000082200000, 0x0000000086800000, 0x00000000d6100000)
  object space 71680K, 49% used [0x0000000082200000,0x0000000084458ac8,0x0000000086800000)
 Metaspace       used 26861K, capacity 28362K, committed 28544K, reserved 1073152K
  class space    used 3572K, capacity 3879K, committed 3968K, reserved 1048576K
Event: 78.437 GC heap after
Heap after GC invocations=14 (full 1):
 PSYoungGen      total 235520K, used 6311K [0x00000000d6100000, 0x00000000e8e80000, 0x0000000100000000)
  eden space 224768K, 0% used [0x00000000d6100000,0x00000000d6100000,0x00000000e3c80000)
  from space 10752K, 58% used [0x00000000e3c80000,0x00000000e42a9f78,0x00000000e4700000)
  to   space 10752K, 0% used [0x00000000e8400000,0x00000000e8400000,0x00000000e8e80000)
 ParOldGen       total 71680K, used 35617K [0x0000000082200000, 0x0000000086800000, 0x00000000d6100000)
  object space 71680K, 49% used [0x0000000082200000,0x00000000844c86e8,0x0000000086800000)
 Metaspace       used 26861K, capacity 28362K, committed 28544K, reserved 1073152K
  class space    used 3572K, capacity 3879K, committed 3968K, reserved 1048576K
}
Event: 93.269 GC heap before
{Heap before GC invocations=15 (full 1):
 PSYoungGen      total 235520K, used 231079K [0x00000000d6100000, 0x00000000e8e80000, 0x0000000100000000)
  eden space 224768K, 100% used [0x00000000d6100000,0x00000000e3c80000,0x00000000e3c80000)
  from space 10752K, 58% used [0x00000000e3c80000,0x00000000e42a9f78,0x00000000e4700000)
  to   space 10752K, 0% used [0x00000000e8400000,0x00000000e8400000,0x00000000e8e80000)
 ParOldGen       total 71680K, used 35618K [0x0000000082200000, 0x0000000086800000, 0x00000000d6100000)
  object space 71680K, 49% used [0x0000000082200000,0x00000000844c8978,0x0000000086800000)
 Metaspace       used 26915K, capacity 28426K, committed 28544K, reserved 1073152K
  class space    used 3572K, capacity 3879K, committed 3968K, reserved 1048576K
Event: 93.271 GC heap after
Heap after GC invocations=15 (full 1):
 PSYoungGen      total 285184K, used 7262K [0x00000000d6100000, 0x00000000e8b80000, 0x0000000100000000)
  eden space 277504K, 0% used [0x00000000d6100000,0x00000000d6100000,0x00000000e7000000)
  from space 7680K, 94% used [0x00000000e8400000,0x00000000e8b17b08,0x00000000e8b80000)
  to   space 10752K, 0% used [0x00000000e7680000,0x00000000e7680000,0x00000000e8100000)
 ParOldGen       total 71680K, used 35618K [0x0000000082200000, 0x0000000086800000, 0x00000000d6100000)
  object space 71680K, 49% used [0x0000000082200000,0x00000000844c8978,0x0000000086800000)
 Metaspace       used 26915K, capacity 28426K, committed 28544K, reserved 1073152K
  class space    used 3572K, capacity 3879K, committed 3968K, reserved 1048576K
}

Deoptimization events (10 events):
Event: 56.485 Thread 0x0000000019838800 Uncommon trap: reason=bimorphic action=maybe_recompile pc=0x00000000039eb44c method=javafx.scene.CssStyleHelper.resolveRef(Ljavafx/css/Styleable;Ljava/lang/String;Lcom/sun/javafx/css/StyleMap;Ljava/util/Set;)Lcom/sun/javafx/css/CascadingStyle; @ 91
Event: 56.485 Thread 0x0000000019838800 Uncommon trap: reason=bimorphic action=maybe_recompile pc=0x00000000039eb44c method=javafx.scene.CssStyleHelper.resolveRef(Ljavafx/css/Styleable;Ljava/lang/String;Lcom/sun/javafx/css/StyleMap;Ljava/util/Set;)Lcom/sun/javafx/css/CascadingStyle; @ 91
Event: 56.485 Thread 0x0000000019838800 Uncommon trap: reason=bimorphic action=maybe_recompile pc=0x00000000039eb44c method=javafx.scene.CssStyleHelper.resolveRef(Ljavafx/css/Styleable;Ljava/lang/String;Lcom/sun/javafx/css/StyleMap;Ljava/util/Set;)Lcom/sun/javafx/css/CascadingStyle; @ 91
Event: 62.774 Thread 0x000000001982b000 Uncommon trap: reason=unstable_if action=reinterpret pc=0x00000000038343f8 method=com.sun.prism.d3d.D3DTextureResource.isValid()Z @ 4
Event: 62.774 Thread 0x000000001982b000 Uncommon trap: reason=unstable_if action=reinterpret pc=0x00000000040ea060 method=com.sun.scenario.effect.impl.prism.ps.PPSDrawable.isLost()Z @ 16
Event: 76.121 Thread 0x0000000019838800 Uncommon trap: reason=unstable_if action=reinterpret pc=0x000000000404c1ac method=javafx.scene.Node$MiscProperties.isMouseTransparent()Z @ 4
Event: 76.121 Thread 0x0000000019838800 Uncommon trap: reason=unstable_if action=reinterpret pc=0x0000000003f3c4ac method=javafx.scene.Node$MiscProperties.isMouseTransparent()Z @ 4
Event: 76.129 Thread 0x0000000019838800 Uncommon trap: reason=unstable_if action=reinterpret pc=0x0000000003db2f20 method=javafx.scene.Node.updateBounds()V @ 47
Event: 77.831 Thread 0x000000001982b000 Uncommon trap: reason=unstable_if action=reinterpret pc=0x00000000033f9400 method=com.sun.javafx.geom.Path2D.equals(Ljava/lang/Object;)Z @ 108
Event: 83.184 Thread 0x000000001982b000 Uncommon trap: reason=unstable_if action=reinterpret pc=0x0000000003929244 method=com.sun.scenario.effect.impl.ImagePool.checkOut(Lcom/sun/scenario/effect/impl/Renderer;II)Lcom/sun/scenario/effect/impl/PoolFilterable; @ 201

Classes redefined (0 events):
No events

Internal exceptions (10 events):
Event: 24.922 Thread 0x0000000019838800 Exception <a 'sun/nio/fs/WindowsException'> (0x00000000dc02e988) thrown at [C:\re\workspace\8-2-build-windows-amd64-cygwin\jdk8u191\11896\hotspot\src\share\vm\prims\jni.cpp, line 709]
Event: 24.923 Thread 0x0000000019838800 Exception <a 'sun/nio/fs/WindowsException'> (0x00000000dc02fe50) thrown at [C:\re\workspace\8-2-build-windows-amd64-cygwin\jdk8u191\11896\hotspot\src\share\vm\prims\jni.cpp, line 709]
Event: 46.482 Thread 0x000000001982b000 Implicit null exception at 0x000000000399d094 to 0x000000000399d0f9
Event: 56.531 Thread 0x0000000019838800 Exception <a 'java/lang/ClassNotFoundException': sun/net/www/protocol/about/Handler> (0x00000000dfffc4c0) thrown at [C:\re\workspace\8-2-build-windows-amd64-cygwin\jdk8u191\11896\hotspot\src\share\vm\classfile\systemDictionary.cpp, line 210]
Event: 56.532 Thread 0x0000000019838800 Exception <a 'java/lang/ClassNotFoundException': sun/net/www/protocol/about/Handler> (0x00000000e0005fb0) thrown at [C:\re\workspace\8-2-build-windows-amd64-cygwin\jdk8u191\11896\hotspot\src\share\vm\classfile\systemDictionary.cpp, line 210]
Event: 61.696 Thread 0x0000000019838800 Exception <a 'java/lang/ClassNotFoundException': sun/net/www/protocol/about/Handler> (0x00000000d9b9ba28) thrown at [C:\re\workspace\8-2-build-windows-amd64-cygwin\jdk8u191\11896\hotspot\src\share\vm\classfile\systemDictionary.cpp, line 210]
Event: 62.774 Thread 0x000000001982b000 Implicit null exception at 0x0000000003832be8 to 0x000000000383437d
Event: 62.774 Thread 0x000000001982b000 Implicit null exception at 0x00000000040e9fe8 to 0x00000000040ea055
Event: 65.531 Thread 0x0000000019838800 Exception <a 'sun/nio/fs/WindowsException'> (0x00000000e0fb95f0) thrown at [C:\re\workspace\8-2-build-windows-amd64-cygwin\jdk8u191\11896\hotspot\src\share\vm\prims\jni.cpp, line 709]
Event: 65.531 Thread 0x0000000019838800 Exception <a 'sun/nio/fs/WindowsException'> (0x00000000e0fbaab8) thrown at [C:\re\workspace\8-2-build-windows-amd64-cygwin\jdk8u191\11896\hotspot\src\share\vm\prims\jni.cpp, line 709]

Events (10 events):
Event: 93.946 Executing VM operation: RevokeBias
Event: 93.946 Executing VM operation: RevokeBias done
Event: 93.946 Executing VM operation: RevokeBias
Event: 93.946 Executing VM operation: RevokeBias done
Event: 93.946 Executing VM operation: RevokeBias
Event: 93.946 Executing VM operation: RevokeBias done
Event: 93.946 Executing VM operation: RevokeBias
Event: 93.946 Executing VM operation: RevokeBias done
Event: 95.854 Thread 0x0000000023a02000 Thread added: 0x0000000023a02000
Event: 95.854 Thread 0x0000000023a02000 Thread exited: 0x0000000023a02000


Dynamic libraries:
0x00007ff7d8270000 - 0x00007ff7d82a7000 	C:\Program Files\Java\jre1.8.0_191\bin\javaw.exe
0x00007ffbf31b0000 - 0x00007ffbf338b000 	C:\Windows\SYSTEM32\ntdll.dll
0x00007ffbf1520000 - 0x00007ffbf15ce000 	C:\Windows\System32\KERNEL32.DLL
0x00007ffbf0260000 - 0x00007ffbf04aa000 	C:\Windows\System32\KERNELBASE.dll
0x00007ffbf2d00000 - 0x00007ffbf2da1000 	C:\Windows\System32\ADVAPI32.dll
0x00007ffbf0860000 - 0x00007ffbf08fd000 	C:\Windows\System32\msvcrt.dll
0x00007ffbf0ba0000 - 0x00007ffbf0bf9000 	C:\Windows\System32\sechost.dll
0x00007ffbf0a70000 - 0x00007ffbf0b95000 	C:\Windows\System32\RPCRT4.dll
0x00007ffbf2db0000 - 0x00007ffbf2efa000 	C:\Windows\System32\USER32.dll
0x00007ffbf06f0000 - 0x00007ffbf070e000 	C:\Windows\System32\win32u.dll
0x00007ffbf15d0000 - 0x00007ffbf15f7000 	C:\Windows\System32\GDI32.dll
0x00007ffbf0560000 - 0x00007ffbf06e8000 	C:\Windows\System32\gdi32full.dll
0x00007ffbef890000 - 0x00007ffbef92a000 	C:\Windows\System32\msvcp_win.dll
0x00007ffbef790000 - 0x00007ffbef886000 	C:\Windows\System32\ucrtbase.dll
0x00007ffbe3fa0000 - 0x00007ffbe4207000 	C:\Windows\WinSxS\amd64_microsoft.windows.common-controls_6595b64144ccf1df_6.0.15063.1155_none_40c7922129a7722b\COMCTL32.dll
0x00007ffbf0c10000 - 0x00007ffbf0f09000 	C:\Windows\System32\combase.dll
0x00007ffbef720000 - 0x00007ffbef78a000 	C:\Windows\System32\bcryptPrimitives.dll
0x00007ffbf14f0000 - 0x00007ffbf151d000 	C:\Windows\System32\IMM32.DLL
0x0000000063aa0000 - 0x0000000063b72000 	C:\Program Files\Java\jre1.8.0_191\bin\msvcr100.dll
0x0000000063c20000 - 0x00000000644c4000 	C:\Program Files\Java\jre1.8.0_191\bin\server\jvm.dll
0x00007ffbf1730000 - 0x00007ffbf1738000 	C:\Windows\System32\PSAPI.DLL
0x00007ffbed930000 - 0x00007ffbed953000 	C:\Windows\SYSTEM32\WINMM.dll
0x00007ffbde2d0000 - 0x00007ffbde2d9000 	C:\Windows\SYSTEM32\WSOCK32.dll
0x00007ffbf1740000 - 0x00007ffbf17ac000 	C:\Windows\System32\WS2_32.dll
0x00007ffbe0d80000 - 0x00007ffbe0d8a000 	C:\Windows\SYSTEM32\VERSION.dll
0x00007ffbed8d0000 - 0x00007ffbed8fb000 	C:\Windows\SYSTEM32\winmmbase.dll
0x00007ffbef6d0000 - 0x00007ffbef719000 	C:\Windows\System32\cfgmgr32.dll
0x0000000064b50000 - 0x0000000064b5f000 	C:\Program Files\Java\jre1.8.0_191\bin\verify.dll
0x0000000064660000 - 0x0000000064689000 	C:\Program Files\Java\jre1.8.0_191\bin\java.dll
0x0000000064540000 - 0x0000000064556000 	C:\Program Files\Java\jre1.8.0_191\bin\zip.dll
0x00007ffbf17b0000 - 0x00007ffbf2be8000 	C:\Windows\System32\SHELL32.dll
0x00007ffbf1680000 - 0x00007ffbf172a000 	C:\Windows\System32\shcore.dll
0x00007ffbef930000 - 0x00007ffbf0021000 	C:\Windows\System32\windows.storage.dll
0x00007ffbf1600000 - 0x00007ffbf1651000 	C:\Windows\System32\shlwapi.dll
0x00007ffbef640000 - 0x00007ffbef651000 	C:\Windows\System32\kernel.appcore.dll
0x00007ffbef680000 - 0x00007ffbef6cc000 	C:\Windows\System32\powrprof.dll
0x00007ffbef620000 - 0x00007ffbef635000 	C:\Windows\System32\profapi.dll
0x0000000001500000 - 0x0000000001503000 	C:\Program Files\Java\jre1.8.0_191\bin\api-ms-win-core-console-l1-1-0.dll
0x0000000019a40000 - 0x0000000019a43000 	C:\Program Files\Java\jre1.8.0_191\bin\api-ms-win-core-datetime-l1-1-0.dll
0x0000000019a50000 - 0x0000000019a53000 	C:\Program Files\Java\jre1.8.0_191\bin\api-ms-win-core-debug-l1-1-0.dll
0x0000000019a60000 - 0x0000000019a63000 	C:\Program Files\Java\jre1.8.0_191\bin\api-ms-win-core-errorhandling-l1-1-0.dll
0x0000000019a70000 - 0x0000000019a74000 	C:\Program Files\Java\jre1.8.0_191\bin\api-ms-win-core-file-l1-1-0.dll
0x0000000019a80000 - 0x0000000019a83000 	C:\Program Files\Java\jre1.8.0_191\bin\api-ms-win-core-file-l1-2-0.dll
0x0000000019a90000 - 0x0000000019a93000 	C:\Program Files\Java\jre1.8.0_191\bin\api-ms-win-core-file-l2-1-0.dll
0x0000000019aa0000 - 0x0000000019aa3000 	C:\Program Files\Java\jre1.8.0_191\bin\api-ms-win-core-handle-l1-1-0.dll
0x0000000019ab0000 - 0x0000000019ab3000 	C:\Program Files\Java\jre1.8.0_191\bin\api-ms-win-core-heap-l1-1-0.dll
0x0000000019ac0000 - 0x0000000019ac3000 	C:\Program Files\Java\jre1.8.0_191\bin\api-ms-win-core-interlocked-l1-1-0.dll
0x0000000019ad0000 - 0x0000000019ad3000 	C:\Program Files\Java\jre1.8.0_191\bin\api-ms-win-core-libraryloader-l1-1-0.dll
0x0000000019ae0000 - 0x0000000019ae3000 	C:\Program Files\Java\jre1.8.0_191\bin\api-ms-win-core-localization-l1-2-0.dll
0x0000000019af0000 - 0x0000000019af3000 	C:\Program Files\Java\jre1.8.0_191\bin\api-ms-win-core-memory-l1-1-0.dll
0x0000000019b00000 - 0x0000000019b03000 	C:\Program Files\Java\jre1.8.0_191\bin\api-ms-win-core-namedpipe-l1-1-0.dll
0x0000000019b10000 - 0x0000000019b13000 	C:\Program Files\Java\jre1.8.0_191\bin\api-ms-win-core-processenvironment-l1-1-0.dll
0x0000000019b20000 - 0x0000000019b23000 	C:\Program Files\Java\jre1.8.0_191\bin\api-ms-win-core-processthreads-l1-1-0.dll
0x0000000019b30000 - 0x0000000019b33000 	C:\Program Files\Java\jre1.8.0_191\bin\api-ms-win-core-processthreads-l1-1-1.dll
0x0000000019b40000 - 0x0000000019b43000 	C:\Program Files\Java\jre1.8.0_191\bin\api-ms-win-core-profile-l1-1-0.dll
0x0000000019b50000 - 0x0000000019b53000 	C:\Program Files\Java\jre1.8.0_191\bin\api-ms-win-core-rtlsupport-l1-1-0.dll
0x0000000019b60000 - 0x0000000019b63000 	C:\Program Files\Java\jre1.8.0_191\bin\api-ms-win-core-string-l1-1-0.dll
0x0000000019b70000 - 0x0000000019b73000 	C:\Program Files\Java\jre1.8.0_191\bin\api-ms-win-core-synch-l1-1-0.dll
0x0000000019b80000 - 0x0000000019b83000 	C:\Program Files\Java\jre1.8.0_191\bin\api-ms-win-core-synch-l1-2-0.dll
0x0000000019b90000 - 0x0000000019b93000 	C:\Program Files\Java\jre1.8.0_191\bin\api-ms-win-core-sysinfo-l1-1-0.dll
0x0000000019ba0000 - 0x0000000019ba3000 	C:\Program Files\Java\jre1.8.0_191\bin\api-ms-win-core-timezone-l1-1-0.dll
0x0000000019bb0000 - 0x0000000019bb3000 	C:\Program Files\Java\jre1.8.0_191\bin\api-ms-win-core-util-l1-1-0.dll
0x0000000019bc0000 - 0x0000000019bc3000 	C:\Program Files\Java\jre1.8.0_191\bin\api-ms-win-crt-conio-l1-1-0.dll
0x0000000019bd0000 - 0x0000000019bd4000 	C:\Program Files\Java\jre1.8.0_191\bin\api-ms-win-crt-convert-l1-1-0.dll
0x0000000019be0000 - 0x0000000019be3000 	C:\Program Files\Java\jre1.8.0_191\bin\api-ms-win-crt-environment-l1-1-0.dll
0x0000000019bf0000 - 0x0000000019bf3000 	C:\Program Files\Java\jre1.8.0_191\bin\api-ms-win-crt-filesystem-l1-1-0.dll
0x0000000019c00000 - 0x0000000019c03000 	C:\Program Files\Java\jre1.8.0_191\bin\api-ms-win-crt-heap-l1-1-0.dll
0x0000000019c10000 - 0x0000000019c13000 	C:\Program Files\Java\jre1.8.0_191\bin\api-ms-win-crt-locale-l1-1-0.dll
0x0000000019c20000 - 0x0000000019c25000 	C:\Program Files\Java\jre1.8.0_191\bin\api-ms-win-crt-math-l1-1-0.dll
0x0000000019c30000 - 0x0000000019c35000 	C:\Program Files\Java\jre1.8.0_191\bin\api-ms-win-crt-multibyte-l1-1-0.dll
0x0000000019c40000 - 0x0000000019c50000 	C:\Program Files\Java\jre1.8.0_191\bin\api-ms-win-crt-private-l1-1-0.dll
0x0000000019c50000 - 0x0000000019c53000 	C:\Program Files\Java\jre1.8.0_191\bin\api-ms-win-crt-process-l1-1-0.dll
0x0000000019c60000 - 0x0000000019c64000 	C:\Program Files\Java\jre1.8.0_191\bin\api-ms-win-crt-runtime-l1-1-0.dll
0x0000000019c70000 - 0x0000000019c74000 	C:\Program Files\Java\jre1.8.0_191\bin\api-ms-win-crt-stdio-l1-1-0.dll
0x0000000019c80000 - 0x0000000019c84000 	C:\Program Files\Java\jre1.8.0_191\bin\api-ms-win-crt-string-l1-1-0.dll
0x0000000019c90000 - 0x0000000019c93000 	C:\Program Files\Java\jre1.8.0_191\bin\api-ms-win-crt-time-l1-1-0.dll
0x0000000019ca0000 - 0x0000000019ca3000 	C:\Program Files\Java\jre1.8.0_191\bin\api-ms-win-crt-utility-l1-1-0.dll
0x00007ffbc87a0000 - 0x00007ffbc8896000 	C:\Program Files\Java\jre1.8.0_191\bin\ucrtbase.dll
0x00007ffbe8340000 - 0x00007ffbe8356000 	C:\Program Files\Java\jre1.8.0_191\bin\vcruntime140.dll
0x00007ffbd4c90000 - 0x00007ffbd4d2c000 	C:\Program Files\Java\jre1.8.0_191\bin\msvcp140.dll
0x00007ffbdaea0000 - 0x00007ffbdaef1000 	C:\Program Files\Java\jre1.8.0_191\bin\concrt140.dll
0x0000000063a70000 - 0x0000000063a93000 	C:\Program Files\Java\jre1.8.0_191\bin\prism_d3d.dll
0x00007ffbb29f0000 - 0x00007ffbb2b79000 	C:\Windows\system32\d3d9.dll
0x00007ffbed870000 - 0x00007ffbed89a000 	C:\Windows\SYSTEM32\dwmapi.dll
0x00007ffbedb20000 - 0x00007ffbedbb5000 	C:\Windows\system32\uxtheme.dll
0x00007ffbb23a0000 - 0x00007ffbb2577000 	C:\Windows\System32\DriverStore\FileRepository\ki127171.inf_amd64_368f8c7337214025\igdumdim64.dll
0x00007ffb83b40000 - 0x00007ffb86b3d000 	C:\Windows\System32\DriverStore\FileRepository\ki127171.inf_amd64_368f8c7337214025\igd9dxva64.dll
0x00007ffbf0710000 - 0x00007ffbf0855000 	C:\Windows\System32\ole32.dll
0x00007ffbf1350000 - 0x00007ffbf1410000 	C:\Windows\System32\OLEAUT32.dll
0x0000000063a20000 - 0x0000000063a69000 	C:\Program Files\Java\jre1.8.0_191\bin\glass.dll
0x00007ffbf30a0000 - 0x00007ffbf31a8000 	C:\Windows\System32\COMDLG32.dll
0x00007ffbf0900000 - 0x00007ffbf0a66000 	C:\Windows\System32\MSCTF.dll
0x00007ffbe4e70000 - 0x00007ffbe6c05000 	C:\Windows\System32\DriverStore\FileRepository\ki127171.inf_amd64_368f8c7337214025\igc64.dll
0x0000000063a00000 - 0x0000000063a14000 	C:\Program Files\Java\jre1.8.0_191\bin\javafx_font.dll
0x000000005f250000 - 0x000000006290a000 	C:\Program Files\Java\jre1.8.0_191\bin\jfxwebkit.dll
0x00007ffbe4840000 - 0x00007ffbe4aff000 	C:\Windows\SYSTEM32\dwrite.dll
0x00007ffbef080000 - 0x00007ffbef097000 	C:\Windows\SYSTEM32\CRYPTSP.dll
0x00007ffbee7b0000 - 0x00007ffbee7e4000 	C:\Windows\system32\rsaenh.dll
0x00007ffbef1e0000 - 0x00007ffbef205000 	C:\Windows\SYSTEM32\bcrypt.dll
0x00007ffbef070000 - 0x00007ffbef07b000 	C:\Windows\SYSTEM32\CRYPTBASE.dll
0x00007ffbef550000 - 0x00007ffbef579000 	C:\Windows\SYSTEM32\USERENV.dll
0x0000000063c00000 - 0x0000000063c1a000 	C:\Program Files\Java\jre1.8.0_191\bin\net.dll
0x00007ffbeeed0000 - 0x00007ffbeef2c000 	C:\Windows\system32\mswsock.dll
0x00007ffbeec70000 - 0x00007ffbeeca7000 	C:\Windows\SYSTEM32\IPHLPAPI.DLL
0x00007ffbf0c00000 - 0x00007ffbf0c08000 	C:\Windows\System32\NSI.dll
0x00007ffbe4e30000 - 0x00007ffbe4e46000 	C:\Windows\SYSTEM32\dhcpcsvc6.DLL
0x00007ffbe4e10000 - 0x00007ffbe4e2a000 	C:\Windows\SYSTEM32\dhcpcsvc.DLL
0x0000000063be0000 - 0x0000000063bf1000 	C:\Program Files\Java\jre1.8.0_191\bin\nio.dll
0x0000000063bb0000 - 0x0000000063bd4000 	C:\Program Files\Java\jre1.8.0_191\bin\sunec.dll
0x00007ffbf2bf0000 - 0x00007ffbf2c8e000 	C:\Windows\System32\clbcatq.dll
0x00007ffbeaad0000 - 0x00007ffbeac7c000 	C:\Windows\SYSTEM32\WindowsCodecs.dll
0x00007ffbdce80000 - 0x00007ffbdcec7000 	C:\Windows\system32\dataexchange.dll
0x00007ffbec520000 - 0x00007ffbec7ff000 	C:\Windows\system32\d3d11.dll
0x00007ffbecdc0000 - 0x00007ffbecee3000 	C:\Windows\system32\dcomp.dll
0x00007ffbee2f0000 - 0x00007ffbee394000 	C:\Windows\system32\dxgi.dll
0x00007ffbeddd0000 - 0x00007ffbedf40000 	C:\Windows\system32\twinapi.appcore.dll
0x00007ffbe27b0000 - 0x00007ffbe27e1000 	C:\Program Files\Common Files\Microsoft Shared\Ink\rtscom.dll
0x00007ffbe86d0000 - 0x00007ffbe8751000 	C:\Windows\System32\TextInputFramework.dll
0x00007ffbea660000 - 0x00007ffbea933000 	C:\Windows\System32\CoreUIComponents.dll
0x00007ffbebff0000 - 0x00007ffbec0d4000 	C:\Windows\System32\CoreMessaging.dll
0x00007ffbee3a0000 - 0x00007ffbee3d1000 	C:\Windows\SYSTEM32\ntmarta.dll
0x00007ffbeb2b0000 - 0x00007ffbeb3e9000 	C:\Windows\SYSTEM32\wintypes.dll
0x00007ffbed4f0000 - 0x00007ffbed505000 	C:\Windows\SYSTEM32\usermgrcli.dll
0x0000000064650000 - 0x000000006465b000 	C:\Program Files\Java\jre1.8.0_191\bin\sunmscapi.dll
0x00007ffbf0030000 - 0x00007ffbf01f9000 	C:\Windows\System32\CRYPT32.dll
0x00007ffbef660000 - 0x00007ffbef671000 	C:\Windows\System32\MSASN1.dll
0x00007ffbeecb0000 - 0x00007ffbeed54000 	C:\Windows\SYSTEM32\DNSAPI.dll
0x00007ffbe03d0000 - 0x00007ffbe03da000 	C:\Windows\System32\rasadhlp.dll

VM Arguments:
jvm_args: -Dfile.encoding=UTF-8 
java_command: principal.Principal
java_class_path (initial): C:\Program Files\Java\jre1.8.0_191\lib\resources.jar;C:\Program Files\Java\jre1.8.0_191\lib\rt.jar;C:\Program Files\Java\jre1.8.0_191\lib\jsse.jar;C:\Program Files\Java\jre1.8.0_191\lib\jce.jar;C:\Program Files\Java\jre1.8.0_191\lib\charsets.jar;C:\Program Files\Java\jre1.8.0_191\lib\jfr.jar;C:\Program Files\Java\jre1.8.0_191\lib\ext\access-bridge-64.jar;C:\Program Files\Java\jre1.8.0_191\lib\ext\cldrdata.jar;C:\Program Files\Java\jre1.8.0_191\lib\ext\dnsns.jar;C:\Program Files\Java\jre1.8.0_191\lib\ext\jaccess.jar;C:\Program Files\Java\jre1.8.0_191\lib\ext\jfxrt.jar;C:\Program Files\Java\jre1.8.0_191\lib\ext\localedata.jar;C:\Program Files\Java\jre1.8.0_191\lib\ext\nashorn.jar;C:\Program Files\Java\jre1.8.0_191\lib\ext\sunec.jar;C:\Program Files\Java\jre1.8.0_191\lib\ext\sunjce_provider.jar;C:\Program Files\Java\jre1.8.0_191\lib\ext\sunmscapi.jar;C:\Program Files\Java\jre1.8.0_191\lib\ext\sunpkcs11.jar;C:\Program Files\Java\jre1.8.0_191\lib\ext\zipfs.jar;C:\Users\fabricio.barrozo\eclipse-workspace\adasa4\target\classes;C:\Users\fabricio.barrozo\.m2\repository\commons-codec\commons-codec\1.11\commons-codec-1.11.jar;C:\Users\fabricio.barrozo\.m2\repository\com\microsoft\sqlserver\mssql-jdbc\7.0.0.jre8\mssql-jdbc-7.0.0.jre8.jar;C:\Users\fabricio.barrozo\.m2\repository\org\hibernate\hibernate-spatial\5.1.0.Final\hibernate-spatial-5.1.0.Final.jar;C:\Users\fabricio.barrozo\.m2\repository\org\jboss\logging\jboss-logging\3.3.0.Final\jboss-logging-3.3.0.Final.jar;C:\Users\fabricio.barrozo\.m2\repository\org\hibernate\hibernate-core\5.1.0.Final\hibernate-core-5.1.0.Final.jar;C:\Users\fabricio.barrozo\.m2\repository\org\hibernate\javax\persistence\hibernate-jpa-2.1-api\1.0.0.Final\hibernate-jpa-2.1-api-1.0.0.Final.jar;C:\Users\fabricio.barrozo\.m2\repository\org\javassist\javassist\3.20.0-GA\javassist-3.20.0-GA.jar;C:\Users\fabricio.barrozo\.m2\repository\antlr\antlr\2.7.7\antlr-2.7.7.jar;C:\Users\fabricio.barrozo\.m2\repository\org\apache\geronim
Launcher Type: SUN_STANDARD

Environment Variables:
JAVA_HOME=C:\Program Files\Java\jdk1.8.0_191
PATH=C:/Program Files/Java/jre1.8.0_191/bin/server;C:/Program Files/Java/jre1.8.0_191/bin;C:/Program Files/Java/jre1.8.0_191/lib/amd64;C:\Program Files (x86)\Common Files\Oracle\Java\javapath;C:\ProgramData\Oracle\Java\javapath;C:\Program Files (x86)\Intel\iCLS Client\;C:\Program Files\Intel\iCLS Client\;C:\Windows\system32;C:\Windows;C:\Windows\System32\Wbem;C:\Windows\System32\WindowsPowerShell\v1.0\;C:\Program Files (x86)\Intel\Intel(R) Management Engine Components\DAL;C:\Program Files\Intel\Intel(R) Management Engine Components\DAL;C:\Program Files (x86)\Intel\Intel(R) Management Engine Components\IPT;C:\Program Files\Intel\Intel(R) Management Engine Components\IPT;C:\Program Files\Intel\WiFi\bin\;C:\Program Files\Common Files\Intel\WirelessCommon\;c:\Program Files\Microsoft SQL Server\110\Tools\Binn\;c:\Program Files (x86)\Microsoft SQL Server\110\Tools\Binn\ManagementStudio\;c:\Program Files (x86)\Microsoft SQL Server\110\Tools\Binn\;c:\Program Files (x86)\Microsoft SQL Server\110\DTS\Binn\;C:\apache-maven-3.6.0\bin;C:\Program Files\Microsoft SQL Server Migration Assistant for Access\bin\;C:\Users\fabricio.barrozo\AppData\Local\Microsoft\WindowsApps;;C:\Windows\System32;
USERNAME=fabricio.barrozo
OS=Windows_NT
PROCESSOR_IDENTIFIER=Intel64 Family 6 Model 94 Stepping 3, GenuineIntel



---------------  S Y S T E M  ---------------

OS: Windows 10.0 , 64 bit Build 15063 (10.0.15063.1058)

CPU:total 4 (initial active 4) (4 cores per cpu, 1 threads per core) family 6 model 94 stepping 3, cmov, cx8, fxsr, mmx, sse, sse2, sse3, ssse3, sse4.1, sse4.2, popcnt, avx, avx2, aes, clmul, erms, rtm, 3dnowpref, lzcnt, tsc, tscinvbit, bmi1, bmi2, adx

Memory: 4k page, physical 8249056k(571416k free), swap 10196704k(3648k free)

vm_info: Java HotSpot(TM) 64-Bit Server VM (25.191-b12) for windows-amd64 JRE (1.8.0_191-b12), built on Oct  6 2018 09:29:03 by "java_re" with MS VC++ 10.0 (VS2010)

time: Fri Sep 20 16:52:31 2019
elapsed time: 96 seconds (0d 0h 1m 36s)

