#
# There is insufficient memory for the Java Runtime Environment to continue.
# Native memory allocation (malloc) failed to allocate 2055376 bytes for Chunk::new
# Possible reasons:
#   The system is out of physical RAM or swap space
#   In 32 bit mode, the process size limit was hit
# Possible solutions:
#   Reduce memory load on the system
#   Increase physical memory or swap space
#   Check if swap backing store is full
#   Use 64 bit Java on a 64 bit OS
#   Decrease Java heap size (-Xmx/-Xms)
#   Decrease number of Java threads
#   Decrease Java thread stack sizes (-Xss)
#   Set larger code cache with -XX:ReservedCodeCacheSize=
# This output file may be truncated or incomplete.
#
#  Out of Memory Error (allocation.cpp:390), pid=1524, tid=0x0000000000002648
#
# JRE version: Java(TM) SE Runtime Environment (8.0_191-b12) (build 1.8.0_191-b12)
# Java VM: Java HotSpot(TM) 64-Bit Server VM (25.191-b12 mixed mode windows-amd64 compressed oops)
# Failed to write core dump. Minidumps are not enabled by default on client versions of Windows
#

---------------  T H R E A D  ---------------

Current thread (0x0000000017154000):  JavaThread "C2 CompilerThread0" daemon [_thread_in_native, id=9800, stack(0x00000000187b0000,0x00000000188b0000)]

Stack: [0x00000000187b0000,0x00000000188b0000]
[error occurred during error reporting (printing stack bounds), id 0xc0000005]

Native frames: (J=compiled Java code, j=interpreted, Vv=VM code, C=native code)


Current CompileTask:
C2:   9471 4348       4       java.net.URLClassLoader$1::run (5 bytes)


---------------  P R O C E S S  ---------------

Java Threads: ( => current thread )
  0x0000000068ebb800 JavaThread "pool-4-thread-1" [_thread_blocked, id=16916, stack(0x0000000075890000,0x0000000075990000)]
  0x0000000020863800 JavaThread "URL-Loader-20" daemon [_thread_blocked, id=16800, stack(0x00000000708f0000,0x00000000709f0000)]
  0x0000000020862000 JavaThread "URL-Loader-19" daemon [_thread_blocked, id=6932, stack(0x000000006f720000,0x000000006f820000)]
  0x0000000020860000 JavaThread "URL-Loader-18" daemon [_thread_blocked, id=10792, stack(0x000000006f620000,0x000000006f720000)]
  0x0000000020861800 JavaThread "URL-Loader-17" daemon [_thread_blocked, id=12252, stack(0x000000006f420000,0x000000006f520000)]
  0x000000002085e800 JavaThread "URL-Loader-16" daemon [_thread_blocked, id=9876, stack(0x000000006e350000,0x000000006e450000)]
  0x000000002085d800 JavaThread "URL-Loader-15" daemon [_thread_blocked, id=13764, stack(0x000000006de50000,0x000000006df50000)]
  0x0000000020864800 JavaThread "URL-Loader-14" daemon [_thread_blocked, id=12416, stack(0x000000006dd50000,0x000000006de50000)]
  0x0000000020863000 JavaThread "URL-Loader-13" daemon [_thread_blocked, id=11884, stack(0x000000006dc50000,0x000000006dd50000)]
  0x000000002085f000 JavaThread "URL-Loader-12" daemon [_thread_blocked, id=11540, stack(0x000000006db50000,0x000000006dc50000)]
  0x0000000020860800 JavaThread "URL-Loader-11" daemon [_thread_blocked, id=11880, stack(0x000000006da50000,0x000000006db50000)]
  0x0000000020575800 JavaThread "URL-Loader-10" daemon [_thread_blocked, id=3536, stack(0x000000006d950000,0x000000006da50000)]
  0x0000000020575000 JavaThread "Keep-Alive-Timer" daemon [_thread_blocked, id=6496, stack(0x000000006c1c0000,0x000000006c2c0000)]
  0x0000000020574000 JavaThread "URL-Loader-9" daemon [_thread_blocked, id=11260, stack(0x0000000063750000,0x0000000063850000)]
  0x0000000020578000 JavaThread "URL-Loader-8" daemon [_thread_blocked, id=10056, stack(0x0000000063650000,0x0000000063750000)]
  0x0000000020573800 JavaThread "URL-Loader-7" daemon [_thread_blocked, id=3236, stack(0x0000000063550000,0x0000000063650000)]
  0x0000000020578800 JavaThread "URL-Loader-6" daemon [_thread_blocked, id=10028, stack(0x0000000063450000,0x0000000063550000)]
  0x0000000020576800 JavaThread "URL-Loader-5" daemon [_thread_blocked, id=1096, stack(0x0000000063350000,0x0000000063450000)]
  0x0000000020577000 JavaThread "URL-Loader-4" daemon [_thread_blocked, id=12268, stack(0x0000000063250000,0x0000000063350000)]
  0x0000000020579800 JavaThread "URL-Loader-3" daemon [_thread_blocked, id=14064, stack(0x0000000063150000,0x0000000063250000)]
  0x000000002057a000 JavaThread "URL-Loader-2" daemon [_thread_blocked, id=13660, stack(0x0000000063050000,0x0000000063150000)]
  0x0000000020524000 JavaThread "URL-Loader-1" daemon [_thread_blocked, id=11524, stack(0x0000000062d50000,0x0000000062e50000)]
  0x00000000204c7800 JavaThread "Disposer" daemon [_thread_blocked, id=11556, stack(0x0000000062c50000,0x0000000062d50000)]
  0x00000000204c6800 JavaThread "Prism Font Disposer" daemon [_thread_blocked, id=16072, stack(0x0000000062350000,0x0000000062450000)]
  0x0000000018e64000 JavaThread "Thread-3" daemon [_thread_in_native, id=5308, stack(0x0000000020870000,0x0000000020970000)]
  0x0000000020076800 JavaThread "JavaFX-Launcher" [_thread_blocked, id=12912, stack(0x0000000020970000,0x0000000020a70000)]
  0x0000000018e35000 JavaThread "JavaFX Application Thread" [_thread_in_vm, id=2632, stack(0x00000000196e0000,0x00000000197e0000)]
  0x0000000018e2d800 JavaThread "Thread-1" daemon [_thread_blocked, id=13192, stack(0x00000000195e0000,0x00000000196e0000)]
  0x0000000018e03000 JavaThread "QuantumRenderer-0" daemon [_thread_blocked, id=13848, stack(0x00000000192c0000,0x00000000193c0000)]
  0x0000000018ada800 JavaThread "Service Thread" daemon [_thread_blocked, id=6344, stack(0x0000000018eb0000,0x0000000018fb0000)]
  0x0000000017168000 JavaThread "C1 CompilerThread2" daemon [_thread_blocked, id=11812, stack(0x00000000189b0000,0x0000000018ab0000)]
  0x000000001715b000 JavaThread "C2 CompilerThread1" daemon [_thread_in_native, id=16716, stack(0x00000000188b0000,0x00000000189b0000)]
=>0x0000000017154000 JavaThread "C2 CompilerThread0" daemon [_thread_in_native, id=9800, stack(0x00000000187b0000,0x00000000188b0000)]
  0x0000000017152800 JavaThread "Attach Listener" daemon [_thread_blocked, id=1164, stack(0x00000000186b0000,0x00000000187b0000)]
  0x0000000017151000 JavaThread "Signal Dispatcher" daemon [_thread_blocked, id=16544, stack(0x00000000185b0000,0x00000000186b0000)]
  0x0000000017140000 JavaThread "Finalizer" daemon [_thread_blocked, id=9616, stack(0x00000000183b0000,0x00000000184b0000)]
  0x0000000017119000 JavaThread "Reference Handler" daemon [_thread_blocked, id=8336, stack(0x00000000182b0000,0x00000000183b0000)]
  0x0000000002583800 JavaThread "main" [_thread_blocked, id=15968, stack(0x0000000002480000,0x0000000002580000)]

Other Threads:
  0x0000000017118000 VMThread [stack: 0x00000000181b0000,0x00000000182b0000] [id=8232]
  0x0000000018aff800 WatcherThread [stack: 0x0000000018fb0000,0x00000000190b0000] [id=9220]

VM state:not at safepoint (normal execution)

VM Mutex/Monitor currently owned by a thread: None

Heap:
 PSYoungGen      total 61952K, used 9182K [0x00000000d6100000, 0x00000000dc280000, 0x0000000100000000)
  eden space 49664K, 6% used [0x00000000d6100000,0x00000000d643f700,0x00000000d9180000)
  from space 12288K, 47% used [0x00000000d9180000,0x00000000d97381e0,0x00000000d9d80000)
  to   space 12288K, 0% used [0x00000000db680000,0x00000000db680000,0x00000000dc280000)
 ParOldGen       total 70144K, used 23974K [0x0000000082200000, 0x0000000086680000, 0x00000000d6100000)
  object space 70144K, 34% used [0x0000000082200000,0x00000000839699f8,0x0000000086680000)
 Metaspace       used 38390K, capacity 39734K, committed 40192K, reserved 1083392K
  class space    used 5304K, capacity 5591K, committed 5632K, reserved 1048576K

Card table byte_map: [0x0000000011a40000,0x0000000011e30000] byte_map_base: 0x000000001162f000

Marking Bits: (ParMarkBitMap*) 0x0000000067de3e30
 Begin Bits: [0x00000000124d0000, 0x0000000014448000)
 End Bits:   [0x0000000014448000, 0x00000000163c0000)

Polling page: 0x0000000002380000

CodeCache: size=245760Kb used=14047Kb max_used=14047Kb free=231712Kb
 bounds [0x0000000002680000, 0x0000000003450000, 0x0000000011680000]
 total_blobs=5493 nmethods=4622 adapters=780
 compilation: enabled

Compilation events (10 events):
Event: 9.455 Thread 0x0000000017168000 4661       3       javassist.bytecode.StringInfo::equals (27 bytes)
Event: 9.455 Thread 0x0000000017168000 nmethod 4661 0x000000000343d450 code [0x000000000343d5c0, 0x000000000343d990]
Event: 9.466 Thread 0x0000000017168000 4663       3       org.hibernate.mapping.Table::getQualifiedName (88 bytes)
Event: 9.467 Thread 0x0000000017168000 nmethod 4663 0x000000000343da50 code [0x000000000343dca0, 0x000000000343eb18]
Event: 9.467 Thread 0x0000000017168000 4664       3       org.hibernate.mapping.Table::qualify (47 bytes)
Event: 9.467 Thread 0x0000000017168000 nmethod 4664 0x000000000343f150 code [0x000000000343f3e0, 0x0000000003440678]
Event: 9.467 Thread 0x0000000017168000 4665       3       org.hibernate.internal.util.collections.ArrayHelper::toBooleanArray (50 bytes)
Event: 9.468 Thread 0x0000000017168000 nmethod 4665 0x0000000003441190 code [0x0000000003441340, 0x0000000003441a78]
Event: 9.468 Thread 0x0000000017168000 4666       3       org.hibernate.mapping.PersistentClass::getPropertyIterator (69 bytes)
Event: 9.469 Thread 0x0000000017168000 nmethod 4666 0x0000000003441c90 code [0x0000000003441fa0, 0x0000000003443b08]

GC Heap History (10 events):
Event: 7.453 GC heap before
{Heap before GC invocations=5 (full 1):
 PSYoungGen      total 37888K, used 37843K [0x00000000d6100000, 0x00000000d9400000, 0x0000000100000000)
  eden space 32768K, 99% used [0x00000000d6100000,0x00000000d80fc5f0,0x00000000d8100000)
  from space 5120K, 99% used [0x00000000d8100000,0x00000000d85f8700,0x00000000d8600000)
  to   space 5120K, 0% used [0x00000000d8f00000,0x00000000d8f00000,0x00000000d9400000)
 ParOldGen       total 70144K, used 11721K [0x0000000082200000, 0x0000000086680000, 0x00000000d6100000)
  object space 70144K, 16% used [0x0000000082200000,0x0000000082d72618,0x0000000086680000)
 Metaspace       used 24314K, capacity 25594K, committed 25728K, reserved 1071104K
  class space    used 3392K, capacity 3677K, committed 3712K, reserved 1048576K
Event: 7.456 GC heap after
Heap after GC invocations=5 (full 1):
 PSYoungGen      total 45568K, used 5113K [0x00000000d6100000, 0x00000000d9400000, 0x0000000100000000)
  eden space 40448K, 0% used [0x00000000d6100000,0x00000000d6100000,0x00000000d8880000)
  from space 5120K, 99% used [0x00000000d8f00000,0x00000000d93fe7c0,0x00000000d9400000)
  to   space 5120K, 0% used [0x00000000d8a00000,0x00000000d8a00000,0x00000000d8f00000)
 ParOldGen       total 70144K, used 13465K [0x0000000082200000, 0x0000000086680000, 0x00000000d6100000)
  object space 70144K, 19% used [0x0000000082200000,0x0000000082f264e0,0x0000000086680000)
 Metaspace       used 24314K, capacity 25594K, committed 25728K, reserved 1071104K
  class space    used 3392K, capacity 3677K, committed 3712K, reserved 1048576K
}
Event: 8.773 GC heap before
{Heap before GC invocations=6 (full 1):
 PSYoungGen      total 45568K, used 45561K [0x00000000d6100000, 0x00000000d9400000, 0x0000000100000000)
  eden space 40448K, 100% used [0x00000000d6100000,0x00000000d8880000,0x00000000d8880000)
  from space 5120K, 99% used [0x00000000d8f00000,0x00000000d93fe7c0,0x00000000d9400000)
  to   space 5120K, 0% used [0x00000000d8a00000,0x00000000d8a00000,0x00000000d8f00000)
 ParOldGen       total 70144K, used 13465K [0x0000000082200000, 0x0000000086680000, 0x00000000d6100000)
  object space 70144K, 19% used [0x0000000082200000,0x0000000082f264e0,0x0000000086680000)
 Metaspace       used 33120K, capacity 34390K, committed 34688K, reserved 1079296K
  class space    used 4638K, capacity 4935K, committed 4992K, reserved 1048576K
Event: 8.779 GC heap after
Heap after GC invocations=6 (full 1):
 PSYoungGen      total 47104K, used 5089K [0x00000000d6100000, 0x00000000daa00000, 0x0000000100000000)
  eden space 41984K, 0% used [0x00000000d6100000,0x00000000d6100000,0x00000000d8a00000)
  from space 5120K, 99% used [0x00000000d8a00000,0x00000000d8ef84c0,0x00000000d8f00000)
  to   space 12800K, 0% used [0x00000000d9d80000,0x00000000d9d80000,0x00000000daa00000)
 ParOldGen       total 70144K, used 20603K [0x0000000082200000, 0x0000000086680000, 0x00000000d6100000)
  object space 70144K, 29% used [0x0000000082200000,0x000000008361eea0,0x0000000086680000)
 Metaspace       used 33120K, capacity 34390K, committed 34688K, reserved 1079296K
  class space    used 4638K, capacity 4935K, committed 4992K, reserved 1048576K
}
Event: 8.828 GC heap before
{Heap before GC invocations=7 (full 1):
 PSYoungGen      total 47104K, used 10434K [0x00000000d6100000, 0x00000000daa00000, 0x0000000100000000)
  eden space 41984K, 12% used [0x00000000d6100000,0x00000000d66385e8,0x00000000d8a00000)
  from space 5120K, 99% used [0x00000000d8a00000,0x00000000d8ef84c0,0x00000000d8f00000)
  to   space 12800K, 0% used [0x00000000d9d80000,0x00000000d9d80000,0x00000000daa00000)
 ParOldGen       total 70144K, used 20603K [0x0000000082200000, 0x0000000086680000, 0x00000000d6100000)
  object space 70144K, 29% used [0x0000000082200000,0x000000008361eea0,0x0000000086680000)
 Metaspace       used 33943K, capacity 35222K, committed 35416K, reserved 1079296K
  class space    used 4757K, capacity 5063K, committed 5120K, reserved 1048576K
Event: 8.831 GC heap after
Heap after GC invocations=7 (full 1):
 PSYoungGen      total 62464K, used 5997K [0x00000000d6100000, 0x00000000db380000, 0x0000000100000000)
  eden space 49664K, 0% used [0x00000000d6100000,0x00000000d6100000,0x00000000d9180000)
  from space 12800K, 46% used [0x00000000d9d80000,0x00000000da35b5c8,0x00000000daa00000)
  to   space 12288K, 0% used [0x00000000d9180000,0x00000000d9180000,0x00000000d9d80000)
 ParOldGen       total 70144K, used 20611K [0x0000000082200000, 0x0000000086680000, 0x00000000d6100000)
  object space 70144K, 29% used [0x0000000082200000,0x0000000083620ea0,0x0000000086680000)
 Metaspace       used 33943K, capacity 35222K, committed 35416K, reserved 1079296K
  class space    used 4757K, capacity 5063K, committed 5120K, reserved 1048576K
}
Event: 8.831 GC heap before
{Heap before GC invocations=8 (full 2):
 PSYoungGen      total 62464K, used 5997K [0x00000000d6100000, 0x00000000db380000, 0x0000000100000000)
  eden space 49664K, 0% used [0x00000000d6100000,0x00000000d6100000,0x00000000d9180000)
  from space 12800K, 46% used [0x00000000d9d80000,0x00000000da35b5c8,0x00000000daa00000)
  to   space 12288K, 0% used [0x00000000d9180000,0x00000000d9180000,0x00000000d9d80000)
 ParOldGen       total 70144K, used 20611K [0x0000000082200000, 0x0000000086680000, 0x00000000d6100000)
  object space 70144K, 29% used [0x0000000082200000,0x0000000083620ea0,0x0000000086680000)
 Metaspace       used 33943K, capacity 35222K, committed 35416K, reserved 1079296K
  class space    used 4757K, capacity 5063K, committed 5120K, reserved 1048576K
Event: 8.875 GC heap after
Heap after GC invocations=8 (full 2):
 PSYoungGen      total 62464K, used 0K [0x00000000d6100000, 0x00000000db380000, 0x0000000100000000)
  eden space 49664K, 0% used [0x00000000d6100000,0x00000000d6100000,0x00000000d9180000)
  from space 12800K, 0% used [0x00000000d9d80000,0x00000000d9d80000,0x00000000daa00000)
  to   space 12288K, 0% used [0x00000000d9180000,0x00000000d9180000,0x00000000d9d80000)
 ParOldGen       total 70144K, used 23966K [0x0000000082200000, 0x0000000086680000, 0x00000000d6100000)
  object space 70144K, 34% used [0x0000000082200000,0x00000000839679f8,0x0000000086680000)
 Metaspace       used 33943K, capacity 35222K, committed 35416K, reserved 1079296K
  class space    used 4757K, capacity 5063K, committed 5120K, reserved 1048576K
}
Event: 9.458 GC heap before
{Heap before GC invocations=9 (full 2):
 PSYoungGen      total 62464K, used 49664K [0x00000000d6100000, 0x00000000db380000, 0x0000000100000000)
  eden space 49664K, 100% used [0x00000000d6100000,0x00000000d9180000,0x00000000d9180000)
  from space 12800K, 0% used [0x00000000d9d80000,0x00000000d9d80000,0x00000000daa00000)
  to   space 12288K, 0% used [0x00000000d9180000,0x00000000d9180000,0x00000000d9d80000)
 ParOldGen       total 70144K, used 23966K [0x0000000082200000, 0x0000000086680000, 0x00000000d6100000)
  object space 70144K, 34% used [0x0000000082200000,0x00000000839679f8,0x0000000086680000)
 Metaspace       used 38288K, capacity 39606K, committed 39936K, reserved 1083392K
  class space    used 5296K, capacity 5591K, committed 5632K, reserved 1048576K
Event: 9.464 GC heap after
Heap after GC invocations=9 (full 2):
 PSYoungGen      total 61952K, used 5856K [0x00000000d6100000, 0x00000000dc280000, 0x0000000100000000)
  eden space 49664K, 0% used [0x00000000d6100000,0x00000000d6100000,0x00000000d9180000)
  from space 12288K, 47% used [0x00000000d9180000,0x00000000d97381e0,0x00000000d9d80000)
  to   space 12288K, 0% used [0x00000000db680000,0x00000000db680000,0x00000000dc280000)
 ParOldGen       total 70144K, used 23974K [0x0000000082200000, 0x0000000086680000, 0x00000000d6100000)
  object space 70144K, 34% used [0x0000000082200000,0x00000000839699f8,0x0000000086680000)
 Metaspace       used 38288K, capacity 39606K, committed 39936K, reserved 1083392K
  class space    used 5296K, capacity 5591K, committed 5632K, reserved 1048576K
}

Deoptimization events (10 events):
Event: 7.642 Thread 0x0000000018e35000 Uncommon trap: reason=bimorphic action=maybe_recompile pc=0x0000000002b9ac58 method=java.io.DataInputStream.readShort()S @ 4
Event: 7.703 Thread 0x0000000018e35000 Uncommon trap: reason=unstable_if action=reinterpret pc=0x00000000030cb3cc method=java.lang.ThreadLocal$ThreadLocalMap.getEntry(Ljava/lang/ThreadLocal;)Ljava/lang/ThreadLocal$ThreadLocalMap$Entry; @ 29
Event: 7.704 Thread 0x0000000018e35000 Uncommon trap: reason=unstable_if action=reinterpret pc=0x0000000002eea85c method=java.lang.ThreadLocal$ThreadLocalMap.getEntry(Ljava/lang/ThreadLocal;)Ljava/lang/ThreadLocal$ThreadLocalMap$Entry; @ 29
Event: 7.830 Thread 0x0000000018e35000 Uncommon trap: reason=unstable_if action=reinterpret pc=0x00000000030b743c method=java.util.ArrayList.remove(I)Ljava/lang/Object; @ 31
Event: 8.503 Thread 0x0000000018e35000 Uncommon trap: reason=class_check action=maybe_recompile pc=0x00000000031f526c method=java.util.regex.Matcher.search(I)Z @ 86
Event: 8.503 Thread 0x0000000018e35000 Uncommon trap: reason=class_check action=maybe_recompile pc=0x00000000031f526c method=java.util.regex.Matcher.search(I)Z @ 86
Event: 8.503 Thread 0x0000000018e35000 Uncommon trap: reason=class_check action=maybe_recompile pc=0x00000000031f526c method=java.util.regex.Matcher.search(I)Z @ 86
Event: 8.503 Thread 0x0000000018e35000 Uncommon trap: reason=class_check action=maybe_recompile pc=0x00000000031f526c method=java.util.regex.Matcher.search(I)Z @ 86
Event: 8.503 Thread 0x0000000018e35000 Uncommon trap: reason=class_check action=maybe_recompile pc=0x0000000002b74604 method=java.util.regex.Matcher.search(I)Z @ 86
Event: 9.384 Thread 0x0000000018e35000 Uncommon trap: reason=unstable_if action=reinterpret pc=0x0000000003371fe0 method=javassist.bytecode.ClassFile.isDuplicated(Ljavassist/bytecode/MethodInfo;Ljava/lang/String;Ljava/lang/String;Ljavassist/bytecode/MethodInfo;Ljava/util/ListIterator;)Z @ 8

Classes redefined (0 events):
No events

Internal exceptions (10 events):
Event: 7.592 Thread 0x0000000018e35000 Exception <a 'java/lang/ClassNotFoundException': com/sun/org/glassfish/hk2/osgiresourcelocator/ServiceLoader> (0x00000000d6b95f98) thrown at [C:\re\workspace\8-2-build-windows-amd64-cygwin\jdk8u191\11896\hotspot\src\share\vm\classfile\systemDictionary.cpp
Event: 7.595 Thread 0x0000000018e35000 Exception <a 'java/lang/NullPointerException'> (0x00000000d6b9fca8) thrown at [C:\re\workspace\8-2-build-windows-amd64-cygwin\jdk8u191\11896\hotspot\src\share\vm\interpreter\linkResolver.cpp, line 1287]
Event: 7.614 Thread 0x0000000018e35000 Exception <a 'java/lang/ArrayIndexOutOfBoundsException'> (0x00000000d6c37a40) thrown at [C:\re\workspace\8-2-build-windows-amd64-cygwin\jdk8u191\11896\hotspot\src\share\vm\runtime\sharedRuntime.cpp, line 605]
Event: 7.615 Thread 0x0000000018e35000 Exception <a 'java/lang/ArrayIndexOutOfBoundsException'> (0x00000000d6c39110) thrown at [C:\re\workspace\8-2-build-windows-amd64-cygwin\jdk8u191\11896\hotspot\src\share\vm\runtime\sharedRuntime.cpp, line 605]
Event: 7.620 Thread 0x0000000018e35000 Exception <a 'java/lang/ArrayIndexOutOfBoundsException': 79> (0x00000000d6c8e128) thrown at [C:\re\workspace\8-2-build-windows-amd64-cygwin\jdk8u191\11896\hotspot\src\share\vm\interpreter\interpreterRuntime.cpp, line 366]
Event: 7.620 Thread 0x0000000018e35000 Exception <a 'java/lang/ArrayIndexOutOfBoundsException': 38> (0x00000000d6c8f248) thrown at [C:\re\workspace\8-2-build-windows-amd64-cygwin\jdk8u191\11896\hotspot\src\share\vm\interpreter\interpreterRuntime.cpp, line 366]
Event: 7.620 Thread 0x0000000018e35000 Exception <a 'java/lang/ArrayIndexOutOfBoundsException': 78> (0x00000000d6c905e8) thrown at [C:\re\workspace\8-2-build-windows-amd64-cygwin\jdk8u191\11896\hotspot\src\share\vm\interpreter\interpreterRuntime.cpp, line 366]
Event: 7.620 Thread 0x0000000018e35000 Exception <a 'java/lang/ArrayIndexOutOfBoundsException': 83> (0x00000000d6c91988) thrown at [C:\re\workspace\8-2-build-windows-amd64-cygwin\jdk8u191\11896\hotspot\src\share\vm\interpreter\interpreterRuntime.cpp, line 366]
Event: 7.620 Thread 0x0000000018e35000 Exception <a 'java/lang/ArrayIndexOutOfBoundsException': 81> (0x00000000d6c92d18) thrown at [C:\re\workspace\8-2-build-windows-amd64-cygwin\jdk8u191\11896\hotspot\src\share\vm\interpreter\interpreterRuntime.cpp, line 366]
Event: 8.511 Thread 0x0000000018e35000 Exception <a 'java/lang/NullPointerException'> (0x00000000d8477800) thrown at [C:\re\workspace\8-2-build-windows-amd64-cygwin\jdk8u191\11896\hotspot\src\share\vm\runtime\reflection.cpp, line 922]

Events (10 events):
Event: 9.458 Executing VM operation: ParallelGCFailedAllocation
Event: 9.464 Executing VM operation: ParallelGCFailedAllocation done
Event: 9.465 Executing VM operation: RevokeBias
Event: 9.465 Executing VM operation: RevokeBias done
Event: 9.465 Executing VM operation: RevokeBias
Event: 9.465 Executing VM operation: RevokeBias done
Event: 9.465 Executing VM operation: BulkRevokeBias
Event: 9.466 Executing VM operation: BulkRevokeBias done
Event: 9.469 loading class org/hibernate/persister/collection/OneToManyPersister
Event: 9.469 loading class org/hibernate/persister/collection/OneToManyPersister done


Dynamic libraries:
0x00007ff6ea480000 - 0x00007ff6ea4b7000 	C:\Program Files\Java\jre1.8.0_191\bin\javaw.exe
0x00007ff812290000 - 0x00007ff81246b000 	C:\Windows\SYSTEM32\ntdll.dll
0x00007ff811270000 - 0x00007ff81131e000 	C:\Windows\System32\KERNEL32.DLL
0x00007ff80e940000 - 0x00007ff80eb8a000 	C:\Windows\System32\KERNELBASE.dll
0x00007ff811af0000 - 0x00007ff811b91000 	C:\Windows\System32\ADVAPI32.dll
0x00007ff812160000 - 0x00007ff8121fd000 	C:\Windows\System32\msvcrt.dll
0x00007ff812230000 - 0x00007ff812289000 	C:\Windows\System32\sechost.dll
0x00007ff811800000 - 0x00007ff811925000 	C:\Windows\System32\RPCRT4.dll
0x00007ff80f7f0000 - 0x00007ff80f93a000 	C:\Windows\System32\USER32.dll
0x00007ff80eb90000 - 0x00007ff80ebae000 	C:\Windows\System32\win32u.dll
0x00007ff812200000 - 0x00007ff812227000 	C:\Windows\System32\GDI32.dll
0x00007ff80e7b0000 - 0x00007ff80e938000 	C:\Windows\System32\gdi32full.dll
0x00007ff80f750000 - 0x00007ff80f7ea000 	C:\Windows\System32\msvcp_win.dll
0x00007ff80f3b0000 - 0x00007ff80f4a6000 	C:\Windows\System32\ucrtbase.dll
0x00007ff802fa0000 - 0x00007ff803207000 	C:\Windows\WinSxS\amd64_microsoft.windows.common-controls_6595b64144ccf1df_6.0.15063.1155_none_40c7922129a7722b\COMCTL32.dll
0x00007ff811c10000 - 0x00007ff811f09000 	C:\Windows\System32\combase.dll
0x00007ff80f6e0000 - 0x00007ff80f74a000 	C:\Windows\System32\bcryptPrimitives.dll
0x00007ff80fb40000 - 0x00007ff80fb6d000 	C:\Windows\System32\IMM32.DLL
0x00007fffea080000 - 0x00007fffea131000 	C:\Program Files\McAfee\Endpoint Security\Threat Prevention\Ips\EpMPApi.dll
0x00007ff80f4b0000 - 0x00007ff80f507000 	C:\Windows\System32\WINTRUST.dll
0x00007ff80e700000 - 0x00007ff80e711000 	C:\Windows\System32\MSASN1.dll
0x00007ff80f510000 - 0x00007ff80f6d9000 	C:\Windows\System32\CRYPT32.dll
0x0000000068590000 - 0x000000006859c000 	C:\Program Files\McAfee\Endpoint Security\Threat Prevention\Ips\EpMPThe.dll
0x0000000067470000 - 0x0000000067542000 	C:\Program Files\Java\jre1.8.0_191\bin\msvcr100.dll
0x00000000675c0000 - 0x0000000067e64000 	C:\Program Files\Java\jre1.8.0_191\bin\server\jvm.dll
0x00007ff8117f0000 - 0x00007ff8117f8000 	C:\Windows\System32\PSAPI.DLL
0x00007ffff8550000 - 0x00007ffff8559000 	C:\Windows\SYSTEM32\WSOCK32.dll
0x00007ff80c9e0000 - 0x00007ff80ca03000 	C:\Windows\SYSTEM32\WINMM.dll
0x00007ff811320000 - 0x00007ff81138c000 	C:\Windows\System32\WS2_32.dll
0x00007ff800a90000 - 0x00007ff800a9a000 	C:\Windows\SYSTEM32\VERSION.dll
0x00007ff80c9b0000 - 0x00007ff80c9db000 	C:\Windows\SYSTEM32\WINMMBASE.dll
0x00007ff80f360000 - 0x00007ff80f3a9000 	C:\Windows\System32\cfgmgr32.dll
0x00000000681c0000 - 0x00000000681cf000 	C:\Program Files\Java\jre1.8.0_191\bin\verify.dll
0x0000000068190000 - 0x00000000681b9000 	C:\Program Files\Java\jre1.8.0_191\bin\java.dll
0x0000000068170000 - 0x0000000068186000 	C:\Program Files\Java\jre1.8.0_191\bin\zip.dll
0x00007ff80fb70000 - 0x00007ff810fa8000 	C:\Windows\System32\SHELL32.dll
0x00007ff811a40000 - 0x00007ff811aea000 	C:\Windows\System32\shcore.dll
0x00007ff80ec60000 - 0x00007ff80f351000 	C:\Windows\System32\windows.storage.dll
0x00007ff811bb0000 - 0x00007ff811c01000 	C:\Windows\System32\shlwapi.dll
0x00007ff80e790000 - 0x00007ff80e7a1000 	C:\Windows\System32\kernel.appcore.dll
0x00007ff80e720000 - 0x00007ff80e76c000 	C:\Windows\System32\powrprof.dll
0x00007ff80e770000 - 0x00007ff80e785000 	C:\Windows\System32\profapi.dll
0x00000000023c0000 - 0x00000000023c3000 	C:\Program Files\Java\jre1.8.0_191\bin\api-ms-win-core-console-l1-1-0.dll
0x0000000002410000 - 0x0000000002413000 	C:\Program Files\Java\jre1.8.0_191\bin\api-ms-win-core-datetime-l1-1-0.dll
0x0000000002420000 - 0x0000000002423000 	C:\Program Files\Java\jre1.8.0_191\bin\api-ms-win-core-debug-l1-1-0.dll
0x0000000002430000 - 0x0000000002433000 	C:\Program Files\Java\jre1.8.0_191\bin\api-ms-win-core-errorhandling-l1-1-0.dll
0x0000000002440000 - 0x0000000002444000 	C:\Program Files\Java\jre1.8.0_191\bin\api-ms-win-core-file-l1-1-0.dll
0x0000000002450000 - 0x0000000002453000 	C:\Program Files\Java\jre1.8.0_191\bin\api-ms-win-core-file-l1-2-0.dll
0x0000000002460000 - 0x0000000002463000 	C:\Program Files\Java\jre1.8.0_191\bin\api-ms-win-core-file-l2-1-0.dll
0x00000000190b0000 - 0x00000000190b3000 	C:\Program Files\Java\jre1.8.0_191\bin\api-ms-win-core-handle-l1-1-0.dll
0x00000000190c0000 - 0x00000000190c3000 	C:\Program Files\Java\jre1.8.0_191\bin\api-ms-win-core-heap-l1-1-0.dll
0x00000000190d0000 - 0x00000000190d3000 	C:\Program Files\Java\jre1.8.0_191\bin\api-ms-win-core-interlocked-l1-1-0.dll
0x00000000190e0000 - 0x00000000190e3000 	C:\Program Files\Java\jre1.8.0_191\bin\api-ms-win-core-libraryloader-l1-1-0.dll
0x00000000190f0000 - 0x00000000190f3000 	C:\Program Files\Java\jre1.8.0_191\bin\api-ms-win-core-localization-l1-2-0.dll
0x0000000019100000 - 0x0000000019103000 	C:\Program Files\Java\jre1.8.0_191\bin\api-ms-win-core-memory-l1-1-0.dll
0x0000000019110000 - 0x0000000019113000 	C:\Program Files\Java\jre1.8.0_191\bin\api-ms-win-core-namedpipe-l1-1-0.dll
0x0000000019120000 - 0x0000000019123000 	C:\Program Files\Java\jre1.8.0_191\bin\api-ms-win-core-processenvironment-l1-1-0.dll
0x0000000019130000 - 0x0000000019133000 	C:\Program Files\Java\jre1.8.0_191\bin\api-ms-win-core-processthreads-l1-1-0.dll
0x0000000019140000 - 0x0000000019143000 	C:\Program Files\Java\jre1.8.0_191\bin\api-ms-win-core-processthreads-l1-1-1.dll
0x0000000019150000 - 0x0000000019153000 	C:\Program Files\Java\jre1.8.0_191\bin\api-ms-win-core-profile-l1-1-0.dll
0x0000000019160000 - 0x0000000019163000 	C:\Program Files\Java\jre1.8.0_191\bin\api-ms-win-core-rtlsupport-l1-1-0.dll
0x0000000019170000 - 0x0000000019173000 	C:\Program Files\Java\jre1.8.0_191\bin\api-ms-win-core-string-l1-1-0.dll
0x0000000019180000 - 0x0000000019183000 	C:\Program Files\Java\jre1.8.0_191\bin\api-ms-win-core-synch-l1-1-0.dll
0x0000000019190000 - 0x0000000019193000 	C:\Program Files\Java\jre1.8.0_191\bin\api-ms-win-core-synch-l1-2-0.dll
0x00000000191a0000 - 0x00000000191a3000 	C:\Program Files\Java\jre1.8.0_191\bin\api-ms-win-core-sysinfo-l1-1-0.dll
0x00000000191b0000 - 0x00000000191b3000 	C:\Program Files\Java\jre1.8.0_191\bin\api-ms-win-core-timezone-l1-1-0.dll
0x00000000191c0000 - 0x00000000191c3000 	C:\Program Files\Java\jre1.8.0_191\bin\api-ms-win-core-util-l1-1-0.dll
0x00000000191d0000 - 0x00000000191d3000 	C:\Program Files\Java\jre1.8.0_191\bin\api-ms-win-crt-conio-l1-1-0.dll
0x00000000191e0000 - 0x00000000191e4000 	C:\Program Files\Java\jre1.8.0_191\bin\api-ms-win-crt-convert-l1-1-0.dll
0x00000000191f0000 - 0x00000000191f3000 	C:\Program Files\Java\jre1.8.0_191\bin\api-ms-win-crt-environment-l1-1-0.dll
0x0000000019200000 - 0x0000000019203000 	C:\Program Files\Java\jre1.8.0_191\bin\api-ms-win-crt-filesystem-l1-1-0.dll
0x0000000019210000 - 0x0000000019213000 	C:\Program Files\Java\jre1.8.0_191\bin\api-ms-win-crt-heap-l1-1-0.dll
0x0000000019220000 - 0x0000000019223000 	C:\Program Files\Java\jre1.8.0_191\bin\api-ms-win-crt-locale-l1-1-0.dll
0x0000000019230000 - 0x0000000019235000 	C:\Program Files\Java\jre1.8.0_191\bin\api-ms-win-crt-math-l1-1-0.dll
0x0000000019240000 - 0x0000000019245000 	C:\Program Files\Java\jre1.8.0_191\bin\api-ms-win-crt-multibyte-l1-1-0.dll
0x0000000019250000 - 0x0000000019260000 	C:\Program Files\Java\jre1.8.0_191\bin\api-ms-win-crt-private-l1-1-0.dll
0x0000000019260000 - 0x0000000019263000 	C:\Program Files\Java\jre1.8.0_191\bin\api-ms-win-crt-process-l1-1-0.dll
0x0000000019270000 - 0x0000000019274000 	C:\Program Files\Java\jre1.8.0_191\bin\api-ms-win-crt-runtime-l1-1-0.dll
0x0000000019280000 - 0x0000000019284000 	C:\Program Files\Java\jre1.8.0_191\bin\api-ms-win-crt-stdio-l1-1-0.dll
0x0000000019290000 - 0x0000000019294000 	C:\Program Files\Java\jre1.8.0_191\bin\api-ms-win-crt-string-l1-1-0.dll
0x00000000192a0000 - 0x00000000192a3000 	C:\Program Files\Java\jre1.8.0_191\bin\api-ms-win-crt-time-l1-1-0.dll
0x00000000192b0000 - 0x00000000192b3000 	C:\Program Files\Java\jre1.8.0_191\bin\api-ms-win-crt-utility-l1-1-0.dll
0x00007ff8087f0000 - 0x00007ff8088e6000 	C:\Program Files\Java\jre1.8.0_191\bin\ucrtbase.dll
0x00007ff80c390000 - 0x00007ff80c3a6000 	C:\Program Files\Java\jre1.8.0_191\bin\vcruntime140.dll
0x00007ff800f60000 - 0x00007ff800ffc000 	C:\Program Files\Java\jre1.8.0_191\bin\msvcp140.dll
0x00007ff80c020000 - 0x00007ff80c071000 	C:\Program Files\Java\jre1.8.0_191\bin\concrt140.dll
0x0000000067440000 - 0x0000000067463000 	C:\Program Files\Java\jre1.8.0_191\bin\prism_d3d.dll
0x00007ff800540000 - 0x00007ff8006c9000 	C:\Windows\system32\d3d9.dll
0x00007ff80c950000 - 0x00007ff80c97a000 	C:\Windows\SYSTEM32\dwmapi.dll
0x00007ff80cc00000 - 0x00007ff80cc95000 	C:\Windows\system32\uxtheme.dll
0x00007ffff9820000 - 0x00007ffff99f7000 	C:\Windows\System32\DriverStore\FileRepository\ki127171.inf_amd64_368f8c7337214025\igdumdim64.dll
0x00007fffc9480000 - 0x00007fffcc47d000 	C:\Windows\System32\DriverStore\FileRepository\ki127171.inf_amd64_368f8c7337214025\igd9dxva64.dll
0x00007ff811120000 - 0x00007ff811265000 	C:\Windows\System32\ole32.dll
0x00007ff80f940000 - 0x00007ff80fa00000 	C:\Windows\System32\OLEAUT32.dll
0x00000000673f0000 - 0x0000000067439000 	C:\Program Files\Java\jre1.8.0_191\bin\glass.dll
0x00007ff811930000 - 0x00007ff811a38000 	C:\Windows\System32\COMDLG32.dll
0x00007ff810fb0000 - 0x00007ff811116000 	C:\Windows\System32\MSCTF.dll
0x00007ff803f90000 - 0x00007ff805d25000 	C:\Windows\System32\DriverStore\FileRepository\ki127171.inf_amd64_368f8c7337214025\igc64.dll
0x00000000673d0000 - 0x00000000673e4000 	C:\Program Files\Java\jre1.8.0_191\bin\javafx_font.dll
0x0000000063d10000 - 0x00000000673ca000 	C:\Program Files\Java\jre1.8.0_191\bin\jfxwebkit.dll
0x00007ff808440000 - 0x00007ff8086ff000 	C:\Windows\SYSTEM32\dwrite.dll
0x00007ff80e150000 - 0x00007ff80e167000 	C:\Windows\SYSTEM32\CRYPTSP.dll
0x00007ff80d890000 - 0x00007ff80d8c4000 	C:\Windows\system32\rsaenh.dll
0x00007ff80e2c0000 - 0x00007ff80e2e5000 	C:\Windows\SYSTEM32\bcrypt.dll
0x00007ff80e170000 - 0x00007ff80e17b000 	C:\Windows\SYSTEM32\CRYPTBASE.dll
0x00007ff80e630000 - 0x00007ff80e659000 	C:\Windows\SYSTEM32\USERENV.dll
0x00000000675a0000 - 0x00000000675ba000 	C:\Program Files\Java\jre1.8.0_191\bin\net.dll
0x00007ff80dfb0000 - 0x00007ff80e00c000 	C:\Windows\system32\mswsock.dll
0x00007ff80dd50000 - 0x00007ff80dd87000 	C:\Windows\SYSTEM32\IPHLPAPI.DLL
0x00007ff811f10000 - 0x00007ff811f18000 	C:\Windows\System32\NSI.dll
0x00007ff803ba0000 - 0x00007ff803bb6000 	C:\Windows\SYSTEM32\dhcpcsvc6.DLL
0x00007ff803b80000 - 0x00007ff803b9a000 	C:\Windows\SYSTEM32\dhcpcsvc.DLL
0x0000000067580000 - 0x0000000067591000 	C:\Program Files\Java\jre1.8.0_191\bin\nio.dll
0x0000000067550000 - 0x0000000067574000 	C:\Program Files\Java\jre1.8.0_191\bin\sunec.dll
0x00007ff811f20000 - 0x00007ff811fbe000 	C:\Windows\System32\clbcatq.dll
0x00007ff809aa0000 - 0x00007ff809c4c000 	C:\Windows\SYSTEM32\WindowsCodecs.dll
0x00007ff8003d0000 - 0x00007ff800417000 	C:\Windows\system32\dataexchange.dll
0x00007ff80b6d0000 - 0x00007ff80b9af000 	C:\Windows\system32\d3d11.dll
0x00007ff808d80000 - 0x00007ff808ea3000 	C:\Windows\system32\dcomp.dll
0x00007ff80d3d0000 - 0x00007ff80d474000 	C:\Windows\system32\dxgi.dll
0x00007ff80cee0000 - 0x00007ff80d050000 	C:\Windows\system32\twinapi.appcore.dll
0x00007ff80bf30000 - 0x00007ff80bf61000 	C:\Program Files\Common Files\Microsoft Shared\Ink\rtscom.dll
0x0000000069e80000 - 0x0000000069e8b000 	C:\Program Files\Java\jre1.8.0_191\bin\sunmscapi.dll
0x00007ff80dd90000 - 0x00007ff80de34000 	C:\Windows\SYSTEM32\DNSAPI.dll
0x00007ff800010000 - 0x00007ff80001a000 	C:\Windows\System32\rasadhlp.dll
0x00007ff803f20000 - 0x00007ff803f8b000 	C:\Windows\System32\fwpuclnt.dll
0x0000000069f90000 - 0x0000000069fa2000 	C:\Program Files\Java\jre1.8.0_191\bin\prism_common.dll
0x00007ff807980000 - 0x00007ff807f24000 	C:\Windows\SYSTEM32\d2d1.dll

VM Arguments:
jvm_args: -Dfile.encoding=UTF-8 
java_command: principal.Principal
java_class_path (initial): C:\Program Files\Java\jre1.8.0_191\lib\resources.jar;C:\Program Files\Java\jre1.8.0_191\lib\rt.jar;C:\Program Files\Java\jre1.8.0_191\lib\jsse.jar;C:\Program Files\Java\jre1.8.0_191\lib\jce.jar;C:\Program Files\Java\jre1.8.0_191\lib\charsets.jar;C:\Program Files\Java\jre1.8.0_191\lib\jfr.jar;C:\Program Files\Java\jre1.8.0_191\lib\ext\access-bridge-64.jar;C:\Program Files\Java\jre1.8.0_191\lib\ext\cldrdata.jar;C:\Program Files\Java\jre1.8.0_191\lib\ext\dnsns.jar;C:\Program Files\Java\jre1.8.0_191\lib\ext\jaccess.jar;C:\Program Files\Java\jre1.8.0_191\lib\ext\jfxrt.jar;C:\Program Files\Java\jre1.8.0_191\lib\ext\localedata.jar;C:\Program Files\Java\jre1.8.0_191\lib\ext\nashorn.jar;C:\Program Files\Java\jre1.8.0_191\lib\ext\sunec.jar;C:\Program Files\Java\jre1.8.0_191\lib\ext\sunjce_provider.jar;C:\Program Files\Java\jre1.8.0_191\lib\ext\sunmscapi.jar;C:\Program Files\Java\jre1.8.0_191\lib\ext\sunpkcs11.jar;C:\Program Files\Java\jre1.8.0_191\lib\ext\zipfs.jar;C:\Users\fabricio.barrozo\eclipse-workspace\adasa4\target\classes;C:\Users\fabricio.barrozo\.m2\repository\commons-codec\commons-codec\1.11\commons-codec-1.11.jar;C:\Users\fabricio.barrozo\.m2\repository\com\microsoft\sqlserver\mssql-jdbc\7.0.0.jre8\mssql-jdbc-7.0.0.jre8.jar;C:\Users\fabricio.barrozo\.m2\repository\org\hibernate\hibernate-spatial\5.1.0.Final\hibernate-spatial-5.1.0.Final.jar;C:\Users\fabricio.barrozo\.m2\repository\org\jboss\logging\jboss-logging\3.3.0.Final\jboss-logging-3.3.0.Final.jar;C:\Users\fabricio.barrozo\.m2\repository\org\hibernate\hibernate-core\5.1.0.Final\hibernate-core-5.1.0.Final.jar;C:\Users\fabricio.barrozo\.m2\repository\org\hibernate\javax\persistence\hibernate-jpa-2.1-api\1.0.0.Final\hibernate-jpa-2.1-api-1.0.0.Final.jar;C:\Users\fabricio.barrozo\.m2\repository\org\javassist\javassist\3.20.0-GA\javassist-3.20.0-GA.jar;C:\Users\fabricio.barrozo\.m2\repository\antlr\antlr\2.7.7\antlr-2.7.7.jar;C:\Users\fabricio.barrozo\.m2\repository\org\apache\geronim
Launcher Type: SUN_STANDARD

Environment Variables:
JAVA_HOME=C:\Program Files\Java\jdk1.8.0_191
PATH=C:/Program Files/Java/jre1.8.0_191/bin/server;C:/Program Files/Java/jre1.8.0_191/bin;C:/Program Files/Java/jre1.8.0_191/lib/amd64;C:\Program Files (x86)\Common Files\Oracle\Java\javapath;C:\ProgramData\Oracle\Java\javapath;C:\Program Files (x86)\Intel\iCLS Client\;C:\Program Files\Intel\iCLS Client\;C:\Windows\system32;C:\Windows;C:\Windows\System32\Wbem;C:\Windows\System32\WindowsPowerShell\v1.0\;C:\Program Files (x86)\Intel\Intel(R) Management Engine Components\DAL;C:\Program Files\Intel\Intel(R) Management Engine Components\DAL;C:\Program Files (x86)\Intel\Intel(R) Management Engine Components\IPT;C:\Program Files\Intel\Intel(R) Management Engine Components\IPT;C:\Program Files\Intel\WiFi\bin\;C:\Program Files\Common Files\Intel\WirelessCommon\;c:\Program Files\Microsoft SQL Server\110\Tools\Binn\;c:\Program Files (x86)\Microsoft SQL Server\110\Tools\Binn\ManagementStudio\;c:\Program Files (x86)\Microsoft SQL Server\110\Tools\Binn\;c:\Program Files (x86)\Microsoft SQL Server\110\DTS\Binn\;C:\apache-maven-3.6.0\bin;C:\Program Files\Microsoft SQL Server Migration Assistant for Access\bin\;C:\Users\fabricio.barrozo\AppData\Local\Microsoft\WindowsApps;;C:\Windows\System32;
USERNAME=fabricio.barrozo
OS=Windows_NT
PROCESSOR_IDENTIFIER=Intel64 Family 6 Model 94 Stepping 3, GenuineIntel



---------------  S Y S T E M  ---------------

OS: Windows 10.0 , 64 bit Build 15063 (10.0.15063.1058)

CPU:total 4 (initial active 4) (4 cores per cpu, 1 threads per core) family 6 model 94 stepping 3, cmov, cx8, fxsr, mmx, sse, sse2, sse3, ssse3, sse4.1, sse4.2, popcnt, avx, avx2, aes, clmul, erms, rtm, 3dnowpref, lzcnt, tsc, tscinvbit, bmi1, bmi2, adx

Memory: 4k page, physical 8249056k(1387620k free), swap 10196704k(5580k free)

vm_info: Java HotSpot(TM) 64-Bit Server VM (25.191-b12) for windows-amd64 JRE (1.8.0_191-b12), built on Oct  6 2018 09:29:03 by "java_re" with MS VC++ 10.0 (VS2010)

time: Mon Aug 26 16:56:21 2019
elapsed time: 9 seconds (0d 0h 0m 9s)

