#
# There is insufficient memory for the Java Runtime Environment to continue.
# Native memory allocation (malloc) failed to allocate 873616 bytes for Chunk::new
# Possible reasons:
#   The system is out of physical RAM or swap space
#   In 32 bit mode, the process size limit was hit
# Possible solutions:
#   Reduce memory load on the system
#   Increase physical memory or swap space
#   Check if swap backing store is full
#   Use 64 bit Java on a 64 bit OS
#   Decrease Java heap size (-Xmx/-Xms)
#   Decrease number of Java threads
#   Decrease Java thread stack sizes (-Xss)
#   Set larger code cache with -XX:ReservedCodeCacheSize=
# This output file may be truncated or incomplete.
#
#  Out of Memory Error (allocation.cpp:390), pid=10092, tid=0x00000000000043f4
#
# JRE version: Java(TM) SE Runtime Environment (8.0_191-b12) (build 1.8.0_191-b12)
# Java VM: Java HotSpot(TM) 64-Bit Server VM (25.191-b12 mixed mode windows-amd64 compressed oops)
# Failed to write core dump. Minidumps are not enabled by default on client versions of Windows
#

---------------  T H R E A D  ---------------

Current thread (0x0000000017b7f800):  JavaThread "C2 CompilerThread0" daemon [_thread_in_native, id=17396, stack(0x00000000191e0000,0x00000000192e0000)]

Stack: [0x00000000191e0000,0x00000000192e0000]
[error occurred during error reporting (printing stack bounds), id 0xc0000005]

Native frames: (J=compiled Java code, j=interpreted, Vv=VM code, C=native code)


Current CompileTask:
C2:  76514 10831       4       sun.security.util.AlgorithmDecomposer::decompose (336 bytes)


---------------  P R O C E S S  ---------------

Java Threads: ( => current thread )
  0x00000000315b3800 JavaThread "URL-Loader-79" daemon [_thread_blocked, id=17112, stack(0x000000003f6b0000,0x000000003f7b0000)]
  0x00000000315ac000 JavaThread "URL-Loader-78" daemon [_thread_blocked, id=2880, stack(0x000000003f5b0000,0x000000003f6b0000)]
  0x00000000315b2800 JavaThread "URL-Loader-77" daemon [_thread_blocked, id=4152, stack(0x000000003f4b0000,0x000000003f5b0000)]
  0x00000000315ae000 JavaThread "URL-Loader-76" daemon [_thread_blocked, id=14012, stack(0x000000003f3b0000,0x000000003f4b0000)]
  0x00000000315ad800 JavaThread "URL-Loader-75" daemon [_thread_blocked, id=460, stack(0x000000003f2b0000,0x000000003f3b0000)]
  0x00000000315b2000 JavaThread "URL-Loader-74" daemon [_thread_blocked, id=5788, stack(0x000000003f1b0000,0x000000003f2b0000)]
  0x0000000025525800 JavaThread "URL-Loader-73" daemon [_thread_in_native, id=10276, stack(0x000000003f0b0000,0x000000003f1b0000)]
  0x0000000025524800 JavaThread "URL-Loader-72" daemon [_thread_blocked, id=11652, stack(0x000000003efb0000,0x000000003f0b0000)]
  0x0000000025526000 JavaThread "URL-Loader-71" daemon [_thread_blocked, id=6196, stack(0x000000003eeb0000,0x000000003efb0000)]
  0x0000000025524000 JavaThread "URL-Loader-70" daemon [_thread_blocked, id=12516, stack(0x000000003edb0000,0x000000003eeb0000)]
  0x0000000025523000 JavaThread "URL-Loader-69" daemon [_thread_blocked, id=4920, stack(0x000000003ecb0000,0x000000003edb0000)]
  0x0000000025519800 JavaThread "URL-Loader-68" daemon [_thread_blocked, id=9324, stack(0x000000003ebb0000,0x000000003ecb0000)]
  0x0000000025520000 JavaThread "URL-Loader-67" daemon [_thread_blocked, id=16604, stack(0x000000003eab0000,0x000000003ebb0000)]
  0x0000000025518800 JavaThread "URL-Loader-66" daemon [_thread_blocked, id=6780, stack(0x000000003e9b0000,0x000000003eab0000)]
  0x000000002551f800 JavaThread "URL-Loader-65" daemon [_thread_blocked, id=11368, stack(0x000000003e8b0000,0x000000003e9b0000)]
  0x0000000025517000 JavaThread "URL-Loader-64" daemon [_thread_blocked, id=15876, stack(0x000000003e7b0000,0x000000003e8b0000)]
  0x0000000025518000 JavaThread "URL-Loader-63" daemon [_thread_blocked, id=1168, stack(0x000000003e6b0000,0x000000003e7b0000)]
  0x000000002551d000 JavaThread "URL-Loader-62" daemon [_thread_blocked, id=4884, stack(0x000000003e1b0000,0x000000003e2b0000)]
  0x000000002551e000 JavaThread "URL-Loader-61" daemon [_thread_blocked, id=12916, stack(0x000000003e0b0000,0x000000003e1b0000)]
  0x000000002551b800 JavaThread "URL-Loader-60" daemon [_thread_blocked, id=13784, stack(0x000000003dfb0000,0x000000003e0b0000)]
  0x000000002551e800 JavaThread "Keep-Alive-Timer" daemon [_thread_blocked, id=2332, stack(0x0000000035970000,0x0000000035a70000)]
  0x0000000025522800 JavaThread "C3P0PooledConnectionPoolManager[identityToken->1bqoq4ia31gr0ahuuqrcd7|6a78772d]-HelperThread-#2" daemon [_thread_blocked, id=16956, stack(0x0000000032410000,0x0000000032510000)]
  0x000000002551b000 JavaThread "C3P0PooledConnectionPoolManager[identityToken->1bqoq4ia31gr0ahuuqrcd7|6a78772d]-HelperThread-#1" daemon [_thread_blocked, id=10316, stack(0x0000000032310000,0x0000000032410000)]
  0x0000000025521800 JavaThread "C3P0PooledConnectionPoolManager[identityToken->1bqoq4ia31gr0ahuuqrcd7|6a78772d]-HelperThread-#0" daemon [_thread_blocked, id=12024, stack(0x0000000032210000,0x0000000032310000)]
  0x000000002551a000 JavaThread "C3P0PooledConnectionPoolManager[identityToken->1bqoq4ia31gr0ahuuqrcd7|6a78772d]-AdminTaskTimer" daemon [_thread_blocked, id=14300, stack(0x0000000032110000,0x0000000032210000)]
  0x000000001a171000 JavaThread "Disposer" daemon [_thread_blocked, id=6492, stack(0x0000000023670000,0x0000000023770000)]
  0x000000001a16d800 JavaThread "Prism Font Disposer" daemon [_thread_blocked, id=9156, stack(0x0000000022d70000,0x0000000022e70000)]
  0x0000000019d8d000 JavaThread "Thread-3" daemon [_thread_in_native, id=10344, stack(0x00000000212a0000,0x00000000213a0000)]
  0x0000000019d1e800 JavaThread "JavaFX-Launcher" [_thread_blocked, id=15968, stack(0x00000000213a0000,0x00000000214a0000)]
  0x0000000019d0c800 JavaThread "JavaFX Application Thread" [_thread_in_native, id=17304, stack(0x000000001a910000,0x000000001aa10000)]
  0x00000000198de000 JavaThread "Thread-1" daemon [_thread_blocked, id=11972, stack(0x000000001a810000,0x000000001a910000)]
  0x00000000198bf800 JavaThread "QuantumRenderer-0" daemon [_thread_in_native, id=15628, stack(0x000000001a500000,0x000000001a600000)]
  0x0000000019510800 JavaThread "Service Thread" daemon [_thread_blocked, id=2052, stack(0x00000000198e0000,0x00000000199e0000)]
  0x0000000017b8a800 JavaThread "C1 CompilerThread2" daemon [_thread_blocked, id=1464, stack(0x00000000193e0000,0x00000000194e0000)]
  0x0000000017b86800 JavaThread "C2 CompilerThread1" daemon [_thread_in_native, id=8764, stack(0x00000000192e0000,0x00000000193e0000)]
=>0x0000000017b7f800 JavaThread "C2 CompilerThread0" daemon [_thread_in_native, id=17396, stack(0x00000000191e0000,0x00000000192e0000)]
  0x0000000017b7d800 JavaThread "Attach Listener" daemon [_thread_blocked, id=11576, stack(0x00000000190e0000,0x00000000191e0000)]
  0x0000000017b89800 JavaThread "Signal Dispatcher" daemon [_thread_blocked, id=16140, stack(0x0000000018fe0000,0x00000000190e0000)]
  0x00000000030ad800 JavaThread "Finalizer" daemon [_thread_blocked, id=14020, stack(0x0000000018de0000,0x0000000018ee0000)]
  0x00000000030a2800 JavaThread "Reference Handler" daemon [_thread_blocked, id=15300, stack(0x0000000018ce0000,0x0000000018de0000)]
  0x0000000002fb3800 JavaThread "main" [_thread_blocked, id=2224, stack(0x0000000002e90000,0x0000000002f90000)]

Other Threads:
  0x0000000017b48800 VMThread [stack: 0x0000000018be0000,0x0000000018ce0000] [id=14684]
  0x0000000017bdd000 WatcherThread [stack: 0x00000000199e0000,0x0000000019ae0000] [id=13632]

VM state:not at safepoint (normal execution)

VM Mutex/Monitor currently owned by a thread: None

Heap:
 PSYoungGen      total 227840K, used 208988K [0x00000000d6100000, 0x00000000e6180000, 0x0000000100000000)
  eden space 202752K, 90% used [0x00000000d6100000,0x00000000e149bdf8,0x00000000e2700000)
  from space 25088K, 99% used [0x00000000e4400000,0x00000000e5c7b378,0x00000000e5c80000)
  to   space 29696K, 0% used [0x00000000e2700000,0x00000000e2700000,0x00000000e4400000)
 ParOldGen       total 120832K, used 46280K [0x0000000082200000, 0x0000000089800000, 0x00000000d6100000)
  object space 120832K, 38% used [0x0000000082200000,0x0000000084f32170,0x0000000089800000)
 Metaspace       used 52855K, capacity 55150K, committed 55296K, reserved 1097728K
  class space    used 6972K, capacity 7379K, committed 7424K, reserved 1048576K

Card table byte_map: [0x0000000012470000,0x0000000012860000] byte_map_base: 0x000000001205f000

Marking Bits: (ParMarkBitMap*) 0x0000000057463e30
 Begin Bits: [0x0000000012f00000, 0x0000000014e78000)
 End Bits:   [0x0000000014e78000, 0x0000000016df0000)

Polling page: 0x0000000001600000

CodeCache: size=245760Kb used=29308Kb max_used=29530Kb free=216451Kb
 bounds [0x00000000030b0000, 0x0000000004dc0000, 0x00000000120b0000]
 total_blobs=10040 nmethods=9073 adapters=878
 compilation: enabled

Compilation events (10 events):
Event: 76.434 Thread 0x0000000017b7f800 nmethod 10828 0x0000000004b78e90 code [0x0000000004b79120, 0x0000000004b7b290]
Event: 76.439 Thread 0x0000000017b8a800 10830       3       java.util.WeakHashMap::putAll (133 bytes)
Event: 76.440 Thread 0x0000000017b8a800 nmethod 10830 0x0000000004d9ab90 code [0x0000000004d9ade0, 0x0000000004d9b988]
Event: 76.454 Thread 0x0000000017b7f800 10831       4       sun.security.util.AlgorithmDecomposer::decompose (336 bytes)
Event: 76.466 Thread 0x0000000017b8a800 10832       3       javafx.geometry.Rectangle2D::getMinX (5 bytes)
Event: 76.466 Thread 0x0000000017b8a800 nmethod 10832 0x0000000004d7ee10 code [0x0000000004d7ef60, 0x0000000004d7f0b0]
Event: 76.466 Thread 0x0000000017b8a800 10833       3       javafx.geometry.Rectangle2D::getMinY (5 bytes)
Event: 76.466 Thread 0x0000000017b8a800 nmethod 10833 0x0000000004a43910 code [0x0000000004a43a60, 0x0000000004a43bb0]
Event: 76.495 Thread 0x0000000017b8a800 10834       3       com.sun.javafx.util.Utils::getIntersectionLength (26 bytes)
Event: 76.496 Thread 0x0000000017b8a800 nmethod 10834 0x0000000004a43250 code [0x0000000004a433c0, 0x0000000004a437f0]

GC Heap History (10 events):
Event: 22.781 GC heap before
{Heap before GC invocations=14 (full 2):
 PSYoungGen      total 85504K, used 85488K [0x00000000d6100000, 0x00000000de100000, 0x0000000100000000)
  eden space 74240K, 100% used [0x00000000d6100000,0x00000000da980000,0x00000000da980000)
  from space 11264K, 99% used [0x00000000da980000,0x00000000db47c250,0x00000000db480000)
  to   space 11776K, 0% used [0x00000000dd580000,0x00000000dd580000,0x00000000de100000)
 ParOldGen       total 120832K, used 20553K [0x0000000082200000, 0x0000000089800000, 0x00000000d6100000)
  object space 120832K, 17% used [0x0000000082200000,0x0000000083612580,0x0000000089800000)
 Metaspace       used 46646K, capacity 48308K, committed 48512K, reserved 1091584K
  class space    used 6338K, capacity 6660K, committed 6784K, reserved 1048576K
Event: 22.793 GC heap after
Heap after GC invocations=14 (full 2):
 PSYoungGen      total 116224K, used 11749K [0x00000000d6100000, 0x00000000de500000, 0x0000000100000000)
  eden space 104448K, 0% used [0x00000000d6100000,0x00000000d6100000,0x00000000dc700000)
  from space 11776K, 99% used [0x00000000dd580000,0x00000000de0f94c0,0x00000000de100000)
  to   space 14848K, 0% used [0x00000000dc700000,0x00000000dc700000,0x00000000dd580000)
 ParOldGen       total 120832K, used 25299K [0x0000000082200000, 0x0000000089800000, 0x00000000d6100000)
  object space 120832K, 20% used [0x0000000082200000,0x0000000083ab4f80,0x0000000089800000)
 Metaspace       used 46646K, capacity 48308K, committed 48512K, reserved 1091584K
  class space    used 6338K, capacity 6660K, committed 6784K, reserved 1048576K
}
Event: 31.865 GC heap before
{Heap before GC invocations=15 (full 2):
 PSYoungGen      total 116224K, used 116197K [0x00000000d6100000, 0x00000000de500000, 0x0000000100000000)
  eden space 104448K, 100% used [0x00000000d6100000,0x00000000dc700000,0x00000000dc700000)
  from space 11776K, 99% used [0x00000000dd580000,0x00000000de0f94c0,0x00000000de100000)
  to   space 14848K, 0% used [0x00000000dc700000,0x00000000dc700000,0x00000000dd580000)
 ParOldGen       total 120832K, used 25299K [0x0000000082200000, 0x0000000089800000, 0x00000000d6100000)
  object space 120832K, 20% used [0x0000000082200000,0x0000000083ab4f80,0x0000000089800000)
 Metaspace       used 47679K, capacity 49380K, committed 49536K, reserved 1091584K
  class space    used 6371K, capacity 6706K, committed 6784K, reserved 1048576K
Event: 31.890 GC heap after
Heap after GC invocations=15 (full 2):
 PSYoungGen      total 119296K, used 14842K [0x00000000d6100000, 0x00000000e1b00000, 0x0000000100000000)
  eden space 104448K, 0% used [0x00000000d6100000,0x00000000d6100000,0x00000000dc700000)
  from space 14848K, 99% used [0x00000000dc700000,0x00000000dd57eb20,0x00000000dd580000)
  to   space 23040K, 0% used [0x00000000e0480000,0x00000000e0480000,0x00000000e1b00000)
 ParOldGen       total 120832K, used 42919K [0x0000000082200000, 0x0000000089800000, 0x00000000d6100000)
  object space 120832K, 35% used [0x0000000082200000,0x0000000084be9ee8,0x0000000089800000)
 Metaspace       used 47679K, capacity 49380K, committed 49536K, reserved 1091584K
  class space    used 6371K, capacity 6706K, committed 6784K, reserved 1048576K
}
Event: 33.156 GC heap before
{Heap before GC invocations=16 (full 2):
 PSYoungGen      total 119296K, used 119218K [0x00000000d6100000, 0x00000000e1b00000, 0x0000000100000000)
  eden space 104448K, 99% used [0x00000000d6100000,0x00000000dc6ede48,0x00000000dc700000)
  from space 14848K, 99% used [0x00000000dc700000,0x00000000dd57eb20,0x00000000dd580000)
  to   space 23040K, 0% used [0x00000000e0480000,0x00000000e0480000,0x00000000e1b00000)
 ParOldGen       total 120832K, used 42919K [0x0000000082200000, 0x0000000089800000, 0x00000000d6100000)
  object space 120832K, 35% used [0x0000000082200000,0x0000000084be9ee8,0x0000000089800000)
 Metaspace       used 48068K, capacity 49820K, committed 50048K, reserved 1093632K
  class space    used 6400K, capacity 6716K, committed 6784K, reserved 1048576K
Event: 33.169 GC heap after
Heap after GC invocations=16 (full 2):
 PSYoungGen      total 163328K, used 18258K [0x00000000d6100000, 0x00000000e1a00000, 0x0000000100000000)
  eden space 141312K, 0% used [0x00000000d6100000,0x00000000d6100000,0x00000000deb00000)
  from space 22016K, 82% used [0x00000000e0480000,0x00000000e1654928,0x00000000e1a00000)
  to   space 24064K, 0% used [0x00000000deb00000,0x00000000deb00000,0x00000000e0280000)
 ParOldGen       total 120832K, used 43303K [0x0000000082200000, 0x0000000089800000, 0x00000000d6100000)
  object space 120832K, 35% used [0x0000000082200000,0x0000000084c49ef8,0x0000000089800000)
 Metaspace       used 48068K, capacity 49820K, committed 50048K, reserved 1093632K
  class space    used 6400K, capacity 6716K, committed 6784K, reserved 1048576K
}
Event: 33.208 GC heap before
{Heap before GC invocations=17 (full 2):
 PSYoungGen      total 163328K, used 159570K [0x00000000d6100000, 0x00000000e1a00000, 0x0000000100000000)
  eden space 141312K, 100% used [0x00000000d6100000,0x00000000deb00000,0x00000000deb00000)
  from space 22016K, 82% used [0x00000000e0480000,0x00000000e1654928,0x00000000e1a00000)
  to   space 24064K, 0% used [0x00000000deb00000,0x00000000deb00000,0x00000000e0280000)
 ParOldGen       total 120832K, used 43303K [0x0000000082200000, 0x0000000089800000, 0x00000000d6100000)
  object space 120832K, 35% used [0x0000000082200000,0x0000000084c49ef8,0x0000000089800000)
 Metaspace       used 48070K, capacity 49820K, committed 50048K, reserved 1093632K
  class space    used 6400K, capacity 6716K, committed 6784K, reserved 1048576K
Event: 33.219 GC heap after
Heap after GC invocations=17 (full 2):
 PSYoungGen      total 165376K, used 17846K [0x00000000d6100000, 0x00000000e5c80000, 0x0000000100000000)
  eden space 141312K, 0% used [0x00000000d6100000,0x00000000d6100000,0x00000000deb00000)
  from space 24064K, 74% used [0x00000000deb00000,0x00000000dfc6dbb8,0x00000000e0280000)
  to   space 25088K, 0% used [0x00000000e4400000,0x00000000e4400000,0x00000000e5c80000)
 ParOldGen       total 120832K, used 43399K [0x0000000082200000, 0x0000000089800000, 0x00000000d6100000)
  object space 120832K, 35% used [0x0000000082200000,0x0000000084c61ef8,0x0000000089800000)
 Metaspace       used 48070K, capacity 49820K, committed 50048K, reserved 1093632K
  class space    used 6400K, capacity 6716K, committed 6784K, reserved 1048576K
}
Event: 53.951 GC heap before
{Heap before GC invocations=18 (full 2):
 PSYoungGen      total 165376K, used 159158K [0x00000000d6100000, 0x00000000e5c80000, 0x0000000100000000)
  eden space 141312K, 100% used [0x00000000d6100000,0x00000000deb00000,0x00000000deb00000)
  from space 24064K, 74% used [0x00000000deb00000,0x00000000dfc6dbb8,0x00000000e0280000)
  to   space 25088K, 0% used [0x00000000e4400000,0x00000000e4400000,0x00000000e5c80000)
 ParOldGen       total 120832K, used 43399K [0x0000000082200000, 0x0000000089800000, 0x00000000d6100000)
  object space 120832K, 35% used [0x0000000082200000,0x0000000084c61ef8,0x0000000089800000)
 Metaspace       used 50878K, capacity 52798K, committed 52992K, reserved 1095680K
  class space    used 6696K, capacity 7071K, committed 7168K, reserved 1048576K
Event: 53.968 GC heap after
Heap after GC invocations=18 (full 2):
 PSYoungGen      total 227840K, used 25068K [0x00000000d6100000, 0x00000000e6180000, 0x0000000100000000)
  eden space 202752K, 0% used [0x00000000d6100000,0x00000000d6100000,0x00000000e2700000)
  from space 25088K, 99% used [0x00000000e4400000,0x00000000e5c7b378,0x00000000e5c80000)
  to   space 29696K, 0% used [0x00000000e2700000,0x00000000e2700000,0x00000000e4400000)
 ParOldGen       total 120832K, used 46280K [0x0000000082200000, 0x0000000089800000, 0x00000000d6100000)
  object space 120832K, 38% used [0x0000000082200000,0x0000000084f32170,0x0000000089800000)
 Metaspace       used 50878K, capacity 52798K, committed 52992K, reserved 1095680K
  class space    used 6696K, capacity 7071K, committed 7168K, reserved 1048576K
}

Deoptimization events (10 events):
Event: 75.590 Thread 0x0000000019d0c800 Uncommon trap: reason=unstable_if action=reinterpret pc=0x000000000487aa0c method=javafx.scene.CssStyleHelper.resolveRef(Ljavafx/css/Styleable;Ljava/lang/String;Lcom/sun/javafx/css/StyleMap;Ljava/util/Set;)Lcom/sun/javafx/css/CascadingStyle; @ 66
Event: 75.590 Thread 0x0000000019d0c800 Uncommon trap: reason=unstable_if action=reinterpret pc=0x0000000003f73470 method=javafx.scene.CssStyleHelper.resolveRef(Ljavafx/css/Styleable;Ljava/lang/String;Lcom/sun/javafx/css/StyleMap;Ljava/util/Set;)Lcom/sun/javafx/css/CascadingStyle; @ 66
Event: 75.844 Thread 0x0000000019d0c800 Uncommon trap: reason=bimorphic action=maybe_recompile pc=0x000000000444c648 method=java.util.regex.Pattern$CharProperty.match(Ljava/util/regex/Matcher;ILjava/lang/CharSequence;)Z @ 37
Event: 75.844 Thread 0x0000000019d0c800 Uncommon trap: reason=unstable_if action=reinterpret pc=0x0000000004c7b2f4 method=javafx.scene.CssStyleHelper.isUserSetFont(Ljavafx/css/Styleable;)Z @ 56
Event: 75.844 Thread 0x0000000019d0c800 Uncommon trap: reason=unstable_if action=reinterpret pc=0x0000000004cc5f34 method=javafx.scene.CssStyleHelper.lookupFont(Ljavafx/css/Styleable;Ljava/lang/String;Lcom/sun/javafx/css/StyleMap;Lcom/sun/javafx/css/CalculatedValue;)Lcom/sun/javafx/css/Calculat
Event: 75.845 Thread 0x0000000019d0c800 Uncommon trap: reason=bimorphic action=maybe_recompile pc=0x000000000444c648 method=java.util.regex.Pattern$CharProperty.match(Ljava/util/regex/Matcher;ILjava/lang/CharSequence;)Z @ 37
Event: 75.845 Thread 0x0000000019d0c800 Uncommon trap: reason=unstable_if action=reinterpret pc=0x0000000003ee701c method=javafx.scene.text.Font.equals(Ljava/lang/Object;)Z @ 59
Event: 75.845 Thread 0x0000000019d0c800 Uncommon trap: reason=bimorphic action=maybe_recompile pc=0x000000000444c648 method=java.util.regex.Pattern$CharProperty.match(Ljava/util/regex/Matcher;ILjava/lang/CharSequence;)Z @ 37
Event: 75.845 Thread 0x0000000019d0c800 Uncommon trap: reason=bimorphic action=maybe_recompile pc=0x000000000444c648 method=java.util.regex.Pattern$CharProperty.match(Ljava/util/regex/Matcher;ILjava/lang/CharSequence;)Z @ 37
Event: 76.196 Thread 0x00000000198bf800 Uncommon trap: reason=unstable_if action=reinterpret pc=0x00000000039be560 method=com.sun.scenario.effect.impl.ImagePool.checkOut(Lcom/sun/scenario/effect/impl/Renderer;II)Lcom/sun/scenario/effect/impl/PoolFilterable; @ 218

Classes redefined (0 events):
No events

Internal exceptions (10 events):
Event: 69.790 Thread 0x0000000019d0c800 Exception <a 'java/lang/ClassNotFoundException': sun/net/www/protocol/about/Handler> (0x00000000d8422058) thrown at [C:\re\workspace\8-2-build-windows-amd64-cygwin\jdk8u191\11896\hotspot\src\share\vm\classfile\systemDictionary.cpp, line 210]
Event: 72.290 Thread 0x00000000198bf800 Implicit null exception at 0x00000000045dd514 to 0x00000000045dd579
Event: 72.290 Thread 0x00000000198bf800 Implicit null exception at 0x00000000041d7890 to 0x00000000041d78e9
Event: 72.487 Thread 0x0000000019d0c800 Exception <a 'java/lang/ClassNotFoundException': sun/net/www/protocol/about/Handler> (0x00000000db64ebf8) thrown at [C:\re\workspace\8-2-build-windows-amd64-cygwin\jdk8u191\11896\hotspot\src\share\vm\classfile\systemDictionary.cpp, line 210]
Event: 72.709 Thread 0x0000000019d0c800 Exception <a 'java/lang/ClassNotFoundException': sun/net/www/protocol/about/Handler> (0x00000000db744920) thrown at [C:\re\workspace\8-2-build-windows-amd64-cygwin\jdk8u191\11896\hotspot\src\share\vm\classfile\systemDictionary.cpp, line 210]
Event: 75.083 Thread 0x0000000019d0c800 Exception <a 'sun/nio/fs/WindowsException'> (0x00000000dbfb2d80) thrown at [C:\re\workspace\8-2-build-windows-amd64-cygwin\jdk8u191\11896\hotspot\src\share\vm\prims\jni.cpp, line 709]
Event: 75.084 Thread 0x0000000019d0c800 Exception <a 'sun/nio/fs/WindowsException'> (0x00000000dbfb4800) thrown at [C:\re\workspace\8-2-build-windows-amd64-cygwin\jdk8u191\11896\hotspot\src\share\vm\prims\jni.cpp, line 709]
Event: 75.111 Thread 0x0000000019d0c800 Exception <a 'sun/nio/fs/WindowsException'> (0x00000000dc008018) thrown at [C:\re\workspace\8-2-build-windows-amd64-cygwin\jdk8u191\11896\hotspot\src\share\vm\prims\jni.cpp, line 709]
Event: 75.113 Thread 0x0000000019d0c800 Exception <a 'sun/nio/fs/WindowsException'> (0x00000000dc009a98) thrown at [C:\re\workspace\8-2-build-windows-amd64-cygwin\jdk8u191\11896\hotspot\src\share\vm\prims\jni.cpp, line 709]
Event: 76.196 Thread 0x00000000198bf800 Implicit null exception at 0x00000000039bced5 to 0x00000000039be515

Events (10 events):
Event: 76.190 Thread 0x0000000032f87000 Thread exited: 0x0000000032f87000
Event: 76.190 Thread 0x00000000315b4800 Thread exited: 0x00000000315b4800
Event: 76.190 Thread 0x00000000315b9000 Thread exited: 0x00000000315b9000
Event: 76.196 Thread 0x00000000198bf800 Uncommon trap: trap_request=0xffffff65 fr.pc=0x00000000039be560
Event: 76.196 Thread 0x00000000198bf800 DEOPT PACKING pc=0x00000000039be560 sp=0x000000001a5fbb10
Event: 76.196 Thread 0x00000000198bf800 DEOPT UNPACKING pc=0x00000000030f583b sp=0x000000001a5fbac0 mode 2
Event: 76.478 Thread 0x00000000315ac800 Thread added: 0x00000000315ac800
Event: 76.486 Executing VM operation: RevokeBias
Event: 76.487 Executing VM operation: RevokeBias done
Event: 76.487 Thread 0x00000000315ac800 Thread exited: 0x00000000315ac800


Dynamic libraries:
0x00007ff652570000 - 0x00007ff6525a7000 	C:\Program Files\Java\jre1.8.0_191\bin\javaw.exe
0x00007ffe77e10000 - 0x00007ffe77feb000 	C:\Windows\SYSTEM32\ntdll.dll
0x00007ffe757d0000 - 0x00007ffe7587e000 	C:\Windows\System32\KERNEL32.DLL
0x00007ffe74330000 - 0x00007ffe7457a000 	C:\Windows\System32\KERNELBASE.dll
0x00007ffe77720000 - 0x00007ffe777c1000 	C:\Windows\System32\ADVAPI32.dll
0x00007ffe76d80000 - 0x00007ffe76e1d000 	C:\Windows\System32\msvcrt.dll
0x00007ffe76d20000 - 0x00007ffe76d79000 	C:\Windows\System32\sechost.dll
0x00007ffe76eb0000 - 0x00007ffe76fd5000 	C:\Windows\System32\RPCRT4.dll
0x00007ffe77920000 - 0x00007ffe77a6a000 	C:\Windows\System32\USER32.dll
0x00007ffe747f0000 - 0x00007ffe7480e000 	C:\Windows\System32\win32u.dll
0x00007ffe76e80000 - 0x00007ffe76ea7000 	C:\Windows\System32\GDI32.dll
0x00007ffe74a20000 - 0x00007ffe74ba8000 	C:\Windows\System32\gdi32full.dll
0x00007ffe74750000 - 0x00007ffe747ea000 	C:\Windows\System32\msvcp_win.dll
0x00007ffe748c0000 - 0x00007ffe749b6000 	C:\Windows\System32\ucrtbase.dll
0x00007ffe64bb0000 - 0x00007ffe64e17000 	C:\Windows\WinSxS\amd64_microsoft.windows.common-controls_6595b64144ccf1df_6.0.15063.1155_none_40c7922129a7722b\COMCTL32.dll
0x00007ffe77b10000 - 0x00007ffe77e09000 	C:\Windows\System32\combase.dll
0x00007ffe75300000 - 0x00007ffe7536a000 	C:\Windows\System32\bcryptPrimitives.dll
0x00007ffe77670000 - 0x00007ffe7769d000 	C:\Windows\System32\IMM32.DLL
0x00007ffe4f870000 - 0x00007ffe4f921000 	C:\Program Files\McAfee\Endpoint Security\Threat Prevention\Ips\EpMPApi.dll
0x00007ffe749c0000 - 0x00007ffe74a17000 	C:\Windows\System32\WINTRUST.dll
0x00007ffe742a0000 - 0x00007ffe742b1000 	C:\Windows\System32\MSASN1.dll
0x00007ffe74580000 - 0x00007ffe74749000 	C:\Windows\System32\CRYPT32.dll
0x0000000057ad0000 - 0x0000000057adc000 	C:\Program Files\McAfee\Endpoint Security\Threat Prevention\Ips\EpMPThe.dll
0x0000000056a70000 - 0x0000000056b42000 	C:\Program Files\Java\jre1.8.0_191\bin\msvcr100.dll
0x0000000056c40000 - 0x00000000574e4000 	C:\Program Files\Java\jre1.8.0_191\bin\server\jvm.dll
0x00007ffe776a0000 - 0x00007ffe776a8000 	C:\Windows\System32\PSAPI.DLL
0x00007ffe72560000 - 0x00007ffe72583000 	C:\Windows\SYSTEM32\WINMM.dll
0x00007ffe64e30000 - 0x00007ffe64e3a000 	C:\Windows\SYSTEM32\VERSION.dll
0x00007ffe62590000 - 0x00007ffe62599000 	C:\Windows\SYSTEM32\WSOCK32.dll
0x00007ffe776b0000 - 0x00007ffe7771c000 	C:\Windows\System32\WS2_32.dll
0x00007ffe72530000 - 0x00007ffe7255b000 	C:\Windows\SYSTEM32\winmmbase.dll
0x00007ffe74bb0000 - 0x00007ffe74bf9000 	C:\Windows\System32\cfgmgr32.dll
0x0000000056c30000 - 0x0000000056c3f000 	C:\Program Files\Java\jre1.8.0_191\bin\verify.dll
0x0000000056c00000 - 0x0000000056c29000 	C:\Program Files\Java\jre1.8.0_191\bin\java.dll
0x0000000056be0000 - 0x0000000056bf6000 	C:\Program Files\Java\jre1.8.0_191\bin\zip.dll
0x00007ffe75880000 - 0x00007ffe76cb8000 	C:\Windows\System32\SHELL32.dll
0x00007ffe77040000 - 0x00007ffe770ea000 	C:\Windows\System32\shcore.dll
0x00007ffe74c00000 - 0x00007ffe752f1000 	C:\Windows\System32\windows.storage.dll
0x00007ffe76fe0000 - 0x00007ffe77031000 	C:\Windows\System32\shlwapi.dll
0x00007ffe74310000 - 0x00007ffe74321000 	C:\Windows\System32\kernel.appcore.dll
0x00007ffe742c0000 - 0x00007ffe7430c000 	C:\Windows\System32\powrprof.dll
0x00007ffe74280000 - 0x00007ffe74295000 	C:\Windows\System32\profapi.dll
0x0000000002e30000 - 0x0000000002e33000 	C:\Program Files\Java\jre1.8.0_191\bin\api-ms-win-core-console-l1-1-0.dll
0x0000000002e40000 - 0x0000000002e43000 	C:\Program Files\Java\jre1.8.0_191\bin\api-ms-win-core-datetime-l1-1-0.dll
0x0000000002e50000 - 0x0000000002e53000 	C:\Program Files\Java\jre1.8.0_191\bin\api-ms-win-core-debug-l1-1-0.dll
0x0000000002e60000 - 0x0000000002e63000 	C:\Program Files\Java\jre1.8.0_191\bin\api-ms-win-core-errorhandling-l1-1-0.dll
0x0000000002e70000 - 0x0000000002e74000 	C:\Program Files\Java\jre1.8.0_191\bin\api-ms-win-core-file-l1-1-0.dll
0x0000000002f90000 - 0x0000000002f93000 	C:\Program Files\Java\jre1.8.0_191\bin\api-ms-win-core-file-l1-2-0.dll
0x0000000019ae0000 - 0x0000000019ae3000 	C:\Program Files\Java\jre1.8.0_191\bin\api-ms-win-core-file-l2-1-0.dll
0x0000000019af0000 - 0x0000000019af3000 	C:\Program Files\Java\jre1.8.0_191\bin\api-ms-win-core-handle-l1-1-0.dll
0x0000000019b00000 - 0x0000000019b03000 	C:\Program Files\Java\jre1.8.0_191\bin\api-ms-win-core-heap-l1-1-0.dll
0x0000000019b10000 - 0x0000000019b13000 	C:\Program Files\Java\jre1.8.0_191\bin\api-ms-win-core-interlocked-l1-1-0.dll
0x0000000019b20000 - 0x0000000019b23000 	C:\Program Files\Java\jre1.8.0_191\bin\api-ms-win-core-libraryloader-l1-1-0.dll
0x0000000019b30000 - 0x0000000019b33000 	C:\Program Files\Java\jre1.8.0_191\bin\api-ms-win-core-localization-l1-2-0.dll
0x0000000019b40000 - 0x0000000019b43000 	C:\Program Files\Java\jre1.8.0_191\bin\api-ms-win-core-memory-l1-1-0.dll
0x0000000019b50000 - 0x0000000019b53000 	C:\Program Files\Java\jre1.8.0_191\bin\api-ms-win-core-namedpipe-l1-1-0.dll
0x0000000019b60000 - 0x0000000019b63000 	C:\Program Files\Java\jre1.8.0_191\bin\api-ms-win-core-processenvironment-l1-1-0.dll
0x0000000019b70000 - 0x0000000019b73000 	C:\Program Files\Java\jre1.8.0_191\bin\api-ms-win-core-processthreads-l1-1-0.dll
0x0000000019b80000 - 0x0000000019b83000 	C:\Program Files\Java\jre1.8.0_191\bin\api-ms-win-core-processthreads-l1-1-1.dll
0x0000000019b90000 - 0x0000000019b93000 	C:\Program Files\Java\jre1.8.0_191\bin\api-ms-win-core-profile-l1-1-0.dll
0x0000000019ba0000 - 0x0000000019ba3000 	C:\Program Files\Java\jre1.8.0_191\bin\api-ms-win-core-rtlsupport-l1-1-0.dll
0x0000000019bb0000 - 0x0000000019bb3000 	C:\Program Files\Java\jre1.8.0_191\bin\api-ms-win-core-string-l1-1-0.dll
0x0000000019bc0000 - 0x0000000019bc3000 	C:\Program Files\Java\jre1.8.0_191\bin\api-ms-win-core-synch-l1-1-0.dll
0x0000000019bd0000 - 0x0000000019bd3000 	C:\Program Files\Java\jre1.8.0_191\bin\api-ms-win-core-synch-l1-2-0.dll
0x0000000019be0000 - 0x0000000019be3000 	C:\Program Files\Java\jre1.8.0_191\bin\api-ms-win-core-sysinfo-l1-1-0.dll
0x0000000019bf0000 - 0x0000000019bf3000 	C:\Program Files\Java\jre1.8.0_191\bin\api-ms-win-core-timezone-l1-1-0.dll
0x0000000019c00000 - 0x0000000019c03000 	C:\Program Files\Java\jre1.8.0_191\bin\api-ms-win-core-util-l1-1-0.dll
0x0000000019c10000 - 0x0000000019c13000 	C:\Program Files\Java\jre1.8.0_191\bin\api-ms-win-crt-conio-l1-1-0.dll
0x0000000019c20000 - 0x0000000019c24000 	C:\Program Files\Java\jre1.8.0_191\bin\api-ms-win-crt-convert-l1-1-0.dll
0x0000000019c30000 - 0x0000000019c33000 	C:\Program Files\Java\jre1.8.0_191\bin\api-ms-win-crt-environment-l1-1-0.dll
0x0000000019c40000 - 0x0000000019c43000 	C:\Program Files\Java\jre1.8.0_191\bin\api-ms-win-crt-filesystem-l1-1-0.dll
0x0000000019c50000 - 0x0000000019c53000 	C:\Program Files\Java\jre1.8.0_191\bin\api-ms-win-crt-heap-l1-1-0.dll
0x0000000019c60000 - 0x0000000019c63000 	C:\Program Files\Java\jre1.8.0_191\bin\api-ms-win-crt-locale-l1-1-0.dll
0x0000000019c70000 - 0x0000000019c75000 	C:\Program Files\Java\jre1.8.0_191\bin\api-ms-win-crt-math-l1-1-0.dll
0x0000000019c80000 - 0x0000000019c85000 	C:\Program Files\Java\jre1.8.0_191\bin\api-ms-win-crt-multibyte-l1-1-0.dll
0x0000000019c90000 - 0x0000000019ca0000 	C:\Program Files\Java\jre1.8.0_191\bin\api-ms-win-crt-private-l1-1-0.dll
0x0000000019ca0000 - 0x0000000019ca3000 	C:\Program Files\Java\jre1.8.0_191\bin\api-ms-win-crt-process-l1-1-0.dll
0x0000000019cb0000 - 0x0000000019cb4000 	C:\Program Files\Java\jre1.8.0_191\bin\api-ms-win-crt-runtime-l1-1-0.dll
0x0000000019cc0000 - 0x0000000019cc4000 	C:\Program Files\Java\jre1.8.0_191\bin\api-ms-win-crt-stdio-l1-1-0.dll
0x0000000019cd0000 - 0x0000000019cd4000 	C:\Program Files\Java\jre1.8.0_191\bin\api-ms-win-crt-string-l1-1-0.dll
0x0000000019ce0000 - 0x0000000019ce3000 	C:\Program Files\Java\jre1.8.0_191\bin\api-ms-win-crt-time-l1-1-0.dll
0x0000000019cf0000 - 0x0000000019cf3000 	C:\Program Files\Java\jre1.8.0_191\bin\api-ms-win-crt-utility-l1-1-0.dll
0x00007ffe56f50000 - 0x00007ffe57046000 	C:\Program Files\Java\jre1.8.0_191\bin\ucrtbase.dll
0x00007ffe6e8c0000 - 0x00007ffe6e8d6000 	C:\Program Files\Java\jre1.8.0_191\bin\vcruntime140.dll
0x00007ffe59c20000 - 0x00007ffe59cbc000 	C:\Program Files\Java\jre1.8.0_191\bin\msvcp140.dll
0x00007ffe6e810000 - 0x00007ffe6e861000 	C:\Program Files\Java\jre1.8.0_191\bin\concrt140.dll
0x0000000056a40000 - 0x0000000056a63000 	C:\Program Files\Java\jre1.8.0_191\bin\prism_d3d.dll
0x00007ffe3b6b0000 - 0x00007ffe3b839000 	C:\Windows\system32\d3d9.dll
0x00007ffe724d0000 - 0x00007ffe724fa000 	C:\Windows\SYSTEM32\dwmapi.dll
0x00007ffe72780000 - 0x00007ffe72815000 	C:\Windows\system32\uxtheme.dll
0x00007ffe3b4d0000 - 0x00007ffe3b6a7000 	C:\Windows\System32\DriverStore\FileRepository\ki127171.inf_amd64_368f8c7337214025\igdumdim64.dll
0x00007ffe17030000 - 0x00007ffe1a02d000 	C:\Windows\System32\DriverStore\FileRepository\ki127171.inf_amd64_368f8c7337214025\igd9dxva64.dll
0x00007ffe777d0000 - 0x00007ffe77915000 	C:\Windows\System32\ole32.dll
0x00007ffe775b0000 - 0x00007ffe77670000 	C:\Windows\System32\OLEAUT32.dll
0x00000000569f0000 - 0x0000000056a39000 	C:\Program Files\Java\jre1.8.0_191\bin\glass.dll
0x00007ffe774a0000 - 0x00007ffe775a8000 	C:\Windows\System32\COMDLG32.dll
0x00007ffe77180000 - 0x00007ffe772e6000 	C:\Windows\System32\MSCTF.dll
0x00007ffe6a340000 - 0x00007ffe6c0d5000 	C:\Windows\System32\DriverStore\FileRepository\ki127171.inf_amd64_368f8c7337214025\igc64.dll
0x00000000569d0000 - 0x00000000569e4000 	C:\Program Files\Java\jre1.8.0_191\bin\javafx_font.dll
0x0000000053310000 - 0x00000000569ca000 	C:\Program Files\Java\jre1.8.0_191\bin\jfxwebkit.dll
0x00007ffe73ce0000 - 0x00007ffe73cf7000 	C:\Windows\SYSTEM32\CRYPTSP.dll
0x00007ffe73410000 - 0x00007ffe73444000 	C:\Windows\system32\rsaenh.dll
0x00007ffe73e40000 - 0x00007ffe73e65000 	C:\Windows\SYSTEM32\bcrypt.dll
0x00007ffe73cd0000 - 0x00007ffe73cdb000 	C:\Windows\SYSTEM32\CRYPTBASE.dll
0x00007ffe665a0000 - 0x00007ffe6685f000 	C:\Windows\SYSTEM32\dwrite.dll
0x00007ffe741b0000 - 0x00007ffe741d9000 	C:\Windows\SYSTEM32\USERENV.dll
0x0000000056bc0000 - 0x0000000056bda000 	C:\Program Files\Java\jre1.8.0_191\bin\net.dll
0x00007ffe73b30000 - 0x00007ffe73b8c000 	C:\Windows\system32\mswsock.dll
0x00007ffe738d0000 - 0x00007ffe73907000 	C:\Windows\SYSTEM32\IPHLPAPI.DLL
0x00007ffe770f0000 - 0x00007ffe770f8000 	C:\Windows\System32\NSI.dll
0x00007ffe6a080000 - 0x00007ffe6a096000 	C:\Windows\SYSTEM32\dhcpcsvc6.DLL
0x00007ffe69970000 - 0x00007ffe6998a000 	C:\Windows\SYSTEM32\dhcpcsvc.DLL
0x0000000056ba0000 - 0x0000000056bb1000 	C:\Program Files\Java\jre1.8.0_191\bin\nio.dll
0x0000000056b70000 - 0x0000000056b94000 	C:\Program Files\Java\jre1.8.0_191\bin\sunec.dll
0x0000000026110000 - 0x00000000261ae000 	C:\Windows\System32\clbcatq.dll
0x00007ffe6f300000 - 0x00007ffe6f4ac000 	C:\Windows\SYSTEM32\WindowsCodecs.dll
0x0000000056b60000 - 0x0000000056b6b000 	C:\Program Files\Java\jre1.8.0_191\bin\sunmscapi.dll
0x00007ffe63280000 - 0x00007ffe632c7000 	C:\Windows\system32\dataexchange.dll
0x00007ffe71c00000 - 0x00007ffe71d23000 	C:\Windows\system32\dcomp.dll
0x00007ffe71280000 - 0x00007ffe7155f000 	C:\Windows\system32\d3d11.dll
0x00007ffe72f90000 - 0x00007ffe73034000 	C:\Windows\system32\dxgi.dll
0x00007ffe73910000 - 0x00007ffe739b4000 	C:\Windows\SYSTEM32\DNSAPI.dll
0x00007ffe729d0000 - 0x00007ffe72b40000 	C:\Windows\system32\twinapi.appcore.dll
0x00007ffe67d20000 - 0x00007ffe67d2a000 	C:\Windows\System32\rasadhlp.dll
0x00007ffe63ee0000 - 0x00007ffe63f11000 	C:\Program Files\Common Files\Microsoft Shared\Ink\rtscom.dll
0x00007ffe6edf0000 - 0x00007ffe6ee5b000 	C:\Windows\System32\fwpuclnt.dll
0x00000000532f0000 - 0x0000000053302000 	C:\Program Files\Java\jre1.8.0_191\bin\prism_common.dll
0x00007ffe71560000 - 0x00007ffe71b04000 	C:\Windows\SYSTEM32\d2d1.dll

VM Arguments:
jvm_args: -Dfile.encoding=UTF-8 
java_command: principal.Principal
java_class_path (initial): C:\Program Files\Java\jre1.8.0_191\lib\resources.jar;C:\Program Files\Java\jre1.8.0_191\lib\rt.jar;C:\Program Files\Java\jre1.8.0_191\lib\jsse.jar;C:\Program Files\Java\jre1.8.0_191\lib\jce.jar;C:\Program Files\Java\jre1.8.0_191\lib\charsets.jar;C:\Program Files\Java\jre1.8.0_191\lib\jfr.jar;C:\Program Files\Java\jre1.8.0_191\lib\ext\access-bridge-64.jar;C:\Program Files\Java\jre1.8.0_191\lib\ext\cldrdata.jar;C:\Program Files\Java\jre1.8.0_191\lib\ext\dnsns.jar;C:\Program Files\Java\jre1.8.0_191\lib\ext\jaccess.jar;C:\Program Files\Java\jre1.8.0_191\lib\ext\jfxrt.jar;C:\Program Files\Java\jre1.8.0_191\lib\ext\localedata.jar;C:\Program Files\Java\jre1.8.0_191\lib\ext\nashorn.jar;C:\Program Files\Java\jre1.8.0_191\lib\ext\sunec.jar;C:\Program Files\Java\jre1.8.0_191\lib\ext\sunjce_provider.jar;C:\Program Files\Java\jre1.8.0_191\lib\ext\sunmscapi.jar;C:\Program Files\Java\jre1.8.0_191\lib\ext\sunpkcs11.jar;C:\Program Files\Java\jre1.8.0_191\lib\ext\zipfs.jar;C:\Users\fabricio.barrozo\eclipse-workspace\adasa4\target\classes;C:\Users\fabricio.barrozo\.m2\repository\com\microsoft\sqlserver\mssql-jdbc\7.0.0.jre8\mssql-jdbc-7.0.0.jre8.jar;C:\Users\fabricio.barrozo\.m2\repository\org\hibernate\hibernate-spatial\5.1.0.Final\hibernate-spatial-5.1.0.Final.jar;C:\Users\fabricio.barrozo\.m2\repository\org\jboss\logging\jboss-logging\3.3.0.Final\jboss-logging-3.3.0.Final.jar;C:\Users\fabricio.barrozo\.m2\repository\org\hibernate\hibernate-core\5.1.0.Final\hibernate-core-5.1.0.Final.jar;C:\Users\fabricio.barrozo\.m2\repository\org\hibernate\javax\persistence\hibernate-jpa-2.1-api\1.0.0.Final\hibernate-jpa-2.1-api-1.0.0.Final.jar;C:\Users\fabricio.barrozo\.m2\repository\org\javassist\javassist\3.20.0-GA\javassist-3.20.0-GA.jar;C:\Users\fabricio.barrozo\.m2\repository\antlr\antlr\2.7.7\antlr-2.7.7.jar;C:\Users\fabricio.barrozo\.m2\repository\org\apache\geronimo\specs\geronimo-jta_1.1_spec\1.1.1\geronimo-jta_1.1_spec-1.1.1.jar;C:\Users\fabricio.barrozo\.m2
Launcher Type: SUN_STANDARD

Environment Variables:
JAVA_HOME=C:\Program Files\Java\jdk1.8.0_191
PATH=C:/Program Files/Java/jre1.8.0_191/bin/server;C:/Program Files/Java/jre1.8.0_191/bin;C:/Program Files/Java/jre1.8.0_191/lib/amd64;C:\Program Files (x86)\Common Files\Oracle\Java\javapath;C:\ProgramData\Oracle\Java\javapath;C:\Program Files (x86)\Intel\iCLS Client\;C:\Program Files\Intel\iCLS Client\;C:\Windows\system32;C:\Windows;C:\Windows\System32\Wbem;C:\Windows\System32\WindowsPowerShell\v1.0\;C:\Program Files (x86)\Intel\Intel(R) Management Engine Components\DAL;C:\Program Files\Intel\Intel(R) Management Engine Components\DAL;C:\Program Files (x86)\Intel\Intel(R) Management Engine Components\IPT;C:\Program Files\Intel\Intel(R) Management Engine Components\IPT;C:\Program Files\Intel\WiFi\bin\;C:\Program Files\Common Files\Intel\WirelessCommon\;c:\Program Files\Microsoft SQL Server\110\Tools\Binn\;c:\Program Files (x86)\Microsoft SQL Server\110\Tools\Binn\ManagementStudio\;c:\Program Files (x86)\Microsoft SQL Server\110\Tools\Binn\;c:\Program Files (x86)\Microsoft SQL Server\110\DTS\Binn\;C:\apache-maven-3.6.0\bin;C:\Users\fabricio.barrozo\AppData\Local\Microsoft\WindowsApps;;C:\Windows\System32;
USERNAME=fabricio.barrozo
OS=Windows_NT
PROCESSOR_IDENTIFIER=Intel64 Family 6 Model 94 Stepping 3, GenuineIntel



---------------  S Y S T E M  ---------------

OS: Windows 10.0 , 64 bit Build 15063 (10.0.15063.1058)

CPU:total 4 (initial active 4) (4 cores per cpu, 1 threads per core) family 6 model 94 stepping 3, cmov, cx8, fxsr, mmx, sse, sse2, sse3, ssse3, sse4.1, sse4.2, popcnt, avx, avx2, aes, clmul, erms, rtm, 3dnowpref, lzcnt, tsc, tscinvbit, bmi1, bmi2, adx

Memory: 4k page, physical 8249056k(2557492k free), swap 10196704k(5864k free)

vm_info: Java HotSpot(TM) 64-Bit Server VM (25.191-b12) for windows-amd64 JRE (1.8.0_191-b12), built on Oct  6 2018 09:29:03 by "java_re" with MS VC++ 10.0 (VS2010)

time: Thu Jul 04 14:53:26 2019
elapsed time: 76 seconds (0d 0h 1m 16s)

