#
# There is insufficient memory for the Java Runtime Environment to continue.
# Native memory allocation (malloc) failed to allocate 917408 bytes for Chunk::new
# Possible reasons:
#   The system is out of physical RAM or swap space
#   In 32 bit mode, the process size limit was hit
# Possible solutions:
#   Reduce memory load on the system
#   Increase physical memory or swap space
#   Check if swap backing store is full
#   Use 64 bit Java on a 64 bit OS
#   Decrease Java heap size (-Xmx/-Xms)
#   Decrease number of Java threads
#   Decrease Java thread stack sizes (-Xss)
#   Set larger code cache with -XX:ReservedCodeCacheSize=
# This output file may be truncated or incomplete.
#
#  Out of Memory Error (allocation.cpp:390), pid=4232, tid=0x00000000000030cc
#
# JRE version: Java(TM) SE Runtime Environment (8.0_191-b12) (build 1.8.0_191-b12)
# Java VM: Java HotSpot(TM) 64-Bit Server VM (25.191-b12 mixed mode windows-amd64 compressed oops)
# Failed to write core dump. Minidumps are not enabled by default on client versions of Windows
#

---------------  T H R E A D  ---------------

Current thread (0x000000001783a000):  JavaThread "C2 CompilerThread1" daemon [_thread_in_native, id=12492, stack(0x0000000018f90000,0x0000000019090000)]

Stack: [0x0000000018f90000,0x0000000019090000]
[error occurred during error reporting (printing stack bounds), id 0xc0000005]

Native frames: (J=compiled Java code, j=interpreted, Vv=VM code, C=native code)


Current CompileTask:
C2:  19590 8367       4       com.sun.javafx.sg.prism.NGNode::doRender (473 bytes)


---------------  P R O C E S S  ---------------

Java Threads: ( => current thread )
  0x0000000022307000 JavaThread "URL-Loader-20" daemon [_thread_blocked, id=196, stack(0x0000000036860000,0x0000000036960000)]
  0x0000000022308800 JavaThread "URL-Loader-19" daemon [_thread_blocked, id=17236, stack(0x0000000035790000,0x0000000035890000)]
  0x000000002230a800 JavaThread "URL-Loader-18" daemon [_thread_blocked, id=16176, stack(0x0000000035690000,0x0000000035790000)]
  0x000000002230b000 JavaThread "URL-Loader-17" daemon [_thread_blocked, id=9632, stack(0x0000000035590000,0x0000000035690000)]
  0x00000000222ff800 JavaThread "URL-Loader-16" daemon [_thread_blocked, id=3624, stack(0x0000000035490000,0x0000000035590000)]
  0x0000000022306800 JavaThread "URL-Loader-15" daemon [_thread_blocked, id=1716, stack(0x0000000035390000,0x0000000035490000)]
  0x0000000022302000 JavaThread "Keep-Alive-Timer" daemon [_thread_blocked, id=15380, stack(0x0000000030d70000,0x0000000030e70000)]
  0x0000000022305000 JavaThread "URL-Loader-14" daemon [_thread_blocked, id=12176, stack(0x000000002ff60000,0x0000000030060000)]
  0x0000000022300800 JavaThread "URL-Loader-13" daemon [_thread_blocked, id=10644, stack(0x000000002fe60000,0x000000002ff60000)]
  0x0000000022302800 JavaThread "URL-Loader-12" daemon [_thread_blocked, id=16028, stack(0x000000002fd60000,0x000000002fe60000)]
  0x0000000022304000 JavaThread "URL-Loader-11" daemon [_thread_blocked, id=5980, stack(0x000000002fc60000,0x000000002fd60000)]
  0x0000000022301000 JavaThread "URL-Loader-10" daemon [_thread_blocked, id=16720, stack(0x000000002fb60000,0x000000002fc60000)]
  0x0000000022303800 JavaThread "URL-Loader-9" daemon [_thread_blocked, id=10472, stack(0x000000002fa60000,0x000000002fb60000)]
  0x0000000022305800 JavaThread "URL-Loader-8" daemon [_thread_blocked, id=4300, stack(0x000000002f960000,0x000000002fa60000)]
  0x0000000022a4b000 JavaThread "URL-Loader-7" daemon [_thread_blocked, id=8352, stack(0x000000002f860000,0x000000002f960000)]
  0x0000000022a4a000 JavaThread "URL-Loader-6" daemon [_thread_blocked, id=10432, stack(0x000000002f760000,0x000000002f860000)]
  0x0000000022a49800 JavaThread "URL-Loader-5" daemon [_thread_blocked, id=15172, stack(0x000000002f660000,0x000000002f760000)]
  0x0000000022a4b800 JavaThread "URL-Loader-4" daemon [_thread_blocked, id=13712, stack(0x000000002f560000,0x000000002f660000)]
  0x0000000022a50000 JavaThread "URL-Loader-3" daemon [_thread_blocked, id=9888, stack(0x0000000029fe0000,0x000000002a0e0000)]
  0x0000000022a4f800 JavaThread "URL-Loader-2" daemon [_thread_blocked, id=10156, stack(0x0000000029ee0000,0x0000000029fe0000)]
  0x0000000022a4e000 JavaThread "URL-Loader-1" daemon [_thread_blocked, id=11076, stack(0x0000000029de0000,0x0000000029ee0000)]
  0x0000000022a4d000 JavaThread "Disposer" daemon [_thread_blocked, id=8032, stack(0x0000000029a70000,0x0000000029b70000)]
  0x0000000022a4c800 JavaThread "pool-3-thread-1" [_thread_blocked, id=16488, stack(0x0000000025c80000,0x0000000025d80000)]
  0x0000000021fe2800 JavaThread "Prism Font Disposer" daemon [_thread_blocked, id=4636, stack(0x0000000024680000,0x0000000024780000)]
  0x00000000206ee000 JavaThread "Thread-3" daemon [_thread_in_native, id=9900, stack(0x0000000020e20000,0x0000000020f20000)]
  0x000000002069a000 JavaThread "JavaFX-Launcher" [_thread_blocked, id=5724, stack(0x0000000020f20000,0x0000000021020000)]
  0x0000000019584000 JavaThread "JavaFX Application Thread" [_thread_in_native, id=4928, stack(0x0000000019c80000,0x0000000019d80000)]
  0x0000000019583000 JavaThread "Thread-1" daemon [_thread_blocked, id=16472, stack(0x0000000019b80000,0x0000000019c80000)]
  0x0000000019542000 JavaThread "QuantumRenderer-0" daemon [_thread_blocked, id=2588, stack(0x0000000019870000,0x0000000019970000)]
  0x00000000191b0800 JavaThread "Service Thread" daemon [_thread_blocked, id=3776, stack(0x0000000019590000,0x0000000019690000)]
  0x000000001783e000 JavaThread "C1 CompilerThread2" daemon [_thread_blocked, id=8280, stack(0x0000000019090000,0x0000000019190000)]
=>0x000000001783a000 JavaThread "C2 CompilerThread1" daemon [_thread_in_native, id=12492, stack(0x0000000018f90000,0x0000000019090000)]
  0x0000000017834000 JavaThread "C2 CompilerThread0" daemon [_thread_in_native, id=13740, stack(0x0000000018e90000,0x0000000018f90000)]
  0x0000000017832800 JavaThread "Attach Listener" daemon [_thread_blocked, id=13728, stack(0x0000000018d90000,0x0000000018e90000)]
  0x0000000017832000 JavaThread "Signal Dispatcher" daemon [_thread_blocked, id=12860, stack(0x0000000018c90000,0x0000000018d90000)]
  0x0000000017820000 JavaThread "Finalizer" daemon [_thread_blocked, id=7964, stack(0x0000000018a90000,0x0000000018b90000)]
  0x0000000002d57000 JavaThread "Reference Handler" daemon [_thread_blocked, id=17328, stack(0x0000000018990000,0x0000000018a90000)]
  0x0000000002c66000 JavaThread "main" [_thread_blocked, id=8360, stack(0x0000000002b60000,0x0000000002c60000)]

Other Threads:
  0x00000000177f8000 VMThread [stack: 0x0000000018890000,0x0000000018990000] [id=17256]
  0x000000001788c800 WatcherThread [stack: 0x0000000019690000,0x0000000019790000] [id=6372]

VM state:not at safepoint (normal execution)

VM Mutex/Monitor currently owned by a thread: None

Heap:
 PSYoungGen      total 172032K, used 103867K [0x00000000d6100000, 0x00000000e5200000, 0x0000000100000000)
  eden space 152576K, 62% used [0x00000000d6100000,0x00000000dbd764e0,0x00000000df600000)
  from space 19456K, 47% used [0x00000000df600000,0x00000000dfef8858,0x00000000e0900000)
  to   space 18432K, 0% used [0x00000000e4000000,0x00000000e4000000,0x00000000e5200000)
 ParOldGen       total 83968K, used 55543K [0x0000000082200000, 0x0000000087400000, 0x00000000d6100000)
  object space 83968K, 66% used [0x0000000082200000,0x000000008583dc60,0x0000000087400000)
 Metaspace       used 47077K, capacity 48962K, committed 49152K, reserved 1091584K
  class space    used 6268K, capacity 6632K, committed 6656K, reserved 1048576K

Card table byte_map: [0x0000000012120000,0x0000000012510000] byte_map_base: 0x0000000011d0f000

Marking Bits: (ParMarkBitMap*) 0x00000000726a3e30
 Begin Bits: [0x0000000012bb0000, 0x0000000014b28000)
 End Bits:   [0x0000000014b28000, 0x0000000016aa0000)

Polling page: 0x0000000000b30000

CodeCache: size=245760Kb used=22949Kb max_used=22949Kb free=222811Kb
 bounds [0x0000000002d60000, 0x00000000043f0000, 0x0000000011d60000]
 total_blobs=8380 nmethods=7462 adapters=826
 compilation: enabled

Compilation events (10 events):
Event: 19.161 Thread 0x000000001783a000 8367       4       com.sun.javafx.sg.prism.NGNode::doRender (473 bytes)
Event: 19.162 Thread 0x000000001783e000 nmethod 8364 0x00000000043c5950 code [0x00000000043c5b00, 0x00000000043c60e8]
Event: 19.162 Thread 0x000000001783e000 8365       3       com.sun.javafx.scene.control.skin.Utils::computeClippedText (1019 bytes)
Event: 19.169 Thread 0x000000001783e000 nmethod 8365 0x00000000043d5110 code [0x00000000043d5b60, 0x00000000043dd9e8]
Event: 19.180 Thread 0x000000001783e000 8370       3       com.sun.javafx.sg.prism.NGGroup::clearDirty (21 bytes)
Event: 19.181 Thread 0x000000001783e000 nmethod 8370 0x00000000043c52d0 code [0x00000000043c5460, 0x00000000043c5818]
Event: 19.206 Thread 0x000000001783e000 8371       3       sun.security.ssl.InputRecord::doHashes (36 bytes)
Event: 19.206 Thread 0x000000001783e000 nmethod 8371 0x00000000043c4ed0 code [0x00000000043c5040, 0x00000000043c5228]
Event: 19.206 Thread 0x000000001783e000 8372       3       sun.security.ssl.HandshakeOutStream::write (54 bytes)
Event: 19.206 Thread 0x000000001783e000 nmethod 8372 0x00000000043ca7d0 code [0x00000000043ca960, 0x00000000043cae98]

GC Heap History (10 events):
Event: 7.886 GC heap before
{Heap before GC invocations=11 (full 2):
 PSYoungGen      total 86528K, used 86133K [0x00000000d6100000, 0x00000000dc700000, 0x0000000100000000)
  eden space 81408K, 100% used [0x00000000d6100000,0x00000000db080000,0x00000000db080000)
  from space 5120K, 92% used [0x00000000dc200000,0x00000000dc69d580,0x00000000dc700000)
  to   space 10240K, 0% used [0x00000000db300000,0x00000000db300000,0x00000000dbd00000)
 ParOldGen       total 83968K, used 15982K [0x0000000082200000, 0x0000000087400000, 0x00000000d6100000)
  object space 83968K, 19% used [0x0000000082200000,0x000000008319b808,0x0000000087400000)
 Metaspace       used 41790K, capacity 43190K, committed 43392K, reserved 1087488K
  class space    used 5717K, capacity 6002K, committed 6016K, reserved 1048576K
Event: 7.897 GC heap after
Heap after GC invocations=11 (full 2):
 PSYoungGen      total 94208K, used 10236K [0x00000000d6100000, 0x00000000de400000, 0x0000000100000000)
  eden space 83968K, 0% used [0x00000000d6100000,0x00000000d6100000,0x00000000db300000)
  from space 10240K, 99% used [0x00000000db300000,0x00000000dbcff3e0,0x00000000dbd00000)
  to   space 11264K, 0% used [0x00000000dd900000,0x00000000dd900000,0x00000000de400000)
 ParOldGen       total 83968K, used 16470K [0x0000000082200000, 0x0000000087400000, 0x00000000d6100000)
  object space 83968K, 19% used [0x0000000082200000,0x0000000083215a28,0x0000000087400000)
 Metaspace       used 41790K, capacity 43190K, committed 43392K, reserved 1087488K
  class space    used 5717K, capacity 6002K, committed 6016K, reserved 1048576K
}
Event: 9.730 GC heap before
{Heap before GC invocations=12 (full 2):
 PSYoungGen      total 94208K, used 94204K [0x00000000d6100000, 0x00000000de400000, 0x0000000100000000)
  eden space 83968K, 100% used [0x00000000d6100000,0x00000000db300000,0x00000000db300000)
  from space 10240K, 99% used [0x00000000db300000,0x00000000dbcff3e0,0x00000000dbd00000)
  to   space 11264K, 0% used [0x00000000dd900000,0x00000000dd900000,0x00000000de400000)
 ParOldGen       total 83968K, used 16470K [0x0000000082200000, 0x0000000087400000, 0x00000000d6100000)
  object space 83968K, 19% used [0x0000000082200000,0x0000000083215a28,0x0000000087400000)
 Metaspace       used 42822K, capacity 44298K, committed 44544K, reserved 1087488K
  class space    used 5822K, capacity 6136K, committed 6144K, reserved 1048576K
Event: 9.740 GC heap after
Heap after GC invocations=12 (full 2):
 PSYoungGen      total 121856K, used 11062K [0x00000000d6100000, 0x00000000de700000, 0x0000000100000000)
  eden space 110592K, 0% used [0x00000000d6100000,0x00000000d6100000,0x00000000dcd00000)
  from space 11264K, 98% used [0x00000000dd900000,0x00000000de3cdbf0,0x00000000de400000)
  to   space 12288K, 0% used [0x00000000dcd00000,0x00000000dcd00000,0x00000000dd900000)
 ParOldGen       total 83968K, used 19188K [0x0000000082200000, 0x0000000087400000, 0x00000000d6100000)
  object space 83968K, 22% used [0x0000000082200000,0x00000000834bd280,0x0000000087400000)
 Metaspace       used 42822K, capacity 44298K, committed 44544K, reserved 1087488K
  class space    used 5822K, capacity 6136K, committed 6144K, reserved 1048576K
}
Event: 9.830 GC heap before
{Heap before GC invocations=13 (full 2):
 PSYoungGen      total 121856K, used 121654K [0x00000000d6100000, 0x00000000de700000, 0x0000000100000000)
  eden space 110592K, 100% used [0x00000000d6100000,0x00000000dcd00000,0x00000000dcd00000)
  from space 11264K, 98% used [0x00000000dd900000,0x00000000de3cdbf0,0x00000000de400000)
  to   space 12288K, 0% used [0x00000000dcd00000,0x00000000dcd00000,0x00000000dd900000)
 ParOldGen       total 83968K, used 19188K [0x0000000082200000, 0x0000000087400000, 0x00000000d6100000)
  object space 83968K, 22% used [0x0000000082200000,0x00000000834bd280,0x0000000087400000)
 Metaspace       used 42830K, capacity 44298K, committed 44544K, reserved 1087488K
  class space    used 5822K, capacity 6136K, committed 6144K, reserved 1048576K
Event: 9.840 GC heap after
Heap after GC invocations=13 (full 2):
 PSYoungGen      total 122880K, used 4288K [0x00000000d6100000, 0x00000000e1580000, 0x0000000100000000)
  eden space 110592K, 0% used [0x00000000d6100000,0x00000000d6100000,0x00000000dcd00000)
  from space 12288K, 34% used [0x00000000dcd00000,0x00000000dd130020,0x00000000dd900000)
  to   space 12800K, 0% used [0x00000000e0900000,0x00000000e0900000,0x00000000e1580000)
 ParOldGen       total 83968K, used 29558K [0x0000000082200000, 0x0000000087400000, 0x00000000d6100000)
  object space 83968K, 35% used [0x0000000082200000,0x0000000083edd920,0x0000000087400000)
 Metaspace       used 42830K, capacity 44298K, committed 44544K, reserved 1087488K
  class space    used 5822K, capacity 6136K, committed 6144K, reserved 1048576K
}
Event: 14.366 GC heap before
{Heap before GC invocations=14 (full 2):
 PSYoungGen      total 122880K, used 114769K [0x00000000d6100000, 0x00000000e1580000, 0x0000000100000000)
  eden space 110592K, 99% used [0x00000000d6100000,0x00000000dcce47c0,0x00000000dcd00000)
  from space 12288K, 34% used [0x00000000dcd00000,0x00000000dd130020,0x00000000dd900000)
  to   space 12800K, 0% used [0x00000000e0900000,0x00000000e0900000,0x00000000e1580000)
 ParOldGen       total 83968K, used 29558K [0x0000000082200000, 0x0000000087400000, 0x00000000d6100000)
  object space 83968K, 35% used [0x0000000082200000,0x0000000083edd920,0x0000000087400000)
 Metaspace       used 45995K, capacity 47776K, committed 48128K, reserved 1091584K
  class space    used 6216K, capacity 6543K, committed 6656K, reserved 1048576K
Event: 14.388 GC heap after
Heap after GC invocations=14 (full 2):
 PSYoungGen      total 165376K, used 12787K [0x00000000d6100000, 0x00000000e1f80000, 0x0000000100000000)
  eden space 152576K, 0% used [0x00000000d6100000,0x00000000d6100000,0x00000000df600000)
  from space 12800K, 99% used [0x00000000e0900000,0x00000000e157ce50,0x00000000e1580000)
  to   space 19456K, 0% used [0x00000000df600000,0x00000000df600000,0x00000000e0900000)
 ParOldGen       total 83968K, used 43294K [0x0000000082200000, 0x0000000087400000, 0x00000000d6100000)
  object space 83968K, 51% used [0x0000000082200000,0x0000000084c47a90,0x0000000087400000)
 Metaspace       used 45995K, capacity 47776K, committed 48128K, reserved 1091584K
  class space    used 6216K, capacity 6543K, committed 6656K, reserved 1048576K
}
Event: 17.657 GC heap before
{Heap before GC invocations=15 (full 2):
 PSYoungGen      total 165376K, used 165363K [0x00000000d6100000, 0x00000000e1f80000, 0x0000000100000000)
  eden space 152576K, 100% used [0x00000000d6100000,0x00000000df600000,0x00000000df600000)
  from space 12800K, 99% used [0x00000000e0900000,0x00000000e157ce50,0x00000000e1580000)
  to   space 19456K, 0% used [0x00000000df600000,0x00000000df600000,0x00000000e0900000)
 ParOldGen       total 83968K, used 43294K [0x0000000082200000, 0x0000000087400000, 0x00000000d6100000)
  object space 83968K, 51% used [0x0000000082200000,0x0000000084c47a90,0x0000000087400000)
 Metaspace       used 46658K, capacity 48470K, committed 48640K, reserved 1091584K
  class space    used 6234K, capacity 6550K, committed 6656K, reserved 1048576K
Event: 17.669 GC heap after
Heap after GC invocations=15 (full 2):
 PSYoungGen      total 172032K, used 9186K [0x00000000d6100000, 0x00000000e5200000, 0x0000000100000000)
  eden space 152576K, 0% used [0x00000000d6100000,0x00000000d6100000,0x00000000df600000)
  from space 19456K, 47% used [0x00000000df600000,0x00000000dfef8858,0x00000000e0900000)
  to   space 18432K, 0% used [0x00000000e4000000,0x00000000e4000000,0x00000000e5200000)
 ParOldGen       total 83968K, used 55543K [0x0000000082200000, 0x0000000087400000, 0x00000000d6100000)
  object space 83968K, 66% used [0x0000000082200000,0x000000008583dc60,0x0000000087400000)
 Metaspace       used 46658K, capacity 48470K, committed 48640K, reserved 1091584K
  class space    used 6234K, capacity 6550K, committed 6656K, reserved 1048576K
}

Deoptimization events (10 events):
Event: 15.617 Thread 0x0000000019542000 Uncommon trap: reason=unstable_if action=reinterpret pc=0x00000000038e7ef0 method=com.sun.javafx.geom.RectBounds.intersects(Lcom/sun/javafx/geom/BaseBounds;)Z @ 8
Event: 16.767 Thread 0x0000000019584000 Uncommon trap: reason=unstable_if action=reinterpret pc=0x000000000422d598 method=com.microsoft.sqlserver.jdbc.TDSReader.readUnsignedShort()I @ 13
Event: 18.915 Thread 0x0000000019584000 Uncommon trap: reason=unstable_if action=reinterpret pc=0x0000000003cd77f0 method=java.lang.reflect.Method.equals(Ljava/lang/Object;)Z @ 1
Event: 18.915 Thread 0x0000000019584000 Uncommon trap: reason=unstable_if action=reinterpret pc=0x00000000031b13cc method=org.hibernate.internal.util.collections.ConcurrentReferenceHashMap$Segment.get(Ljava/lang/Object;I)Ljava/lang/Object; @ 4
Event: 18.928 Thread 0x0000000019584000 Uncommon trap: reason=unstable_if action=reinterpret pc=0x0000000003abf2b0 method=java.util.HashMap$HashIterator.<init>(Ljava/util/HashMap;)V @ 45
Event: 19.021 Thread 0x0000000019584000 Uncommon trap: reason=unstable_if action=reinterpret pc=0x00000000042fb904 method=org.hibernate.internal.util.collections.ConcurrentReferenceHashMap$Segment.get(Ljava/lang/Object;I)Ljava/lang/Object; @ 4
Event: 19.041 Thread 0x0000000019584000 Uncommon trap: reason=unstable_if action=reinterpret pc=0x0000000003ac2030 method=java.util.HashMap$HashIterator.<init>(Ljava/util/HashMap;)V @ 45
Event: 19.147 Thread 0x0000000019584000 Uncommon trap: reason=null_check action=make_not_entrant pc=0x0000000004078554 method=javafx.scene.CssStyleHelper.getCachedFont(Ljavafx/css/Styleable;)Lcom/sun/javafx/css/CalculatedValue; @ 114
Event: 19.159 Thread 0x0000000019584000 Uncommon trap: reason=unstable_if action=reinterpret pc=0x00000000031192ec method=javafx.scene.Node.updateBounds()V @ 70
Event: 19.162 Thread 0x0000000019542000 Uncommon trap: reason=unstable_if action=reinterpret pc=0x00000000031a7bd0 method=com.sun.javafx.sg.prism.NGGroup.clearDirty()V @ 8

Classes redefined (0 events):
No events

Internal exceptions (10 events):
Event: 11.852 Thread 0x0000000019584000 Exception <a 'sun/nio/fs/WindowsException'> (0x00000000d74dc020) thrown at [C:\re\workspace\8-2-build-windows-amd64-cygwin\jdk8u191\11896\hotspot\src\share\vm\prims\jni.cpp, line 709]
Event: 11.853 Thread 0x0000000019584000 Exception <a 'sun/nio/fs/WindowsException'> (0x00000000d74ddaa0) thrown at [C:\re\workspace\8-2-build-windows-amd64-cygwin\jdk8u191\11896\hotspot\src\share\vm\prims\jni.cpp, line 709]
Event: 11.856 Thread 0x0000000019584000 Exception <a 'sun/nio/fs/WindowsException'> (0x00000000d74e87c8) thrown at [C:\re\workspace\8-2-build-windows-amd64-cygwin\jdk8u191\11896\hotspot\src\share\vm\prims\jni.cpp, line 709]
Event: 11.858 Thread 0x0000000019584000 Exception <a 'sun/nio/fs/WindowsException'> (0x00000000d74ea248) thrown at [C:\re\workspace\8-2-build-windows-amd64-cygwin\jdk8u191\11896\hotspot\src\share\vm\prims\jni.cpp, line 709]
Event: 11.866 Thread 0x0000000019584000 Exception <a 'sun/nio/fs/WindowsException'> (0x00000000d753d458) thrown at [C:\re\workspace\8-2-build-windows-amd64-cygwin\jdk8u191\11896\hotspot\src\share\vm\prims\jni.cpp, line 709]
Event: 11.868 Thread 0x0000000019584000 Exception <a 'sun/nio/fs/WindowsException'> (0x00000000d753eed8) thrown at [C:\re\workspace\8-2-build-windows-amd64-cygwin\jdk8u191\11896\hotspot\src\share\vm\prims\jni.cpp, line 709]
Event: 12.170 Thread 0x0000000019584000 Implicit null exception at 0x000000000334568c to 0x00000000033456d1
Event: 13.684 Thread 0x0000000019584000 Implicit null exception at 0x0000000002f7b494 to 0x0000000002f7b841
Event: 18.915 Thread 0x0000000019584000 Implicit null exception at 0x0000000003cd764c to 0x0000000003cd77dd
Event: 19.147 Thread 0x0000000019584000 Implicit null exception at 0x0000000004071e9b to 0x00000000040784f5

Events (10 events):
Event: 19.159 Thread 0x0000000019584000 Uncommon trap: trap_request=0xffffff65 fr.pc=0x00000000031192ec
Event: 19.159 Thread 0x0000000019584000 DEOPT PACKING pc=0x00000000031192ec sp=0x0000000019d7d330
Event: 19.159 Thread 0x0000000019584000 DEOPT UNPACKING pc=0x0000000002da583b sp=0x0000000019d7d2e8 mode 2
Event: 19.162 Thread 0x0000000019542000 Uncommon trap: trap_request=0xffffff65 fr.pc=0x00000000031a7bd0
Event: 19.162 Thread 0x0000000019542000 DEOPT PACKING pc=0x00000000031a7bd0 sp=0x000000001996ae40
Event: 19.162 Thread 0x0000000019542000 DEOPT UNPACKING pc=0x0000000002da583b sp=0x000000001996ade0 mode 2
Event: 19.206 Thread 0x000000002230f000 Thread added: 0x000000002230f000
Event: 19.207 Executing VM operation: RevokeBias
Event: 19.207 Executing VM operation: RevokeBias done
Event: 19.207 Thread 0x000000002230f000 Thread exited: 0x000000002230f000


Dynamic libraries:
0x00007ff655970000 - 0x00007ff6559a7000 	C:\Program Files\Java\jre1.8.0_191\bin\javaw.exe
0x00007ff864070000 - 0x00007ff86424b000 	C:\Windows\SYSTEM32\ntdll.dll
0x00007ff863f40000 - 0x00007ff863fee000 	C:\Windows\System32\KERNEL32.DLL
0x00007ff860990000 - 0x00007ff860bda000 	C:\Windows\System32\KERNELBASE.dll
0x00007ff863e20000 - 0x00007ff863ec1000 	C:\Windows\System32\ADVAPI32.dll
0x00007ff862f30000 - 0x00007ff862fcd000 	C:\Windows\System32\msvcrt.dll
0x00007ff8615e0000 - 0x00007ff861639000 	C:\Windows\System32\sechost.dll
0x00007ff863ac0000 - 0x00007ff863be5000 	C:\Windows\System32\RPCRT4.dll
0x00007ff8616a0000 - 0x00007ff8617ea000 	C:\Windows\System32\USER32.dll
0x00007ff8615b0000 - 0x00007ff8615ce000 	C:\Windows\System32\win32u.dll
0x00007ff8635b0000 - 0x00007ff8635d7000 	C:\Windows\System32\GDI32.dll
0x00007ff860800000 - 0x00007ff860988000 	C:\Windows\System32\gdi32full.dll
0x00007ff860590000 - 0x00007ff86062a000 	C:\Windows\System32\msvcp_win.dll
0x00007ff860630000 - 0x00007ff860726000 	C:\Windows\System32\ucrtbase.dll
0x00007ff8580e0000 - 0x00007ff858347000 	C:\Windows\WinSxS\amd64_microsoft.windows.common-controls_6595b64144ccf1df_6.0.15063.1155_none_40c7922129a7722b\COMCTL32.dll
0x00007ff8617f0000 - 0x00007ff861ae9000 	C:\Windows\System32\combase.dll
0x00007ff860730000 - 0x00007ff86079a000 	C:\Windows\System32\bcryptPrimitives.dll
0x00007ff863430000 - 0x00007ff86345d000 	C:\Windows\System32\IMM32.DLL
0x00007ff83d9c0000 - 0x00007ff83da71000 	C:\Program Files\McAfee\Endpoint Security\Threat Prevention\Ips\EpMPApi.dll
0x00007ff8607a0000 - 0x00007ff8607f7000 	C:\Windows\System32\WINTRUST.dll
0x00007ff860500000 - 0x00007ff860511000 	C:\Windows\System32\MSASN1.dll
0x00007ff860be0000 - 0x00007ff860da9000 	C:\Windows\System32\CRYPT32.dll
0x0000000072c80000 - 0x0000000072c8c000 	C:\Program Files\McAfee\Endpoint Security\Threat Prevention\Ips\EpMPThe.dll
0x0000000071d50000 - 0x0000000071e22000 	C:\Program Files\Java\jre1.8.0_191\bin\msvcr100.dll
0x0000000071e80000 - 0x0000000072724000 	C:\Program Files\Java\jre1.8.0_191\bin\server\jvm.dll
0x00007ff8615d0000 - 0x00007ff8615d8000 	C:\Windows\System32\PSAPI.DLL
0x00007ff84b740000 - 0x00007ff84b749000 	C:\Windows\SYSTEM32\WSOCK32.dll
0x00007ff85e7f0000 - 0x00007ff85e813000 	C:\Windows\SYSTEM32\WINMM.dll
0x00007ff850b70000 - 0x00007ff850b7a000 	C:\Windows\SYSTEM32\VERSION.dll
0x00007ff863ed0000 - 0x00007ff863f3c000 	C:\Windows\System32\WS2_32.dll
0x00007ff85e790000 - 0x00007ff85e7bb000 	C:\Windows\SYSTEM32\winmmbase.dll
0x00007ff8614b0000 - 0x00007ff8614f9000 	C:\Windows\System32\cfgmgr32.dll
0x0000000072ba0000 - 0x0000000072baf000 	C:\Program Files\Java\jre1.8.0_191\bin\verify.dll
0x0000000072b70000 - 0x0000000072b99000 	C:\Program Files\Java\jre1.8.0_191\bin\java.dll
0x0000000072b20000 - 0x0000000072b36000 	C:\Program Files\Java\jre1.8.0_191\bin\zip.dll
0x00007ff861af0000 - 0x00007ff862f28000 	C:\Windows\System32\SHELL32.dll
0x00007ff863780000 - 0x00007ff86382a000 	C:\Windows\System32\shcore.dll
0x00007ff860db0000 - 0x00007ff8614a1000 	C:\Windows\System32\windows.storage.dll
0x00007ff863bf0000 - 0x00007ff863c41000 	C:\Windows\System32\shlwapi.dll
0x00007ff860570000 - 0x00007ff860581000 	C:\Windows\System32\kernel.appcore.dll
0x00007ff860520000 - 0x00007ff86056c000 	C:\Windows\System32\powrprof.dll
0x00007ff8604e0000 - 0x00007ff8604f5000 	C:\Windows\System32\profapi.dll
0x0000000000fe0000 - 0x0000000000fe3000 	C:\Program Files\Java\jre1.8.0_191\bin\api-ms-win-core-console-l1-1-0.dll
0x0000000001000000 - 0x0000000001003000 	C:\Program Files\Java\jre1.8.0_191\bin\api-ms-win-core-datetime-l1-1-0.dll
0x0000000001010000 - 0x0000000001013000 	C:\Program Files\Java\jre1.8.0_191\bin\api-ms-win-core-debug-l1-1-0.dll
0x0000000001020000 - 0x0000000001023000 	C:\Program Files\Java\jre1.8.0_191\bin\api-ms-win-core-errorhandling-l1-1-0.dll
0x00000000028e0000 - 0x00000000028e4000 	C:\Program Files\Java\jre1.8.0_191\bin\api-ms-win-core-file-l1-1-0.dll
0x00000000028f0000 - 0x00000000028f3000 	C:\Program Files\Java\jre1.8.0_191\bin\api-ms-win-core-file-l1-2-0.dll
0x0000000002900000 - 0x0000000002903000 	C:\Program Files\Java\jre1.8.0_191\bin\api-ms-win-core-file-l2-1-0.dll
0x0000000002910000 - 0x0000000002913000 	C:\Program Files\Java\jre1.8.0_191\bin\api-ms-win-core-handle-l1-1-0.dll
0x0000000002920000 - 0x0000000002923000 	C:\Program Files\Java\jre1.8.0_191\bin\api-ms-win-core-heap-l1-1-0.dll
0x0000000002930000 - 0x0000000002933000 	C:\Program Files\Java\jre1.8.0_191\bin\api-ms-win-core-interlocked-l1-1-0.dll
0x0000000002940000 - 0x0000000002943000 	C:\Program Files\Java\jre1.8.0_191\bin\api-ms-win-core-libraryloader-l1-1-0.dll
0x0000000002950000 - 0x0000000002953000 	C:\Program Files\Java\jre1.8.0_191\bin\api-ms-win-core-localization-l1-2-0.dll
0x0000000002a70000 - 0x0000000002a73000 	C:\Program Files\Java\jre1.8.0_191\bin\api-ms-win-core-memory-l1-1-0.dll
0x0000000002a80000 - 0x0000000002a83000 	C:\Program Files\Java\jre1.8.0_191\bin\api-ms-win-core-namedpipe-l1-1-0.dll
0x0000000002a90000 - 0x0000000002a93000 	C:\Program Files\Java\jre1.8.0_191\bin\api-ms-win-core-processenvironment-l1-1-0.dll
0x0000000002aa0000 - 0x0000000002aa3000 	C:\Program Files\Java\jre1.8.0_191\bin\api-ms-win-core-processthreads-l1-1-0.dll
0x0000000002ab0000 - 0x0000000002ab3000 	C:\Program Files\Java\jre1.8.0_191\bin\api-ms-win-core-processthreads-l1-1-1.dll
0x0000000002ac0000 - 0x0000000002ac3000 	C:\Program Files\Java\jre1.8.0_191\bin\api-ms-win-core-profile-l1-1-0.dll
0x0000000002ad0000 - 0x0000000002ad3000 	C:\Program Files\Java\jre1.8.0_191\bin\api-ms-win-core-rtlsupport-l1-1-0.dll
0x0000000002ae0000 - 0x0000000002ae3000 	C:\Program Files\Java\jre1.8.0_191\bin\api-ms-win-core-string-l1-1-0.dll
0x0000000002af0000 - 0x0000000002af3000 	C:\Program Files\Java\jre1.8.0_191\bin\api-ms-win-core-synch-l1-1-0.dll
0x0000000002b00000 - 0x0000000002b03000 	C:\Program Files\Java\jre1.8.0_191\bin\api-ms-win-core-synch-l1-2-0.dll
0x0000000002b10000 - 0x0000000002b13000 	C:\Program Files\Java\jre1.8.0_191\bin\api-ms-win-core-sysinfo-l1-1-0.dll
0x0000000002b20000 - 0x0000000002b23000 	C:\Program Files\Java\jre1.8.0_191\bin\api-ms-win-core-timezone-l1-1-0.dll
0x0000000002b30000 - 0x0000000002b33000 	C:\Program Files\Java\jre1.8.0_191\bin\api-ms-win-core-util-l1-1-0.dll
0x0000000002b40000 - 0x0000000002b43000 	C:\Program Files\Java\jre1.8.0_191\bin\api-ms-win-crt-conio-l1-1-0.dll
0x0000000019790000 - 0x0000000019794000 	C:\Program Files\Java\jre1.8.0_191\bin\api-ms-win-crt-convert-l1-1-0.dll
0x00000000197a0000 - 0x00000000197a3000 	C:\Program Files\Java\jre1.8.0_191\bin\api-ms-win-crt-environment-l1-1-0.dll
0x00000000197b0000 - 0x00000000197b3000 	C:\Program Files\Java\jre1.8.0_191\bin\api-ms-win-crt-filesystem-l1-1-0.dll
0x00000000197c0000 - 0x00000000197c3000 	C:\Program Files\Java\jre1.8.0_191\bin\api-ms-win-crt-heap-l1-1-0.dll
0x00000000197d0000 - 0x00000000197d3000 	C:\Program Files\Java\jre1.8.0_191\bin\api-ms-win-crt-locale-l1-1-0.dll
0x00000000197e0000 - 0x00000000197e5000 	C:\Program Files\Java\jre1.8.0_191\bin\api-ms-win-crt-math-l1-1-0.dll
0x00000000197f0000 - 0x00000000197f5000 	C:\Program Files\Java\jre1.8.0_191\bin\api-ms-win-crt-multibyte-l1-1-0.dll
0x0000000019800000 - 0x0000000019810000 	C:\Program Files\Java\jre1.8.0_191\bin\api-ms-win-crt-private-l1-1-0.dll
0x0000000019810000 - 0x0000000019813000 	C:\Program Files\Java\jre1.8.0_191\bin\api-ms-win-crt-process-l1-1-0.dll
0x0000000019820000 - 0x0000000019824000 	C:\Program Files\Java\jre1.8.0_191\bin\api-ms-win-crt-runtime-l1-1-0.dll
0x0000000019830000 - 0x0000000019834000 	C:\Program Files\Java\jre1.8.0_191\bin\api-ms-win-crt-stdio-l1-1-0.dll
0x0000000019840000 - 0x0000000019844000 	C:\Program Files\Java\jre1.8.0_191\bin\api-ms-win-crt-string-l1-1-0.dll
0x0000000019850000 - 0x0000000019853000 	C:\Program Files\Java\jre1.8.0_191\bin\api-ms-win-crt-time-l1-1-0.dll
0x0000000019860000 - 0x0000000019863000 	C:\Program Files\Java\jre1.8.0_191\bin\api-ms-win-crt-utility-l1-1-0.dll
0x00007ff825820000 - 0x00007ff825916000 	C:\Program Files\Java\jre1.8.0_191\bin\ucrtbase.dll
0x00007ff8539c0000 - 0x00007ff8539d6000 	C:\Program Files\Java\jre1.8.0_191\bin\vcruntime140.dll
0x00007ff826db0000 - 0x00007ff826e4c000 	C:\Program Files\Java\jre1.8.0_191\bin\msvcp140.dll
0x00007ff84cb70000 - 0x00007ff84cbc1000 	C:\Program Files\Java\jre1.8.0_191\bin\concrt140.dll
0x0000000071d20000 - 0x0000000071d43000 	C:\Program Files\Java\jre1.8.0_191\bin\prism_d3d.dll
0x00007ff825690000 - 0x00007ff825819000 	C:\Windows\system32\d3d9.dll
0x00007ff85e730000 - 0x00007ff85e75a000 	C:\Windows\SYSTEM32\dwmapi.dll
0x00007ff85e9e0000 - 0x00007ff85ea75000 	C:\Windows\system32\uxtheme.dll
0x00007ff81cc20000 - 0x00007ff81cdf7000 	C:\Windows\System32\DriverStore\FileRepository\ki127171.inf_amd64_368f8c7337214025\igdumdim64.dll
0x00007ffffcfe0000 - 0x00007ffffffdd000 	C:\Windows\System32\DriverStore\FileRepository\ki127171.inf_amd64_368f8c7337214025\igd9dxva64.dll
0x00007ff863460000 - 0x00007ff8635a5000 	C:\Windows\System32\ole32.dll
0x00007ff863d60000 - 0x00007ff863e20000 	C:\Windows\System32\OLEAUT32.dll
0x0000000071c70000 - 0x0000000071cb9000 	C:\Program Files\Java\jre1.8.0_191\bin\glass.dll
0x00007ff863c50000 - 0x00007ff863d58000 	C:\Windows\System32\COMDLG32.dll
0x00007ff863830000 - 0x00007ff863996000 	C:\Windows\System32\MSCTF.dll
0x00007ff854890000 - 0x00007ff856625000 	C:\Windows\System32\DriverStore\FileRepository\ki127171.inf_amd64_368f8c7337214025\igc64.dll
0x0000000071d00000 - 0x0000000071d14000 	C:\Program Files\Java\jre1.8.0_191\bin\javafx_font.dll
0x00007ff8292a0000 - 0x00007ff82955f000 	C:\Windows\SYSTEM32\dwrite.dll
0x00007ff863a20000 - 0x00007ff863abe000 	C:\Windows\System32\clbcatq.dll
0x00007ff85b520000 - 0x00007ff85b6cc000 	C:\Windows\SYSTEM32\WindowsCodecs.dll
0x00007ff854760000 - 0x00007ff8547a7000 	C:\Windows\system32\dataexchange.dll
0x00007ff85da00000 - 0x00007ff85dcdf000 	C:\Windows\system32\d3d11.dll
0x00007ff85dde0000 - 0x00007ff85df03000 	C:\Windows\system32\dcomp.dll
0x00007ff85f220000 - 0x00007ff85f2c4000 	C:\Windows\system32\dxgi.dll
0x00007ff85ec30000 - 0x00007ff85eda0000 	C:\Windows\system32\twinapi.appcore.dll
0x00007ff8600a0000 - 0x00007ff8600c5000 	C:\Windows\system32\bcrypt.dll
0x00007ff84ff50000 - 0x00007ff84ff81000 	C:\Program Files\Common Files\Microsoft Shared\Ink\rtscom.dll
0x00007ff85a970000 - 0x00007ff85a9f1000 	C:\Windows\System32\TextInputFramework.dll
0x00007ff85dce0000 - 0x00007ff85ddc4000 	C:\Windows\System32\CoreMessaging.dll
0x00007ff85b0f0000 - 0x00007ff85b3c3000 	C:\Windows\System32\CoreUIComponents.dll
0x00007ff85f160000 - 0x00007ff85f191000 	C:\Windows\SYSTEM32\ntmarta.dll
0x00007ff85c000000 - 0x00007ff85c139000 	C:\Windows\SYSTEM32\wintypes.dll
0x00007ff85e2b0000 - 0x00007ff85e2c5000 	C:\Windows\SYSTEM32\usermgrcli.dll
0x0000000071c50000 - 0x0000000071c62000 	C:\Program Files\Java\jre1.8.0_191\bin\prism_common.dll
0x0000000071e60000 - 0x0000000071e7a000 	C:\Program Files\Java\jre1.8.0_191\bin\net.dll
0x00007ff85fd90000 - 0x00007ff85fdec000 	C:\Windows\system32\mswsock.dll
0x00007ff83f630000 - 0x00007ff83f646000 	C:\Windows\system32\napinsp.dll
0x00007ff83f610000 - 0x00007ff83f62a000 	C:\Windows\system32\pnrpnsp.dll
0x00007ff85e4b0000 - 0x00007ff85e4c8000 	C:\Windows\system32\NLAapi.dll
0x00007ff85fb70000 - 0x00007ff85fc14000 	C:\Windows\SYSTEM32\DNSAPI.dll
0x00007ff864000000 - 0x00007ff864008000 	C:\Windows\System32\NSI.dll
0x00007ff85fb30000 - 0x00007ff85fb67000 	C:\Windows\SYSTEM32\IPHLPAPI.DLL
0x00007ff83f600000 - 0x00007ff83f60e000 	C:\Windows\System32\winrnr.dll
0x00007ff83f5e0000 - 0x00007ff83f5f5000 	C:\Windows\System32\wshbth.dll
0x00007ff852370000 - 0x00007ff85237a000 	C:\Windows\System32\rasadhlp.dll
0x00007ff85b070000 - 0x00007ff85b0db000 	C:\Windows\System32\fwpuclnt.dll

VM Arguments:
jvm_args: -Dfile.encoding=UTF-8 
java_command: principal.Principal
java_class_path (initial): C:\Program Files\Java\jre1.8.0_191\lib\resources.jar;C:\Program Files\Java\jre1.8.0_191\lib\rt.jar;C:\Program Files\Java\jre1.8.0_191\lib\jsse.jar;C:\Program Files\Java\jre1.8.0_191\lib\jce.jar;C:\Program Files\Java\jre1.8.0_191\lib\charsets.jar;C:\Program Files\Java\jre1.8.0_191\lib\jfr.jar;C:\Program Files\Java\jre1.8.0_191\lib\ext\access-bridge-64.jar;C:\Program Files\Java\jre1.8.0_191\lib\ext\cldrdata.jar;C:\Program Files\Java\jre1.8.0_191\lib\ext\dnsns.jar;C:\Program Files\Java\jre1.8.0_191\lib\ext\jaccess.jar;C:\Program Files\Java\jre1.8.0_191\lib\ext\jfxrt.jar;C:\Program Files\Java\jre1.8.0_191\lib\ext\localedata.jar;C:\Program Files\Java\jre1.8.0_191\lib\ext\nashorn.jar;C:\Program Files\Java\jre1.8.0_191\lib\ext\sunec.jar;C:\Program Files\Java\jre1.8.0_191\lib\ext\sunjce_provider.jar;C:\Program Files\Java\jre1.8.0_191\lib\ext\sunmscapi.jar;C:\Program Files\Java\jre1.8.0_191\lib\ext\sunpkcs11.jar;C:\Program Files\Java\jre1.8.0_191\lib\ext\zipfs.jar;C:\Users\fabricio.barrozo\eclipse-workspace\adasa6\target\classes;C:\Users\fabricio.barrozo\.m2\repository\commons-codec\commons-codec\1.11\commons-codec-1.11.jar;C:\Users\fabricio.barrozo\.m2\repository\com\microsoft\sqlserver\mssql-jdbc\7.0.0.jre8\mssql-jdbc-7.0.0.jre8.jar;C:\Users\fabricio.barrozo\.m2\repository\org\hibernate\hibernate-spatial\5.1.0.Final\hibernate-spatial-5.1.0.Final.jar;C:\Users\fabricio.barrozo\.m2\repository\org\jboss\logging\jboss-logging\3.3.0.Final\jboss-logging-3.3.0.Final.jar;C:\Users\fabricio.barrozo\.m2\repository\org\hibernate\hibernate-core\5.1.0.Final\hibernate-core-5.1.0.Final.jar;C:\Users\fabricio.barrozo\.m2\repository\org\hibernate\javax\persistence\hibernate-jpa-2.1-api\1.0.0.Final\hibernate-jpa-2.1-api-1.0.0.Final.jar;C:\Users\fabricio.barrozo\.m2\repository\org\javassist\javassist\3.20.0-GA\javassist-3.20.0-GA.jar;C:\Users\fabricio.barrozo\.m2\repository\antlr\antlr\2.7.7\antlr-2.7.7.jar;C:\Users\fabricio.barrozo\.m2\repository\org\apache\geronim
Launcher Type: SUN_STANDARD

Environment Variables:
JAVA_HOME=C:\Program Files\Java\jdk1.8.0_191
PATH=C:/Program Files/Java/jre1.8.0_191/bin/server;C:/Program Files/Java/jre1.8.0_191/bin;C:/Program Files/Java/jre1.8.0_191/lib/amd64;C:\Program Files (x86)\Common Files\Oracle\Java\javapath;C:\ProgramData\Oracle\Java\javapath;C:\Program Files (x86)\Intel\iCLS Client\;C:\Program Files\Intel\iCLS Client\;C:\Windows\system32;C:\Windows;C:\Windows\System32\Wbem;C:\Windows\System32\WindowsPowerShell\v1.0\;C:\Program Files (x86)\Intel\Intel(R) Management Engine Components\DAL;C:\Program Files\Intel\Intel(R) Management Engine Components\DAL;C:\Program Files (x86)\Intel\Intel(R) Management Engine Components\IPT;C:\Program Files\Intel\Intel(R) Management Engine Components\IPT;C:\Program Files\Intel\WiFi\bin\;C:\Program Files\Common Files\Intel\WirelessCommon\;c:\Program Files\Microsoft SQL Server\110\Tools\Binn\;c:\Program Files (x86)\Microsoft SQL Server\110\Tools\Binn\ManagementStudio\;c:\Program Files (x86)\Microsoft SQL Server\110\Tools\Binn\;c:\Program Files (x86)\Microsoft SQL Server\110\DTS\Binn\;C:\apache-maven-3.6.0\bin;C:\Program Files\Microsoft SQL Server Migration Assistant for Access\bin\;C:\Users\fabricio.barrozo\AppData\Local\Microsoft\WindowsApps;;C:\Users\fabricio.barrozo\AppData\Local\Programs\Microsoft VS Code\bin;C:\Windows\system32;
USERNAME=fabricio.barrozo
OS=Windows_NT
PROCESSOR_IDENTIFIER=Intel64 Family 6 Model 94 Stepping 3, GenuineIntel



---------------  S Y S T E M  ---------------

OS: Windows 10.0 , 64 bit Build 15063 (10.0.15063.1058)

CPU:total 4 (initial active 4) (4 cores per cpu, 1 threads per core) family 6 model 94 stepping 3, cmov, cx8, fxsr, mmx, sse, sse2, sse3, ssse3, sse4.1, sse4.2, popcnt, avx, avx2, aes, clmul, erms, rtm, 3dnowpref, lzcnt, tsc, tscinvbit, bmi1, bmi2, adx

Memory: 4k page, physical 8249056k(1183792k free), swap 10196704k(3008k free)

vm_info: Java HotSpot(TM) 64-Bit Server VM (25.191-b12) for windows-amd64 JRE (1.8.0_191-b12), built on Oct  6 2018 09:29:03 by "java_re" with MS VC++ 10.0 (VS2010)

time: Mon Nov 18 18:00:19 2019
elapsed time: 19 seconds (0d 0h 0m 19s)

