#
# There is insufficient memory for the Java Runtime Environment to continue.
# Native memory allocation (malloc) failed to allocate 32744 bytes for ChunkPool::allocate
# Possible reasons:
#   The system is out of physical RAM or swap space
#   In 32 bit mode, the process size limit was hit
# Possible solutions:
#   Reduce memory load on the system
#   Increase physical memory or swap space
#   Check if swap backing store is full
#   Use 64 bit Java on a 64 bit OS
#   Decrease Java heap size (-Xmx/-Xms)
#   Decrease number of Java threads
#   Decrease Java thread stack sizes (-Xss)
#   Set larger code cache with -XX:ReservedCodeCacheSize=
# This output file may be truncated or incomplete.
#
#  Out of Memory Error (allocation.cpp:273), pid=12564, tid=0x00000000000034b8
#
# JRE version: Java(TM) SE Runtime Environment (8.0_191-b12) (build 1.8.0_191-b12)
# Java VM: Java HotSpot(TM) 64-Bit Server VM (25.191-b12 mixed mode windows-amd64 compressed oops)
# Failed to write core dump. Minidumps are not enabled by default on client versions of Windows
#

---------------  T H R E A D  ---------------

Current thread (0x000000001727e800):  JavaThread "C1 CompilerThread2" daemon [_thread_in_native, id=13496, stack(0x0000000019f20000,0x000000001a020000)]

Stack: [0x0000000019f20000,0x000000001a020000]
[error occurred during error reporting (printing stack bounds), id 0xc0000005]

Native frames: (J=compiled Java code, j=interpreted, Vv=VM code, C=native code)


Current CompileTask:
C1:   2109  790   !   3       com.sun.javafx.css.ParsedValueImpl::readBinary (730 bytes)


---------------  P R O C E S S  ---------------

Java Threads: ( => current thread )
  0x000000001a934000 JavaThread "Thread-3" daemon [_thread_in_native, id=15248, stack(0x0000000021e30000,0x0000000021f30000)]
  0x000000001a93c000 JavaThread "JavaFX-Launcher" [_thread_blocked, id=15684, stack(0x0000000021f30000,0x0000000022030000)]
  0x000000001a8b2800 JavaThread "JavaFX Application Thread" [_thread_in_Java, id=7876, stack(0x000000001b4c0000,0x000000001b5c0000)]
  0x000000001a8a4800 JavaThread "Thread-1" daemon [_thread_blocked, id=640, stack(0x000000001b3c0000,0x000000001b4c0000)]
  0x000000001a3f0800 JavaThread "QuantumRenderer-0" daemon [_thread_blocked, id=12844, stack(0x000000001b0a0000,0x000000001b1a0000)]
  0x000000001a050800 JavaThread "Service Thread" daemon [_thread_blocked, id=8880, stack(0x000000001a420000,0x000000001a520000)]
=>0x000000001727e800 JavaThread "C1 CompilerThread2" daemon [_thread_in_native, id=13496, stack(0x0000000019f20000,0x000000001a020000)]
  0x000000001727d000 JavaThread "C2 CompilerThread1" daemon [_thread_in_native, id=9580, stack(0x0000000019e20000,0x0000000019f20000)]
  0x0000000017277000 JavaThread "C2 CompilerThread0" daemon [_thread_in_native, id=2416, stack(0x0000000019d20000,0x0000000019e20000)]
  0x0000000017275000 JavaThread "Attach Listener" daemon [_thread_blocked, id=8572, stack(0x0000000019c20000,0x0000000019d20000)]
  0x0000000017273800 JavaThread "Signal Dispatcher" daemon [_thread_blocked, id=10084, stack(0x0000000019b20000,0x0000000019c20000)]
  0x0000000017260000 JavaThread "Finalizer" daemon [_thread_blocked, id=2348, stack(0x00000000184d0000,0x00000000185d0000)]
  0x0000000002765000 JavaThread "Reference Handler" daemon [_thread_blocked, id=9896, stack(0x00000000183d0000,0x00000000184d0000)]
  0x0000000002676000 JavaThread "main" [_thread_blocked, id=10916, stack(0x0000000002550000,0x0000000002650000)]

Other Threads:
  0x0000000017238000 VMThread [stack: 0x00000000182d0000,0x00000000183d0000] [id=5884]
  0x000000001a07c000 WatcherThread [stack: 0x000000001a520000,0x000000001a620000] [id=10660]

VM state:not at safepoint (normal execution)

VM Mutex/Monitor currently owned by a thread: None

Heap:
 PSYoungGen      total 37888K, used 25883K [0x00000000d6100000, 0x00000000d8b00000, 0x0000000100000000)
  eden space 32768K, 78% used [0x00000000d6100000,0x00000000d7a46d68,0x00000000d8100000)
  from space 5120K, 0% used [0x00000000d8600000,0x00000000d8600000,0x00000000d8b00000)
  to   space 5120K, 0% used [0x00000000d8100000,0x00000000d8100000,0x00000000d8600000)
 ParOldGen       total 86016K, used 0K [0x0000000082200000, 0x0000000087600000, 0x00000000d6100000)
  object space 86016K, 0% used [0x0000000082200000,0x0000000082200000,0x0000000087600000)
 Metaspace       used 12651K, capacity 13082K, committed 13184K, reserved 1060864K
  class space    used 1752K, capacity 1884K, committed 1920K, reserved 1048576K

Card table byte_map: [0x0000000011b30000,0x0000000011f20000] byte_map_base: 0x000000001171f000

Marking Bits: (ParMarkBitMap*) 0x000000006eb33e30
 Begin Bits: [0x00000000125c0000, 0x0000000014538000)
 End Bits:   [0x0000000014538000, 0x00000000164b0000)

Polling page: 0x0000000002420000

CodeCache: size=245760Kb used=3161Kb max_used=3175Kb free=242598Kb
 bounds [0x0000000002770000, 0x0000000002a90000, 0x0000000011770000]
 total_blobs=1339 nmethods=790 adapters=462
 compilation: enabled

Compilation events (10 events):
Event: 2.074 Thread 0x000000001727e800  784       3       sun.invoke.util.BytecodeDescriptor::unparse (18 bytes)
Event: 2.075 Thread 0x000000001727e800 nmethod 784 0x0000000002a7a0d0 code [0x0000000002a7a260, 0x0000000002a7a758]
Event: 2.080 Thread 0x000000001727e800  785       3       java.util.WeakHashMap::eq (19 bytes)
Event: 2.080 Thread 0x000000001727e800 nmethod 785 0x0000000002a79c10 code [0x0000000002a79d80, 0x0000000002a7a008]
Event: 2.085 Thread 0x000000001727d000  786       4       java.lang.String::equalsIgnoreCase (48 bytes)
Event: 2.085 Thread 0x000000001727e800  788       3       java.io.DataInputStream::readBoolean (30 bytes)
Event: 2.086 Thread 0x000000001727e800 nmethod 788 0x0000000002a79610 code [0x0000000002a797a0, 0x0000000002a79af8]
Event: 2.086 Thread 0x000000001727e800  789       3       java.io.DataInputStream::readLong (128 bytes)
Event: 2.086 Thread 0x000000001727e800 nmethod 789 0x0000000002a7ef50 code [0x0000000002a7f0c0, 0x0000000002a7f468]
Event: 2.086 Thread 0x000000001727e800  790   !   3       com.sun.javafx.css.ParsedValueImpl::readBinary (730 bytes)

GC Heap History (0 events):
No events

Deoptimization events (9 events):
Event: 0.357 Thread 0x0000000002676000 Uncommon trap: reason=unstable_if action=reinterpret pc=0x0000000002872f20 method=java.lang.String.hashCode()I @ 14
Event: 0.780 Thread 0x000000001a93c000 Uncommon trap: reason=unstable_if action=reinterpret pc=0x000000000291ca8c method=java.lang.String.replace(CC)Ljava/lang/String; @ 26
Event: 0.866 Thread 0x000000001a93c000 Uncommon trap: reason=unstable_if action=reinterpret pc=0x000000000291f99c method=java.lang.String.indexOf([CII[CIII)I @ 134
Event: 1.798 Thread 0x000000001a8b2800 Uncommon trap: reason=unstable_if action=reinterpret pc=0x00000000029f3358 method=java.util.HashMap.getNode(ILjava/lang/Object;)Ljava/util/HashMap$Node; @ 84
Event: 1.798 Thread 0x000000001a8b2800 Uncommon trap: reason=unstable_if action=reinterpret pc=0x00000000029eab90 method=java.util.HashMap.getNode(ILjava/lang/Object;)Ljava/util/HashMap$Node; @ 84
Event: 2.082 Thread 0x000000001a8b2800 Uncommon trap: reason=class_check action=maybe_recompile pc=0x0000000002a262a0 method=java.io.DataInputStream.readShort()S @ 4
Event: 2.082 Thread 0x000000001a8b2800 Uncommon trap: reason=class_check action=maybe_recompile pc=0x0000000002a262a0 method=java.io.DataInputStream.readShort()S @ 4
Event: 2.083 Thread 0x000000001a8b2800 Uncommon trap: reason=class_check action=maybe_recompile pc=0x0000000002a262a0 method=java.io.DataInputStream.readShort()S @ 4
Event: 2.083 Thread 0x000000001a8b2800 Uncommon trap: reason=class_check action=maybe_recompile pc=0x0000000002a262a0 method=java.io.DataInputStream.readShort()S @ 4

Classes redefined (0 events):
No events

Internal exceptions (10 events):
Event: 1.491 Thread 0x000000001a93c000 Exception <a 'java/security/PrivilegedActionException'> (0x00000000d6c90a90) thrown at [C:\re\workspace\8-2-build-windows-amd64-cygwin\jdk8u191\11896\hotspot\src\share\vm\prims\jvm.cpp, line 1435]
Event: 1.491 Thread 0x000000001a93c000 Exception <a 'java/security/PrivilegedActionException'> (0x00000000d6c90e88) thrown at [C:\re\workspace\8-2-build-windows-amd64-cygwin\jdk8u191\11896\hotspot\src\share\vm\prims\jvm.cpp, line 1435]
Event: 1.493 Thread 0x000000001a93c000 Exception <a 'java/security/PrivilegedActionException'> (0x00000000d6c9d5e0) thrown at [C:\re\workspace\8-2-build-windows-amd64-cygwin\jdk8u191\11896\hotspot\src\share\vm\prims\jvm.cpp, line 1435]
Event: 1.493 Thread 0x000000001a93c000 Exception <a 'java/security/PrivilegedActionException'> (0x00000000d6c9d9d8) thrown at [C:\re\workspace\8-2-build-windows-amd64-cygwin\jdk8u191\11896\hotspot\src\share\vm\prims\jvm.cpp, line 1435]
Event: 1.493 Thread 0x000000001a93c000 Exception <a 'java/security/PrivilegedActionException'> (0x00000000d6c9ec30) thrown at [C:\re\workspace\8-2-build-windows-amd64-cygwin\jdk8u191\11896\hotspot\src\share\vm\prims\jvm.cpp, line 1435]
Event: 1.493 Thread 0x000000001a93c000 Exception <a 'java/security/PrivilegedActionException'> (0x00000000d6c9f028) thrown at [C:\re\workspace\8-2-build-windows-amd64-cygwin\jdk8u191\11896\hotspot\src\share\vm\prims\jvm.cpp, line 1435]
Event: 1.493 Thread 0x000000001a93c000 Exception <a 'java/security/PrivilegedActionException'> (0x00000000d6ca02d8) thrown at [C:\re\workspace\8-2-build-windows-amd64-cygwin\jdk8u191\11896\hotspot\src\share\vm\prims\jvm.cpp, line 1435]
Event: 1.493 Thread 0x000000001a93c000 Exception <a 'java/security/PrivilegedActionException'> (0x00000000d6ca06d0) thrown at [C:\re\workspace\8-2-build-windows-amd64-cygwin\jdk8u191\11896\hotspot\src\share\vm\prims\jvm.cpp, line 1435]
Event: 1.592 Thread 0x000000001a93c000 Exception <a 'java/lang/NullPointerException'> (0x00000000d6e6bce8) thrown at [C:\re\workspace\8-2-build-windows-amd64-cygwin\jdk8u191\11896\hotspot\src\share\vm\interpreter\linkResolver.cpp, line 1185]
Event: 1.592 Thread 0x000000001a93c000 Exception <a 'java/lang/NullPointerException'> (0x00000000d6e6bce8) thrown at [C:\re\workspace\8-2-build-windows-amd64-cygwin\jdk8u191\11896\hotspot\src\share\vm\prims\jvm.cpp, line 1439]

Events (10 events):
Event: 2.085 loading class javafx/scene/paint/CycleMethod
Event: 2.085 loading class javafx/scene/paint/CycleMethod done
Event: 2.086 loading class com/sun/javafx/css/Style
Event: 2.086 loading class com/sun/javafx/css/Style done
Event: 2.087 loading class java/util/ArrayList$SubList
Event: 2.087 loading class java/util/ArrayList$SubList done
Event: 2.087 loading class com/sun/javafx/css/StyleCacheEntry
Event: 2.087 loading class com/sun/javafx/css/StyleCacheEntry done
Event: 2.087 loading class com/sun/javafx/css/CssError
Event: 2.087 loading class com/sun/javafx/css/CssError done


Dynamic libraries:
0x00007ff6be4e0000 - 0x00007ff6be517000 	C:\Program Files\Java\jre1.8.0_191\bin\javaw.exe
0x00007ffed6a40000 - 0x00007ffed6c1b000 	C:\Windows\SYSTEM32\ntdll.dll
0x00007ffed4c70000 - 0x00007ffed4d1e000 	C:\Windows\System32\KERNEL32.DLL
0x00007ffed3250000 - 0x00007ffed349a000 	C:\Windows\System32\KERNELBASE.dll
0x00007ffed4d20000 - 0x00007ffed4dc1000 	C:\Windows\System32\ADVAPI32.dll
0x00007ffed3fa0000 - 0x00007ffed403d000 	C:\Windows\System32\msvcrt.dll
0x00007ffed53c0000 - 0x00007ffed5419000 	C:\Windows\System32\sechost.dll
0x00007ffed46f0000 - 0x00007ffed4815000 	C:\Windows\System32\RPCRT4.dll
0x00007ffed4fb0000 - 0x00007ffed50fa000 	C:\Windows\System32\USER32.dll
0x00007ffed37d0000 - 0x00007ffed37ee000 	C:\Windows\System32\win32u.dll
0x00007ffed48e0000 - 0x00007ffed4907000 	C:\Windows\System32\GDI32.dll
0x00007ffed3640000 - 0x00007ffed37c8000 	C:\Windows\System32\gdi32full.dll
0x00007ffed35a0000 - 0x00007ffed363a000 	C:\Windows\System32\msvcp_win.dll
0x00007ffed34a0000 - 0x00007ffed3596000 	C:\Windows\System32\ucrtbase.dll
0x00007ffecb0c0000 - 0x00007ffecb327000 	C:\Windows\WinSxS\amd64_microsoft.windows.common-controls_6595b64144ccf1df_6.0.15063.1155_none_40c7922129a7722b\COMCTL32.dll
0x00007ffed4970000 - 0x00007ffed4c69000 	C:\Windows\System32\combase.dll
0x00007ffed2f60000 - 0x00007ffed2fca000 	C:\Windows\System32\bcryptPrimitives.dll
0x00007ffed69f0000 - 0x00007ffed6a1d000 	C:\Windows\System32\IMM32.DLL
0x00007ffeb1dc0000 - 0x00007ffeb1e71000 	C:\Program Files\McAfee\Endpoint Security\Threat Prevention\Ips\EpMPApi.dll
0x00007ffed3840000 - 0x00007ffed3897000 	C:\Windows\System32\WINTRUST.dll
0x00007ffed2eb0000 - 0x00007ffed2ec1000 	C:\Windows\System32\MSASN1.dll
0x00007ffed2fd0000 - 0x00007ffed3199000 	C:\Windows\System32\CRYPT32.dll
0x000000006f0a0000 - 0x000000006f0ac000 	C:\Program Files\McAfee\Endpoint Security\Threat Prevention\Ips\EpMPThe.dll
0x000000006e120000 - 0x000000006e1f2000 	C:\Program Files\Java\jre1.8.0_191\bin\msvcr100.dll
0x000000006e310000 - 0x000000006ebb4000 	C:\Program Files\Java\jre1.8.0_191\bin\server\jvm.dll
0x00007ffed4040000 - 0x00007ffed4048000 	C:\Windows\System32\PSAPI.DLL
0x00007ffeba760000 - 0x00007ffeba769000 	C:\Windows\SYSTEM32\WSOCK32.dll
0x00007ffec4be0000 - 0x00007ffec4bea000 	C:\Windows\SYSTEM32\VERSION.dll
0x00007ffed1190000 - 0x00007ffed11b3000 	C:\Windows\SYSTEM32\WINMM.dll
0x00007ffed4df0000 - 0x00007ffed4e5c000 	C:\Windows\System32\WS2_32.dll
0x00007ffed1160000 - 0x00007ffed118b000 	C:\Windows\SYSTEM32\WINMMBASE.dll
0x00007ffed37f0000 - 0x00007ffed3839000 	C:\Windows\System32\cfgmgr32.dll
0x000000006e300000 - 0x000000006e30f000 	C:\Program Files\Java\jre1.8.0_191\bin\verify.dll
0x000000006e2d0000 - 0x000000006e2f9000 	C:\Program Files\Java\jre1.8.0_191\bin\java.dll
0x000000006e280000 - 0x000000006e296000 	C:\Program Files\Java\jre1.8.0_191\bin\zip.dll
0x00000000186d0000 - 0x0000000019b08000 	C:\Windows\System32\SHELL32.dll
0x00007ffed5100000 - 0x00007ffed51aa000 	C:\Windows\System32\shcore.dll
0x00007ffed38a0000 - 0x00007ffed3f91000 	C:\Windows\System32\windows.storage.dll
0x00007ffed4910000 - 0x00007ffed4961000 	C:\Windows\System32\shlwapi.dll
0x00007ffed2f20000 - 0x00007ffed2f31000 	C:\Windows\System32\kernel.appcore.dll
0x00007ffed2ed0000 - 0x00007ffed2f1c000 	C:\Windows\System32\powrprof.dll
0x00007ffed2f40000 - 0x00007ffed2f55000 	C:\Windows\System32\profapi.dll
0x000000001a620000 - 0x000000001a623000 	C:\Program Files\Java\jre1.8.0_191\bin\api-ms-win-core-console-l1-1-0.dll
0x000000001a630000 - 0x000000001a633000 	C:\Program Files\Java\jre1.8.0_191\bin\api-ms-win-core-datetime-l1-1-0.dll
0x000000001a640000 - 0x000000001a643000 	C:\Program Files\Java\jre1.8.0_191\bin\api-ms-win-core-debug-l1-1-0.dll
0x000000001a650000 - 0x000000001a653000 	C:\Program Files\Java\jre1.8.0_191\bin\api-ms-win-core-errorhandling-l1-1-0.dll
0x000000001a660000 - 0x000000001a664000 	C:\Program Files\Java\jre1.8.0_191\bin\api-ms-win-core-file-l1-1-0.dll
0x000000001a670000 - 0x000000001a673000 	C:\Program Files\Java\jre1.8.0_191\bin\api-ms-win-core-file-l1-2-0.dll
0x000000001a680000 - 0x000000001a683000 	C:\Program Files\Java\jre1.8.0_191\bin\api-ms-win-core-file-l2-1-0.dll
0x000000001a690000 - 0x000000001a693000 	C:\Program Files\Java\jre1.8.0_191\bin\api-ms-win-core-handle-l1-1-0.dll
0x000000001a6a0000 - 0x000000001a6a3000 	C:\Program Files\Java\jre1.8.0_191\bin\api-ms-win-core-heap-l1-1-0.dll
0x000000001a6b0000 - 0x000000001a6b3000 	C:\Program Files\Java\jre1.8.0_191\bin\api-ms-win-core-interlocked-l1-1-0.dll
0x000000001a6c0000 - 0x000000001a6c3000 	C:\Program Files\Java\jre1.8.0_191\bin\api-ms-win-core-libraryloader-l1-1-0.dll
0x000000001a6d0000 - 0x000000001a6d3000 	C:\Program Files\Java\jre1.8.0_191\bin\api-ms-win-core-localization-l1-2-0.dll
0x000000001a6e0000 - 0x000000001a6e3000 	C:\Program Files\Java\jre1.8.0_191\bin\api-ms-win-core-memory-l1-1-0.dll
0x000000001a6f0000 - 0x000000001a6f3000 	C:\Program Files\Java\jre1.8.0_191\bin\api-ms-win-core-namedpipe-l1-1-0.dll
0x000000001a700000 - 0x000000001a703000 	C:\Program Files\Java\jre1.8.0_191\bin\api-ms-win-core-processenvironment-l1-1-0.dll
0x000000001a710000 - 0x000000001a713000 	C:\Program Files\Java\jre1.8.0_191\bin\api-ms-win-core-processthreads-l1-1-0.dll
0x000000001a720000 - 0x000000001a723000 	C:\Program Files\Java\jre1.8.0_191\bin\api-ms-win-core-processthreads-l1-1-1.dll
0x000000001a730000 - 0x000000001a733000 	C:\Program Files\Java\jre1.8.0_191\bin\api-ms-win-core-profile-l1-1-0.dll
0x000000001a740000 - 0x000000001a743000 	C:\Program Files\Java\jre1.8.0_191\bin\api-ms-win-core-rtlsupport-l1-1-0.dll
0x000000001a750000 - 0x000000001a753000 	C:\Program Files\Java\jre1.8.0_191\bin\api-ms-win-core-string-l1-1-0.dll
0x000000001a760000 - 0x000000001a763000 	C:\Program Files\Java\jre1.8.0_191\bin\api-ms-win-core-synch-l1-1-0.dll
0x000000001a770000 - 0x000000001a773000 	C:\Program Files\Java\jre1.8.0_191\bin\api-ms-win-core-synch-l1-2-0.dll
0x000000001a780000 - 0x000000001a783000 	C:\Program Files\Java\jre1.8.0_191\bin\api-ms-win-core-sysinfo-l1-1-0.dll
0x000000001a790000 - 0x000000001a793000 	C:\Program Files\Java\jre1.8.0_191\bin\api-ms-win-core-timezone-l1-1-0.dll
0x000000001a7a0000 - 0x000000001a7a3000 	C:\Program Files\Java\jre1.8.0_191\bin\api-ms-win-core-util-l1-1-0.dll
0x000000001a7b0000 - 0x000000001a7b3000 	C:\Program Files\Java\jre1.8.0_191\bin\api-ms-win-crt-conio-l1-1-0.dll
0x000000001a7c0000 - 0x000000001a7c4000 	C:\Program Files\Java\jre1.8.0_191\bin\api-ms-win-crt-convert-l1-1-0.dll
0x000000001a7d0000 - 0x000000001a7d3000 	C:\Program Files\Java\jre1.8.0_191\bin\api-ms-win-crt-environment-l1-1-0.dll
0x000000001a7e0000 - 0x000000001a7e3000 	C:\Program Files\Java\jre1.8.0_191\bin\api-ms-win-crt-filesystem-l1-1-0.dll
0x000000001a7f0000 - 0x000000001a7f3000 	C:\Program Files\Java\jre1.8.0_191\bin\api-ms-win-crt-heap-l1-1-0.dll
0x000000001a800000 - 0x000000001a803000 	C:\Program Files\Java\jre1.8.0_191\bin\api-ms-win-crt-locale-l1-1-0.dll
0x000000001a810000 - 0x000000001a815000 	C:\Program Files\Java\jre1.8.0_191\bin\api-ms-win-crt-math-l1-1-0.dll
0x000000001a820000 - 0x000000001a825000 	C:\Program Files\Java\jre1.8.0_191\bin\api-ms-win-crt-multibyte-l1-1-0.dll
0x000000001a830000 - 0x000000001a840000 	C:\Program Files\Java\jre1.8.0_191\bin\api-ms-win-crt-private-l1-1-0.dll
0x000000001a840000 - 0x000000001a843000 	C:\Program Files\Java\jre1.8.0_191\bin\api-ms-win-crt-process-l1-1-0.dll
0x000000001a850000 - 0x000000001a854000 	C:\Program Files\Java\jre1.8.0_191\bin\api-ms-win-crt-runtime-l1-1-0.dll
0x000000001a860000 - 0x000000001a864000 	C:\Program Files\Java\jre1.8.0_191\bin\api-ms-win-crt-stdio-l1-1-0.dll
0x000000001a870000 - 0x000000001a874000 	C:\Program Files\Java\jre1.8.0_191\bin\api-ms-win-crt-string-l1-1-0.dll
0x000000001a880000 - 0x000000001a883000 	C:\Program Files\Java\jre1.8.0_191\bin\api-ms-win-crt-time-l1-1-0.dll
0x000000001a890000 - 0x000000001a893000 	C:\Program Files\Java\jre1.8.0_191\bin\api-ms-win-crt-utility-l1-1-0.dll
0x00007ffecce70000 - 0x00007ffeccf66000 	C:\Program Files\Java\jre1.8.0_191\bin\ucrtbase.dll
0x00007ffeccb00000 - 0x00007ffeccb16000 	C:\Program Files\Java\jre1.8.0_191\bin\vcruntime140.dll
0x00007ffeb7510000 - 0x00007ffeb75ac000 	C:\Program Files\Java\jre1.8.0_191\bin\msvcp140.dll
0x00007ffebba70000 - 0x00007ffebbac1000 	C:\Program Files\Java\jre1.8.0_191\bin\concrt140.dll
0x000000006e0f0000 - 0x000000006e113000 	C:\Program Files\Java\jre1.8.0_191\bin\prism_d3d.dll
0x00007ffeb2150000 - 0x00007ffeb22d9000 	C:\Windows\system32\d3d9.dll
0x00007ffed1100000 - 0x00007ffed112a000 	C:\Windows\SYSTEM32\dwmapi.dll
0x00007ffed13b0000 - 0x00007ffed1445000 	C:\Windows\system32\uxtheme.dll
0x00007ffead2b0000 - 0x00007ffead487000 	C:\Windows\System32\DriverStore\FileRepository\ki127171.inf_amd64_368f8c7337214025\igdumdim64.dll
0x00007ffe94d40000 - 0x00007ffe97d3d000 	C:\Windows\System32\DriverStore\FileRepository\ki127171.inf_amd64_368f8c7337214025\igd9dxva64.dll
0x00007ffed4e60000 - 0x00007ffed4fa5000 	C:\Windows\System32\ole32.dll
0x00007ffed4050000 - 0x00007ffed4110000 	C:\Windows\System32\OLEAUT32.dll
0x000000006e0a0000 - 0x000000006e0e9000 	C:\Program Files\Java\jre1.8.0_191\bin\glass.dll
0x00007ffed54a0000 - 0x00007ffed55a8000 	C:\Windows\System32\COMDLG32.dll
0x00007ffed5250000 - 0x00007ffed53b6000 	C:\Windows\System32\MSCTF.dll
0x00007ffec7cf0000 - 0x00007ffec9a85000 	C:\Windows\System32\DriverStore\FileRepository\ki127171.inf_amd64_368f8c7337214025\igc64.dll
0x000000006e080000 - 0x000000006e094000 	C:\Program Files\Java\jre1.8.0_191\bin\javafx_font.dll
0x00007ffeb6eb0000 - 0x00007ffeb716f000 	C:\Windows\SYSTEM32\dwrite.dll
0x00007ffed51b0000 - 0x00007ffed524e000 	C:\Windows\System32\clbcatq.dll
0x00007ffece350000 - 0x00007ffece4fc000 	C:\Windows\SYSTEM32\WindowsCodecs.dll
0x00007ffec6e80000 - 0x00007ffec6ec7000 	C:\Windows\system32\dataexchange.dll
0x00007ffecff90000 - 0x00007ffed026f000 	C:\Windows\system32\d3d11.dll
0x00007ffecf850000 - 0x00007ffecf973000 	C:\Windows\system32\dcomp.dll
0x00007ffed1bf0000 - 0x00007ffed1c94000 	C:\Windows\system32\dxgi.dll
0x00007ffed1650000 - 0x00007ffed17c0000 	C:\Windows\system32\twinapi.appcore.dll
0x00007ffed2a70000 - 0x00007ffed2a95000 	C:\Windows\system32\bcrypt.dll
0x00007ffecd020000 - 0x00007ffecd051000 	C:\Program Files\Common Files\Microsoft Shared\Ink\rtscom.dll

VM Arguments:
jvm_args: -Dfile.encoding=UTF-8 
java_command: principal.Principal
java_class_path (initial): C:\Program Files\Java\jre1.8.0_191\lib\resources.jar;C:\Program Files\Java\jre1.8.0_191\lib\rt.jar;C:\Program Files\Java\jre1.8.0_191\lib\jsse.jar;C:\Program Files\Java\jre1.8.0_191\lib\jce.jar;C:\Program Files\Java\jre1.8.0_191\lib\charsets.jar;C:\Program Files\Java\jre1.8.0_191\lib\jfr.jar;C:\Program Files\Java\jre1.8.0_191\lib\ext\access-bridge-64.jar;C:\Program Files\Java\jre1.8.0_191\lib\ext\cldrdata.jar;C:\Program Files\Java\jre1.8.0_191\lib\ext\dnsns.jar;C:\Program Files\Java\jre1.8.0_191\lib\ext\jaccess.jar;C:\Program Files\Java\jre1.8.0_191\lib\ext\jfxrt.jar;C:\Program Files\Java\jre1.8.0_191\lib\ext\localedata.jar;C:\Program Files\Java\jre1.8.0_191\lib\ext\nashorn.jar;C:\Program Files\Java\jre1.8.0_191\lib\ext\sunec.jar;C:\Program Files\Java\jre1.8.0_191\lib\ext\sunjce_provider.jar;C:\Program Files\Java\jre1.8.0_191\lib\ext\sunmscapi.jar;C:\Program Files\Java\jre1.8.0_191\lib\ext\sunpkcs11.jar;C:\Program Files\Java\jre1.8.0_191\lib\ext\zipfs.jar;C:\Users\fabricio.barrozo\eclipse-workspace\adasa6\target\classes;C:\Users\fabricio.barrozo\.m2\repository\commons-codec\commons-codec\1.11\commons-codec-1.11.jar;C:\Users\fabricio.barrozo\.m2\repository\com\microsoft\sqlserver\mssql-jdbc\7.0.0.jre8\mssql-jdbc-7.0.0.jre8.jar;C:\Users\fabricio.barrozo\.m2\repository\org\hibernate\hibernate-spatial\5.1.0.Final\hibernate-spatial-5.1.0.Final.jar;C:\Users\fabricio.barrozo\.m2\repository\org\jboss\logging\jboss-logging\3.3.0.Final\jboss-logging-3.3.0.Final.jar;C:\Users\fabricio.barrozo\.m2\repository\org\hibernate\hibernate-core\5.1.0.Final\hibernate-core-5.1.0.Final.jar;C:\Users\fabricio.barrozo\.m2\repository\org\hibernate\javax\persistence\hibernate-jpa-2.1-api\1.0.0.Final\hibernate-jpa-2.1-api-1.0.0.Final.jar;C:\Users\fabricio.barrozo\.m2\repository\org\javassist\javassist\3.20.0-GA\javassist-3.20.0-GA.jar;C:\Users\fabricio.barrozo\.m2\repository\antlr\antlr\2.7.7\antlr-2.7.7.jar;C:\Users\fabricio.barrozo\.m2\repository\org\apache\geronim
Launcher Type: SUN_STANDARD

Environment Variables:
JAVA_HOME=C:\Program Files\Java\jdk1.8.0_191
PATH=C:/Program Files/Java/jre1.8.0_191/bin/server;C:/Program Files/Java/jre1.8.0_191/bin;C:/Program Files/Java/jre1.8.0_191/lib/amd64;C:\Program Files (x86)\Common Files\Oracle\Java\javapath;C:\ProgramData\Oracle\Java\javapath;C:\Program Files (x86)\Intel\iCLS Client\;C:\Program Files\Intel\iCLS Client\;C:\Windows\system32;C:\Windows;C:\Windows\System32\Wbem;C:\Windows\System32\WindowsPowerShell\v1.0\;C:\Program Files (x86)\Intel\Intel(R) Management Engine Components\DAL;C:\Program Files\Intel\Intel(R) Management Engine Components\DAL;C:\Program Files (x86)\Intel\Intel(R) Management Engine Components\IPT;C:\Program Files\Intel\Intel(R) Management Engine Components\IPT;C:\Program Files\Intel\WiFi\bin\;C:\Program Files\Common Files\Intel\WirelessCommon\;c:\Program Files\Microsoft SQL Server\110\Tools\Binn\;c:\Program Files (x86)\Microsoft SQL Server\110\Tools\Binn\ManagementStudio\;c:\Program Files (x86)\Microsoft SQL Server\110\Tools\Binn\;c:\Program Files (x86)\Microsoft SQL Server\110\DTS\Binn\;C:\apache-maven-3.6.0\bin;C:\Program Files\Microsoft SQL Server Migration Assistant for Access\bin\;C:\Users\fabricio.barrozo\AppData\Local\Microsoft\WindowsApps;;C:\Users\fabricio.barrozo\AppData\Local\Programs\Microsoft VS Code\bin;C:\Windows\system32;
USERNAME=fabricio.barrozo
OS=Windows_NT
PROCESSOR_IDENTIFIER=Intel64 Family 6 Model 94 Stepping 3, GenuineIntel



---------------  S Y S T E M  ---------------

OS: Windows 10.0 , 64 bit Build 15063 (10.0.15063.1058)

CPU:total 4 (initial active 4) (4 cores per cpu, 1 threads per core) family 6 model 94 stepping 3, cmov, cx8, fxsr, mmx, sse, sse2, sse3, ssse3, sse4.1, sse4.2, popcnt, avx, avx2, aes, clmul, erms, rtm, 3dnowpref, lzcnt, tsc, tscinvbit, bmi1, bmi2, adx

Memory: 4k page, physical 8249056k(1729400k free), swap 10196704k(74332k free)

vm_info: Java HotSpot(TM) 64-Bit Server VM (25.191-b12) for windows-amd64 JRE (1.8.0_191-b12), built on Oct  6 2018 09:29:03 by "java_re" with MS VC++ 10.0 (VS2010)

time: Tue Oct 22 12:03:43 2019
elapsed time: 2 seconds (0d 0h 0m 2s)

