#
# There is insufficient memory for the Java Runtime Environment to continue.
# Native memory allocation (malloc) failed to allocate 352976 bytes for Chunk::new
# Possible reasons:
#   The system is out of physical RAM or swap space
#   In 32 bit mode, the process size limit was hit
# Possible solutions:
#   Reduce memory load on the system
#   Increase physical memory or swap space
#   Check if swap backing store is full
#   Use 64 bit Java on a 64 bit OS
#   Decrease Java heap size (-Xmx/-Xms)
#   Decrease number of Java threads
#   Decrease Java thread stack sizes (-Xss)
#   Set larger code cache with -XX:ReservedCodeCacheSize=
# This output file may be truncated or incomplete.
#
#  Out of Memory Error (allocation.cpp:390), pid=9900, tid=0x0000000000001fb8
#
# JRE version: Java(TM) SE Runtime Environment (8.0_191-b12) (build 1.8.0_191-b12)
# Java VM: Java HotSpot(TM) 64-Bit Server VM (25.191-b12 mixed mode windows-amd64 compressed oops)
# Failed to write core dump. Minidumps are not enabled by default on client versions of Windows
#

---------------  T H R E A D  ---------------

Current thread (0x00000000170dc000):  JavaThread "C2 CompilerThread1" daemon [_thread_in_native, id=8120, stack(0x0000000018830000,0x0000000018930000)]

Stack: [0x0000000018830000,0x0000000018930000]
[error occurred during error reporting (printing stack bounds), id 0xc0000005]

Native frames: (J=compiled Java code, j=interpreted, Vv=VM code, C=native code)


Current CompileTask:
C2:   1374  950   !   4       sun.misc.URLClassPath$JarLoader::getResource (85 bytes)


---------------  P R O C E S S  ---------------

Java Threads: ( => current thread )
  0x000000001966b000 JavaThread "URL-Loader-1" daemon [_thread_in_native, id=1536, stack(0x00000000230f0000,0x00000000231f0000)]
  0x000000001969e800 JavaThread "Disposer" daemon [_thread_blocked, id=16984, stack(0x0000000022fb0000,0x00000000230b0000)]
  0x000000001966d800 JavaThread "Prism Font Disposer" daemon [_thread_blocked, id=3920, stack(0x00000000226b0000,0x00000000227b0000)]
  0x0000000019283800 JavaThread "Thread-3" daemon [_thread_in_native, id=3148, stack(0x0000000020760000,0x0000000020860000)]
  0x0000000019224000 JavaThread "JavaFX-Launcher" [_thread_in_Java, id=12540, stack(0x0000000020860000,0x0000000020960000)]
  0x000000001921b800 JavaThread "JavaFX Application Thread" [_thread_in_native, id=1052, stack(0x0000000019e60000,0x0000000019f60000)]
  0x0000000019203800 JavaThread "Thread-1" daemon [_thread_blocked, id=3544, stack(0x0000000019d60000,0x0000000019e60000)]
  0x0000000018e0f000 JavaThread "QuantumRenderer-0" daemon [_thread_blocked, id=11872, stack(0x00000000199f0000,0x0000000019af0000)]
  0x000000001712e000 JavaThread "Service Thread" daemon [_thread_blocked, id=15332, stack(0x0000000018e30000,0x0000000018f30000)]
  0x00000000170dd000 JavaThread "C1 CompilerThread2" daemon [_thread_blocked, id=10080, stack(0x0000000018930000,0x0000000018a30000)]
=>0x00000000170dc000 JavaThread "C2 CompilerThread1" daemon [_thread_in_native, id=8120, stack(0x0000000018830000,0x0000000018930000)]
  0x00000000170d5000 JavaThread "C2 CompilerThread0" daemon [_thread_in_native, id=16732, stack(0x0000000018730000,0x0000000018830000)]
  0x00000000170d3800 JavaThread "Attach Listener" daemon [_thread_blocked, id=3952, stack(0x0000000018630000,0x0000000018730000)]
  0x00000000170d2000 JavaThread "Signal Dispatcher" daemon [_thread_blocked, id=9296, stack(0x0000000018530000,0x0000000018630000)]
  0x00000000170c0000 JavaThread "Finalizer" daemon [_thread_blocked, id=12724, stack(0x0000000018330000,0x0000000018430000)]
  0x00000000025f5000 JavaThread "Reference Handler" daemon [_thread_blocked, id=15544, stack(0x0000000018230000,0x0000000018330000)]
  0x0000000002503800 JavaThread "main" [_thread_blocked, id=7500, stack(0x0000000002400000,0x0000000002500000)]

Other Threads:
  0x0000000017098000 VMThread [stack: 0x0000000018130000,0x0000000018230000] [id=15748]
  0x0000000018a86000 WatcherThread [stack: 0x0000000018f30000,0x0000000019030000] [id=7836]

VM state:not at safepoint (normal execution)

VM Mutex/Monitor currently owned by a thread: None

Heap:
 PSYoungGen      total 37888K, used 2164K [0x00000000d6100000, 0x00000000d8b00000, 0x0000000100000000)
  eden space 32768K, 6% used [0x00000000d6100000,0x00000000d631d100,0x00000000d8100000)
  from space 5120K, 0% used [0x00000000d8100000,0x00000000d8100000,0x00000000d8600000)
  to   space 5120K, 0% used [0x00000000d8600000,0x00000000d8600000,0x00000000d8b00000)
 ParOldGen       total 63488K, used 4621K [0x0000000082200000, 0x0000000086000000, 0x00000000d6100000)
  object space 63488K, 7% used [0x0000000082200000,0x0000000082683630,0x0000000086000000)
 Metaspace       used 13798K, capacity 14372K, committed 14592K, reserved 1062912K
  class space    used 1849K, capacity 1998K, committed 2048K, reserved 1048576K

Card table byte_map: [0x00000000119c0000,0x0000000011db0000] byte_map_base: 0x00000000115af000

Marking Bits: (ParMarkBitMap*) 0x0000000057463e30
 Begin Bits: [0x0000000012450000, 0x00000000143c8000)
 End Bits:   [0x00000000143c8000, 0x0000000016340000)

Polling page: 0x00000000009f0000

CodeCache: size=245760Kb used=3608Kb max_used=3618Kb free=242151Kb
 bounds [0x0000000002600000, 0x0000000002990000, 0x0000000011600000]
 total_blobs=1552 nmethods=1009 adapters=456
 compilation: enabled

Compilation events (10 events):
Event: 1.318 Thread 0x00000000170dd000  963       3       com.sun.javafx.binding.ExpressionHelper::fireValueChangedEvent (9 bytes)
Event: 1.319 Thread 0x00000000170dd000 nmethod 963 0x000000000296a650 code [0x000000000296a7c0, 0x000000000296a9e8]
Event: 1.319 Thread 0x00000000170dd000  964       3       jdk.internal.org.objectweb.asm.MethodWriter::visitFieldInsn (248 bytes)
Event: 1.319 Thread 0x00000000170dd000 nmethod 964 0x000000000296aa90 code [0x000000000296ac80, 0x000000000296b578]
Event: 1.319 Thread 0x00000000170dd000  965       3       jdk.internal.org.objectweb.asm.ClassWriter::newFieldItem (77 bytes)
Event: 1.319 Thread 0x00000000170dd000 nmethod 965 0x000000000296b990 code [0x000000000296bb80, 0x000000000296c178]
Event: 1.320 Thread 0x00000000170dd000  966       3       java.util.zip.ZipCoder::toString (190 bytes)
Event: 1.321 Thread 0x00000000170dd000 nmethod 966 0x000000000296c590 code [0x000000000296c920, 0x000000000296e868]
Event: 1.323 Thread 0x00000000170dd000  967       3       java.nio.charset.CharsetDecoder::onUnmappableCharacter (26 bytes)
Event: 1.323 Thread 0x00000000170dd000 nmethod 967 0x000000000296f8d0 code [0x000000000296fa40, 0x000000000296fd88]

GC Heap History (0 events):
No events

Deoptimization events (10 events):
Event: 0.582 Thread 0x000000001921b800 Uncommon trap: reason=unstable_if action=reinterpret pc=0x000000000286e92c method=java.io.BufferedInputStream.read()I @ 8
Event: 0.590 Thread 0x000000001921b800 Uncommon trap: reason=unstable_if action=reinterpret pc=0x00000000028876c4 method=java.util.HashMap.getNode(ILjava/lang/Object;)Ljava/util/HashMap$Node; @ 84
Event: 0.590 Thread 0x000000001921b800 Uncommon trap: reason=unstable_if action=reinterpret pc=0x000000000287d04c method=java.util.HashMap.getNode(ILjava/lang/Object;)Ljava/util/HashMap$Node; @ 84
Event: 0.739 Thread 0x000000001921b800 Uncommon trap: reason=unstable_if action=reinterpret pc=0x00000000028976b8 method=java.lang.String.indexOf([CII[CIII)I @ 3
Event: 0.820 Thread 0x0000000019224000 Uncommon trap: reason=class_check action=maybe_recompile pc=0x00000000028fb1f0 method=java.util.HashMap.putVal(ILjava/lang/Object;Ljava/lang/Object;ZZ)Ljava/lang/Object; @ 253
Event: 0.820 Thread 0x0000000019224000 Uncommon trap: reason=class_check action=maybe_recompile pc=0x00000000028fb1f0 method=java.util.HashMap.putVal(ILjava/lang/Object;Ljava/lang/Object;ZZ)Ljava/lang/Object; @ 253
Event: 0.820 Thread 0x0000000019224000 Uncommon trap: reason=class_check action=maybe_recompile pc=0x00000000028fb1f0 method=java.util.HashMap.putVal(ILjava/lang/Object;Ljava/lang/Object;ZZ)Ljava/lang/Object; @ 253
Event: 0.820 Thread 0x0000000019224000 Uncommon trap: reason=class_check action=maybe_recompile pc=0x00000000028fb1f0 method=java.util.HashMap.putVal(ILjava/lang/Object;Ljava/lang/Object;ZZ)Ljava/lang/Object; @ 253
Event: 1.184 Thread 0x000000001921b800 Uncommon trap: reason=class_check action=maybe_recompile pc=0x000000000291d0bc method=java.util.HashMap.putVal(ILjava/lang/Object;Ljava/lang/Object;ZZ)Ljava/lang/Object; @ 203
Event: 1.184 Thread 0x000000001921b800 Uncommon trap: reason=class_check action=maybe_recompile pc=0x000000000291d0bc method=java.util.HashMap.putVal(ILjava/lang/Object;Ljava/lang/Object;ZZ)Ljava/lang/Object; @ 203

Classes redefined (0 events):
No events

Internal exceptions (10 events):
Event: 0.222 Thread 0x0000000002503800 Exception <a 'java/security/PrivilegedActionException'> (0x00000000d63e0a90) thrown at [C:\re\workspace\8-2-build-windows-amd64-cygwin\jdk8u191\11896\hotspot\src\share\vm\prims\jvm.cpp, line 1435]
Event: 0.222 Thread 0x0000000002503800 Exception <a 'java/lang/NullPointerException'> (0x00000000d63e1068) thrown at [C:\re\workspace\8-2-build-windows-amd64-cygwin\jdk8u191\11896\hotspot\src\share\vm\interpreter\linkResolver.cpp, line 1185]
Event: 0.467 Thread 0x0000000019224000 Exception <a 'java/security/PrivilegedActionException'> (0x00000000d6bd6090) thrown at [C:\re\workspace\8-2-build-windows-amd64-cygwin\jdk8u191\11896\hotspot\src\share\vm\prims\jvm.cpp, line 1435]
Event: 0.467 Thread 0x0000000019224000 Exception <a 'java/security/PrivilegedActionException'> (0x00000000d6bd6488) thrown at [C:\re\workspace\8-2-build-windows-amd64-cygwin\jdk8u191\11896\hotspot\src\share\vm\prims\jvm.cpp, line 1435]
Event: 0.553 Thread 0x0000000019224000 Exception <a 'java/lang/NullPointerException'> (0x00000000d6de53a8) thrown at [C:\re\workspace\8-2-build-windows-amd64-cygwin\jdk8u191\11896\hotspot\src\share\vm\interpreter\linkResolver.cpp, line 1185]
Event: 0.553 Thread 0x0000000019224000 Exception <a 'java/lang/NullPointerException'> (0x00000000d6de53a8) thrown at [C:\re\workspace\8-2-build-windows-amd64-cygwin\jdk8u191\11896\hotspot\src\share\vm\prims\jvm.cpp, line 1439]
Event: 0.686 Thread 0x0000000019224000 Exception <a 'java/lang/ArrayIndexOutOfBoundsException'> (0x00000000d73f01b0) thrown at [C:\re\workspace\8-2-build-windows-amd64-cygwin\jdk8u191\11896\hotspot\src\share\vm\runtime\sharedRuntime.cpp, line 605]
Event: 0.686 Thread 0x0000000019224000 Exception <a 'java/lang/ArrayIndexOutOfBoundsException'> (0x00000000d73f0cb8) thrown at [C:\re\workspace\8-2-build-windows-amd64-cygwin\jdk8u191\11896\hotspot\src\share\vm\runtime\sharedRuntime.cpp, line 605]
Event: 0.687 Thread 0x0000000019224000 Exception <a 'java/lang/ArrayIndexOutOfBoundsException'> (0x00000000d73f2060) thrown at [C:\re\workspace\8-2-build-windows-amd64-cygwin\jdk8u191\11896\hotspot\src\share\vm\runtime\sharedRuntime.cpp, line 605]
Event: 1.323 Thread 0x000000001921b800 Exception <a 'sun/nio/fs/WindowsException'> (0x00000000d7abf7f0) thrown at [C:\re\workspace\8-2-build-windows-amd64-cygwin\jdk8u191\11896\hotspot\src\share\vm\prims\jni.cpp, line 709]

Events (10 events):
Event: 1.323 loading class java/nio/file/attribute/FileAttributeView done
Event: 1.323 loading class java/nio/file/attribute/BasicFileAttributeView done
Event: 1.323 loading class sun/nio/fs/WindowsFileAttributeViews
Event: 1.323 loading class sun/nio/fs/WindowsFileAttributeViews done
Event: 1.323 loading class sun/nio/fs/WindowsFileAttributeViews$Basic
Event: 1.323 loading class sun/nio/fs/AbstractBasicFileAttributeView
Event: 1.323 loading class sun/nio/fs/DynamicFileAttributeView
Event: 1.323 loading class sun/nio/fs/DynamicFileAttributeView done
Event: 1.323 loading class sun/nio/fs/AbstractBasicFileAttributeView done
Event: 1.323 loading class sun/nio/fs/WindowsFileAttributeViews$Basic done


Dynamic libraries:
0x00007ff790df0000 - 0x00007ff790e27000 	C:\Program Files\Java\jre1.8.0_191\bin\javaw.exe
0x00007ffe77e10000 - 0x00007ffe77feb000 	C:\Windows\SYSTEM32\ntdll.dll
0x00007ffe757d0000 - 0x00007ffe7587e000 	C:\Windows\System32\KERNEL32.DLL
0x00007ffe74330000 - 0x00007ffe7457a000 	C:\Windows\System32\KERNELBASE.dll
0x00007ffe77720000 - 0x00007ffe777c1000 	C:\Windows\System32\ADVAPI32.dll
0x00007ffe76d80000 - 0x00007ffe76e1d000 	C:\Windows\System32\msvcrt.dll
0x00007ffe76d20000 - 0x00007ffe76d79000 	C:\Windows\System32\sechost.dll
0x00007ffe76eb0000 - 0x00007ffe76fd5000 	C:\Windows\System32\RPCRT4.dll
0x00007ffe77920000 - 0x00007ffe77a6a000 	C:\Windows\System32\USER32.dll
0x00007ffe747f0000 - 0x00007ffe7480e000 	C:\Windows\System32\win32u.dll
0x00007ffe76e80000 - 0x00007ffe76ea7000 	C:\Windows\System32\GDI32.dll
0x00007ffe74a20000 - 0x00007ffe74ba8000 	C:\Windows\System32\gdi32full.dll
0x00007ffe74750000 - 0x00007ffe747ea000 	C:\Windows\System32\msvcp_win.dll
0x00007ffe748c0000 - 0x00007ffe749b6000 	C:\Windows\System32\ucrtbase.dll
0x00007ffe64bb0000 - 0x00007ffe64e17000 	C:\Windows\WinSxS\amd64_microsoft.windows.common-controls_6595b64144ccf1df_6.0.15063.1155_none_40c7922129a7722b\COMCTL32.dll
0x00007ffe77b10000 - 0x00007ffe77e09000 	C:\Windows\System32\combase.dll
0x00007ffe75300000 - 0x00007ffe7536a000 	C:\Windows\System32\bcryptPrimitives.dll
0x00007ffe77670000 - 0x00007ffe7769d000 	C:\Windows\System32\IMM32.DLL
0x00007ffe4f870000 - 0x00007ffe4f921000 	C:\Program Files\McAfee\Endpoint Security\Threat Prevention\Ips\EpMPApi.dll
0x00007ffe749c0000 - 0x00007ffe74a17000 	C:\Windows\System32\WINTRUST.dll
0x00007ffe742a0000 - 0x00007ffe742b1000 	C:\Windows\System32\MSASN1.dll
0x00007ffe74580000 - 0x00007ffe74749000 	C:\Windows\System32\CRYPT32.dll
0x0000000057ad0000 - 0x0000000057adc000 	C:\Program Files\McAfee\Endpoint Security\Threat Prevention\Ips\EpMPThe.dll
0x0000000056a70000 - 0x0000000056b42000 	C:\Program Files\Java\jre1.8.0_191\bin\msvcr100.dll
0x0000000056c40000 - 0x00000000574e4000 	C:\Program Files\Java\jre1.8.0_191\bin\server\jvm.dll
0x00007ffe776a0000 - 0x00007ffe776a8000 	C:\Windows\System32\PSAPI.DLL
0x00007ffe62590000 - 0x00007ffe62599000 	C:\Windows\SYSTEM32\WSOCK32.dll
0x00007ffe72560000 - 0x00007ffe72583000 	C:\Windows\SYSTEM32\WINMM.dll
0x00007ffe64e30000 - 0x00007ffe64e3a000 	C:\Windows\SYSTEM32\VERSION.dll
0x00007ffe776b0000 - 0x00007ffe7771c000 	C:\Windows\System32\WS2_32.dll
0x00007ffe72530000 - 0x00007ffe7255b000 	C:\Windows\SYSTEM32\WINMMBASE.dll
0x00007ffe74bb0000 - 0x00007ffe74bf9000 	C:\Windows\System32\cfgmgr32.dll
0x0000000056c30000 - 0x0000000056c3f000 	C:\Program Files\Java\jre1.8.0_191\bin\verify.dll
0x0000000056c00000 - 0x0000000056c29000 	C:\Program Files\Java\jre1.8.0_191\bin\java.dll
0x0000000056be0000 - 0x0000000056bf6000 	C:\Program Files\Java\jre1.8.0_191\bin\zip.dll
0x00007ffe75880000 - 0x00007ffe76cb8000 	C:\Windows\System32\SHELL32.dll
0x00007ffe77040000 - 0x00007ffe770ea000 	C:\Windows\System32\shcore.dll
0x00007ffe74c00000 - 0x00007ffe752f1000 	C:\Windows\System32\windows.storage.dll
0x00007ffe76fe0000 - 0x00007ffe77031000 	C:\Windows\System32\shlwapi.dll
0x00007ffe74310000 - 0x00007ffe74321000 	C:\Windows\System32\kernel.appcore.dll
0x00007ffe742c0000 - 0x00007ffe7430c000 	C:\Windows\System32\powrprof.dll
0x00007ffe74280000 - 0x00007ffe74295000 	C:\Windows\System32\profapi.dll
0x0000000002320000 - 0x0000000002323000 	C:\Program Files\Java\jre1.8.0_191\bin\api-ms-win-core-console-l1-1-0.dll
0x0000000002330000 - 0x0000000002333000 	C:\Program Files\Java\jre1.8.0_191\bin\api-ms-win-core-datetime-l1-1-0.dll
0x0000000002350000 - 0x0000000002353000 	C:\Program Files\Java\jre1.8.0_191\bin\api-ms-win-core-debug-l1-1-0.dll
0x0000000002360000 - 0x0000000002363000 	C:\Program Files\Java\jre1.8.0_191\bin\api-ms-win-core-errorhandling-l1-1-0.dll
0x0000000002370000 - 0x0000000002374000 	C:\Program Files\Java\jre1.8.0_191\bin\api-ms-win-core-file-l1-1-0.dll
0x0000000002380000 - 0x0000000002383000 	C:\Program Files\Java\jre1.8.0_191\bin\api-ms-win-core-file-l1-2-0.dll
0x0000000002390000 - 0x0000000002393000 	C:\Program Files\Java\jre1.8.0_191\bin\api-ms-win-core-file-l2-1-0.dll
0x00000000023a0000 - 0x00000000023a3000 	C:\Program Files\Java\jre1.8.0_191\bin\api-ms-win-core-handle-l1-1-0.dll
0x00000000023b0000 - 0x00000000023b3000 	C:\Program Files\Java\jre1.8.0_191\bin\api-ms-win-core-heap-l1-1-0.dll
0x00000000023c0000 - 0x00000000023c3000 	C:\Program Files\Java\jre1.8.0_191\bin\api-ms-win-core-interlocked-l1-1-0.dll
0x00000000023d0000 - 0x00000000023d3000 	C:\Program Files\Java\jre1.8.0_191\bin\api-ms-win-core-libraryloader-l1-1-0.dll
0x00000000023e0000 - 0x00000000023e3000 	C:\Program Files\Java\jre1.8.0_191\bin\api-ms-win-core-localization-l1-2-0.dll
0x0000000019030000 - 0x0000000019033000 	C:\Program Files\Java\jre1.8.0_191\bin\api-ms-win-core-memory-l1-1-0.dll
0x0000000019040000 - 0x0000000019043000 	C:\Program Files\Java\jre1.8.0_191\bin\api-ms-win-core-namedpipe-l1-1-0.dll
0x0000000019050000 - 0x0000000019053000 	C:\Program Files\Java\jre1.8.0_191\bin\api-ms-win-core-processenvironment-l1-1-0.dll
0x0000000019060000 - 0x0000000019063000 	C:\Program Files\Java\jre1.8.0_191\bin\api-ms-win-core-processthreads-l1-1-0.dll
0x0000000019070000 - 0x0000000019073000 	C:\Program Files\Java\jre1.8.0_191\bin\api-ms-win-core-processthreads-l1-1-1.dll
0x0000000019080000 - 0x0000000019083000 	C:\Program Files\Java\jre1.8.0_191\bin\api-ms-win-core-profile-l1-1-0.dll
0x0000000019090000 - 0x0000000019093000 	C:\Program Files\Java\jre1.8.0_191\bin\api-ms-win-core-rtlsupport-l1-1-0.dll
0x00000000190a0000 - 0x00000000190a3000 	C:\Program Files\Java\jre1.8.0_191\bin\api-ms-win-core-string-l1-1-0.dll
0x00000000190b0000 - 0x00000000190b3000 	C:\Program Files\Java\jre1.8.0_191\bin\api-ms-win-core-synch-l1-1-0.dll
0x00000000190c0000 - 0x00000000190c3000 	C:\Program Files\Java\jre1.8.0_191\bin\api-ms-win-core-synch-l1-2-0.dll
0x00000000190d0000 - 0x00000000190d3000 	C:\Program Files\Java\jre1.8.0_191\bin\api-ms-win-core-sysinfo-l1-1-0.dll
0x00000000190e0000 - 0x00000000190e3000 	C:\Program Files\Java\jre1.8.0_191\bin\api-ms-win-core-timezone-l1-1-0.dll
0x00000000190f0000 - 0x00000000190f3000 	C:\Program Files\Java\jre1.8.0_191\bin\api-ms-win-core-util-l1-1-0.dll
0x0000000019100000 - 0x0000000019103000 	C:\Program Files\Java\jre1.8.0_191\bin\api-ms-win-crt-conio-l1-1-0.dll
0x0000000019110000 - 0x0000000019114000 	C:\Program Files\Java\jre1.8.0_191\bin\api-ms-win-crt-convert-l1-1-0.dll
0x0000000019120000 - 0x0000000019123000 	C:\Program Files\Java\jre1.8.0_191\bin\api-ms-win-crt-environment-l1-1-0.dll
0x0000000019130000 - 0x0000000019133000 	C:\Program Files\Java\jre1.8.0_191\bin\api-ms-win-crt-filesystem-l1-1-0.dll
0x0000000019140000 - 0x0000000019143000 	C:\Program Files\Java\jre1.8.0_191\bin\api-ms-win-crt-heap-l1-1-0.dll
0x0000000019150000 - 0x0000000019153000 	C:\Program Files\Java\jre1.8.0_191\bin\api-ms-win-crt-locale-l1-1-0.dll
0x0000000019160000 - 0x0000000019165000 	C:\Program Files\Java\jre1.8.0_191\bin\api-ms-win-crt-math-l1-1-0.dll
0x0000000019170000 - 0x0000000019175000 	C:\Program Files\Java\jre1.8.0_191\bin\api-ms-win-crt-multibyte-l1-1-0.dll
0x0000000019180000 - 0x0000000019190000 	C:\Program Files\Java\jre1.8.0_191\bin\api-ms-win-crt-private-l1-1-0.dll
0x0000000019190000 - 0x0000000019193000 	C:\Program Files\Java\jre1.8.0_191\bin\api-ms-win-crt-process-l1-1-0.dll
0x00000000191a0000 - 0x00000000191a4000 	C:\Program Files\Java\jre1.8.0_191\bin\api-ms-win-crt-runtime-l1-1-0.dll
0x00000000191b0000 - 0x00000000191b4000 	C:\Program Files\Java\jre1.8.0_191\bin\api-ms-win-crt-stdio-l1-1-0.dll
0x00000000191c0000 - 0x00000000191c4000 	C:\Program Files\Java\jre1.8.0_191\bin\api-ms-win-crt-string-l1-1-0.dll
0x00000000191d0000 - 0x00000000191d3000 	C:\Program Files\Java\jre1.8.0_191\bin\api-ms-win-crt-time-l1-1-0.dll
0x00000000191e0000 - 0x00000000191e3000 	C:\Program Files\Java\jre1.8.0_191\bin\api-ms-win-crt-utility-l1-1-0.dll
0x00007ffe3e8b0000 - 0x00007ffe3e9a6000 	C:\Program Files\Java\jre1.8.0_191\bin\ucrtbase.dll
0x00007ffe59580000 - 0x00007ffe59596000 	C:\Program Files\Java\jre1.8.0_191\bin\vcruntime140.dll
0x00007ffe41960000 - 0x00007ffe419fc000 	C:\Program Files\Java\jre1.8.0_191\bin\msvcp140.dll
0x00007ffe51f10000 - 0x00007ffe51f61000 	C:\Program Files\Java\jre1.8.0_191\bin\concrt140.dll
0x0000000056a40000 - 0x0000000056a63000 	C:\Program Files\Java\jre1.8.0_191\bin\prism_d3d.dll
0x00007ffe417d0000 - 0x00007ffe41959000 	C:\Windows\system32\d3d9.dll
0x00007ffe724d0000 - 0x00007ffe724fa000 	C:\Windows\SYSTEM32\dwmapi.dll
0x00007ffe72780000 - 0x00007ffe72815000 	C:\Windows\system32\uxtheme.dll
0x00007ffe3c300000 - 0x00007ffe3c4d7000 	C:\Windows\System32\DriverStore\FileRepository\ki127171.inf_amd64_368f8c7337214025\igdumdim64.dll
0x00007ffe17030000 - 0x00007ffe1a02d000 	C:\Windows\System32\DriverStore\FileRepository\ki127171.inf_amd64_368f8c7337214025\igd9dxva64.dll
0x00007ffe777d0000 - 0x00007ffe77915000 	C:\Windows\System32\ole32.dll
0x00007ffe775b0000 - 0x00007ffe77670000 	C:\Windows\System32\OLEAUT32.dll
0x00000000569f0000 - 0x0000000056a39000 	C:\Program Files\Java\jre1.8.0_191\bin\glass.dll
0x00007ffe774a0000 - 0x00007ffe775a8000 	C:\Windows\System32\COMDLG32.dll
0x00007ffe77180000 - 0x00007ffe772e6000 	C:\Windows\System32\MSCTF.dll
0x00007ffe6a340000 - 0x00007ffe6c0d5000 	C:\Windows\System32\DriverStore\FileRepository\ki127171.inf_amd64_368f8c7337214025\igc64.dll
0x00000000569d0000 - 0x00000000569e4000 	C:\Program Files\Java\jre1.8.0_191\bin\javafx_font.dll
0x0000000053310000 - 0x00000000569ca000 	C:\Program Files\Java\jre1.8.0_191\bin\jfxwebkit.dll
0x00007ffe73ce0000 - 0x00007ffe73cf7000 	C:\Windows\SYSTEM32\CRYPTSP.dll
0x00007ffe73410000 - 0x00007ffe73444000 	C:\Windows\system32\rsaenh.dll
0x00007ffe73e40000 - 0x00007ffe73e65000 	C:\Windows\SYSTEM32\bcrypt.dll
0x00007ffe73cd0000 - 0x00007ffe73cdb000 	C:\Windows\SYSTEM32\CRYPTBASE.dll
0x00007ffe6e150000 - 0x00007ffe6e40f000 	C:\Windows\SYSTEM32\dwrite.dll
0x00007ffe741b0000 - 0x00007ffe741d9000 	C:\Windows\SYSTEM32\USERENV.dll
0x0000000056bc0000 - 0x0000000056bda000 	C:\Program Files\Java\jre1.8.0_191\bin\net.dll
0x00007ffe73b30000 - 0x00007ffe73b8c000 	C:\Windows\system32\mswsock.dll
0x00007ffe738d0000 - 0x00007ffe73907000 	C:\Windows\SYSTEM32\IPHLPAPI.DLL
0x00007ffe770f0000 - 0x00007ffe770f8000 	C:\Windows\System32\NSI.dll
0x00007ffe6a080000 - 0x00007ffe6a096000 	C:\Windows\SYSTEM32\dhcpcsvc6.DLL
0x00007ffe69970000 - 0x00007ffe6998a000 	C:\Windows\SYSTEM32\dhcpcsvc.DLL
0x0000000056ba0000 - 0x0000000056bb1000 	C:\Program Files\Java\jre1.8.0_191\bin\nio.dll

VM Arguments:
jvm_args: -Dfile.encoding=UTF-8 
java_command: principal.Principal
java_class_path (initial): C:\Program Files\Java\jre1.8.0_191\lib\resources.jar;C:\Program Files\Java\jre1.8.0_191\lib\rt.jar;C:\Program Files\Java\jre1.8.0_191\lib\jsse.jar;C:\Program Files\Java\jre1.8.0_191\lib\jce.jar;C:\Program Files\Java\jre1.8.0_191\lib\charsets.jar;C:\Program Files\Java\jre1.8.0_191\lib\jfr.jar;C:\Program Files\Java\jre1.8.0_191\lib\ext\access-bridge-64.jar;C:\Program Files\Java\jre1.8.0_191\lib\ext\cldrdata.jar;C:\Program Files\Java\jre1.8.0_191\lib\ext\dnsns.jar;C:\Program Files\Java\jre1.8.0_191\lib\ext\jaccess.jar;C:\Program Files\Java\jre1.8.0_191\lib\ext\jfxrt.jar;C:\Program Files\Java\jre1.8.0_191\lib\ext\localedata.jar;C:\Program Files\Java\jre1.8.0_191\lib\ext\nashorn.jar;C:\Program Files\Java\jre1.8.0_191\lib\ext\sunec.jar;C:\Program Files\Java\jre1.8.0_191\lib\ext\sunjce_provider.jar;C:\Program Files\Java\jre1.8.0_191\lib\ext\sunmscapi.jar;C:\Program Files\Java\jre1.8.0_191\lib\ext\sunpkcs11.jar;C:\Program Files\Java\jre1.8.0_191\lib\ext\zipfs.jar;C:\Users\fabricio.barrozo\eclipse-workspace\adasa4\target\classes;C:\Users\fabricio.barrozo\.m2\repository\com\microsoft\sqlserver\mssql-jdbc\7.0.0.jre8\mssql-jdbc-7.0.0.jre8.jar;C:\Users\fabricio.barrozo\.m2\repository\org\hibernate\hibernate-spatial\5.1.0.Final\hibernate-spatial-5.1.0.Final.jar;C:\Users\fabricio.barrozo\.m2\repository\org\jboss\logging\jboss-logging\3.3.0.Final\jboss-logging-3.3.0.Final.jar;C:\Users\fabricio.barrozo\.m2\repository\org\hibernate\hibernate-core\5.1.0.Final\hibernate-core-5.1.0.Final.jar;C:\Users\fabricio.barrozo\.m2\repository\org\hibernate\javax\persistence\hibernate-jpa-2.1-api\1.0.0.Final\hibernate-jpa-2.1-api-1.0.0.Final.jar;C:\Users\fabricio.barrozo\.m2\repository\org\javassist\javassist\3.20.0-GA\javassist-3.20.0-GA.jar;C:\Users\fabricio.barrozo\.m2\repository\antlr\antlr\2.7.7\antlr-2.7.7.jar;C:\Users\fabricio.barrozo\.m2\repository\org\apache\geronimo\specs\geronimo-jta_1.1_spec\1.1.1\geronimo-jta_1.1_spec-1.1.1.jar;C:\Users\fabricio.barrozo\.m2
Launcher Type: SUN_STANDARD

Environment Variables:
JAVA_HOME=C:\Program Files\Java\jdk1.8.0_191
PATH=C:/Program Files/Java/jre1.8.0_191/bin/server;C:/Program Files/Java/jre1.8.0_191/bin;C:/Program Files/Java/jre1.8.0_191/lib/amd64;C:\Program Files (x86)\Common Files\Oracle\Java\javapath;C:\ProgramData\Oracle\Java\javapath;C:\Program Files (x86)\Intel\iCLS Client\;C:\Program Files\Intel\iCLS Client\;C:\Windows\system32;C:\Windows;C:\Windows\System32\Wbem;C:\Windows\System32\WindowsPowerShell\v1.0\;C:\Program Files (x86)\Intel\Intel(R) Management Engine Components\DAL;C:\Program Files\Intel\Intel(R) Management Engine Components\DAL;C:\Program Files (x86)\Intel\Intel(R) Management Engine Components\IPT;C:\Program Files\Intel\Intel(R) Management Engine Components\IPT;C:\Program Files\Intel\WiFi\bin\;C:\Program Files\Common Files\Intel\WirelessCommon\;c:\Program Files\Microsoft SQL Server\110\Tools\Binn\;c:\Program Files (x86)\Microsoft SQL Server\110\Tools\Binn\ManagementStudio\;c:\Program Files (x86)\Microsoft SQL Server\110\Tools\Binn\;c:\Program Files (x86)\Microsoft SQL Server\110\DTS\Binn\;C:\apache-maven-3.6.0\bin;C:\Users\fabricio.barrozo\AppData\Local\Microsoft\WindowsApps;;C:\Windows\System32;
USERNAME=fabricio.barrozo
OS=Windows_NT
PROCESSOR_IDENTIFIER=Intel64 Family 6 Model 94 Stepping 3, GenuineIntel



---------------  S Y S T E M  ---------------

OS: Windows 10.0 , 64 bit Build 15063 (10.0.15063.1058)

CPU:total 4 (initial active 4) (4 cores per cpu, 1 threads per core) family 6 model 94 stepping 3, cmov, cx8, fxsr, mmx, sse, sse2, sse3, ssse3, sse4.1, sse4.2, popcnt, avx, avx2, aes, clmul, erms, rtm, 3dnowpref, lzcnt, tsc, tscinvbit, bmi1, bmi2, adx

Memory: 4k page, physical 8249056k(1973976k free), swap 10196704k(24440k free)

vm_info: Java HotSpot(TM) 64-Bit Server VM (25.191-b12) for windows-amd64 JRE (1.8.0_191-b12), built on Oct  6 2018 09:29:03 by "java_re" with MS VC++ 10.0 (VS2010)

time: Wed Jul 03 15:12:34 2019
elapsed time: 1 seconds (0d 0h 0m 1s)

