#
# There is insufficient memory for the Java Runtime Environment to continue.
# Native memory allocation (malloc) failed to allocate 1048576 bytes for AllocateHeap
# Possible reasons:
#   The system is out of physical RAM or swap space
#   The process is running with CompressedOops enabled, and the Java Heap may be blocking the growth of the native heap
# Possible solutions:
#   Reduce memory load on the system
#   Increase physical memory or swap space
#   Check if swap backing store is full
#   Decrease Java heap size (-Xmx/-Xms)
#   Decrease number of Java threads
#   Decrease Java thread stack sizes (-Xss)
#   Set larger code cache with -XX:ReservedCodeCacheSize=
#   JVM is running with Unscaled Compressed Oops mode in which the Java heap is
#     placed in the first 4GB address space. The Java Heap base address is the
#     maximum limit for the native heap growth. Please use -XX:HeapBaseMinAddress
#     to set the Java Heap base and to place the Java Heap above 4GB virtual address.
# This output file may be truncated or incomplete.
#
#  Out of Memory Error (memory/allocation.inline.hpp:61), pid=13268, tid=0x0000000000001d50
#
# JRE version:  (8.0_201-b09) (build )
# Java VM: Java HotSpot(TM) 64-Bit Server VM (25.201-b09 mixed mode windows-amd64 compressed oops)
# Failed to write core dump. Minidumps are not enabled by default on client versions of Windows
#

---------------  T H R E A D  ---------------

Current thread (0x0000000002b94000):  JavaThread "Unknown thread" [_thread_in_vm, id=7504, stack(0x0000000002a90000,0x0000000002b90000)]

Stack: [0x0000000002a90000,0x0000000002b90000]
[error occurred during error reporting (printing stack bounds), id 0xc0000005]

Native frames: (J=compiled Java code, j=interpreted, Vv=VM code, C=native code)


---------------  P R O C E S S  ---------------

Java Threads: ( => current thread )

Other Threads:

=>0x0000000002b94000 (exited) JavaThread "Unknown thread" [_thread_in_vm, id=7504, stack(0x0000000002a90000,0x0000000002b90000)]

VM state:not at safepoint (normal execution)

VM Mutex/Monitor currently owned by a thread: None

heap address: 0x0000000082200000, size: 2014 MB, Compressed Oops mode: 32-bit
Narrow klass base: 0x0000000000000000, Narrow klass shift: 3
Compressed class space size: 1073741824 Address: 0x0000000100000000

Heap:
 PSYoungGen      total 37888K, used 655K [0x00000000d6100000, 0x00000000d8b00000, 0x0000000100000000)
  eden space 32768K, 2% used [0x00000000d6100000,0x00000000d61a3d80,0x00000000d8100000)
  from space 5120K, 0% used [0x00000000d8600000,0x00000000d8600000,0x00000000d8b00000)
  to   space 5120K, 0% used [0x00000000d8100000,0x00000000d8100000,0x00000000d8600000)
 ParOldGen       total 86016K, used 0K [0x0000000082200000, 0x0000000087600000, 0x00000000d6100000)
  object space 86016K, 0% used [0x0000000082200000,0x0000000082200000,0x0000000087600000)
 Metaspace       used 751K, capacity 4480K, committed 4480K, reserved 1056768K
  class space    used 76K, capacity 384K, committed 384K, reserved 1048576K

Card table byte_map: [0x0000000012050000,0x0000000012440000] byte_map_base: 0x0000000011c3f000

Marking Bits: (ParMarkBitMap*) 0x0000000061664ce0
 Begin Bits: [0x0000000012ae0000, 0x0000000014a58000)
 End Bits:   [0x0000000014a58000, 0x00000000169d0000)

Polling page: 0x0000000002900000

CodeCache: size=245760Kb used=328Kb max_used=328Kb free=245431Kb
 bounds [0x0000000002c90000, 0x0000000002f00000, 0x0000000011c90000]
 total_blobs=58 nmethods=0 adapters=38
 compilation: enabled

Compilation events (0 events):
No events

GC Heap History (0 events):
No events

Deoptimization events (0 events):
No events

Classes redefined (0 events):
No events

Internal exceptions (0 events):
No events

Events (10 events):
Event: 0.025 loading class java/lang/Short
Event: 0.025 loading class java/lang/Short done
Event: 0.025 loading class java/lang/Integer
Event: 0.025 loading class java/lang/Integer done
Event: 0.026 loading class java/lang/Long
Event: 0.026 loading class java/lang/Long done
Event: 0.026 loading class java/lang/NullPointerException
Event: 0.026 loading class java/lang/NullPointerException done
Event: 0.026 loading class java/lang/ArithmeticException
Event: 0.026 loading class java/lang/ArithmeticException done


Dynamic libraries:
0x00007ff72a540000 - 0x00007ff72a577000 	C:\Program Files\Java\jre1.8.0_201\bin\javaw.exe
0x00007ff9d4ef0000 - 0x00007ff9d50cb000 	C:\Windows\SYSTEM32\ntdll.dll
0x00007ff9d3c60000 - 0x00007ff9d3d0e000 	C:\Windows\System32\KERNEL32.DLL
0x00007ff9d2100000 - 0x00007ff9d234a000 	C:\Windows\System32\KERNELBASE.dll
0x00007ff9d44c0000 - 0x00007ff9d4561000 	C:\Windows\System32\ADVAPI32.dll
0x00007ff9d4000000 - 0x00007ff9d409d000 	C:\Windows\System32\msvcrt.dll
0x00007ff9d2480000 - 0x00007ff9d24d9000 	C:\Windows\System32\sechost.dll
0x00007ff9d4240000 - 0x00007ff9d4365000 	C:\Windows\System32\RPCRT4.dll
0x00007ff9d3d10000 - 0x00007ff9d3e5a000 	C:\Windows\System32\USER32.dll
0x00007ff9d17b0000 - 0x00007ff9d17ce000 	C:\Windows\System32\win32u.dll
0x00007ff9d2450000 - 0x00007ff9d2477000 	C:\Windows\System32\GDI32.dll
0x00007ff9d1f70000 - 0x00007ff9d20f8000 	C:\Windows\System32\gdi32full.dll
0x00007ff9d1ed0000 - 0x00007ff9d1f6a000 	C:\Windows\System32\msvcp_win.dll
0x00007ff9d16b0000 - 0x00007ff9d17a6000 	C:\Windows\System32\ucrtbase.dll
0x00007ff9c5c40000 - 0x00007ff9c5ea7000 	C:\Windows\WinSxS\amd64_microsoft.windows.common-controls_6595b64144ccf1df_6.0.15063.1155_none_40c7922129a7722b\COMCTL32.dll
0x00007ff9d4aa0000 - 0x00007ff9d4d99000 	C:\Windows\System32\combase.dll
0x00007ff9d1470000 - 0x00007ff9d14da000 	C:\Windows\System32\bcryptPrimitives.dll
0x00007ff9d4370000 - 0x00007ff9d439d000 	C:\Windows\System32\IMM32.DLL
0x00007ff9b8ed0000 - 0x00007ff9b8f81000 	C:\Program Files\McAfee\Endpoint Security\Threat Prevention\Ips\EpMPApi.dll
0x00007ff9d1410000 - 0x00007ff9d1467000 	C:\Windows\System32\WINTRUST.dll
0x00007ff9d1360000 - 0x00007ff9d1371000 	C:\Windows\System32\MSASN1.dll
0x00007ff9d14e0000 - 0x00007ff9d16a9000 	C:\Windows\System32\CRYPT32.dll
0x0000000061c00000 - 0x0000000061c0c000 	C:\Program Files\McAfee\Endpoint Security\Threat Prevention\Ips\EpMPThe.dll
0x0000000060d60000 - 0x0000000060e31000 	C:\Program Files\Java\jre1.8.0_201\bin\msvcr100.dll
0x0000000060e40000 - 0x00000000616e4000 	C:\Program Files\Java\jre1.8.0_201\bin\server\jvm.dll
0x00007ff9d40a0000 - 0x00007ff9d40a8000 	C:\Windows\System32\PSAPI.DLL
0x00007ff9cf640000 - 0x00007ff9cf663000 	C:\Windows\SYSTEM32\WINMM.dll
0x00007ff9bcab0000 - 0x00007ff9bcab9000 	C:\Windows\SYSTEM32\WSOCK32.dll
0x00007ff9c2b80000 - 0x00007ff9c2b8a000 	C:\Windows\SYSTEM32\VERSION.dll
0x00007ff9d45f0000 - 0x00007ff9d465c000 	C:\Windows\System32\WS2_32.dll
0x00007ff9cf610000 - 0x00007ff9cf63b000 	C:\Windows\SYSTEM32\winmmbase.dll
0x00007ff9d2350000 - 0x00007ff9d2399000 	C:\Windows\System32\cfgmgr32.dll
0x00007ff9cf6f0000 - 0x00007ff9cf6ff000 	C:\Program Files\Java\jre1.8.0_201\bin\verify.dll
0x00007ff9ca220000 - 0x00007ff9ca249000 	C:\Program Files\Java\jre1.8.0_201\bin\java.dll
0x00007ff9ccdd0000 - 0x00007ff9ccde6000 	C:\Program Files\Java\jre1.8.0_201\bin\zip.dll

VM Arguments:
jvm_args: -Dfile.encoding=UTF-8 
java_command: principal.Principal
java_class_path (initial): C:\Program Files\Java\jre1.8.0_201\lib\resources.jar;C:\Program Files\Java\jre1.8.0_201\lib\rt.jar;C:\Program Files\Java\jre1.8.0_201\lib\jsse.jar;C:\Program Files\Java\jre1.8.0_201\lib\jce.jar;C:\Program Files\Java\jre1.8.0_201\lib\charsets.jar;C:\Program Files\Java\jre1.8.0_201\lib\jfr.jar;C:\Program Files\Java\jre1.8.0_201\lib\ext\access-bridge-64.jar;C:\Program Files\Java\jre1.8.0_201\lib\ext\cldrdata.jar;C:\Program Files\Java\jre1.8.0_201\lib\ext\dnsns.jar;C:\Program Files\Java\jre1.8.0_201\lib\ext\jaccess.jar;C:\Program Files\Java\jre1.8.0_201\lib\ext\jfxrt.jar;C:\Program Files\Java\jre1.8.0_201\lib\ext\localedata.jar;C:\Program Files\Java\jre1.8.0_201\lib\ext\nashorn.jar;C:\Program Files\Java\jre1.8.0_201\lib\ext\sunec.jar;C:\Program Files\Java\jre1.8.0_201\lib\ext\sunjce_provider.jar;C:\Program Files\Java\jre1.8.0_201\lib\ext\sunmscapi.jar;C:\Program Files\Java\jre1.8.0_201\lib\ext\sunpkcs11.jar;C:\Program Files\Java\jre1.8.0_201\lib\ext\zipfs.jar;C:\Users\fabricio.barrozo\eclipse-workspace\adasa\target\classes;C:\Users\fabricio.barrozo\.m2\repository\com\vividsolutions\jts\1.13\jts-1.13.jar;C:\Users\fabricio.barrozo\.m2\repository\org\hibernate\hibernate-spatial\5.1.0.Final\hibernate-spatial-5.1.0.Final.jar;C:\Users\fabricio.barrozo\.m2\repository\org\hibernate\hibernate-core\5.1.0.Final\hibernate-core-5.1.0.Final.jar;C:\Users\fabricio.barrozo\.m2\repository\org\apache\geronimo\specs\geronimo-jta_1.1_spec\1.1.1\geronimo-jta_1.1_spec-1.1.1.jar;C:\Users\fabricio.barrozo\.m2\repository\org\jboss\jandex\2.0.0.Final\jandex-2.0.0.Final.jar;C:\Users\fabricio.barrozo\.m2\repository\com\fasterxml\classmate\1.3.0\classmate-1.3.0.jar;C:\Users\fabricio.barrozo\.m2\repository\org\postgresql\postgresql\9.4-1200-jdbc41\postgresql-9.4-1200-jdbc41.jar;C:\Users\fabricio.barrozo\.m2\repository\com\github\dblock\waffle\waffle-jna\1.7\waffle-jna-1.7.jar;C:\Users\fabricio.barrozo\.m2\repository\net\java\dev\jna\jna\4.1.0\jna-4.1.0.jar;C:\Users\fabric
Launcher Type: SUN_STANDARD

Environment Variables:
JAVA_HOME=C:\Program Files\Java\jdk1.8.0_191
PATH=C:/Program Files/Java/jre1.8.0_201/bin/server;C:/Program Files/Java/jre1.8.0_201/bin;C:/Program Files/Java/jre1.8.0_201/lib/amd64;C:\Program Files (x86)\Common Files\Oracle\Java\javapath;C:\ProgramData\Oracle\Java\javapath;C:\Program Files (x86)\Intel\iCLS Client\;C:\Program Files\Intel\iCLS Client\;C:\Windows\system32;C:\Windows;C:\Windows\System32\Wbem;C:\Windows\System32\WindowsPowerShell\v1.0\;C:\Program Files (x86)\Intel\Intel(R) Management Engine Components\DAL;C:\Program Files\Intel\Intel(R) Management Engine Components\DAL;C:\Program Files (x86)\Intel\Intel(R) Management Engine Components\IPT;C:\Program Files\Intel\Intel(R) Management Engine Components\IPT;C:\Program Files\Intel\WiFi\bin\;C:\Program Files\Common Files\Intel\WirelessCommon\;c:\Program Files\Microsoft SQL Server\110\Tools\Binn\;c:\Program Files (x86)\Microsoft SQL Server\110\Tools\Binn\ManagementStudio\;c:\Program Files (x86)\Microsoft SQL Server\110\Tools\Binn\;c:\Program Files (x86)\Microsoft SQL Server\110\DTS\Binn\;C:\apache-maven-3.6.0\bin;C:\Users\fabricio.barrozo\AppData\Local\Microsoft\WindowsApps;;C:\Windows\System32;
USERNAME=fabricio.barrozo
OS=Windows_NT
PROCESSOR_IDENTIFIER=Intel64 Family 6 Model 94 Stepping 3, GenuineIntel



---------------  S Y S T E M  ---------------

OS: Windows 10.0 , 64 bit Build 15063 (10.0.15063.1058)

CPU:total 4 (initial active 4) (4 cores per cpu, 1 threads per core) family 6 model 94 stepping 3, cmov, cx8, fxsr, mmx, sse, sse2, sse3, ssse3, sse4.1, sse4.2, popcnt, avx, avx2, aes, clmul, erms, rtm, 3dnowpref, lzcnt, tsc, tscinvbit, bmi1, bmi2, adx

Memory: 4k page, physical 8249056k(1896060k free), swap 10196704k(5708k free)

vm_info: Java HotSpot(TM) 64-Bit Server VM (25.201-b09) for windows-amd64 JRE (1.8.0_201-b09), built on Dec 15 2018 18:36:39 by "java_re" with MS VC++ 10.0 (VS2010)

time: Wed Apr 17 14:13:40 2019
timezone: Hora oficial do Brasil
elapsed time: 0 seconds (0d 0h 0m 0s)

