#
# There is insufficient memory for the Java Runtime Environment to continue.
# Native memory allocation (malloc) failed to allocate 1048576 bytes for AllocateHeap
# Possible reasons:
#   The system is out of physical RAM or swap space
#   In 32 bit mode, the process size limit was hit
# Possible solutions:
#   Reduce memory load on the system
#   Increase physical memory or swap space
#   Check if swap backing store is full
#   Use 64 bit Java on a 64 bit OS
#   Decrease Java heap size (-Xmx/-Xms)
#   Decrease number of Java threads
#   Decrease Java thread stack sizes (-Xss)
#   Set larger code cache with -XX:ReservedCodeCacheSize=
# This output file may be truncated or incomplete.
#
#  Out of Memory Error (memory/allocation.inline.hpp:61), pid=15300, tid=0x000000000000386c
#
# JRE version:  (8.0_191-b12) (build )
# Java VM: Java HotSpot(TM) 64-Bit Server VM (25.191-b12 mixed mode windows-amd64 compressed oops)
# Failed to write core dump. Minidumps are not enabled by default on client versions of Windows
#

---------------  T H R E A D  ---------------

Current thread (0x0000000002863800):  JavaThread "Unknown thread" [_thread_in_vm, id=14444, stack(0x0000000002760000,0x0000000002860000)]

Stack: [0x0000000002760000,0x0000000002860000]
[error occurred during error reporting (printing stack bounds), id 0xc0000005]

Native frames: (J=compiled Java code, j=interpreted, Vv=VM code, C=native code)


---------------  P R O C E S S  ---------------

Java Threads: ( => current thread )

Other Threads:

=>0x0000000002863800 (exited) JavaThread "Unknown thread" [_thread_in_vm, id=14444, stack(0x0000000002760000,0x0000000002860000)]

VM state:not at safepoint (normal execution)

VM Mutex/Monitor currently owned by a thread: None

Heap:
 PSYoungGen      total 37888K, used 655K [0x00000000d6100000, 0x00000000d8b00000, 0x0000000100000000)
  eden space 32768K, 2% used [0x00000000d6100000,0x00000000d61a3d80,0x00000000d8100000)
  from space 5120K, 0% used [0x00000000d8600000,0x00000000d8600000,0x00000000d8b00000)
  to   space 5120K, 0% used [0x00000000d8100000,0x00000000d8100000,0x00000000d8600000)
 ParOldGen       total 86016K, used 0K [0x0000000082200000, 0x0000000087600000, 0x00000000d6100000)
  object space 86016K, 0% used [0x0000000082200000,0x0000000082200000,0x0000000087600000)
 Metaspace       used 751K, capacity 4480K, committed 4480K, reserved 1056768K
  class space    used 76K, capacity 384K, committed 384K, reserved 1048576K

Card table byte_map: [0x0000000011d20000,0x0000000012110000] byte_map_base: 0x000000001190f000

Marking Bits: (ParMarkBitMap*) 0x0000000064853e30
 Begin Bits: [0x00000000127b0000, 0x0000000014728000)
 End Bits:   [0x0000000014728000, 0x00000000166a0000)

Polling page: 0x00000000026d0000

CodeCache: size=245760Kb used=328Kb max_used=328Kb free=245431Kb
 bounds [0x0000000002960000, 0x0000000002bd0000, 0x0000000011960000]
 total_blobs=58 nmethods=0 adapters=38
 compilation: enabled

Compilation events (0 events):
No events

GC Heap History (0 events):
No events

Deoptimization events (0 events):
No events

Classes redefined (0 events):
No events

Internal exceptions (0 events):
No events

Events (10 events):
Event: 0.041 loading class java/lang/Short
Event: 0.041 loading class java/lang/Short done
Event: 0.041 loading class java/lang/Integer
Event: 0.041 loading class java/lang/Integer done
Event: 0.041 loading class java/lang/Long
Event: 0.041 loading class java/lang/Long done
Event: 0.042 loading class java/lang/NullPointerException
Event: 0.042 loading class java/lang/NullPointerException done
Event: 0.042 loading class java/lang/ArithmeticException
Event: 0.042 loading class java/lang/ArithmeticException done


Dynamic libraries:
0x00007ff6794b0000 - 0x00007ff6794e7000 	C:\Program Files\Java\jre1.8.0_191\bin\javaw.exe
0x00007ffb76b60000 - 0x00007ffb76d3b000 	C:\Windows\SYSTEM32\ntdll.dll
0x00007ffb76ab0000 - 0x00007ffb76b5e000 	C:\Windows\System32\KERNEL32.DLL
0x00007ffb73ae0000 - 0x00007ffb73d2a000 	C:\Windows\System32\KERNELBASE.dll
0x00007ffb740c0000 - 0x00007ffb74161000 	C:\Windows\System32\ADVAPI32.dll
0x00007ffb74530000 - 0x00007ffb745cd000 	C:\Windows\System32\msvcrt.dll
0x00007ffb75a30000 - 0x00007ffb75a89000 	C:\Windows\System32\sechost.dll
0x00007ffb743f0000 - 0x00007ffb74515000 	C:\Windows\System32\RPCRT4.dll
0x00007ffb74210000 - 0x00007ffb7435a000 	C:\Windows\System32\USER32.dll
0x00007ffb73e90000 - 0x00007ffb73eae000 	C:\Windows\System32\win32u.dll
0x00007ffb74360000 - 0x00007ffb74387000 	C:\Windows\System32\GDI32.dll
0x00007ffb73080000 - 0x00007ffb73208000 	C:\Windows\System32\gdi32full.dll
0x00007ffb73eb0000 - 0x00007ffb73f4a000 	C:\Windows\System32\msvcp_win.dll
0x00007ffb73fc0000 - 0x00007ffb740b6000 	C:\Windows\System32\ucrtbase.dll
0x00007ffb66a80000 - 0x00007ffb66ce7000 	C:\Windows\WinSxS\amd64_microsoft.windows.common-controls_6595b64144ccf1df_6.0.15063.1155_none_40c7922129a7722b\COMCTL32.dll
0x00007ffb76290000 - 0x00007ffb76589000 	C:\Windows\System32\combase.dll
0x00007ffb73f50000 - 0x00007ffb73fba000 	C:\Windows\System32\bcryptPrimitives.dll
0x00007ffb74170000 - 0x00007ffb7419d000 	C:\Windows\System32\IMM32.DLL
0x00007ffb51ce0000 - 0x00007ffb51d91000 	C:\Program Files\McAfee\Endpoint Security\Threat Prevention\Ips\EpMPApi.dll
0x00007ffb73d30000 - 0x00007ffb73d87000 	C:\Windows\System32\WINTRUST.dll
0x00007ffb73060000 - 0x00007ffb73071000 	C:\Windows\System32\MSASN1.dll
0x00007ffb73210000 - 0x00007ffb733d9000 	C:\Windows\System32\CRYPT32.dll
0x0000000064d80000 - 0x0000000064d8c000 	C:\Program Files\McAfee\Endpoint Security\Threat Prevention\Ips\EpMPThe.dll
0x0000000063e70000 - 0x0000000063f42000 	C:\Program Files\Java\jre1.8.0_191\bin\msvcr100.dll
0x0000000064030000 - 0x00000000648d4000 	C:\Program Files\Java\jre1.8.0_191\bin\server\jvm.dll
0x00007ffb74520000 - 0x00007ffb74528000 	C:\Windows\System32\PSAPI.DLL
0x00007ffb5e060000 - 0x00007ffb5e069000 	C:\Windows\SYSTEM32\WSOCK32.dll
0x00007ffb75ed0000 - 0x00007ffb75f3c000 	C:\Windows\System32\WS2_32.dll
0x00007ffb64390000 - 0x00007ffb6439a000 	C:\Windows\SYSTEM32\VERSION.dll
0x00007ffb712b0000 - 0x00007ffb712d3000 	C:\Windows\SYSTEM32\WINMM.dll
0x00007ffb71280000 - 0x00007ffb712ab000 	C:\Windows\SYSTEM32\WINMMBASE.dll
0x00007ffb73e40000 - 0x00007ffb73e89000 	C:\Windows\System32\cfgmgr32.dll
0x0000000064020000 - 0x000000006402f000 	C:\Program Files\Java\jre1.8.0_191\bin\verify.dll
0x0000000063ff0000 - 0x0000000064019000 	C:\Program Files\Java\jre1.8.0_191\bin\java.dll
0x0000000063fd0000 - 0x0000000063fe6000 	C:\Program Files\Java\jre1.8.0_191\bin\zip.dll

VM Arguments:
jvm_args: -Dfile.encoding=UTF-8 
java_command: adasa.TesteCriacaoAtosOutorga
java_class_path (initial): C:\Program Files\Java\jre1.8.0_191\lib\resources.jar;C:\Program Files\Java\jre1.8.0_191\lib\rt.jar;C:\Program Files\Java\jre1.8.0_191\lib\jsse.jar;C:\Program Files\Java\jre1.8.0_191\lib\jce.jar;C:\Program Files\Java\jre1.8.0_191\lib\charsets.jar;C:\Program Files\Java\jre1.8.0_191\lib\jfr.jar;C:\Program Files\Java\jre1.8.0_191\lib\ext\access-bridge-64.jar;C:\Program Files\Java\jre1.8.0_191\lib\ext\cldrdata.jar;C:\Program Files\Java\jre1.8.0_191\lib\ext\dnsns.jar;C:\Program Files\Java\jre1.8.0_191\lib\ext\jaccess.jar;C:\Program Files\Java\jre1.8.0_191\lib\ext\jfxrt.jar;C:\Program Files\Java\jre1.8.0_191\lib\ext\localedata.jar;C:\Program Files\Java\jre1.8.0_191\lib\ext\nashorn.jar;C:\Program Files\Java\jre1.8.0_191\lib\ext\sunec.jar;C:\Program Files\Java\jre1.8.0_191\lib\ext\sunjce_provider.jar;C:\Program Files\Java\jre1.8.0_191\lib\ext\sunmscapi.jar;C:\Program Files\Java\jre1.8.0_191\lib\ext\sunpkcs11.jar;C:\Program Files\Java\jre1.8.0_191\lib\ext\zipfs.jar;C:\Users\fabricio.barrozo\eclipse-workspace\adasa4\target\test-classes;C:\Users\fabricio.barrozo\eclipse-workspace\adasa4\target\classes;C:\Users\fabricio.barrozo\.m2\repository\junit\junit\4.12\junit-4.12.jar;C:\Users\fabricio.barrozo\.m2\repository\org\hamcrest\hamcrest-core\1.3\hamcrest-core-1.3.jar;C:\Users\fabricio.barrozo\.m2\repository\commons-codec\commons-codec\1.11\commons-codec-1.11.jar;C:\Users\fabricio.barrozo\.m2\repository\com\microsoft\sqlserver\mssql-jdbc\7.0.0.jre8\mssql-jdbc-7.0.0.jre8.jar;C:\Users\fabricio.barrozo\.m2\repository\org\hibernate\hibernate-spatial\5.1.0.Final\hibernate-spatial-5.1.0.Final.jar;C:\Users\fabricio.barrozo\.m2\repository\org\jboss\logging\jboss-logging\3.3.0.Final\jboss-logging-3.3.0.Final.jar;C:\Users\fabricio.barrozo\.m2\repository\org\hibernate\hibernate-core\5.1.0.Final\hibernate-core-5.1.0.Final.jar;C:\Users\fabricio.barrozo\.m2\repository\org\hibernate\javax\persistence\hibernate-jpa-2.1-api\1.0.0.Final\hibernate-jpa-2.1-api-1.0.0.Final
Launcher Type: SUN_STANDARD

Environment Variables:
JAVA_HOME=C:\Program Files\Java\jdk1.8.0_191
PATH=C:/Program Files/Java/jre1.8.0_191/bin/server;C:/Program Files/Java/jre1.8.0_191/bin;C:/Program Files/Java/jre1.8.0_191/lib/amd64;C:\Program Files (x86)\Common Files\Oracle\Java\javapath;C:\ProgramData\Oracle\Java\javapath;C:\Program Files (x86)\Intel\iCLS Client\;C:\Program Files\Intel\iCLS Client\;C:\Windows\system32;C:\Windows;C:\Windows\System32\Wbem;C:\Windows\System32\WindowsPowerShell\v1.0\;C:\Program Files (x86)\Intel\Intel(R) Management Engine Components\DAL;C:\Program Files\Intel\Intel(R) Management Engine Components\DAL;C:\Program Files (x86)\Intel\Intel(R) Management Engine Components\IPT;C:\Program Files\Intel\Intel(R) Management Engine Components\IPT;C:\Program Files\Intel\WiFi\bin\;C:\Program Files\Common Files\Intel\WirelessCommon\;c:\Program Files\Microsoft SQL Server\110\Tools\Binn\;c:\Program Files (x86)\Microsoft SQL Server\110\Tools\Binn\ManagementStudio\;c:\Program Files (x86)\Microsoft SQL Server\110\Tools\Binn\;c:\Program Files (x86)\Microsoft SQL Server\110\DTS\Binn\;C:\apache-maven-3.6.0\bin;C:\Program Files\Microsoft SQL Server Migration Assistant for Access\bin\;C:\Users\fabricio.barrozo\AppData\Local\Microsoft\WindowsApps;;C:\Windows\system32;
USERNAME=fabricio.barrozo
OS=Windows_NT
PROCESSOR_IDENTIFIER=Intel64 Family 6 Model 94 Stepping 3, GenuineIntel



---------------  S Y S T E M  ---------------

OS: Windows 10.0 , 64 bit Build 15063 (10.0.15063.1058)

CPU:total 4 (initial active 4) (4 cores per cpu, 1 threads per core) family 6 model 94 stepping 3, cmov, cx8, fxsr, mmx, sse, sse2, sse3, ssse3, sse4.1, sse4.2, popcnt, avx, avx2, aes, clmul, erms, rtm, 3dnowpref, lzcnt, tsc, tscinvbit, bmi1, bmi2, adx

Memory: 4k page, physical 8249056k(2842472k free), swap 10196704k(5368k free)

vm_info: Java HotSpot(TM) 64-Bit Server VM (25.191-b12) for windows-amd64 JRE (1.8.0_191-b12), built on Oct  6 2018 09:29:03 by "java_re" with MS VC++ 10.0 (VS2010)

time: Fri Aug 16 15:23:47 2019
elapsed time: 0 seconds (0d 0h 0m 0s)

