#
# There is insufficient memory for the Java Runtime Environment to continue.
# Native memory allocation (malloc) failed to allocate 1090176 bytes for Chunk::new
# Possible reasons:
#   The system is out of physical RAM or swap space
#   The process is running with CompressedOops enabled, and the Java Heap may be blocking the growth of the native heap
# Possible solutions:
#   Reduce memory load on the system
#   Increase physical memory or swap space
#   Check if swap backing store is full
#   Decrease Java heap size (-Xmx/-Xms)
#   Decrease number of Java threads
#   Decrease Java thread stack sizes (-Xss)
#   Set larger code cache with -XX:ReservedCodeCacheSize=
#   JVM is running with Unscaled Compressed Oops mode in which the Java heap is
#     placed in the first 4GB address space. The Java Heap base address is the
#     maximum limit for the native heap growth. Please use -XX:HeapBaseMinAddress
#     to set the Java Heap base and to place the Java Heap above 4GB virtual address.
# This output file may be truncated or incomplete.
#
#  Out of Memory Error (allocation.cpp:389), pid=15176, tid=0x0000000000003c20
#
# JRE version: Java(TM) SE Runtime Environment (8.0_241-b07) (build 1.8.0_241-b07)
# Java VM: Java HotSpot(TM) 64-Bit Server VM (25.241-b07 mixed mode windows-amd64 compressed oops)
# Failed to write core dump. Minidumps are not enabled by default on client versions of Windows
#

---------------  T H R E A D  ---------------

Current thread (0x00000000181e9000):  JavaThread "C2 CompilerThread0" daemon [_thread_in_native, id=15392, stack(0x0000000019870000,0x0000000019970000)]

Stack: [0x0000000019870000,0x0000000019970000]
[error occurred during error reporting (printing stack bounds), id 0xc0000005]

Native frames: (J=compiled Java code, j=interpreted, Vv=VM code, C=native code)


Current CompileTask:
C2:  30841 6574   !   4       com.sun.javafx.css.StyleManager::findMatchingStyles (1260 bytes)


---------------  P R O C E S S  ---------------

Java Threads: ( => current thread )
  0x0000000028139800 JavaThread "URL-Loader-24" daemon [_thread_blocked, id=13808, stack(0x0000000079890000,0x0000000079990000)]
  0x0000000028135000 JavaThread "URL-Loader-23" daemon [_thread_blocked, id=15572, stack(0x0000000079790000,0x0000000079890000)]
  0x0000000028137000 JavaThread "URL-Loader-22" daemon [_thread_blocked, id=4456, stack(0x0000000079690000,0x0000000079790000)]
  0x0000000028138800 JavaThread "URL-Loader-21" daemon [_thread_blocked, id=16000, stack(0x0000000079590000,0x0000000079690000)]
  0x0000000026dbd000 JavaThread "Disposer" daemon [_thread_blocked, id=9660, stack(0x000000006bb90000,0x000000006bc90000)]
  0x00000000235d6000 JavaThread "pool-3-thread-1" [_thread_blocked, id=13500, stack(0x0000000026880000,0x0000000026980000)]
  0x0000000022b76000 JavaThread "Prism Font Disposer" daemon [_thread_blocked, id=9872, stack(0x0000000025070000,0x0000000025170000)]
  0x000000001a291800 JavaThread "JavaFX-Launcher" [_thread_blocked, id=14564, stack(0x00000000218a0000,0x00000000219a0000)]
  0x000000001a28e800 JavaThread "Thread-2" daemon [_thread_in_native, id=12976, stack(0x00000000217a0000,0x00000000218a0000)]
  0x000000001a22b800 JavaThread "JavaFX Application Thread" [_thread_in_Java, id=15060, stack(0x000000001ae40000,0x000000001af40000)]
  0x000000001a228000 JavaThread "Thread-1" daemon [_thread_blocked, id=1072, stack(0x000000001ad40000,0x000000001ae40000)]
  0x0000000019f5a000 JavaThread "QuantumRenderer-0" daemon [_thread_blocked, id=9388, stack(0x000000001aa20000,0x000000001ab20000)]
  0x0000000019b98800 JavaThread "Service Thread" daemon [_thread_blocked, id=144, stack(0x0000000019f70000,0x000000001a070000)]
  0x00000000181f2000 JavaThread "C1 CompilerThread2" daemon [_thread_blocked, id=11396, stack(0x0000000019a70000,0x0000000019b70000)]
  0x00000000181ed000 JavaThread "C2 CompilerThread1" daemon [_thread_in_native, id=5416, stack(0x0000000019970000,0x0000000019a70000)]
=>0x00000000181e9000 JavaThread "C2 CompilerThread0" daemon [_thread_in_native, id=15392, stack(0x0000000019870000,0x0000000019970000)]
  0x00000000181e5000 JavaThread "Attach Listener" daemon [_thread_blocked, id=15396, stack(0x0000000019770000,0x0000000019870000)]
  0x00000000181e4000 JavaThread "Signal Dispatcher" daemon [_thread_blocked, id=15640, stack(0x0000000019670000,0x0000000019770000)]
  0x00000000181d0000 JavaThread "Finalizer" daemon [_thread_blocked, id=13236, stack(0x0000000019470000,0x0000000019570000)]
  0x0000000003705000 JavaThread "Reference Handler" daemon [_thread_blocked, id=12296, stack(0x0000000019370000,0x0000000019470000)]
  0x0000000003616000 JavaThread "main" [_thread_blocked, id=15772, stack(0x0000000003510000,0x0000000003610000)]

Other Threads:
  0x00000000181a8000 VMThread [stack: 0x0000000019270000,0x0000000019370000] [id=10948]
  0x0000000019bee000 WatcherThread [stack: 0x000000001a070000,0x000000001a170000] [id=3924]

VM state:not at safepoint (normal execution)

VM Mutex/Monitor currently owned by a thread: None

heap address: 0x0000000082200000, size: 2014 MB, Compressed Oops mode: 32-bit
Narrow klass base: 0x0000000000000000, Narrow klass shift: 3
Compressed class space size: 1073741824 Address: 0x0000000100000000

Heap:
 PSYoungGen      total 102400K, used 24229K [0x00000000d6100000, 0x00000000dff80000, 0x0000000100000000)
  eden space 84480K, 7% used [0x00000000d6100000,0x00000000d672f320,0x00000000db380000)
  from space 17920K, 99% used [0x00000000dee00000,0x00000000dff7a490,0x00000000dff80000)
  to   space 15360K, 0% used [0x00000000db380000,0x00000000db380000,0x00000000dc280000)
 ParOldGen       total 95232K, used 27989K [0x0000000082200000, 0x0000000087f00000, 0x00000000d6100000)
  object space 95232K, 29% used [0x0000000082200000,0x0000000083d55468,0x0000000087f00000)
 Metaspace       used 45874K, capacity 47702K, committed 47872K, reserved 1091584K
  class space    used 6216K, capacity 6558K, committed 6656K, reserved 1048576K

Card table byte_map: [0x0000000012ad0000,0x0000000012ec0000] byte_map_base: 0x00000000126bf000

Marking Bits: (ParMarkBitMap*) 0x000000007331be30
 Begin Bits: [0x0000000013560000, 0x00000000154d8000)
 End Bits:   [0x00000000154d8000, 0x0000000017450000)

Polling page: 0x00000000018f0000

CodeCache: size=245760Kb used=18678Kb max_used=18678Kb free=227081Kb
 bounds [0x0000000003710000, 0x0000000004960000, 0x0000000012710000]
 total_blobs=7100 nmethods=6173 adapters=836
 compilation: enabled

Compilation events (10 events):
Event: 30.812 Thread 0x00000000181f2000 6776       3       com.sun.javafx.css.PseudoClassState::remove (6 bytes)
Event: 30.813 Thread 0x00000000181f2000 nmethod 6776 0x0000000004937610 code [0x0000000004937780, 0x0000000004937908]
Event: 30.817 Thread 0x00000000181f2000 6779       3       com.sun.javafx.css.PseudoClassState::cast (6 bytes)
Event: 30.817 Thread 0x00000000181f2000 nmethod 6779 0x0000000004937990 code [0x0000000004937b20, 0x0000000004937f28]
Event: 30.817 Thread 0x00000000181f2000 6780       3       com.sun.javafx.css.PseudoClassState::cast (21 bytes)
Event: 30.817 Thread 0x00000000181f2000 nmethod 6780 0x0000000004938090 code [0x0000000004938200, 0x0000000004938548]
Event: 30.819 Thread 0x00000000181f2000 6781       3       javafx.scene.Node::getProperties (26 bytes)
Event: 30.819 Thread 0x00000000181f2000 nmethod 6781 0x0000000004938650 code [0x00000000049387e0, 0x0000000004938cb0]
Event: 30.819 Thread 0x00000000181f2000 6782       3       javafx.scene.control.Labeled$6::set (33 bytes)
Event: 30.819 Thread 0x00000000181f2000 nmethod 6782 0x0000000004938ed0 code [0x0000000004939080, 0x0000000004939708]

GC Heap History (10 events):
Event: 8.950 GC heap before
{Heap before GC invocations=10 (full 2):
 PSYoungGen      total 61440K, used 54549K [0x00000000d6100000, 0x00000000dbe00000, 0x0000000100000000)
  eden space 50688K, 99% used [0x00000000d6100000,0x00000000d92623e8,0x00000000d9280000)
  from space 10752K, 37% used [0x00000000d9280000,0x00000000d9663298,0x00000000d9d00000)
  to   space 10752K, 0% used [0x00000000db380000,0x00000000db380000,0x00000000dbe00000)
 ParOldGen       total 95232K, used 17469K [0x0000000082200000, 0x0000000087f00000, 0x00000000d6100000)
  object space 95232K, 18% used [0x0000000082200000,0x000000008330f4b0,0x0000000087f00000)
 Metaspace       used 41674K, capacity 43078K, committed 43264K, reserved 1087488K
  class space    used 5728K, capacity 6028K, committed 6144K, reserved 1048576K
Event: 8.958 GC heap after
Heap after GC invocations=10 (full 2):
 PSYoungGen      total 81408K, used 9895K [0x00000000d6100000, 0x00000000dbd80000, 0x0000000100000000)
  eden space 71168K, 0% used [0x00000000d6100000,0x00000000d6100000,0x00000000da680000)
  from space 10240K, 96% used [0x00000000db380000,0x00000000dbd29c90,0x00000000dbd80000)
  to   space 11776K, 0% used [0x00000000da680000,0x00000000da680000,0x00000000db200000)
 ParOldGen       total 95232K, used 17477K [0x0000000082200000, 0x0000000087f00000, 0x00000000d6100000)
  object space 95232K, 18% used [0x0000000082200000,0x00000000833114b0,0x0000000087f00000)
 Metaspace       used 41674K, capacity 43078K, committed 43264K, reserved 1087488K
  class space    used 5728K, capacity 6028K, committed 6144K, reserved 1048576K
}
Event: 28.040 GC heap before
{Heap before GC invocations=11 (full 2):
 PSYoungGen      total 81408K, used 81063K [0x00000000d6100000, 0x00000000dbd80000, 0x0000000100000000)
  eden space 71168K, 100% used [0x00000000d6100000,0x00000000da680000,0x00000000da680000)
  from space 10240K, 96% used [0x00000000db380000,0x00000000dbd29c90,0x00000000dbd80000)
  to   space 11776K, 0% used [0x00000000da680000,0x00000000da680000,0x00000000db200000)
 ParOldGen       total 95232K, used 17477K [0x0000000082200000, 0x0000000087f00000, 0x00000000d6100000)
  object space 95232K, 18% used [0x0000000082200000,0x00000000833114b0,0x0000000087f00000)
 Metaspace       used 43243K, capacity 44692K, committed 44800K, reserved 1087488K
  class space    used 5863K, capacity 6133K, committed 6144K, reserved 1048576K
Event: 28.049 GC heap after
Heap after GC invocations=11 (full 2):
 PSYoungGen      total 82944K, used 11761K [0x00000000d6100000, 0x00000000dd000000, 0x0000000100000000)
  eden space 71168K, 0% used [0x00000000d6100000,0x00000000d6100000,0x00000000da680000)
  from space 11776K, 99% used [0x00000000da680000,0x00000000db1fc4a0,0x00000000db200000)
  to   space 13824K, 0% used [0x00000000dc280000,0x00000000dc280000,0x00000000dd000000)
 ParOldGen       total 95232K, used 18978K [0x0000000082200000, 0x0000000087f00000, 0x00000000d6100000)
  object space 95232K, 19% used [0x0000000082200000,0x0000000083488998,0x0000000087f00000)
 Metaspace       used 43243K, capacity 44692K, committed 44800K, reserved 1087488K
  class space    used 5863K, capacity 6133K, committed 6144K, reserved 1048576K
}
Event: 28.108 GC heap before
{Heap before GC invocations=12 (full 2):
 PSYoungGen      total 82944K, used 82929K [0x00000000d6100000, 0x00000000dd000000, 0x0000000100000000)
  eden space 71168K, 100% used [0x00000000d6100000,0x00000000da680000,0x00000000da680000)
  from space 11776K, 99% used [0x00000000da680000,0x00000000db1fc4a0,0x00000000db200000)
  to   space 13824K, 0% used [0x00000000dc280000,0x00000000dc280000,0x00000000dd000000)
 ParOldGen       total 95232K, used 18978K [0x0000000082200000, 0x0000000087f00000, 0x00000000d6100000)
  object space 95232K, 19% used [0x0000000082200000,0x0000000083488998,0x0000000087f00000)
 Metaspace       used 43243K, capacity 44692K, committed 44800K, reserved 1087488K
  class space    used 5863K, capacity 6133K, committed 6144K, reserved 1048576K
Event: 28.117 GC heap after
Heap after GC invocations=12 (full 2):
 PSYoungGen      total 98304K, used 13804K [0x00000000d6100000, 0x00000000de400000, 0x0000000100000000)
  eden space 84480K, 0% used [0x00000000d6100000,0x00000000d6100000,0x00000000db380000)
  from space 13824K, 99% used [0x00000000dc280000,0x00000000dcffb260,0x00000000dd000000)
  to   space 15360K, 0% used [0x00000000db380000,0x00000000db380000,0x00000000dc280000)
 ParOldGen       total 95232K, used 19090K [0x0000000082200000, 0x0000000087f00000, 0x00000000d6100000)
  object space 95232K, 20% used [0x0000000082200000,0x00000000834a4998,0x0000000087f00000)
 Metaspace       used 43243K, capacity 44692K, committed 44800K, reserved 1087488K
  class space    used 5863K, capacity 6133K, committed 6144K, reserved 1048576K
}
Event: 28.183 GC heap before
{Heap before GC invocations=13 (full 2):
 PSYoungGen      total 98304K, used 98284K [0x00000000d6100000, 0x00000000de400000, 0x0000000100000000)
  eden space 84480K, 100% used [0x00000000d6100000,0x00000000db380000,0x00000000db380000)
  from space 13824K, 99% used [0x00000000dc280000,0x00000000dcffb260,0x00000000dd000000)
  to   space 15360K, 0% used [0x00000000db380000,0x00000000db380000,0x00000000dc280000)
 ParOldGen       total 95232K, used 19090K [0x0000000082200000, 0x0000000087f00000, 0x00000000d6100000)
  object space 95232K, 20% used [0x0000000082200000,0x00000000834a4998,0x0000000087f00000)
 Metaspace       used 43251K, capacity 44692K, committed 44800K, reserved 1087488K
  class space    used 5863K, capacity 6133K, committed 6144K, reserved 1048576K
Event: 28.194 GC heap after
Heap after GC invocations=13 (full 2):
 PSYoungGen      total 99840K, used 15338K [0x00000000d6100000, 0x00000000dff80000, 0x0000000100000000)
  eden space 84480K, 0% used [0x00000000d6100000,0x00000000d6100000,0x00000000db380000)
  from space 15360K, 99% used [0x00000000db380000,0x00000000dc27a898,0x00000000dc280000)
  to   space 17920K, 0% used [0x00000000dee00000,0x00000000dee00000,0x00000000dff80000)
 ParOldGen       total 95232K, used 20274K [0x0000000082200000, 0x0000000087f00000, 0x00000000d6100000)
  object space 95232K, 21% used [0x0000000082200000,0x00000000835cc998,0x0000000087f00000)
 Metaspace       used 43251K, capacity 44692K, committed 44800K, reserved 1087488K
  class space    used 5863K, capacity 6133K, committed 6144K, reserved 1048576K
}
Event: 30.794 GC heap before
{Heap before GC invocations=14 (full 2):
 PSYoungGen      total 99840K, used 99818K [0x00000000d6100000, 0x00000000dff80000, 0x0000000100000000)
  eden space 84480K, 100% used [0x00000000d6100000,0x00000000db380000,0x00000000db380000)
  from space 15360K, 99% used [0x00000000db380000,0x00000000dc27a898,0x00000000dc280000)
  to   space 17920K, 0% used [0x00000000dee00000,0x00000000dee00000,0x00000000dff80000)
 ParOldGen       total 95232K, used 20274K [0x0000000082200000, 0x0000000087f00000, 0x00000000d6100000)
  object space 95232K, 21% used [0x0000000082200000,0x00000000835cc998,0x0000000087f00000)
 Metaspace       used 45840K, capacity 47638K, committed 47872K, reserved 1091584K
  class space    used 6213K, capacity 6558K, committed 6656K, reserved 1048576K
Event: 30.810 GC heap after
Heap after GC invocations=14 (full 2):
 PSYoungGen      total 102400K, used 17897K [0x00000000d6100000, 0x00000000dff80000, 0x0000000100000000)
  eden space 84480K, 0% used [0x00000000d6100000,0x00000000d6100000,0x00000000db380000)
  from space 17920K, 99% used [0x00000000dee00000,0x00000000dff7a490,0x00000000dff80000)
  to   space 15360K, 0% used [0x00000000db380000,0x00000000db380000,0x00000000dc280000)
 ParOldGen       total 95232K, used 27989K [0x0000000082200000, 0x0000000087f00000, 0x00000000d6100000)
  object space 95232K, 29% used [0x0000000082200000,0x0000000083d55468,0x0000000087f00000)
 Metaspace       used 45840K, capacity 47638K, committed 47872K, reserved 1091584K
  class space    used 6213K, capacity 6558K, committed 6656K, reserved 1048576K
}

Deoptimization events (10 events):
Event: 27.980 Thread 0x000000001a22b800 Uncommon trap: reason=class_check action=maybe_recompile pc=0x0000000004463190 method=java.util.regex.Pattern$SliceI.match(Ljava/util/regex/Matcher;ILjava/lang/CharSequence;)Z @ 92
Event: 28.240 Thread 0x000000001a22b800 Uncommon trap: reason=unstable_if action=reinterpret pc=0x0000000003ec51d8 method=com.sun.crypto.provider.GaloisCounterMode.increment32([B)V @ 39
Event: 28.241 Thread 0x000000001a22b800 Uncommon trap: reason=unstable_if action=reinterpret pc=0x000000000391a20c method=com.sun.crypto.provider.GaloisCounterMode.increment32([B)V @ 39
Event: 29.704 Thread 0x000000001a22b800 Uncommon trap: reason=unstable_if action=reinterpret pc=0x00000000046963bc method=sun.misc.FloatingDecimal.readJavaFormatString(Ljava/lang/String;)Lsun/misc/FloatingDecimal$ASCIIToBinaryConverter; @ 121
Event: 30.172 Thread 0x000000001a22b800 Uncommon trap: reason=null_check action=make_not_entrant pc=0x0000000004275460 method=java.lang.Integer.equals(Ljava/lang/Object;)Z @ 1
Event: 30.589 Thread 0x000000001a22b800 Uncommon trap: reason=bimorphic action=maybe_recompile pc=0x0000000003ef96fc method=java.io.FilterInputStream.read([B)I @ 5
Event: 30.591 Thread 0x000000001a22b800 Uncommon trap: reason=class_check action=maybe_recompile pc=0x00000000043b79c4 method=com.sun.javafx.css.parser.CSSLexer.readChar()I @ 4
Event: 30.591 Thread 0x000000001a22b800 Uncommon trap: reason=class_check action=maybe_recompile pc=0x00000000043b79c4 method=com.sun.javafx.css.parser.CSSLexer.readChar()I @ 4
Event: 30.591 Thread 0x000000001a22b800 Uncommon trap: reason=class_check action=maybe_recompile pc=0x00000000043b79c4 method=com.sun.javafx.css.parser.CSSLexer.readChar()I @ 4
Event: 30.591 Thread 0x000000001a22b800 Uncommon trap: reason=class_check action=maybe_recompile pc=0x00000000043b79c4 method=com.sun.javafx.css.parser.CSSLexer.readChar()I @ 4

Classes redefined (0 events):
No events

Internal exceptions (10 events):
Event: 9.072 Thread 0x000000001a22b800 Exception <a 'java/lang/ClassNotFoundException': sun/net/www/protocol/about/Handler> (0x00000000d76bc2c0) thrown at [C:\ade\jenkins\workspace\8-2-build-windows-amd64-cygwin\jdk8u241\331\hotspot\src\share\vm\classfile\systemDictionary.cpp, line 210]
Event: 29.736 Thread 0x000000001a22b800 Exception <a 'sun/nio/fs/WindowsException'> (0x00000000d907f1c8) thrown at [C:\ade\jenkins\workspace\8-2-build-windows-amd64-cygwin\jdk8u241\331\hotspot\src\share\vm\prims\jni.cpp, line 710]
Event: 29.737 Thread 0x000000001a22b800 Exception <a 'sun/nio/fs/WindowsException'> (0x00000000d9080c48) thrown at [C:\ade\jenkins\workspace\8-2-build-windows-amd64-cygwin\jdk8u241\331\hotspot\src\share\vm\prims\jni.cpp, line 710]
Event: 29.841 Thread 0x000000001a22b800 Exception <a 'sun/nio/fs/WindowsException'> (0x00000000d91b56c8) thrown at [C:\ade\jenkins\workspace\8-2-build-windows-amd64-cygwin\jdk8u241\331\hotspot\src\share\vm\prims\jni.cpp, line 710]
Event: 29.842 Thread 0x000000001a22b800 Exception <a 'sun/nio/fs/WindowsException'> (0x00000000d91b7148) thrown at [C:\ade\jenkins\workspace\8-2-build-windows-amd64-cygwin\jdk8u241\331\hotspot\src\share\vm\prims\jni.cpp, line 710]
Event: 29.845 Thread 0x000000001a22b800 Exception <a 'sun/nio/fs/WindowsException'> (0x00000000d91c2338) thrown at [C:\ade\jenkins\workspace\8-2-build-windows-amd64-cygwin\jdk8u241\331\hotspot\src\share\vm\prims\jni.cpp, line 710]
Event: 29.846 Thread 0x000000001a22b800 Exception <a 'sun/nio/fs/WindowsException'> (0x00000000d91c3db8) thrown at [C:\ade\jenkins\workspace\8-2-build-windows-amd64-cygwin\jdk8u241\331\hotspot\src\share\vm\prims\jni.cpp, line 710]
Event: 29.853 Thread 0x000000001a22b800 Exception <a 'sun/nio/fs/WindowsException'> (0x00000000d9217640) thrown at [C:\ade\jenkins\workspace\8-2-build-windows-amd64-cygwin\jdk8u241\331\hotspot\src\share\vm\prims\jni.cpp, line 710]
Event: 29.855 Thread 0x000000001a22b800 Exception <a 'sun/nio/fs/WindowsException'> (0x00000000d92191e0) thrown at [C:\ade\jenkins\workspace\8-2-build-windows-amd64-cygwin\jdk8u241\331\hotspot\src\share\vm\prims\jni.cpp, line 710]
Event: 30.172 Thread 0x000000001a22b800 Implicit null exception at 0x000000000427540c to 0x0000000004275451

Events (10 events):
Event: 30.682 Thread 0x000000001a22b800 DEOPT PACKING pc=0x00000000043cdaf0 sp=0x000000001af3c3f0
Event: 30.682 Thread 0x000000001a22b800 DEOPT UNPACKING pc=0x0000000003757890 sp=0x000000001af3c168 mode 0
Event: 30.684 Thread 0x000000001a22b800 DEOPT PACKING pc=0x00000000043cdaf0 sp=0x000000001af3c260
Event: 30.684 Thread 0x000000001a22b800 DEOPT UNPACKING pc=0x0000000003757890 sp=0x000000001af3bfd8 mode 0
Event: 30.688 Thread 0x000000001a22b800 DEOPT PACKING pc=0x00000000043cdaf0 sp=0x000000001af3bfe0
Event: 30.688 Thread 0x000000001a22b800 DEOPT UNPACKING pc=0x0000000003757890 sp=0x000000001af3bd58 mode 0
Event: 30.690 Thread 0x000000001a22b800 DEOPT PACKING pc=0x00000000043cdaf0 sp=0x000000001af3bdd0
Event: 30.690 Thread 0x000000001a22b800 DEOPT UNPACKING pc=0x0000000003757890 sp=0x000000001af3bb48 mode 0
Event: 30.794 Executing VM operation: ParallelGCFailedAllocation
Event: 30.810 Executing VM operation: ParallelGCFailedAllocation done


Dynamic libraries:
0x00007ff7fb170000 - 0x00007ff7fb1a7000 	C:\Program Files\Java\jre1.8.0_241\bin\javaw.exe
0x00007ff86e220000 - 0x00007ff86e3fb000 	C:\Windows\SYSTEM32\ntdll.dll
0x00007ff86bc80000 - 0x00007ff86bd2e000 	C:\Windows\System32\KERNEL32.DLL
0x00007ff86ad30000 - 0x00007ff86af7a000 	C:\Windows\System32\KERNELBASE.dll
0x00007ff86d950000 - 0x00007ff86d9f1000 	C:\Windows\System32\ADVAPI32.dll
0x00007ff86d850000 - 0x00007ff86d8ed000 	C:\Windows\System32\msvcrt.dll
0x00007ff86ba80000 - 0x00007ff86bad9000 	C:\Windows\System32\sechost.dll
0x00007ff86e0f0000 - 0x00007ff86e215000 	C:\Windows\System32\RPCRT4.dll
0x00007ff86dc40000 - 0x00007ff86dd8a000 	C:\Windows\System32\USER32.dll
0x00007ff86a7a0000 - 0x00007ff86a7be000 	C:\Windows\System32\win32u.dll
0x00007ff86bea0000 - 0x00007ff86bec7000 	C:\Windows\System32\GDI32.dll
0x00007ff86a930000 - 0x00007ff86aab8000 	C:\Windows\System32\gdi32full.dll
0x00007ff86aac0000 - 0x00007ff86ab5a000 	C:\Windows\System32\msvcp_win.dll
0x00007ff86af80000 - 0x00007ff86b076000 	C:\Windows\System32\ucrtbase.dll
0x00007ff85f0a0000 - 0x00007ff85f307000 	C:\Windows\WinSxS\amd64_microsoft.windows.common-controls_6595b64144ccf1df_6.0.15063.1155_none_40c7922129a7722b\COMCTL32.dll
0x00007ff86b780000 - 0x00007ff86ba79000 	C:\Windows\System32\combase.dll
0x00007ff86a7c0000 - 0x00007ff86a82a000 	C:\Windows\System32\bcryptPrimitives.dll
0x00007ff86bc30000 - 0x00007ff86bc5d000 	C:\Windows\System32\IMM32.DLL
0x00007ff843e10000 - 0x00007ff843ec1000 	C:\Program Files\McAfee\Endpoint Security\Threat Prevention\Ips\EpMPApi.dll
0x00007ff86a740000 - 0x00007ff86a797000 	C:\Windows\System32\WINTRUST.dll
0x00007ff86a700000 - 0x00007ff86a711000 	C:\Windows\System32\MSASN1.dll
0x00007ff86ab60000 - 0x00007ff86ad29000 	C:\Windows\System32\CRYPT32.dll
0x0000000073910000 - 0x000000007391c000 	C:\Program Files\McAfee\Endpoint Security\Threat Prevention\Ips\EpMPThe.dll
0x0000000072a10000 - 0x0000000072ae2000 	C:\Program Files\Java\jre1.8.0_241\bin\msvcr100.dll
0x0000000072af0000 - 0x000000007339c000 	C:\Program Files\Java\jre1.8.0_241\bin\server\jvm.dll
0x00007ff86e0d0000 - 0x00007ff86e0d8000 	C:\Windows\System32\PSAPI.DLL
0x00007ff857980000 - 0x00007ff857989000 	C:\Windows\SYSTEM32\WSOCK32.dll
0x00007ff868970000 - 0x00007ff868993000 	C:\Windows\SYSTEM32\WINMM.dll
0x00007ff86e060000 - 0x00007ff86e0cc000 	C:\Windows\System32\WS2_32.dll
0x00007ff85c1a0000 - 0x00007ff85c1aa000 	C:\Windows\SYSTEM32\VERSION.dll
0x00007ff868940000 - 0x00007ff86896b000 	C:\Windows\SYSTEM32\WINMMBASE.dll
0x00007ff86a8e0000 - 0x00007ff86a929000 	C:\Windows\System32\cfgmgr32.dll
0x00007ff866540000 - 0x00007ff86654f000 	C:\Program Files\Java\jre1.8.0_241\bin\verify.dll
0x00007ff85ee80000 - 0x00007ff85eea9000 	C:\Program Files\Java\jre1.8.0_241\bin\java.dll
0x00007ff866170000 - 0x00007ff866186000 	C:\Program Files\Java\jre1.8.0_241\bin\zip.dll
0x00007ff86c410000 - 0x00007ff86d848000 	C:\Windows\System32\SHELL32.dll
0x00007ff86db90000 - 0x00007ff86dc3a000 	C:\Windows\System32\shcore.dll
0x00007ff86b080000 - 0x00007ff86b771000 	C:\Windows\System32\windows.storage.dll
0x00007ff86dd90000 - 0x00007ff86dde1000 	C:\Windows\System32\shlwapi.dll
0x00007ff86a690000 - 0x00007ff86a6a1000 	C:\Windows\System32\kernel.appcore.dll
0x00007ff86a6b0000 - 0x00007ff86a6fc000 	C:\Windows\System32\powrprof.dll
0x00007ff86a720000 - 0x00007ff86a735000 	C:\Windows\System32\profapi.dll
0x0000000003210000 - 0x0000000003213000 	C:\Program Files\Java\jre1.8.0_241\bin\api-ms-win-core-console-l1-1-0.dll
0x0000000003220000 - 0x0000000003223000 	C:\Program Files\Java\jre1.8.0_241\bin\api-ms-win-core-datetime-l1-1-0.dll
0x0000000003230000 - 0x0000000003233000 	C:\Program Files\Java\jre1.8.0_241\bin\api-ms-win-core-debug-l1-1-0.dll
0x0000000003240000 - 0x0000000003243000 	C:\Program Files\Java\jre1.8.0_241\bin\api-ms-win-core-errorhandling-l1-1-0.dll
0x0000000003250000 - 0x0000000003254000 	C:\Program Files\Java\jre1.8.0_241\bin\api-ms-win-core-file-l1-1-0.dll
0x0000000003260000 - 0x0000000003263000 	C:\Program Files\Java\jre1.8.0_241\bin\api-ms-win-core-file-l1-2-0.dll
0x0000000003270000 - 0x0000000003273000 	C:\Program Files\Java\jre1.8.0_241\bin\api-ms-win-core-file-l2-1-0.dll
0x0000000003280000 - 0x0000000003283000 	C:\Program Files\Java\jre1.8.0_241\bin\api-ms-win-core-handle-l1-1-0.dll
0x0000000003290000 - 0x0000000003293000 	C:\Program Files\Java\jre1.8.0_241\bin\api-ms-win-core-heap-l1-1-0.dll
0x00000000032a0000 - 0x00000000032a3000 	C:\Program Files\Java\jre1.8.0_241\bin\api-ms-win-core-interlocked-l1-1-0.dll
0x00000000032b0000 - 0x00000000032b3000 	C:\Program Files\Java\jre1.8.0_241\bin\api-ms-win-core-libraryloader-l1-1-0.dll
0x00000000032c0000 - 0x00000000032c3000 	C:\Program Files\Java\jre1.8.0_241\bin\api-ms-win-core-localization-l1-2-0.dll
0x00000000032d0000 - 0x00000000032d3000 	C:\Program Files\Java\jre1.8.0_241\bin\api-ms-win-core-memory-l1-1-0.dll
0x00000000033f0000 - 0x00000000033f3000 	C:\Program Files\Java\jre1.8.0_241\bin\api-ms-win-core-namedpipe-l1-1-0.dll
0x0000000003400000 - 0x0000000003403000 	C:\Program Files\Java\jre1.8.0_241\bin\api-ms-win-core-processenvironment-l1-1-0.dll
0x0000000003420000 - 0x0000000003423000 	C:\Program Files\Java\jre1.8.0_241\bin\api-ms-win-core-processthreads-l1-1-0.dll
0x0000000003430000 - 0x0000000003433000 	C:\Program Files\Java\jre1.8.0_241\bin\api-ms-win-core-processthreads-l1-1-1.dll
0x0000000003440000 - 0x0000000003443000 	C:\Program Files\Java\jre1.8.0_241\bin\api-ms-win-core-profile-l1-1-0.dll
0x0000000003450000 - 0x0000000003453000 	C:\Program Files\Java\jre1.8.0_241\bin\api-ms-win-core-rtlsupport-l1-1-0.dll
0x0000000003460000 - 0x0000000003463000 	C:\Program Files\Java\jre1.8.0_241\bin\api-ms-win-core-string-l1-1-0.dll
0x0000000003470000 - 0x0000000003473000 	C:\Program Files\Java\jre1.8.0_241\bin\api-ms-win-core-synch-l1-1-0.dll
0x0000000003480000 - 0x0000000003483000 	C:\Program Files\Java\jre1.8.0_241\bin\api-ms-win-core-synch-l1-2-0.dll
0x0000000003490000 - 0x0000000003493000 	C:\Program Files\Java\jre1.8.0_241\bin\api-ms-win-core-sysinfo-l1-1-0.dll
0x00000000034a0000 - 0x00000000034a3000 	C:\Program Files\Java\jre1.8.0_241\bin\api-ms-win-core-timezone-l1-1-0.dll
0x00000000034b0000 - 0x00000000034b3000 	C:\Program Files\Java\jre1.8.0_241\bin\api-ms-win-core-util-l1-1-0.dll
0x00000000034c0000 - 0x00000000034c3000 	C:\Program Files\Java\jre1.8.0_241\bin\api-ms-win-crt-conio-l1-1-0.dll
0x00000000034d0000 - 0x00000000034d4000 	C:\Program Files\Java\jre1.8.0_241\bin\api-ms-win-crt-convert-l1-1-0.dll
0x00000000034e0000 - 0x00000000034e3000 	C:\Program Files\Java\jre1.8.0_241\bin\api-ms-win-crt-environment-l1-1-0.dll
0x00000000034f0000 - 0x00000000034f3000 	C:\Program Files\Java\jre1.8.0_241\bin\api-ms-win-crt-filesystem-l1-1-0.dll
0x000000001a170000 - 0x000000001a173000 	C:\Program Files\Java\jre1.8.0_241\bin\api-ms-win-crt-heap-l1-1-0.dll
0x000000001a180000 - 0x000000001a183000 	C:\Program Files\Java\jre1.8.0_241\bin\api-ms-win-crt-locale-l1-1-0.dll
0x000000001a190000 - 0x000000001a195000 	C:\Program Files\Java\jre1.8.0_241\bin\api-ms-win-crt-math-l1-1-0.dll
0x000000001a1a0000 - 0x000000001a1a5000 	C:\Program Files\Java\jre1.8.0_241\bin\api-ms-win-crt-multibyte-l1-1-0.dll
0x000000001a1b0000 - 0x000000001a1c0000 	C:\Program Files\Java\jre1.8.0_241\bin\api-ms-win-crt-private-l1-1-0.dll
0x000000001a1c0000 - 0x000000001a1c3000 	C:\Program Files\Java\jre1.8.0_241\bin\api-ms-win-crt-process-l1-1-0.dll
0x000000001a1d0000 - 0x000000001a1d4000 	C:\Program Files\Java\jre1.8.0_241\bin\api-ms-win-crt-runtime-l1-1-0.dll
0x000000001a1e0000 - 0x000000001a1e4000 	C:\Program Files\Java\jre1.8.0_241\bin\api-ms-win-crt-stdio-l1-1-0.dll
0x000000001a1f0000 - 0x000000001a1f4000 	C:\Program Files\Java\jre1.8.0_241\bin\api-ms-win-crt-string-l1-1-0.dll
0x000000001a200000 - 0x000000001a203000 	C:\Program Files\Java\jre1.8.0_241\bin\api-ms-win-crt-time-l1-1-0.dll
0x000000001a210000 - 0x000000001a213000 	C:\Program Files\Java\jre1.8.0_241\bin\api-ms-win-crt-utility-l1-1-0.dll
0x00007ff82d020000 - 0x00007ff82d11c000 	C:\Program Files\Java\jre1.8.0_241\bin\ucrtbase.dll
0x00007ff83d8b0000 - 0x00007ff83d8c5000 	C:\Program Files\Java\jre1.8.0_241\bin\vcruntime140.dll
0x00007ff82cf80000 - 0x00007ff82d01b000 	C:\Program Files\Java\jre1.8.0_241\bin\msvcp140.dll
0x00007ff838cf0000 - 0x00007ff838d41000 	C:\Program Files\Java\jre1.8.0_241\bin\concrt140.dll
0x00007ff83cd60000 - 0x00007ff83cd83000 	C:\Program Files\Java\jre1.8.0_241\bin\prism_d3d.dll
0x00007ff82cdf0000 - 0x00007ff82cf79000 	C:\Windows\system32\d3d9.dll
0x00007ff8688e0000 - 0x00007ff86890a000 	C:\Windows\SYSTEM32\dwmapi.dll
0x00007ff868b90000 - 0x00007ff868c25000 	C:\Windows\system32\uxtheme.dll
0x00007ff8367e0000 - 0x00007ff8369b7000 	C:\Windows\System32\DriverStore\FileRepository\ki127171.inf_amd64_368f8c7337214025\igdumdim64.dll
0x00007ff80da40000 - 0x00007ff810a3d000 	C:\Windows\System32\DriverStore\FileRepository\ki127171.inf_amd64_368f8c7337214025\igd9dxva64.dll
0x00007ff86bae0000 - 0x00007ff86bc25000 	C:\Windows\System32\ole32.dll
0x00007ff86df90000 - 0x00007ff86e050000 	C:\Windows\System32\OLEAUT32.dll
0x00007ff838c50000 - 0x00007ff838c95000 	C:\Program Files\Java\jre1.8.0_241\bin\glass.dll
0x00007ff86da00000 - 0x00007ff86db08000 	C:\Windows\System32\COMDLG32.dll
0x00007ff86bd30000 - 0x00007ff86be96000 	C:\Windows\System32\MSCTF.dll
0x00007ff860280000 - 0x00007ff862015000 	C:\Windows\System32\DriverStore\FileRepository\ki127171.inf_amd64_368f8c7337214025\igc64.dll
0x00007ff856150000 - 0x00007ff856164000 	C:\Program Files\Java\jre1.8.0_241\bin\javafx_font.dll
0x00007ff836280000 - 0x00007ff83653f000 	C:\Windows\SYSTEM32\dwrite.dll
0x00007ff86bed0000 - 0x00007ff86bf6e000 	C:\Windows\System32\clbcatq.dll
0x00007ff865af0000 - 0x00007ff865c9c000 	C:\Windows\SYSTEM32\WindowsCodecs.dll
0x00007ff85fd20000 - 0x00007ff85fd67000 	C:\Windows\system32\dataexchange.dll
0x00007ff866bc0000 - 0x00007ff866e9f000 	C:\Windows\system32\d3d11.dll
0x00007ff8675c0000 - 0x00007ff8676e3000 	C:\Windows\system32\dcomp.dll
0x00007ff8693d0000 - 0x00007ff869474000 	C:\Windows\system32\dxgi.dll
0x00007ff868e40000 - 0x00007ff868fb0000 	C:\Windows\system32\twinapi.appcore.dll
0x00007ff86a250000 - 0x00007ff86a275000 	C:\Windows\system32\bcrypt.dll
0x00007ff85c8d0000 - 0x00007ff85c901000 	C:\Program Files\Common Files\Microsoft Shared\Ink\rtscom.dll
0x00007ff864fb0000 - 0x00007ff865031000 	C:\Windows\System32\TextInputFramework.dll
0x00007ff865710000 - 0x00007ff8659e3000 	C:\Windows\System32\CoreUIComponents.dll
0x00007ff866ea0000 - 0x00007ff866f84000 	C:\Windows\System32\CoreMessaging.dll
0x00007ff869310000 - 0x00007ff869341000 	C:\Windows\SYSTEM32\ntmarta.dll
0x00007ff8662d0000 - 0x00007ff866409000 	C:\Windows\SYSTEM32\wintypes.dll
0x00007ff868560000 - 0x00007ff868575000 	C:\Windows\SYSTEM32\usermgrcli.dll
0x00007ff83d470000 - 0x00007ff83d481000 	C:\Program Files\Java\jre1.8.0_241\bin\prism_common.dll
0x00007ff865550000 - 0x00007ff86556a000 	C:\Program Files\Java\jre1.8.0_241\bin\net.dll
0x00007ff869f40000 - 0x00007ff869f9c000 	C:\Windows\system32\mswsock.dll
0x00007ff850ff0000 - 0x00007ff851006000 	C:\Windows\system32\napinsp.dll
0x00007ff851010000 - 0x00007ff85102a000 	C:\Windows\system32\pnrpnsp.dll
0x00007ff868660000 - 0x00007ff868678000 	C:\Windows\system32\NLAapi.dll
0x00007ff869d20000 - 0x00007ff869dc4000 	C:\Windows\SYSTEM32\DNSAPI.dll
0x00000000227a0000 - 0x00000000227a8000 	C:\Windows\System32\NSI.dll
0x00007ff869ce0000 - 0x00007ff869d17000 	C:\Windows\SYSTEM32\IPHLPAPI.DLL
0x00007ff851080000 - 0x00007ff85108e000 	C:\Windows\System32\winrnr.dll
0x00007ff851060000 - 0x00007ff851075000 	C:\Windows\System32\wshbth.dll
0x00007ff85ab40000 - 0x00007ff85ab4a000 	C:\Windows\System32\rasadhlp.dll
0x00007ff864e80000 - 0x00007ff864eeb000 	C:\Windows\System32\fwpuclnt.dll

VM Arguments:
jvm_args: -Dfile.encoding=UTF-8 
java_command: principal.Principal
java_class_path (initial): C:\Program Files\Java\jre1.8.0_241\lib\resources.jar;C:\Program Files\Java\jre1.8.0_241\lib\rt.jar;C:\Program Files\Java\jre1.8.0_241\lib\jsse.jar;C:\Program Files\Java\jre1.8.0_241\lib\jce.jar;C:\Program Files\Java\jre1.8.0_241\lib\charsets.jar;C:\Program Files\Java\jre1.8.0_241\lib\jfr.jar;C:\Program Files\Java\jre1.8.0_241\lib\ext\access-bridge-64.jar;C:\Program Files\Java\jre1.8.0_241\lib\ext\cldrdata.jar;C:\Program Files\Java\jre1.8.0_241\lib\ext\dnsns.jar;C:\Program Files\Java\jre1.8.0_241\lib\ext\jaccess.jar;C:\Program Files\Java\jre1.8.0_241\lib\ext\jfxrt.jar;C:\Program Files\Java\jre1.8.0_241\lib\ext\localedata.jar;C:\Program Files\Java\jre1.8.0_241\lib\ext\nashorn.jar;C:\Program Files\Java\jre1.8.0_241\lib\ext\sunec.jar;C:\Program Files\Java\jre1.8.0_241\lib\ext\sunjce_provider.jar;C:\Program Files\Java\jre1.8.0_241\lib\ext\sunmscapi.jar;C:\Program Files\Java\jre1.8.0_241\lib\ext\sunpkcs11.jar;C:\Program Files\Java\jre1.8.0_241\lib\ext\zipfs.jar;C:\Users\fabricio.barrozo\eclipse-workspace\adasa6\target\classes;C:\Users\fabricio.barrozo\.m2\repository\commons-codec\commons-codec\1.11\commons-codec-1.11.jar;C:\Users\fabricio.barrozo\.m2\repository\com\microsoft\sqlserver\mssql-jdbc\7.0.0.jre8\mssql-jdbc-7.0.0.jre8.jar;C:\Users\fabricio.barrozo\.m2\repository\org\hibernate\hibernate-spatial\5.1.0.Final\hibernate-spatial-5.1.0.Final.jar;C:\Users\fabricio.barrozo\.m2\repository\org\jboss\logging\jboss-logging\3.3.0.Final\jboss-logging-3.3.0.Final.jar;C:\Users\fabricio.barrozo\.m2\repository\org\hibernate\hibernate-core\5.1.0.Final\hibernate-core-5.1.0.Final.jar;C:\Users\fabricio.barrozo\.m2\repository\org\hibernate\javax\persistence\hibernate-jpa-2.1-api\1.0.0.Final\hibernate-jpa-2.1-api-1.0.0.Final.jar;C:\Users\fabricio.barrozo\.m2\repository\org\javassist\javassist\3.20.0-GA\javassist-3.20.0-GA.jar;C:\Users\fabricio.barrozo\.m2\repository\antlr\antlr\2.7.7\antlr-2.7.7.jar;C:\Users\fabricio.barrozo\.m2\repository\org\apache\geronim
Launcher Type: SUN_STANDARD

Environment Variables:
JAVA_HOME=C:\Program Files\Java\jdk1.8.0_191
PATH=C:/Program Files/Java/jre1.8.0_241/bin/server;C:/Program Files/Java/jre1.8.0_241/bin;C:/Program Files/Java/jre1.8.0_241/lib/amd64;C:\Program Files (x86)\Common Files\Oracle\Java\javapath;C:\ProgramData\Oracle\Java\javapath;C:\Program Files (x86)\Intel\iCLS Client\;C:\Program Files\Intel\iCLS Client\;C:\Windows\system32;C:\Windows;C:\Windows\System32\Wbem;C:\Windows\System32\WindowsPowerShell\v1.0\;C:\Program Files (x86)\Intel\Intel(R) Management Engine Components\DAL;C:\Program Files\Intel\Intel(R) Management Engine Components\DAL;C:\Program Files (x86)\Intel\Intel(R) Management Engine Components\IPT;C:\Program Files\Intel\Intel(R) Management Engine Components\IPT;C:\Program Files\Intel\WiFi\bin\;C:\Program Files\Common Files\Intel\WirelessCommon\;c:\Program Files\Microsoft SQL Server\110\Tools\Binn\;c:\Program Files (x86)\Microsoft SQL Server\110\Tools\Binn\ManagementStudio\;c:\Program Files (x86)\Microsoft SQL Server\110\Tools\Binn\;c:\Program Files (x86)\Microsoft SQL Server\110\DTS\Binn\;C:\apache-maven-3.6.0\bin;C:\Program Files\Microsoft SQL Server Migration Assistant for Access\bin\;C:\Users\fabricio.barrozo\AppData\Local\Microsoft\WindowsApps;;C:\Users\fabricio.barrozo\AppData\Local\Programs\Microsoft VS Code\bin;C:\Windows\system32;
USERNAME=fabricio.barrozo
OS=Windows_NT
PROCESSOR_IDENTIFIER=Intel64 Family 6 Model 94 Stepping 3, GenuineIntel



---------------  S Y S T E M  ---------------

OS: Windows 10.0 , 64 bit Build 15063 (10.0.15063.1058)

CPU:total 4 (initial active 4) (4 cores per cpu, 1 threads per core) family 6 model 94 stepping 3, cmov, cx8, fxsr, mmx, sse, sse2, sse3, ssse3, sse4.1, sse4.2, popcnt, avx, avx2, aes, clmul, erms, rtm, 3dnowpref, lzcnt, tsc, tscinvbit, bmi1, bmi2, adx

Memory: 4k page, physical 8249056k(2959704k free), swap 10196704k(6104k free)

vm_info: Java HotSpot(TM) 64-Bit Server VM (25.241-b07) for windows-amd64 JRE (1.8.0_241-b07), built on Dec 11 2019 10:21:40 by "rejava" with MS VC++ 10.0 (VS2010)

time: Mon Mar 09 13:43:40 2020
timezone: Hora oficial do Brasil
elapsed time: 30 seconds (0d 0h 0m 30s)

