#
# There is insufficient memory for the Java Runtime Environment to continue.
# Native memory allocation (malloc) failed to allocate 535856 bytes for Chunk::new
# Possible reasons:
#   The system is out of physical RAM or swap space
#   The process is running with CompressedOops enabled, and the Java Heap may be blocking the growth of the native heap
# Possible solutions:
#   Reduce memory load on the system
#   Increase physical memory or swap space
#   Check if swap backing store is full
#   Decrease Java heap size (-Xmx/-Xms)
#   Decrease number of Java threads
#   Decrease Java thread stack sizes (-Xss)
#   Set larger code cache with -XX:ReservedCodeCacheSize=
#   JVM is running with Unscaled Compressed Oops mode in which the Java heap is
#     placed in the first 4GB address space. The Java Heap base address is the
#     maximum limit for the native heap growth. Please use -XX:HeapBaseMinAddress
#     to set the Java Heap base and to place the Java Heap above 4GB virtual address.
# This output file may be truncated or incomplete.
#
#  Out of Memory Error (allocation.cpp:389), pid=16488, tid=0x00000000000033ac
#
# JRE version: Java(TM) SE Runtime Environment (8.0_241-b07) (build 1.8.0_241-b07)
# Java VM: Java HotSpot(TM) 64-Bit Server VM (25.241-b07 mixed mode windows-amd64 compressed oops)
# Failed to write core dump. Minidumps are not enabled by default on client versions of Windows
#

---------------  T H R E A D  ---------------

Current thread (0x0000000017f1c800):  JavaThread "C2 CompilerThread1" daemon [_thread_in_native, id=13228, stack(0x0000000019660000,0x0000000019760000)]

Stack: [0x0000000019660000,0x0000000019760000]
[error occurred during error reporting (printing stack bounds), id 0xc0000005]

Native frames: (J=compiled Java code, j=interpreted, Vv=VM code, C=native code)


Current CompileTask:
C2: 182767 11984       4       javafx.scene.Scene$MouseHandler::process (735 bytes)


---------------  P R O C E S S  ---------------

Java Threads: ( => current thread )
  0x0000000022c18000 JavaThread "Disposer" daemon [_thread_blocked, id=14628, stack(0x000000006d9f0000,0x000000006daf0000)]
  0x0000000022c1b800 JavaThread "pool-3-thread-1" [_thread_blocked, id=15172, stack(0x0000000027660000,0x0000000027760000)]
  0x000000001a745800 JavaThread "Prism Font Disposer" daemon [_thread_blocked, id=15948, stack(0x0000000024e70000,0x0000000024f70000)]
  0x000000001a0bb000 JavaThread "Thread-3" daemon [_thread_in_native, id=15236, stack(0x0000000021520000,0x0000000021620000)]
  0x000000001a092800 JavaThread "JavaFX-Launcher" [_thread_blocked, id=16164, stack(0x0000000021620000,0x0000000021720000)]
  0x0000000019c50000 JavaThread "JavaFX Application Thread" [_thread_in_native, id=6956, stack(0x000000001ac30000,0x000000001ad30000)]
  0x0000000019c43000 JavaThread "Thread-1" daemon [_thread_blocked, id=14480, stack(0x000000001ab30000,0x000000001ac30000)]
  0x0000000019c28800 JavaThread "QuantumRenderer-0" daemon [_thread_blocked, id=9248, stack(0x000000001a820000,0x000000001a920000)]
  0x0000000017f6e000 JavaThread "Service Thread" daemon [_thread_blocked, id=7656, stack(0x0000000019c60000,0x0000000019d60000)]
  0x0000000017f1d800 JavaThread "C1 CompilerThread2" daemon [_thread_blocked, id=15300, stack(0x0000000019760000,0x0000000019860000)]
=>0x0000000017f1c800 JavaThread "C2 CompilerThread1" daemon [_thread_in_native, id=13228, stack(0x0000000019660000,0x0000000019760000)]
  0x0000000017f18800 JavaThread "C2 CompilerThread0" daemon [_thread_blocked, id=1288, stack(0x0000000019560000,0x0000000019660000)]
  0x0000000017f14800 JavaThread "Attach Listener" daemon [_thread_blocked, id=2476, stack(0x0000000019460000,0x0000000019560000)]
  0x0000000017f13800 JavaThread "Signal Dispatcher" daemon [_thread_blocked, id=13584, stack(0x0000000019360000,0x0000000019460000)]
  0x0000000017eff800 JavaThread "Finalizer" daemon [_thread_blocked, id=9752, stack(0x0000000019160000,0x0000000019260000)]
  0x0000000003435000 JavaThread "Reference Handler" daemon [_thread_blocked, id=14752, stack(0x0000000019060000,0x0000000019160000)]
  0x0000000003346000 JavaThread "main" [_thread_blocked, id=10288, stack(0x0000000003240000,0x0000000003340000)]

Other Threads:
  0x0000000017ed8000 VMThread [stack: 0x0000000018f60000,0x0000000019060000] [id=10628]
  0x00000000198bf000 WatcherThread [stack: 0x0000000019d60000,0x0000000019e60000] [id=12560]

VM state:not at safepoint (normal execution)

VM Mutex/Monitor currently owned by a thread: None

heap address: 0x0000000082200000, size: 2014 MB, Compressed Oops mode: 32-bit
Narrow klass base: 0x0000000000000000, Narrow klass shift: 3
Compressed class space size: 1073741824 Address: 0x0000000100000000

Heap:
 PSYoungGen      total 301056K, used 47718K [0x00000000d6100000, 0x00000000ed700000, 0x0000000100000000)
  eden space 280064K, 15% used [0x00000000d6100000,0x00000000d8b9fd58,0x00000000e7280000)
  from space 20992K, 19% used [0x00000000e7280000,0x00000000e7679cf8,0x00000000e8700000)
  to   space 29696K, 0% used [0x00000000eba00000,0x00000000eba00000,0x00000000ed700000)
 ParOldGen       total 180736K, used 82418K [0x0000000082200000, 0x000000008d280000, 0x00000000d6100000)
  object space 180736K, 45% used [0x0000000082200000,0x000000008727c998,0x000000008d280000)
 Metaspace       used 53278K, capacity 55648K, committed 55808K, reserved 1097728K
  class space    used 7022K, capacity 7409K, committed 7424K, reserved 1048576K

Card table byte_map: [0x0000000012800000,0x0000000012bf0000] byte_map_base: 0x00000000123ef000

Marking Bits: (ParMarkBitMap*) 0x000000007331be30
 Begin Bits: [0x0000000013290000, 0x0000000015208000)
 End Bits:   [0x0000000015208000, 0x0000000017180000)

Polling page: 0x0000000002ee0000

CodeCache: size=245760Kb used=30173Kb max_used=30349Kb free=215586Kb
 bounds [0x0000000003440000, 0x0000000005270000, 0x0000000012440000]
 total_blobs=10652 nmethods=9677 adapters=885
 compilation: enabled

Compilation events (10 events):
Event: 181.615 Thread 0x0000000017f1d800 nmethod 11979 0x0000000004b4bb90 code [0x0000000004b4bf40, 0x0000000004b4e658]
Event: 181.616 Thread 0x0000000017f1d800 11980       3       com.sun.javafx.webkit.prism.WCGraphicsPrismContext::drawScrollbar (104 bytes)
Event: 181.618 Thread 0x0000000017f1d800 nmethod 11980 0x00000000038ce510 code [0x00000000038ce880, 0x00000000038d0b78]
Event: 181.676 Thread 0x0000000017f1d800 11981       1       com.sun.scenario.effect.impl.state.BoxShadowState::getSpread (5 bytes)
Event: 181.676 Thread 0x0000000017f1d800 nmethod 11981 0x00000000038ce250 code [0x00000000038ce3a0, 0x00000000038ce4b0]
Event: 182.332 Thread 0x0000000017f1d800 11982       3       com.sun.javafx.geom.Path2D::getPathIterator (23 bytes)
Event: 182.333 Thread 0x0000000017f1d800 nmethod 11982 0x0000000003f4c7d0 code [0x0000000003f4c960, 0x0000000003f4ce50]
Event: 182.636 Thread 0x0000000017f1d800 11983       3       javafx.scene.control.ScrollBar::getOrientation (24 bytes)
Event: 182.636 Thread 0x0000000017f1d800 nmethod 11983 0x000000000416d550 code [0x000000000416d6c0, 0x000000000416da28]
Event: 182.701 Thread 0x0000000017f1c800 11984       4       javafx.scene.Scene$MouseHandler::process (735 bytes)

GC Heap History (10 events):
Event: 37.458 GC heap before
{Heap before GC invocations=16 (full 2):
 PSYoungGen      total 177664K, used 177648K [0x00000000d6100000, 0x00000000e6980000, 0x0000000100000000)
  eden space 162816K, 100% used [0x00000000d6100000,0x00000000e0000000,0x00000000e0000000)
  from space 14848K, 99% used [0x00000000e0000000,0x00000000e0e7c070,0x00000000e0e80000)
  to   space 22016K, 0% used [0x00000000e5400000,0x00000000e5400000,0x00000000e6980000)
 ParOldGen       total 82432K, used 44410K [0x0000000082200000, 0x0000000087280000, 0x00000000d6100000)
  object space 82432K, 53% used [0x0000000082200000,0x0000000084d5e888,0x0000000087280000)
 Metaspace       used 47096K, capacity 48888K, committed 49152K, reserved 1091584K
  class space    used 6275K, capacity 6615K, committed 6656K, reserved 1048576K
Event: 37.471 GC heap after
Heap after GC invocations=16 (full 2):
 PSYoungGen      total 235520K, used 4802K [0x00000000d6100000, 0x00000000e6300000, 0x0000000100000000)
  eden space 220160K, 0% used [0x00000000d6100000,0x00000000d6100000,0x00000000e3800000)
  from space 15360K, 31% used [0x00000000e5400000,0x00000000e58b0920,0x00000000e6300000)
  to   space 22016K, 0% used [0x00000000e3800000,0x00000000e3800000,0x00000000e4d80000)
 ParOldGen       total 82432K, used 59243K [0x0000000082200000, 0x0000000087280000, 0x00000000d6100000)
  object space 82432K, 71% used [0x0000000082200000,0x0000000085bdad50,0x0000000087280000)
 Metaspace       used 47096K, capacity 48888K, committed 49152K, reserved 1091584K
  class space    used 6275K, capacity 6615K, committed 6656K, reserved 1048576K
}
Event: 40.897 GC heap before
{Heap before GC invocations=17 (full 2):
 PSYoungGen      total 235520K, used 224962K [0x00000000d6100000, 0x00000000e6300000, 0x0000000100000000)
  eden space 220160K, 100% used [0x00000000d6100000,0x00000000e3800000,0x00000000e3800000)
  from space 15360K, 31% used [0x00000000e5400000,0x00000000e58b0920,0x00000000e6300000)
  to   space 22016K, 0% used [0x00000000e3800000,0x00000000e3800000,0x00000000e4d80000)
 ParOldGen       total 82432K, used 59243K [0x0000000082200000, 0x0000000087280000, 0x00000000d6100000)
  object space 82432K, 71% used [0x0000000082200000,0x0000000085bdad50,0x0000000087280000)
 Metaspace       used 47217K, capacity 49112K, committed 49152K, reserved 1091584K
  class space    used 6279K, capacity 6647K, committed 6656K, reserved 1048576K
Event: 40.905 GC heap after
Heap after GC invocations=17 (full 2):
 PSYoungGen      total 242176K, used 6271K [0x00000000d6100000, 0x00000000ea580000, 0x0000000100000000)
  eden space 220160K, 0% used [0x00000000d6100000,0x00000000d6100000,0x00000000e3800000)
  from space 22016K, 28% used [0x00000000e3800000,0x00000000e3e1fcf0,0x00000000e4d80000)
  to   space 21504K, 0% used [0x00000000e9080000,0x00000000e9080000,0x00000000ea580000)
 ParOldGen       total 82432K, used 63594K [0x0000000082200000, 0x0000000087280000, 0x00000000d6100000)
  object space 82432K, 77% used [0x0000000082200000,0x000000008601a820,0x0000000087280000)
 Metaspace       used 47217K, capacity 49112K, committed 49152K, reserved 1091584K
  class space    used 6279K, capacity 6647K, committed 6656K, reserved 1048576K
}
Event: 62.441 GC heap before
{Heap before GC invocations=18 (full 2):
 PSYoungGen      total 242176K, used 226431K [0x00000000d6100000, 0x00000000ea580000, 0x0000000100000000)
  eden space 220160K, 100% used [0x00000000d6100000,0x00000000e3800000,0x00000000e3800000)
  from space 22016K, 28% used [0x00000000e3800000,0x00000000e3e1fcf0,0x00000000e4d80000)
  to   space 21504K, 0% used [0x00000000e9080000,0x00000000e9080000,0x00000000ea580000)
 ParOldGen       total 82432K, used 63594K [0x0000000082200000, 0x0000000087280000, 0x00000000d6100000)
  object space 82432K, 77% used [0x0000000082200000,0x000000008601a820,0x0000000087280000)
 Metaspace       used 48405K, capacity 50420K, committed 50688K, reserved 1093632K
  class space    used 6418K, capacity 6807K, committed 6912K, reserved 1048576K
Event: 62.446 GC heap after
Heap after GC invocations=18 (full 2):
 PSYoungGen      total 291328K, used 3986K [0x00000000d6100000, 0x00000000e9b80000, 0x0000000100000000)
  eden space 280064K, 0% used [0x00000000d6100000,0x00000000d6100000,0x00000000e7280000)
  from space 11264K, 35% used [0x00000000e9080000,0x00000000e9464920,0x00000000e9b80000)
  to   space 20992K, 0% used [0x00000000e7280000,0x00000000e7280000,0x00000000e8700000)
 ParOldGen       total 82432K, used 65006K [0x0000000082200000, 0x0000000087280000, 0x00000000d6100000)
  object space 82432K, 78% used [0x0000000082200000,0x000000008617bb28,0x0000000087280000)
 Metaspace       used 48405K, capacity 50420K, committed 50688K, reserved 1093632K
  class space    used 6418K, capacity 6807K, committed 6912K, reserved 1048576K
}
Event: 167.087 GC heap before
{Heap before GC invocations=19 (full 2):
 PSYoungGen      total 291328K, used 284050K [0x00000000d6100000, 0x00000000e9b80000, 0x0000000100000000)
  eden space 280064K, 100% used [0x00000000d6100000,0x00000000e7280000,0x00000000e7280000)
  from space 11264K, 35% used [0x00000000e9080000,0x00000000e9464920,0x00000000e9b80000)
  to   space 20992K, 0% used [0x00000000e7280000,0x00000000e7280000,0x00000000e8700000)
 ParOldGen       total 82432K, used 65006K [0x0000000082200000, 0x0000000087280000, 0x00000000d6100000)
  object space 82432K, 78% used [0x0000000082200000,0x000000008617bb28,0x0000000087280000)
 Metaspace       used 53135K, capacity 55514K, committed 55808K, reserved 1097728K
  class space    used 7019K, capacity 7408K, committed 7424K, reserved 1048576K
Event: 167.113 GC heap after
Heap after GC invocations=19 (full 2):
 PSYoungGen      total 301056K, used 20979K [0x00000000d6100000, 0x00000000ed700000, 0x0000000100000000)
  eden space 280064K, 0% used [0x00000000d6100000,0x00000000d6100000,0x00000000e7280000)
  from space 20992K, 99% used [0x00000000e7280000,0x00000000e86fcfa0,0x00000000e8700000)
  to   space 29696K, 0% used [0x00000000eba00000,0x00000000eba00000,0x00000000ed700000)
 ParOldGen       total 82432K, used 78986K [0x0000000082200000, 0x0000000087280000, 0x00000000d6100000)
  object space 82432K, 95% used [0x0000000082200000,0x0000000086f22ab0,0x0000000087280000)
 Metaspace       used 53135K, capacity 55514K, committed 55808K, reserved 1097728K
  class space    used 7019K, capacity 7408K, committed 7424K, reserved 1048576K
}
Event: 167.113 GC heap before
{Heap before GC invocations=20 (full 3):
 PSYoungGen      total 301056K, used 20979K [0x00000000d6100000, 0x00000000ed700000, 0x0000000100000000)
  eden space 280064K, 0% used [0x00000000d6100000,0x00000000d6100000,0x00000000e7280000)
  from space 20992K, 99% used [0x00000000e7280000,0x00000000e86fcfa0,0x00000000e8700000)
  to   space 29696K, 0% used [0x00000000eba00000,0x00000000eba00000,0x00000000ed700000)
 ParOldGen       total 82432K, used 78986K [0x0000000082200000, 0x0000000087280000, 0x00000000d6100000)
  object space 82432K, 95% used [0x0000000082200000,0x0000000086f22ab0,0x0000000087280000)
 Metaspace       used 53135K, capacity 55514K, committed 55808K, reserved 1097728K
  class space    used 7019K, capacity 7408K, committed 7424K, reserved 1048576K
Event: 167.378 GC heap after
Heap after GC invocations=20 (full 3):
 PSYoungGen      total 301056K, used 4071K [0x00000000d6100000, 0x00000000ed700000, 0x0000000100000000)
  eden space 280064K, 0% used [0x00000000d6100000,0x00000000d6100000,0x00000000e7280000)
  from space 20992K, 19% used [0x00000000e7280000,0x00000000e7679cf8,0x00000000e8700000)
  to   space 29696K, 0% used [0x00000000eba00000,0x00000000eba00000,0x00000000ed700000)
 ParOldGen       total 180736K, used 82418K [0x0000000082200000, 0x000000008d280000, 0x00000000d6100000)
  object space 180736K, 45% used [0x0000000082200000,0x000000008727c998,0x000000008d280000)
 Metaspace       used 53135K, capacity 55514K, committed 55808K, reserved 1097728K
  class space    used 7019K, capacity 7408K, committed 7424K, reserved 1048576K
}

Deoptimization events (10 events):
Event: 162.573 Thread 0x0000000019c50000 Uncommon trap: reason=bimorphic action=maybe_recompile pc=0x000000000409d1a0 method=org.hibernate.internal.util.compare.EqualsHelper.equals(Ljava/lang/Object;Ljava/lang/Object;)Z @ 19
Event: 162.681 Thread 0x0000000019c50000 Uncommon trap: reason=unstable_if action=reinterpret pc=0x0000000004b0ec58 method=org.hibernate.event.service.internal.EventListenerGroupImpl.listeners()Ljava/lang/Iterable; @ 4
Event: 162.799 Thread 0x0000000019c50000 Uncommon trap: reason=null_check action=make_not_entrant pc=0x00000000037ac1fc method=com.sun.javafx.scene.control.behavior.TextFieldBehavior$$Lambda$117/370139933.changed(Ljavafx/beans/value/ObservableValue;Ljava/lang/Object;Ljava/lang/Object;)V @ 14
Event: 162.821 Thread 0x0000000019c50000 Uncommon trap: reason=unstable_if action=reinterpret pc=0x0000000003aefc08 method=javafx.stage.Window$TKBoundsConfigurator.apply()V @ 21
Event: 167.407 Thread 0x0000000017eff800 Uncommon trap: reason=unloaded action=reinterpret pc=0x0000000004ab61ec method=com.microsoft.sqlserver.jdbc.TDSChannel$ProxyInputStream.readInternal([BII)I @ 117
Event: 169.747 Thread 0x0000000019c50000 Uncommon trap: reason=unstable_if action=reinterpret pc=0x0000000004a4a084 method=org.hibernate.internal.util.collections.ConcurrentReferenceHashMap$Segment.get(Ljava/lang/Object;I)Ljava/lang/Object; @ 4
Event: 173.914 Thread 0x0000000019c50000 Uncommon trap: reason=class_check action=maybe_recompile pc=0x0000000004a6360c method=com.microsoft.sqlserver.jdbc.DDC.convertStreamToObject(Lcom/microsoft/sqlserver/jdbc/BaseInputStream;Lcom/microsoft/sqlserver/jdbc/TypeInfo;Lcom/microsoft/sqlserver/jdbc
Event: 173.915 Thread 0x0000000019c50000 Uncommon trap: reason=class_check action=maybe_recompile pc=0x0000000004a6360c method=com.microsoft.sqlserver.jdbc.DDC.convertStreamToObject(Lcom/microsoft/sqlserver/jdbc/BaseInputStream;Lcom/microsoft/sqlserver/jdbc/TypeInfo;Lcom/microsoft/sqlserver/jdbc
Event: 175.209 Thread 0x0000000019c50000 Uncommon trap: reason=unstable_if action=reinterpret pc=0x0000000004b81b54 method=java.util.TimSort.sort([Ljava/lang/Object;IILjava/util/Comparator;[Ljava/lang/Object;II)V @ 114
Event: 175.227 Thread 0x0000000019c50000 Uncommon trap: reason=unstable_if action=reinterpret pc=0x000000000519788c method=javafx.scene.CssStyleHelper.lookupFont(Ljavafx/css/Styleable;Ljava/lang/String;Lcom/sun/javafx/css/StyleMap;Lcom/sun/javafx/css/CalculatedValue;)Lcom/sun/javafx/css/Calculat

Classes redefined (0 events):
No events

Internal exceptions (10 events):
Event: 97.604 Thread 0x0000000019c28800 Implicit null exception at 0x00000000048debd4 to 0x00000000048dec39
Event: 97.605 Thread 0x0000000019c28800 Implicit null exception at 0x0000000003aa7950 to 0x0000000003aa79a9
Event: 111.497 Thread 0x0000000019c50000 Implicit null exception at 0x0000000003f0394c to 0x0000000003f03add
Event: 111.555 Thread 0x0000000019c50000 Implicit null exception at 0x00000000044e2f34 to 0x00000000044e3083
Event: 162.405 Thread 0x0000000019c50000 Implicit null exception at 0x0000000004b34942 to 0x0000000004b34af1
Event: 162.405 Thread 0x0000000019c50000 Implicit null exception at 0x0000000004a7baaf to 0x0000000004a7bc75
Event: 162.799 Thread 0x0000000019c50000 Implicit null exception at 0x00000000037abbaa to 0x00000000037ac1e1
Event: 167.381 Thread 0x0000000017eff800 Exception <a 'java/net/SocketException': socket closed> (0x00000000d66ce868) thrown at [C:\ade\jenkins\workspace\8-2-build-windows-amd64-cygwin\jdk8u241\331\hotspot\src\share\vm\prims\jni.cpp, line 736]
Event: 173.984 Thread 0x0000000019c50000 Exception <a 'java/lang/NullPointerException'> (0x00000000d7b23030) thrown at [C:\ade\jenkins\workspace\8-2-build-windows-amd64-cygwin\jdk8u241\331\hotspot\src\share\vm\interpreter\linkResolver.cpp, line 1185]
Event: 174.020 Thread 0x0000000019c50000 Exception <a 'java/io/FileNotFoundException'> (0x00000000d7b401d0) thrown at [C:\ade\jenkins\workspace\8-2-build-windows-amd64-cygwin\jdk8u241\331\hotspot\src\share\vm\prims\jni.cpp, line 710]

Events (10 events):
Event: 175.238 Thread 0x0000000022c15800 Thread exited: 0x0000000022c15800
Event: 175.238 Executing VM operation: RevokeBias
Event: 175.238 Executing VM operation: RevokeBias done
Event: 177.440 Thread 0x0000000022c1c800 Thread added: 0x0000000022c1c800
Event: 177.441 Thread 0x0000000022c1c800 Thread exited: 0x0000000022c1c800
Event: 180.399 Thread 0x0000000017f1c800 flushing nmethod 0x000000000390dc90
Event: 180.909 Thread 0x0000000017f1d800 flushing nmethod 0x0000000003966a50
Event: 181.618 Thread 0x0000000017f1d800 flushing nmethod 0x000000000416d450
Event: 181.677 Thread 0x0000000017f1d800 flushing nmethod 0x00000000043abf90
Event: 182.636 Thread 0x0000000017f1d800 flushing nmethod 0x0000000004672c90


Dynamic libraries:
0x00007ff7fb170000 - 0x00007ff7fb1a7000 	C:\Program Files\Java\jre1.8.0_241\bin\javaw.exe
0x00007ff86e220000 - 0x00007ff86e3fb000 	C:\Windows\SYSTEM32\ntdll.dll
0x00007ff86bc80000 - 0x00007ff86bd2e000 	C:\Windows\System32\KERNEL32.DLL
0x00007ff86ad30000 - 0x00007ff86af7a000 	C:\Windows\System32\KERNELBASE.dll
0x00007ff86d950000 - 0x00007ff86d9f1000 	C:\Windows\System32\ADVAPI32.dll
0x00007ff86d850000 - 0x00007ff86d8ed000 	C:\Windows\System32\msvcrt.dll
0x00007ff86ba80000 - 0x00007ff86bad9000 	C:\Windows\System32\sechost.dll
0x00007ff86e0f0000 - 0x00007ff86e215000 	C:\Windows\System32\RPCRT4.dll
0x00007ff86dc40000 - 0x00007ff86dd8a000 	C:\Windows\System32\USER32.dll
0x00007ff86a7a0000 - 0x00007ff86a7be000 	C:\Windows\System32\win32u.dll
0x00007ff86bea0000 - 0x00007ff86bec7000 	C:\Windows\System32\GDI32.dll
0x00007ff86a930000 - 0x00007ff86aab8000 	C:\Windows\System32\gdi32full.dll
0x00007ff86aac0000 - 0x00007ff86ab5a000 	C:\Windows\System32\msvcp_win.dll
0x00007ff86af80000 - 0x00007ff86b076000 	C:\Windows\System32\ucrtbase.dll
0x00007ff85f0a0000 - 0x00007ff85f307000 	C:\Windows\WinSxS\amd64_microsoft.windows.common-controls_6595b64144ccf1df_6.0.15063.1155_none_40c7922129a7722b\COMCTL32.dll
0x00007ff86b780000 - 0x00007ff86ba79000 	C:\Windows\System32\combase.dll
0x00007ff86a7c0000 - 0x00007ff86a82a000 	C:\Windows\System32\bcryptPrimitives.dll
0x00007ff86bc30000 - 0x00007ff86bc5d000 	C:\Windows\System32\IMM32.DLL
0x00007ff843e10000 - 0x00007ff843ec1000 	C:\Program Files\McAfee\Endpoint Security\Threat Prevention\Ips\EpMPApi.dll
0x00007ff86a740000 - 0x00007ff86a797000 	C:\Windows\System32\WINTRUST.dll
0x00007ff86a700000 - 0x00007ff86a711000 	C:\Windows\System32\MSASN1.dll
0x00007ff86ab60000 - 0x00007ff86ad29000 	C:\Windows\System32\CRYPT32.dll
0x0000000073910000 - 0x000000007391c000 	C:\Program Files\McAfee\Endpoint Security\Threat Prevention\Ips\EpMPThe.dll
0x0000000074360000 - 0x0000000074432000 	C:\Program Files\Java\jre1.8.0_241\bin\msvcr100.dll
0x0000000072af0000 - 0x000000007339c000 	C:\Program Files\Java\jre1.8.0_241\bin\server\jvm.dll
0x00007ff86e0d0000 - 0x00007ff86e0d8000 	C:\Windows\System32\PSAPI.DLL
0x00007ff868970000 - 0x00007ff868993000 	C:\Windows\SYSTEM32\WINMM.dll
0x00007ff85c1a0000 - 0x00007ff85c1aa000 	C:\Windows\SYSTEM32\VERSION.dll
0x00007ff857980000 - 0x00007ff857989000 	C:\Windows\SYSTEM32\WSOCK32.dll
0x00007ff868940000 - 0x00007ff86896b000 	C:\Windows\SYSTEM32\WINMMBASE.dll
0x00007ff86e060000 - 0x00007ff86e0cc000 	C:\Windows\System32\WS2_32.dll
0x00007ff86a8e0000 - 0x00007ff86a929000 	C:\Windows\System32\cfgmgr32.dll
0x00007ff866540000 - 0x00007ff86654f000 	C:\Program Files\Java\jre1.8.0_241\bin\verify.dll
0x00007ff85ee80000 - 0x00007ff85eea9000 	C:\Program Files\Java\jre1.8.0_241\bin\java.dll
0x00007ff866170000 - 0x00007ff866186000 	C:\Program Files\Java\jre1.8.0_241\bin\zip.dll
0x00007ff86c410000 - 0x00007ff86d848000 	C:\Windows\System32\SHELL32.dll
0x00007ff86db90000 - 0x00007ff86dc3a000 	C:\Windows\System32\shcore.dll
0x00007ff86b080000 - 0x00007ff86b771000 	C:\Windows\System32\windows.storage.dll
0x00007ff86dd90000 - 0x00007ff86dde1000 	C:\Windows\System32\shlwapi.dll
0x00007ff86a690000 - 0x00007ff86a6a1000 	C:\Windows\System32\kernel.appcore.dll
0x00007ff86a6b0000 - 0x00007ff86a6fc000 	C:\Windows\System32\powrprof.dll
0x00007ff86a720000 - 0x00007ff86a735000 	C:\Windows\System32\profapi.dll
0x0000000003160000 - 0x0000000003163000 	C:\Program Files\Java\jre1.8.0_241\bin\api-ms-win-core-console-l1-1-0.dll
0x0000000003170000 - 0x0000000003173000 	C:\Program Files\Java\jre1.8.0_241\bin\api-ms-win-core-datetime-l1-1-0.dll
0x0000000003190000 - 0x0000000003193000 	C:\Program Files\Java\jre1.8.0_241\bin\api-ms-win-core-debug-l1-1-0.dll
0x00000000031a0000 - 0x00000000031a3000 	C:\Program Files\Java\jre1.8.0_241\bin\api-ms-win-core-errorhandling-l1-1-0.dll
0x00000000031b0000 - 0x00000000031b4000 	C:\Program Files\Java\jre1.8.0_241\bin\api-ms-win-core-file-l1-1-0.dll
0x00000000031c0000 - 0x00000000031c3000 	C:\Program Files\Java\jre1.8.0_241\bin\api-ms-win-core-file-l1-2-0.dll
0x00000000031d0000 - 0x00000000031d3000 	C:\Program Files\Java\jre1.8.0_241\bin\api-ms-win-core-file-l2-1-0.dll
0x00000000031e0000 - 0x00000000031e3000 	C:\Program Files\Java\jre1.8.0_241\bin\api-ms-win-core-handle-l1-1-0.dll
0x00000000031f0000 - 0x00000000031f3000 	C:\Program Files\Java\jre1.8.0_241\bin\api-ms-win-core-heap-l1-1-0.dll
0x0000000003200000 - 0x0000000003203000 	C:\Program Files\Java\jre1.8.0_241\bin\api-ms-win-core-interlocked-l1-1-0.dll
0x0000000003210000 - 0x0000000003213000 	C:\Program Files\Java\jre1.8.0_241\bin\api-ms-win-core-libraryloader-l1-1-0.dll
0x0000000003220000 - 0x0000000003223000 	C:\Program Files\Java\jre1.8.0_241\bin\api-ms-win-core-localization-l1-2-0.dll
0x0000000019e60000 - 0x0000000019e63000 	C:\Program Files\Java\jre1.8.0_241\bin\api-ms-win-core-memory-l1-1-0.dll
0x0000000019e70000 - 0x0000000019e73000 	C:\Program Files\Java\jre1.8.0_241\bin\api-ms-win-core-namedpipe-l1-1-0.dll
0x0000000019e80000 - 0x0000000019e83000 	C:\Program Files\Java\jre1.8.0_241\bin\api-ms-win-core-processenvironment-l1-1-0.dll
0x0000000019e90000 - 0x0000000019e93000 	C:\Program Files\Java\jre1.8.0_241\bin\api-ms-win-core-processthreads-l1-1-0.dll
0x0000000019ea0000 - 0x0000000019ea3000 	C:\Program Files\Java\jre1.8.0_241\bin\api-ms-win-core-processthreads-l1-1-1.dll
0x0000000019eb0000 - 0x0000000019eb3000 	C:\Program Files\Java\jre1.8.0_241\bin\api-ms-win-core-profile-l1-1-0.dll
0x0000000019ec0000 - 0x0000000019ec3000 	C:\Program Files\Java\jre1.8.0_241\bin\api-ms-win-core-rtlsupport-l1-1-0.dll
0x0000000019ed0000 - 0x0000000019ed3000 	C:\Program Files\Java\jre1.8.0_241\bin\api-ms-win-core-string-l1-1-0.dll
0x0000000019ee0000 - 0x0000000019ee3000 	C:\Program Files\Java\jre1.8.0_241\bin\api-ms-win-core-synch-l1-1-0.dll
0x0000000019ef0000 - 0x0000000019ef3000 	C:\Program Files\Java\jre1.8.0_241\bin\api-ms-win-core-synch-l1-2-0.dll
0x0000000019f00000 - 0x0000000019f03000 	C:\Program Files\Java\jre1.8.0_241\bin\api-ms-win-core-sysinfo-l1-1-0.dll
0x0000000019f10000 - 0x0000000019f13000 	C:\Program Files\Java\jre1.8.0_241\bin\api-ms-win-core-timezone-l1-1-0.dll
0x0000000019f20000 - 0x0000000019f23000 	C:\Program Files\Java\jre1.8.0_241\bin\api-ms-win-core-util-l1-1-0.dll
0x0000000019f30000 - 0x0000000019f33000 	C:\Program Files\Java\jre1.8.0_241\bin\api-ms-win-crt-conio-l1-1-0.dll
0x0000000019f40000 - 0x0000000019f44000 	C:\Program Files\Java\jre1.8.0_241\bin\api-ms-win-crt-convert-l1-1-0.dll
0x0000000019f50000 - 0x0000000019f53000 	C:\Program Files\Java\jre1.8.0_241\bin\api-ms-win-crt-environment-l1-1-0.dll
0x0000000019f60000 - 0x0000000019f63000 	C:\Program Files\Java\jre1.8.0_241\bin\api-ms-win-crt-filesystem-l1-1-0.dll
0x0000000019f70000 - 0x0000000019f73000 	C:\Program Files\Java\jre1.8.0_241\bin\api-ms-win-crt-heap-l1-1-0.dll
0x0000000019f80000 - 0x0000000019f83000 	C:\Program Files\Java\jre1.8.0_241\bin\api-ms-win-crt-locale-l1-1-0.dll
0x0000000019f90000 - 0x0000000019f95000 	C:\Program Files\Java\jre1.8.0_241\bin\api-ms-win-crt-math-l1-1-0.dll
0x0000000019fa0000 - 0x0000000019fa5000 	C:\Program Files\Java\jre1.8.0_241\bin\api-ms-win-crt-multibyte-l1-1-0.dll
0x0000000019fb0000 - 0x0000000019fc0000 	C:\Program Files\Java\jre1.8.0_241\bin\api-ms-win-crt-private-l1-1-0.dll
0x0000000019fc0000 - 0x0000000019fc3000 	C:\Program Files\Java\jre1.8.0_241\bin\api-ms-win-crt-process-l1-1-0.dll
0x0000000019fd0000 - 0x0000000019fd4000 	C:\Program Files\Java\jre1.8.0_241\bin\api-ms-win-crt-runtime-l1-1-0.dll
0x0000000019fe0000 - 0x0000000019fe4000 	C:\Program Files\Java\jre1.8.0_241\bin\api-ms-win-crt-stdio-l1-1-0.dll
0x0000000019ff0000 - 0x0000000019ff4000 	C:\Program Files\Java\jre1.8.0_241\bin\api-ms-win-crt-string-l1-1-0.dll
0x000000001a000000 - 0x000000001a003000 	C:\Program Files\Java\jre1.8.0_241\bin\api-ms-win-crt-time-l1-1-0.dll
0x000000001a010000 - 0x000000001a013000 	C:\Program Files\Java\jre1.8.0_241\bin\api-ms-win-crt-utility-l1-1-0.dll
0x00007ff843210000 - 0x00007ff84330c000 	C:\Program Files\Java\jre1.8.0_241\bin\ucrtbase.dll
0x00007ff864bc0000 - 0x00007ff864bd5000 	C:\Program Files\Java\jre1.8.0_241\bin\vcruntime140.dll
0x00007ff85c100000 - 0x00007ff85c19b000 	C:\Program Files\Java\jre1.8.0_241\bin\msvcp140.dll
0x00007ff8513b0000 - 0x00007ff851401000 	C:\Program Files\Java\jre1.8.0_241\bin\concrt140.dll
0x00007ff85bfc0000 - 0x00007ff85bfe3000 	C:\Program Files\Java\jre1.8.0_241\bin\prism_d3d.dll
0x00007ff837370000 - 0x00007ff8374f9000 	C:\Windows\system32\d3d9.dll
0x00007ff8688e0000 - 0x00007ff86890a000 	C:\Windows\SYSTEM32\dwmapi.dll
0x00007ff868b90000 - 0x00007ff868c25000 	C:\Windows\system32\uxtheme.dll
0x00007ff843880000 - 0x00007ff843a57000 	C:\Windows\System32\DriverStore\FileRepository\ki127171.inf_amd64_368f8c7337214025\igdumdim64.dll
0x00007ff8155c0000 - 0x00007ff8185bd000 	C:\Windows\System32\DriverStore\FileRepository\ki127171.inf_amd64_368f8c7337214025\igd9dxva64.dll
0x00007ff86bae0000 - 0x00007ff86bc25000 	C:\Windows\System32\ole32.dll
0x00007ff86df90000 - 0x00007ff86e050000 	C:\Windows\System32\OLEAUT32.dll
0x00007ff8560b0000 - 0x00007ff8560f5000 	C:\Program Files\Java\jre1.8.0_241\bin\glass.dll
0x00007ff86da00000 - 0x00007ff86db08000 	C:\Windows\System32\COMDLG32.dll
0x00007ff86bd30000 - 0x00007ff86be96000 	C:\Windows\System32\MSCTF.dll
0x00007ff860280000 - 0x00007ff862015000 	C:\Windows\System32\DriverStore\FileRepository\ki127171.inf_amd64_368f8c7337214025\igc64.dll
0x00007ff85bf10000 - 0x00007ff85bf24000 	C:\Program Files\Java\jre1.8.0_241\bin\javafx_font.dll
0x00007ff836280000 - 0x00007ff83653f000 	C:\Windows\SYSTEM32\dwrite.dll
0x00007ff86bed0000 - 0x00007ff86bf6e000 	C:\Windows\System32\clbcatq.dll
0x00007ff865af0000 - 0x00007ff865c9c000 	C:\Windows\SYSTEM32\WindowsCodecs.dll
0x00007ff85fd20000 - 0x00007ff85fd67000 	C:\Windows\system32\dataexchange.dll
0x00007ff866bc0000 - 0x00007ff866e9f000 	C:\Windows\system32\d3d11.dll
0x00007ff8675c0000 - 0x00007ff8676e3000 	C:\Windows\system32\dcomp.dll
0x00007ff8693d0000 - 0x00007ff869474000 	C:\Windows\system32\dxgi.dll
0x00007ff868e40000 - 0x00007ff868fb0000 	C:\Windows\system32\twinapi.appcore.dll
0x00007ff86a250000 - 0x00007ff86a275000 	C:\Windows\system32\bcrypt.dll
0x00007ff8687b0000 - 0x00007ff8687e1000 	C:\Program Files\Common Files\Microsoft Shared\Ink\rtscom.dll
0x00007ff864fb0000 - 0x00007ff865031000 	C:\Windows\System32\TextInputFramework.dll
0x00007ff866ea0000 - 0x00007ff866f84000 	C:\Windows\System32\CoreMessaging.dll
0x00007ff865710000 - 0x00007ff8659e3000 	C:\Windows\System32\CoreUIComponents.dll
0x00007ff869310000 - 0x00007ff869341000 	C:\Windows\SYSTEM32\ntmarta.dll
0x00007ff868560000 - 0x00007ff868575000 	C:\Windows\SYSTEM32\usermgrcli.dll
0x00007ff8662d0000 - 0x00007ff866409000 	C:\Windows\SYSTEM32\wintypes.dll
0x00007ff85ba60000 - 0x00007ff85ba71000 	C:\Program Files\Java\jre1.8.0_241\bin\prism_common.dll
0x00007ff865550000 - 0x00007ff86556a000 	C:\Program Files\Java\jre1.8.0_241\bin\net.dll
0x00007ff869f40000 - 0x00007ff869f9c000 	C:\Windows\system32\mswsock.dll
0x00007ff850ff0000 - 0x00007ff851006000 	C:\Windows\system32\napinsp.dll
0x00007ff851010000 - 0x00007ff85102a000 	C:\Windows\system32\pnrpnsp.dll
0x00007ff868660000 - 0x00007ff868678000 	C:\Windows\system32\NLAapi.dll
0x00007ff869d20000 - 0x00007ff869dc4000 	C:\Windows\SYSTEM32\DNSAPI.dll
0x00000000225a0000 - 0x00000000225a8000 	C:\Windows\System32\NSI.dll
0x00007ff869ce0000 - 0x00007ff869d17000 	C:\Windows\SYSTEM32\IPHLPAPI.DLL
0x00007ff851080000 - 0x00007ff85108e000 	C:\Windows\System32\winrnr.dll
0x00007ff851060000 - 0x00007ff851075000 	C:\Windows\System32\wshbth.dll
0x00007ff85ab40000 - 0x00007ff85ab4a000 	C:\Windows\System32\rasadhlp.dll
0x00007ff864e80000 - 0x00007ff864eeb000 	C:\Windows\System32\fwpuclnt.dll

VM Arguments:
jvm_args: -Dfile.encoding=UTF-8 
java_command: principal.Principal
java_class_path (initial): C:\Program Files\Java\jre1.8.0_241\lib\resources.jar;C:\Program Files\Java\jre1.8.0_241\lib\rt.jar;C:\Program Files\Java\jre1.8.0_241\lib\jsse.jar;C:\Program Files\Java\jre1.8.0_241\lib\jce.jar;C:\Program Files\Java\jre1.8.0_241\lib\charsets.jar;C:\Program Files\Java\jre1.8.0_241\lib\jfr.jar;C:\Program Files\Java\jre1.8.0_241\lib\ext\access-bridge-64.jar;C:\Program Files\Java\jre1.8.0_241\lib\ext\cldrdata.jar;C:\Program Files\Java\jre1.8.0_241\lib\ext\dnsns.jar;C:\Program Files\Java\jre1.8.0_241\lib\ext\jaccess.jar;C:\Program Files\Java\jre1.8.0_241\lib\ext\jfxrt.jar;C:\Program Files\Java\jre1.8.0_241\lib\ext\localedata.jar;C:\Program Files\Java\jre1.8.0_241\lib\ext\nashorn.jar;C:\Program Files\Java\jre1.8.0_241\lib\ext\sunec.jar;C:\Program Files\Java\jre1.8.0_241\lib\ext\sunjce_provider.jar;C:\Program Files\Java\jre1.8.0_241\lib\ext\sunmscapi.jar;C:\Program Files\Java\jre1.8.0_241\lib\ext\sunpkcs11.jar;C:\Program Files\Java\jre1.8.0_241\lib\ext\zipfs.jar;C:\Users\fabricio.barrozo\eclipse-workspace\adasa6\target\classes;C:\Users\fabricio.barrozo\.m2\repository\commons-codec\commons-codec\1.11\commons-codec-1.11.jar;C:\Users\fabricio.barrozo\.m2\repository\com\microsoft\sqlserver\mssql-jdbc\7.0.0.jre8\mssql-jdbc-7.0.0.jre8.jar;C:\Users\fabricio.barrozo\.m2\repository\org\hibernate\hibernate-spatial\5.1.0.Final\hibernate-spatial-5.1.0.Final.jar;C:\Users\fabricio.barrozo\.m2\repository\org\jboss\logging\jboss-logging\3.3.0.Final\jboss-logging-3.3.0.Final.jar;C:\Users\fabricio.barrozo\.m2\repository\org\hibernate\hibernate-core\5.1.0.Final\hibernate-core-5.1.0.Final.jar;C:\Users\fabricio.barrozo\.m2\repository\org\hibernate\javax\persistence\hibernate-jpa-2.1-api\1.0.0.Final\hibernate-jpa-2.1-api-1.0.0.Final.jar;C:\Users\fabricio.barrozo\.m2\repository\org\javassist\javassist\3.20.0-GA\javassist-3.20.0-GA.jar;C:\Users\fabricio.barrozo\.m2\repository\antlr\antlr\2.7.7\antlr-2.7.7.jar;C:\Users\fabricio.barrozo\.m2\repository\org\apache\geronim
Launcher Type: SUN_STANDARD

Environment Variables:
JAVA_HOME=C:\Program Files\Java\jdk1.8.0_191
PATH=C:/Program Files/Java/jre1.8.0_241/bin/server;C:/Program Files/Java/jre1.8.0_241/bin;C:/Program Files/Java/jre1.8.0_241/lib/amd64;C:\Program Files (x86)\Common Files\Oracle\Java\javapath;C:\ProgramData\Oracle\Java\javapath;C:\Program Files (x86)\Intel\iCLS Client\;C:\Program Files\Intel\iCLS Client\;C:\Windows\system32;C:\Windows;C:\Windows\System32\Wbem;C:\Windows\System32\WindowsPowerShell\v1.0\;C:\Program Files (x86)\Intel\Intel(R) Management Engine Components\DAL;C:\Program Files\Intel\Intel(R) Management Engine Components\DAL;C:\Program Files (x86)\Intel\Intel(R) Management Engine Components\IPT;C:\Program Files\Intel\Intel(R) Management Engine Components\IPT;C:\Program Files\Intel\WiFi\bin\;C:\Program Files\Common Files\Intel\WirelessCommon\;c:\Program Files\Microsoft SQL Server\110\Tools\Binn\;c:\Program Files (x86)\Microsoft SQL Server\110\Tools\Binn\ManagementStudio\;c:\Program Files (x86)\Microsoft SQL Server\110\Tools\Binn\;c:\Program Files (x86)\Microsoft SQL Server\110\DTS\Binn\;C:\apache-maven-3.6.0\bin;C:\Program Files\Microsoft SQL Server Migration Assistant for Access\bin\;C:\Users\fabricio.barrozo\AppData\Local\Microsoft\WindowsApps;;C:\Users\fabricio.barrozo\AppData\Local\Programs\Microsoft VS Code\bin;C:\Windows\system32;
USERNAME=fabricio.barrozo
OS=Windows_NT
PROCESSOR_IDENTIFIER=Intel64 Family 6 Model 94 Stepping 3, GenuineIntel



---------------  S Y S T E M  ---------------

OS: Windows 10.0 , 64 bit Build 15063 (10.0.15063.1058)

CPU:total 4 (initial active 4) (4 cores per cpu, 1 threads per core) family 6 model 94 stepping 3, cmov, cx8, fxsr, mmx, sse, sse2, sse3, ssse3, sse4.1, sse4.2, popcnt, avx, avx2, aes, clmul, erms, rtm, 3dnowpref, lzcnt, tsc, tscinvbit, bmi1, bmi2, adx

Memory: 4k page, physical 8249056k(2005424k free), swap 10196704k(3892k free)

vm_info: Java HotSpot(TM) 64-Bit Server VM (25.241-b07) for windows-amd64 JRE (1.8.0_241-b07), built on Dec 11 2019 10:21:40 by "rejava" with MS VC++ 10.0 (VS2010)

time: Wed Mar 11 12:04:33 2020
timezone: Hora oficial do Brasil
elapsed time: 182 seconds (0d 0h 3m 2s)

