#
# There is insufficient memory for the Java Runtime Environment to continue.
# Native memory allocation (malloc) failed to allocate 1021616 bytes for Chunk::new
# Possible reasons:
#   The system is out of physical RAM or swap space
#   The process is running with CompressedOops enabled, and the Java Heap may be blocking the growth of the native heap
# Possible solutions:
#   Reduce memory load on the system
#   Increase physical memory or swap space
#   Check if swap backing store is full
#   Decrease Java heap size (-Xmx/-Xms)
#   Decrease number of Java threads
#   Decrease Java thread stack sizes (-Xss)
#   Set larger code cache with -XX:ReservedCodeCacheSize=
#   JVM is running with Unscaled Compressed Oops mode in which the Java heap is
#     placed in the first 4GB address space. The Java Heap base address is the
#     maximum limit for the native heap growth. Please use -XX:HeapBaseMinAddress
#     to set the Java Heap base and to place the Java Heap above 4GB virtual address.
# This output file may be truncated or incomplete.
#
#  Out of Memory Error (allocation.cpp:389), pid=1632, tid=0x00000000000042fc
#
# JRE version: Java(TM) SE Runtime Environment (8.0_241-b07) (build 1.8.0_241-b07)
# Java VM: Java HotSpot(TM) 64-Bit Server VM (25.241-b07 mixed mode windows-amd64 compressed oops)
# Failed to write core dump. Minidumps are not enabled by default on client versions of Windows
#

---------------  T H R E A D  ---------------

Current thread (0x0000000017f1d000):  JavaThread "C2 CompilerThread1" daemon [_thread_in_native, id=17148, stack(0x0000000019670000,0x0000000019770000)]

Stack: [0x0000000019670000,0x0000000019770000]
[error occurred during error reporting (printing stack bounds), id 0xc0000005]

Native frames: (J=compiled Java code, j=interpreted, Vv=VM code, C=native code)


Current CompileTask:
C2:   6242 3425       4       java.net.URLClassLoader$1::run (5 bytes)


---------------  P R O C E S S  ---------------

Java Threads: ( => current thread )
  0x00000000233c4000 JavaThread "pool-3-thread-1" [_thread_blocked, id=4704, stack(0x0000000026660000,0x0000000026760000)]
  0x00000000228d8800 JavaThread "Prism Font Disposer" daemon [_thread_blocked, id=14780, stack(0x0000000022670000,0x0000000022770000)]
  0x000000001a165000 JavaThread "Thread-3" daemon [_thread_in_native, id=9484, stack(0x00000000216b0000,0x00000000217b0000)]
  0x000000001a15a800 JavaThread "JavaFX-Launcher" [_thread_blocked, id=15684, stack(0x00000000217b0000,0x00000000218b0000)]
  0x000000001a0ee800 JavaThread "JavaFX Application Thread" [_thread_in_Java, id=4928, stack(0x000000001acf0000,0x000000001adf0000)]
  0x000000001a0eb800 JavaThread "Thread-1" daemon [_thread_blocked, id=9972, stack(0x000000001abf0000,0x000000001acf0000)]
  0x0000000019c24800 JavaThread "QuantumRenderer-0" daemon [_thread_blocked, id=9016, stack(0x000000001a8e0000,0x000000001a9e0000)]
  0x0000000019890800 JavaThread "Service Thread" daemon [_thread_blocked, id=5928, stack(0x0000000019c70000,0x0000000019d70000)]
  0x0000000017f1e000 JavaThread "C1 CompilerThread2" daemon [_thread_in_vm, id=15480, stack(0x0000000019770000,0x0000000019870000)]
=>0x0000000017f1d000 JavaThread "C2 CompilerThread1" daemon [_thread_in_native, id=17148, stack(0x0000000019670000,0x0000000019770000)]
  0x0000000017f19000 JavaThread "C2 CompilerThread0" daemon [_thread_in_native, id=13464, stack(0x0000000019570000,0x0000000019670000)]
  0x0000000017f15800 JavaThread "Attach Listener" daemon [_thread_blocked, id=12552, stack(0x0000000019470000,0x0000000019570000)]
  0x0000000017f14800 JavaThread "Signal Dispatcher" daemon [_thread_blocked, id=17352, stack(0x0000000019370000,0x0000000019470000)]
  0x0000000017f00000 JavaThread "Finalizer" daemon [_thread_blocked, id=10560, stack(0x0000000019170000,0x0000000019270000)]
  0x0000000017ed8800 JavaThread "Reference Handler" daemon [_thread_blocked, id=13324, stack(0x0000000019070000,0x0000000019170000)]
  0x0000000003346000 JavaThread "main" [_thread_blocked, id=16412, stack(0x0000000003200000,0x0000000003300000)]

Other Threads:
  0x0000000017ed7800 VMThread [stack: 0x0000000018f70000,0x0000000019070000] [id=11308]
  0x0000000017f6d000 WatcherThread [stack: 0x0000000019d70000,0x0000000019e70000] [id=17028]

VM state:not at safepoint (normal execution)

VM Mutex/Monitor currently owned by a thread: None

heap address: 0x0000000082200000, size: 2014 MB, Compressed Oops mode: 32-bit
Narrow klass base: 0x0000000000000000, Narrow klass shift: 3
Compressed class space size: 1073741824 Address: 0x0000000100000000

Heap:
 PSYoungGen      total 59392K, used 29203K [0x00000000d6100000, 0x00000000da980000, 0x0000000100000000)
  eden space 49152K, 59% used [0x00000000d6100000,0x00000000d7d84fe0,0x00000000d9100000)
  from space 10240K, 0% used [0x00000000d9b80000,0x00000000d9b80000,0x00000000da580000)
  to   space 10752K, 0% used [0x00000000d9100000,0x00000000d9100000,0x00000000d9b80000)
 ParOldGen       total 96256K, used 17181K [0x0000000082200000, 0x0000000088000000, 0x00000000d6100000)
  object space 96256K, 17% used [0x0000000082200000,0x00000000832c7710,0x0000000088000000)
 Metaspace       used 35861K, capacity 36660K, committed 36864K, reserved 1081344K
  class space    used 4913K, capacity 5081K, committed 5120K, reserved 1048576K

Card table byte_map: [0x0000000012800000,0x0000000012bf0000] byte_map_base: 0x00000000123ef000

Marking Bits: (ParMarkBitMap*) 0x000000007331be30
 Begin Bits: [0x0000000013290000, 0x0000000015208000)
 End Bits:   [0x0000000015208000, 0x0000000017180000)

Polling page: 0x00000000017f0000

CodeCache: size=245760Kb used=10873Kb max_used=10873Kb free=234886Kb
 bounds [0x0000000003440000, 0x0000000003ef0000, 0x0000000012440000]
 total_blobs=4296 nmethods=3458 adapters=748
 compilation: enabled

Compilation events (10 events):
Event: 6.239 Thread 0x0000000017f1e000 3443       1       org.hibernate.tuple.entity.EntityMetamodel::getPropertyNames (5 bytes)
Event: 6.239 Thread 0x0000000017f1e000 nmethod 3443 0x0000000003ed4c10 code [0x0000000003ed4d60, 0x0000000003ed4e70]
Event: 6.239 Thread 0x0000000017f1e000 3445       1       org.hibernate.tuple.AbstractNonIdentifierAttribute::source (5 bytes)
Event: 6.239 Thread 0x0000000017f1e000 nmethod 3445 0x0000000003ed4ed0 code [0x0000000003ed5020, 0x0000000003ed5130]
Event: 6.239 Thread 0x0000000017f1e000 3447       1       org.hibernate.dialect.SQLServerDialect::openQuote (3 bytes)
Event: 6.239 Thread 0x0000000017f1e000 nmethod 3447 0x0000000003ed5190 code [0x0000000003ed52e0, 0x0000000003ed53f0]
Event: 6.239 Thread 0x0000000017f1e000 3448       1       org.hibernate.persister.entity.AbstractEntityPersister::getSubclassColumnClosure (5 bytes)
Event: 6.239 Thread 0x0000000017f1e000 nmethod 3448 0x0000000003ed5450 code [0x0000000003ed55a0, 0x0000000003ed56b0]
Event: 6.239 Thread 0x0000000017f1e000 3446       1       org.hibernate.loader.PropertyPath::getParent (5 bytes)
Event: 6.240 Thread 0x0000000017f1e000 nmethod 3446 0x0000000003ed5710 code [0x0000000003ed5860, 0x0000000003ed5970]

GC Heap History (10 events):
Event: 3.973 GC heap before
{Heap before GC invocations=4 (full 1):
 PSYoungGen      total 37888K, used 5093K [0x00000000d6100000, 0x00000000d8b00000, 0x0000000100000000)
  eden space 32768K, 0% used [0x00000000d6100000,0x00000000d6100000,0x00000000d8100000)
  from space 5120K, 99% used [0x00000000d8100000,0x00000000d85f9448,0x00000000d8600000)
  to   space 5120K, 0% used [0x00000000d8600000,0x00000000d8600000,0x00000000d8b00000)
 ParOldGen       total 86016K, used 6133K [0x0000000082200000, 0x0000000087600000, 0x00000000d6100000)
  object space 86016K, 7% used [0x0000000082200000,0x00000000827fd628,0x0000000087600000)
 Metaspace       used 20540K, capacity 21242K, committed 21296K, reserved 1067008K
  class space    used 3028K, capacity 3194K, committed 3200K, reserved 1048576K
Event: 3.999 GC heap after
Heap after GC invocations=4 (full 1):
 PSYoungGen      total 37888K, used 0K [0x00000000d6100000, 0x00000000d8b00000, 0x0000000100000000)
  eden space 32768K, 0% used [0x00000000d6100000,0x00000000d6100000,0x00000000d8100000)
  from space 5120K, 0% used [0x00000000d8100000,0x00000000d8100000,0x00000000d8600000)
  to   space 5120K, 0% used [0x00000000d8600000,0x00000000d8600000,0x00000000d8b00000)
 ParOldGen       total 61952K, used 9876K [0x0000000082200000, 0x0000000085e80000, 0x00000000d6100000)
  object space 61952K, 15% used [0x0000000082200000,0x0000000082ba5280,0x0000000085e80000)
 Metaspace       used 20540K, capacity 21242K, committed 21296K, reserved 1067008K
  class space    used 3028K, capacity 3194K, committed 3200K, reserved 1048576K
}
Event: 4.795 GC heap before
{Heap before GC invocations=5 (full 1):
 PSYoungGen      total 37888K, used 32768K [0x00000000d6100000, 0x00000000d8b00000, 0x0000000100000000)
  eden space 32768K, 100% used [0x00000000d6100000,0x00000000d8100000,0x00000000d8100000)
  from space 5120K, 0% used [0x00000000d8100000,0x00000000d8100000,0x00000000d8600000)
  to   space 5120K, 0% used [0x00000000d8600000,0x00000000d8600000,0x00000000d8b00000)
 ParOldGen       total 61952K, used 9876K [0x0000000082200000, 0x0000000085e80000, 0x00000000d6100000)
  object space 61952K, 15% used [0x0000000082200000,0x0000000082ba5280,0x0000000085e80000)
 Metaspace       used 26035K, capacity 26764K, committed 27008K, reserved 1073152K
  class space    used 3754K, capacity 3901K, committed 3968K, reserved 1048576K
Event: 4.798 GC heap after
Heap after GC invocations=5 (full 1):
 PSYoungGen      total 37888K, used 5095K [0x00000000d6100000, 0x00000000d9c00000, 0x0000000100000000)
  eden space 32768K, 0% used [0x00000000d6100000,0x00000000d6100000,0x00000000d8100000)
  from space 5120K, 99% used [0x00000000d8600000,0x00000000d8af9ee0,0x00000000d8b00000)
  to   space 5120K, 0% used [0x00000000d8100000,0x00000000d8100000,0x00000000d8600000)
 ParOldGen       total 61952K, used 9948K [0x0000000082200000, 0x0000000085e80000, 0x00000000d6100000)
  object space 61952K, 16% used [0x0000000082200000,0x0000000082bb7290,0x0000000085e80000)
 Metaspace       used 26035K, capacity 26764K, committed 27008K, reserved 1073152K
  class space    used 3754K, capacity 3901K, committed 3968K, reserved 1048576K
}
Event: 5.705 GC heap before
{Heap before GC invocations=6 (full 1):
 PSYoungGen      total 37888K, used 37863K [0x00000000d6100000, 0x00000000d9c00000, 0x0000000100000000)
  eden space 32768K, 100% used [0x00000000d6100000,0x00000000d8100000,0x00000000d8100000)
  from space 5120K, 99% used [0x00000000d8600000,0x00000000d8af9ee0,0x00000000d8b00000)
  to   space 5120K, 0% used [0x00000000d8100000,0x00000000d8100000,0x00000000d8600000)
 ParOldGen       total 61952K, used 9948K [0x0000000082200000, 0x0000000085e80000, 0x00000000d6100000)
  object space 61952K, 16% used [0x0000000082200000,0x0000000082bb7290,0x0000000085e80000)
 Metaspace       used 31331K, capacity 32064K, committed 32512K, reserved 1077248K
  class space    used 4353K, capacity 4523K, committed 4608K, reserved 1048576K
Event: 5.710 GC heap after
Heap after GC invocations=6 (full 1):
 PSYoungGen      total 37888K, used 5094K [0x00000000d6100000, 0x00000000da580000, 0x0000000100000000)
  eden space 32768K, 0% used [0x00000000d6100000,0x00000000d6100000,0x00000000d8100000)
  from space 5120K, 99% used [0x00000000d8100000,0x00000000d85f9910,0x00000000d8600000)
  to   space 10240K, 0% used [0x00000000d9b80000,0x00000000d9b80000,0x00000000da580000)
 ParOldGen       total 61952K, used 12709K [0x0000000082200000, 0x0000000085e80000, 0x00000000d6100000)
  object space 61952K, 20% used [0x0000000082200000,0x0000000082e69670,0x0000000085e80000)
 Metaspace       used 31331K, capacity 32064K, committed 32512K, reserved 1077248K
  class space    used 4353K, capacity 4523K, committed 4608K, reserved 1048576K
}
Event: 6.046 GC heap before
{Heap before GC invocations=7 (full 1):
 PSYoungGen      total 37888K, used 33757K [0x00000000d6100000, 0x00000000da580000, 0x0000000100000000)
  eden space 32768K, 87% used [0x00000000d6100000,0x00000000d7cfdb70,0x00000000d8100000)
  from space 5120K, 99% used [0x00000000d8100000,0x00000000d85f9910,0x00000000d8600000)
  to   space 10240K, 0% used [0x00000000d9b80000,0x00000000d9b80000,0x00000000da580000)
 ParOldGen       total 61952K, used 12709K [0x0000000082200000, 0x0000000085e80000, 0x00000000d6100000)
  object space 61952K, 20% used [0x0000000082200000,0x0000000082e69670,0x0000000085e80000)
 Metaspace       used 34524K, capacity 35292K, committed 35456K, reserved 1079296K
  class space    used 4769K, capacity 4949K, committed 4992K, reserved 1048576K
Event: 6.053 GC heap after
Heap after GC invocations=7 (full 1):
 PSYoungGen      total 59392K, used 8615K [0x00000000d6100000, 0x00000000da980000, 0x0000000100000000)
  eden space 49152K, 0% used [0x00000000d6100000,0x00000000d6100000,0x00000000d9100000)
  from space 10240K, 84% used [0x00000000d9b80000,0x00000000da3e9e70,0x00000000da580000)
  to   space 10752K, 0% used [0x00000000d9100000,0x00000000d9100000,0x00000000d9b80000)
 ParOldGen       total 61952K, used 12717K [0x0000000082200000, 0x0000000085e80000, 0x00000000d6100000)
  object space 61952K, 20% used [0x0000000082200000,0x0000000082e6b670,0x0000000085e80000)
 Metaspace       used 34524K, capacity 35292K, committed 35456K, reserved 1079296K
  class space    used 4769K, capacity 4949K, committed 4992K, reserved 1048576K
}
Event: 6.053 GC heap before
{Heap before GC invocations=8 (full 2):
 PSYoungGen      total 59392K, used 8615K [0x00000000d6100000, 0x00000000da980000, 0x0000000100000000)
  eden space 49152K, 0% used [0x00000000d6100000,0x00000000d6100000,0x00000000d9100000)
  from space 10240K, 84% used [0x00000000d9b80000,0x00000000da3e9e70,0x00000000da580000)
  to   space 10752K, 0% used [0x00000000d9100000,0x00000000d9100000,0x00000000d9b80000)
 ParOldGen       total 61952K, used 12717K [0x0000000082200000, 0x0000000085e80000, 0x00000000d6100000)
  object space 61952K, 20% used [0x0000000082200000,0x0000000082e6b670,0x0000000085e80000)
 Metaspace       used 34524K, capacity 35292K, committed 35456K, reserved 1079296K
  class space    used 4769K, capacity 4949K, committed 4992K, reserved 1048576K
Event: 6.095 GC heap after
Heap after GC invocations=8 (full 2):
 PSYoungGen      total 59392K, used 0K [0x00000000d6100000, 0x00000000da980000, 0x0000000100000000)
  eden space 49152K, 0% used [0x00000000d6100000,0x00000000d6100000,0x00000000d9100000)
  from space 10240K, 0% used [0x00000000d9b80000,0x00000000d9b80000,0x00000000da580000)
  to   space 10752K, 0% used [0x00000000d9100000,0x00000000d9100000,0x00000000d9b80000)
 ParOldGen       total 96256K, used 17181K [0x0000000082200000, 0x0000000088000000, 0x00000000d6100000)
  object space 96256K, 17% used [0x0000000082200000,0x00000000832c7710,0x0000000088000000)
 Metaspace       used 34524K, capacity 35292K, committed 35456K, reserved 1079296K
  class space    used 4769K, capacity 4949K, committed 4992K, reserved 1048576K
}

Deoptimization events (10 events):
Event: 5.089 Thread 0x000000001a0ee800 Uncommon trap: reason=class_check action=maybe_recompile pc=0x0000000003c2f19c method=sun.security.util.math.intpoly.IntegerPolynomial$MutableElement.setSum(Lsun/security/util/math/IntegerModuloP;)Lsun/security/util/math/intpoly/IntegerPolynomial$MutableE
Event: 5.089 Thread 0x000000001a0ee800 Uncommon trap: reason=class_check action=maybe_recompile pc=0x0000000003c2f19c method=sun.security.util.math.intpoly.IntegerPolynomial$MutableElement.setSum(Lsun/security/util/math/IntegerModuloP;)Lsun/security/util/math/intpoly/IntegerPolynomial$MutableE
Event: 5.089 Thread 0x000000001a0ee800 Uncommon trap: reason=class_check action=maybe_recompile pc=0x0000000003c2f19c method=sun.security.util.math.intpoly.IntegerPolynomial$MutableElement.setSum(Lsun/security/util/math/IntegerModuloP;)Lsun/security/util/math/intpoly/IntegerPolynomial$MutableE
Event: 5.089 Thread 0x000000001a0ee800 Uncommon trap: reason=class_check action=maybe_recompile pc=0x0000000003c2f19c method=sun.security.util.math.intpoly.IntegerPolynomial$MutableElement.setSum(Lsun/security/util/math/IntegerModuloP;)Lsun/security/util/math/intpoly/IntegerPolynomial$MutableE
Event: 5.111 Thread 0x000000001a0ee800 Uncommon trap: reason=unstable_if action=reinterpret pc=0x0000000003b442b0 method=java.util.Arrays.equals([B[B)Z @ 12
Event: 5.399 Thread 0x000000001a0ee800 Uncommon trap: reason=class_check action=maybe_recompile pc=0x0000000003b8ce24 method=java.util.regex.Matcher.search(I)Z @ 86
Event: 5.399 Thread 0x000000001a0ee800 Uncommon trap: reason=class_check action=maybe_recompile pc=0x0000000003b8ce24 method=java.util.regex.Matcher.search(I)Z @ 86
Event: 5.399 Thread 0x000000001a0ee800 Uncommon trap: reason=class_check action=maybe_recompile pc=0x0000000003b8ce24 method=java.util.regex.Matcher.search(I)Z @ 86
Event: 5.399 Thread 0x000000001a0ee800 Uncommon trap: reason=class_check action=maybe_recompile pc=0x0000000003b8ce24 method=java.util.regex.Matcher.search(I)Z @ 86
Event: 6.027 Thread 0x000000001a0ee800 Uncommon trap: reason=unstable_if action=reinterpret pc=0x0000000003ddb9e0 method=javassist.bytecode.ClassFile.isDuplicated(Ljavassist/bytecode/MethodInfo;Ljava/lang/String;Ljava/lang/String;Ljavassist/bytecode/MethodInfo;Ljava/util/ListIterator;)Z @ 8

Classes redefined (0 events):
No events

Internal exceptions (10 events):
Event: 3.851 Thread 0x000000001a0ee800 Exception <a 'java/lang/ArrayIndexOutOfBoundsException'> (0x00000000d64f0030) thrown at [C:\ade\jenkins\workspace\8-2-build-windows-amd64-cygwin\jdk8u241\331\hotspot\src\share\vm\runtime\sharedRuntime.cpp, line 605]
Event: 3.852 Thread 0x000000001a0ee800 Exception <a 'java/lang/ArrayIndexOutOfBoundsException'> (0x00000000d64f1928) thrown at [C:\ade\jenkins\workspace\8-2-build-windows-amd64-cygwin\jdk8u241\331\hotspot\src\share\vm\runtime\sharedRuntime.cpp, line 605]
Event: 3.857 Thread 0x000000001a0ee800 Exception <a 'java/lang/ArrayIndexOutOfBoundsException': 79> (0x00000000d6546888) thrown at [C:\ade\jenkins\workspace\8-2-build-windows-amd64-cygwin\jdk8u241\331\hotspot\src\share\vm\interpreter\interpreterRuntime.cpp, line 368]
Event: 3.858 Thread 0x000000001a0ee800 Exception <a 'java/lang/ArrayIndexOutOfBoundsException': 83> (0x00000000d6547e68) thrown at [C:\ade\jenkins\workspace\8-2-build-windows-amd64-cygwin\jdk8u241\331\hotspot\src\share\vm\interpreter\interpreterRuntime.cpp, line 368]
Event: 3.858 Thread 0x000000001a0ee800 Exception <a 'java/lang/ArrayIndexOutOfBoundsException': 81> (0x00000000d65491f8) thrown at [C:\ade\jenkins\workspace\8-2-build-windows-amd64-cygwin\jdk8u241\331\hotspot\src\share\vm\interpreter\interpreterRuntime.cpp, line 368]
Event: 3.858 Thread 0x000000001a0ee800 Exception <a 'java/lang/ArrayIndexOutOfBoundsException': 78> (0x00000000d654a570) thrown at [C:\ade\jenkins\workspace\8-2-build-windows-amd64-cygwin\jdk8u241\331\hotspot\src\share\vm\interpreter\interpreterRuntime.cpp, line 368]
Event: 3.858 Thread 0x000000001a0ee800 Exception <a 'java/lang/ArrayIndexOutOfBoundsException': 38> (0x00000000d654b4c8) thrown at [C:\ade\jenkins\workspace\8-2-build-windows-amd64-cygwin\jdk8u241\331\hotspot\src\share\vm\interpreter\interpreterRuntime.cpp, line 368]
Event: 3.908 Thread 0x000000001a0ee800 Implicit null exception at 0x00000000036c1457 to 0x00000000036c1839
Event: 5.111 Thread 0x000000001a0ee800 Implicit null exception at 0x0000000003b44158 to 0x0000000003b4429d
Event: 5.408 Thread 0x000000001a0ee800 Exception <a 'java/lang/NullPointerException'> (0x00000000d74025b8) thrown at [C:\ade\jenkins\workspace\8-2-build-windows-amd64-cygwin\jdk8u241\331\hotspot\src\share\vm\runtime\reflection.cpp, line 922]

Events (10 events):
Event: 6.235 loading class org/hibernate/loader/plan/build/internal/returns/AbstractCollectionReference
Event: 6.235 loading class org/hibernate/loader/plan/build/internal/returns/AbstractCollectionReference done
Event: 6.236 loading class org/hibernate/loader/plan/spi/CollectionFetchableElement
Event: 6.236 loading class org/hibernate/loader/plan/spi/CollectionFetchableElement done
Event: 6.236 loading class org/hibernate/loader/plan/spi/CollectionFetchableIndex
Event: 6.236 loading class org/hibernate/loader/plan/spi/CollectionFetchableIndex done
Event: 6.236 loading class org/hibernate/loader/plan/build/internal/returns/CollectionFetchableElementEntityGraph
Event: 6.236 loading class org/hibernate/loader/plan/build/internal/returns/CollectionFetchableElementEntityGraph done
Event: 6.237 loading class org/hibernate/loader/plan/build/internal/returns/EntityAttributeFetchImpl
Event: 6.237 loading class org/hibernate/loader/plan/build/internal/returns/EntityAttributeFetchImpl done


Dynamic libraries:
0x00007ff7fb170000 - 0x00007ff7fb1a7000 	C:\Program Files\Java\jre1.8.0_241\bin\javaw.exe
0x00007ff86e220000 - 0x00007ff86e3fb000 	C:\Windows\SYSTEM32\ntdll.dll
0x00007ff86bc80000 - 0x00007ff86bd2e000 	C:\Windows\System32\KERNEL32.DLL
0x00007ff86ad30000 - 0x00007ff86af7a000 	C:\Windows\System32\KERNELBASE.dll
0x00007ff86d950000 - 0x00007ff86d9f1000 	C:\Windows\System32\ADVAPI32.dll
0x00007ff86d850000 - 0x00007ff86d8ed000 	C:\Windows\System32\msvcrt.dll
0x00007ff86ba80000 - 0x00007ff86bad9000 	C:\Windows\System32\sechost.dll
0x00007ff86e0f0000 - 0x00007ff86e215000 	C:\Windows\System32\RPCRT4.dll
0x00007ff86dc40000 - 0x00007ff86dd8a000 	C:\Windows\System32\USER32.dll
0x00007ff86a7a0000 - 0x00007ff86a7be000 	C:\Windows\System32\win32u.dll
0x00007ff86bea0000 - 0x00007ff86bec7000 	C:\Windows\System32\GDI32.dll
0x00007ff86a930000 - 0x00007ff86aab8000 	C:\Windows\System32\gdi32full.dll
0x00007ff86aac0000 - 0x00007ff86ab5a000 	C:\Windows\System32\msvcp_win.dll
0x00007ff86af80000 - 0x00007ff86b076000 	C:\Windows\System32\ucrtbase.dll
0x00007ff85f0a0000 - 0x00007ff85f307000 	C:\Windows\WinSxS\amd64_microsoft.windows.common-controls_6595b64144ccf1df_6.0.15063.1155_none_40c7922129a7722b\COMCTL32.dll
0x00007ff86b780000 - 0x00007ff86ba79000 	C:\Windows\System32\combase.dll
0x00007ff86a7c0000 - 0x00007ff86a82a000 	C:\Windows\System32\bcryptPrimitives.dll
0x00007ff86bc30000 - 0x00007ff86bc5d000 	C:\Windows\System32\IMM32.DLL
0x00007ff843e10000 - 0x00007ff843ec1000 	C:\Program Files\McAfee\Endpoint Security\Threat Prevention\Ips\EpMPApi.dll
0x00007ff86a740000 - 0x00007ff86a797000 	C:\Windows\System32\WINTRUST.dll
0x00007ff86a700000 - 0x00007ff86a711000 	C:\Windows\System32\MSASN1.dll
0x00007ff86ab60000 - 0x00007ff86ad29000 	C:\Windows\System32\CRYPT32.dll
0x0000000073910000 - 0x000000007391c000 	C:\Program Files\McAfee\Endpoint Security\Threat Prevention\Ips\EpMPThe.dll
0x0000000074360000 - 0x0000000074432000 	C:\Program Files\Java\jre1.8.0_241\bin\msvcr100.dll
0x0000000072af0000 - 0x000000007339c000 	C:\Program Files\Java\jre1.8.0_241\bin\server\jvm.dll
0x00007ff86e0d0000 - 0x00007ff86e0d8000 	C:\Windows\System32\PSAPI.DLL
0x00007ff857980000 - 0x00007ff857989000 	C:\Windows\SYSTEM32\WSOCK32.dll
0x00007ff868970000 - 0x00007ff868993000 	C:\Windows\SYSTEM32\WINMM.dll
0x00007ff85c1a0000 - 0x00007ff85c1aa000 	C:\Windows\SYSTEM32\VERSION.dll
0x00007ff86e060000 - 0x00007ff86e0cc000 	C:\Windows\System32\WS2_32.dll
0x00007ff868940000 - 0x00007ff86896b000 	C:\Windows\SYSTEM32\WINMMBASE.dll
0x00007ff86a8e0000 - 0x00007ff86a929000 	C:\Windows\System32\cfgmgr32.dll
0x00007ff866540000 - 0x00007ff86654f000 	C:\Program Files\Java\jre1.8.0_241\bin\verify.dll
0x00007ff85ee80000 - 0x00007ff85eea9000 	C:\Program Files\Java\jre1.8.0_241\bin\java.dll
0x00007ff866170000 - 0x00007ff866186000 	C:\Program Files\Java\jre1.8.0_241\bin\zip.dll
0x00007ff86c410000 - 0x00007ff86d848000 	C:\Windows\System32\SHELL32.dll
0x00007ff86db90000 - 0x00007ff86dc3a000 	C:\Windows\System32\shcore.dll
0x00007ff86b080000 - 0x00007ff86b771000 	C:\Windows\System32\windows.storage.dll
0x00007ff86dd90000 - 0x00007ff86dde1000 	C:\Windows\System32\shlwapi.dll
0x00007ff86a690000 - 0x00007ff86a6a1000 	C:\Windows\System32\kernel.appcore.dll
0x00007ff86a6b0000 - 0x00007ff86a6fc000 	C:\Windows\System32\powrprof.dll
0x00007ff86a720000 - 0x00007ff86a735000 	C:\Windows\System32\profapi.dll
0x0000000001830000 - 0x0000000001833000 	C:\Program Files\Java\jre1.8.0_241\bin\api-ms-win-core-console-l1-1-0.dll
0x0000000019e70000 - 0x0000000019e73000 	C:\Program Files\Java\jre1.8.0_241\bin\api-ms-win-core-datetime-l1-1-0.dll
0x0000000019e80000 - 0x0000000019e83000 	C:\Program Files\Java\jre1.8.0_241\bin\api-ms-win-core-debug-l1-1-0.dll
0x0000000019e90000 - 0x0000000019e93000 	C:\Program Files\Java\jre1.8.0_241\bin\api-ms-win-core-errorhandling-l1-1-0.dll
0x0000000019ea0000 - 0x0000000019ea4000 	C:\Program Files\Java\jre1.8.0_241\bin\api-ms-win-core-file-l1-1-0.dll
0x0000000019eb0000 - 0x0000000019eb3000 	C:\Program Files\Java\jre1.8.0_241\bin\api-ms-win-core-file-l1-2-0.dll
0x0000000019ec0000 - 0x0000000019ec3000 	C:\Program Files\Java\jre1.8.0_241\bin\api-ms-win-core-file-l2-1-0.dll
0x0000000019ed0000 - 0x0000000019ed3000 	C:\Program Files\Java\jre1.8.0_241\bin\api-ms-win-core-handle-l1-1-0.dll
0x0000000019ee0000 - 0x0000000019ee3000 	C:\Program Files\Java\jre1.8.0_241\bin\api-ms-win-core-heap-l1-1-0.dll
0x0000000019ef0000 - 0x0000000019ef3000 	C:\Program Files\Java\jre1.8.0_241\bin\api-ms-win-core-interlocked-l1-1-0.dll
0x0000000019f00000 - 0x0000000019f03000 	C:\Program Files\Java\jre1.8.0_241\bin\api-ms-win-core-libraryloader-l1-1-0.dll
0x0000000019f10000 - 0x0000000019f13000 	C:\Program Files\Java\jre1.8.0_241\bin\api-ms-win-core-localization-l1-2-0.dll
0x0000000019f20000 - 0x0000000019f23000 	C:\Program Files\Java\jre1.8.0_241\bin\api-ms-win-core-memory-l1-1-0.dll
0x0000000019f30000 - 0x0000000019f33000 	C:\Program Files\Java\jre1.8.0_241\bin\api-ms-win-core-namedpipe-l1-1-0.dll
0x0000000019f40000 - 0x0000000019f43000 	C:\Program Files\Java\jre1.8.0_241\bin\api-ms-win-core-processenvironment-l1-1-0.dll
0x0000000019f50000 - 0x0000000019f53000 	C:\Program Files\Java\jre1.8.0_241\bin\api-ms-win-core-processthreads-l1-1-0.dll
0x0000000019f60000 - 0x0000000019f63000 	C:\Program Files\Java\jre1.8.0_241\bin\api-ms-win-core-processthreads-l1-1-1.dll
0x0000000019f70000 - 0x0000000019f73000 	C:\Program Files\Java\jre1.8.0_241\bin\api-ms-win-core-profile-l1-1-0.dll
0x0000000019f80000 - 0x0000000019f83000 	C:\Program Files\Java\jre1.8.0_241\bin\api-ms-win-core-rtlsupport-l1-1-0.dll
0x0000000019f90000 - 0x0000000019f93000 	C:\Program Files\Java\jre1.8.0_241\bin\api-ms-win-core-string-l1-1-0.dll
0x0000000019fa0000 - 0x0000000019fa3000 	C:\Program Files\Java\jre1.8.0_241\bin\api-ms-win-core-synch-l1-1-0.dll
0x0000000019fb0000 - 0x0000000019fb3000 	C:\Program Files\Java\jre1.8.0_241\bin\api-ms-win-core-synch-l1-2-0.dll
0x0000000019fc0000 - 0x0000000019fc3000 	C:\Program Files\Java\jre1.8.0_241\bin\api-ms-win-core-sysinfo-l1-1-0.dll
0x0000000019fd0000 - 0x0000000019fd3000 	C:\Program Files\Java\jre1.8.0_241\bin\api-ms-win-core-timezone-l1-1-0.dll
0x0000000019fe0000 - 0x0000000019fe3000 	C:\Program Files\Java\jre1.8.0_241\bin\api-ms-win-core-util-l1-1-0.dll
0x0000000019ff0000 - 0x0000000019ff3000 	C:\Program Files\Java\jre1.8.0_241\bin\api-ms-win-crt-conio-l1-1-0.dll
0x000000001a000000 - 0x000000001a004000 	C:\Program Files\Java\jre1.8.0_241\bin\api-ms-win-crt-convert-l1-1-0.dll
0x000000001a010000 - 0x000000001a013000 	C:\Program Files\Java\jre1.8.0_241\bin\api-ms-win-crt-environment-l1-1-0.dll
0x000000001a020000 - 0x000000001a023000 	C:\Program Files\Java\jre1.8.0_241\bin\api-ms-win-crt-filesystem-l1-1-0.dll
0x000000001a030000 - 0x000000001a033000 	C:\Program Files\Java\jre1.8.0_241\bin\api-ms-win-crt-heap-l1-1-0.dll
0x000000001a040000 - 0x000000001a043000 	C:\Program Files\Java\jre1.8.0_241\bin\api-ms-win-crt-locale-l1-1-0.dll
0x000000001a050000 - 0x000000001a055000 	C:\Program Files\Java\jre1.8.0_241\bin\api-ms-win-crt-math-l1-1-0.dll
0x000000001a060000 - 0x000000001a065000 	C:\Program Files\Java\jre1.8.0_241\bin\api-ms-win-crt-multibyte-l1-1-0.dll
0x000000001a070000 - 0x000000001a080000 	C:\Program Files\Java\jre1.8.0_241\bin\api-ms-win-crt-private-l1-1-0.dll
0x000000001a080000 - 0x000000001a083000 	C:\Program Files\Java\jre1.8.0_241\bin\api-ms-win-crt-process-l1-1-0.dll
0x000000001a090000 - 0x000000001a094000 	C:\Program Files\Java\jre1.8.0_241\bin\api-ms-win-crt-runtime-l1-1-0.dll
0x000000001a0a0000 - 0x000000001a0a4000 	C:\Program Files\Java\jre1.8.0_241\bin\api-ms-win-crt-stdio-l1-1-0.dll
0x000000001a0b0000 - 0x000000001a0b4000 	C:\Program Files\Java\jre1.8.0_241\bin\api-ms-win-crt-string-l1-1-0.dll
0x000000001a0c0000 - 0x000000001a0c3000 	C:\Program Files\Java\jre1.8.0_241\bin\api-ms-win-crt-time-l1-1-0.dll
0x000000001a0d0000 - 0x000000001a0d3000 	C:\Program Files\Java\jre1.8.0_241\bin\api-ms-win-crt-utility-l1-1-0.dll
0x00007ff843210000 - 0x00007ff84330c000 	C:\Program Files\Java\jre1.8.0_241\bin\ucrtbase.dll
0x00007ff864bc0000 - 0x00007ff864bd5000 	C:\Program Files\Java\jre1.8.0_241\bin\vcruntime140.dll
0x00007ff85c100000 - 0x00007ff85c19b000 	C:\Program Files\Java\jre1.8.0_241\bin\msvcp140.dll
0x00007ff8513b0000 - 0x00007ff851401000 	C:\Program Files\Java\jre1.8.0_241\bin\concrt140.dll
0x00007ff85bfc0000 - 0x00007ff85bfe3000 	C:\Program Files\Java\jre1.8.0_241\bin\prism_d3d.dll
0x00007ff837370000 - 0x00007ff8374f9000 	C:\Windows\system32\d3d9.dll
0x00007ff8688e0000 - 0x00007ff86890a000 	C:\Windows\SYSTEM32\dwmapi.dll
0x00007ff868b90000 - 0x00007ff868c25000 	C:\Windows\system32\uxtheme.dll
0x00007ff82e520000 - 0x00007ff82e6f7000 	C:\Windows\System32\DriverStore\FileRepository\ki127171.inf_amd64_368f8c7337214025\igdumdim64.dll
0x00007ff8155c0000 - 0x00007ff8185bd000 	C:\Windows\System32\DriverStore\FileRepository\ki127171.inf_amd64_368f8c7337214025\igd9dxva64.dll
0x00007ff86bae0000 - 0x00007ff86bc25000 	C:\Windows\System32\ole32.dll
0x00007ff86df90000 - 0x00007ff86e050000 	C:\Windows\System32\OLEAUT32.dll
0x00007ff8560b0000 - 0x00007ff8560f5000 	C:\Program Files\Java\jre1.8.0_241\bin\glass.dll
0x00007ff86da00000 - 0x00007ff86db08000 	C:\Windows\System32\COMDLG32.dll
0x00007ff86bd30000 - 0x00007ff86be96000 	C:\Windows\System32\MSCTF.dll
0x00007ff860280000 - 0x00007ff862015000 	C:\Windows\System32\DriverStore\FileRepository\ki127171.inf_amd64_368f8c7337214025\igc64.dll
0x00007ff85bf10000 - 0x00007ff85bf24000 	C:\Program Files\Java\jre1.8.0_241\bin\javafx_font.dll
0x00007ff836280000 - 0x00007ff83653f000 	C:\Windows\SYSTEM32\dwrite.dll
0x00007ff86bed0000 - 0x00007ff86bf6e000 	C:\Windows\System32\clbcatq.dll
0x00007ff865af0000 - 0x00007ff865c9c000 	C:\Windows\SYSTEM32\WindowsCodecs.dll
0x00007ff85fd20000 - 0x00007ff85fd67000 	C:\Windows\system32\dataexchange.dll
0x00007ff866bc0000 - 0x00007ff866e9f000 	C:\Windows\system32\d3d11.dll
0x00007ff8693d0000 - 0x00007ff869474000 	C:\Windows\system32\dxgi.dll
0x00007ff8675c0000 - 0x00007ff8676e3000 	C:\Windows\system32\dcomp.dll
0x00007ff868e40000 - 0x00007ff868fb0000 	C:\Windows\system32\twinapi.appcore.dll
0x00007ff86a250000 - 0x00007ff86a275000 	C:\Windows\system32\bcrypt.dll
0x00007ff85be90000 - 0x00007ff85bec1000 	C:\Program Files\Common Files\Microsoft Shared\Ink\rtscom.dll
0x00007ff85ba60000 - 0x00007ff85ba71000 	C:\Program Files\Java\jre1.8.0_241\bin\prism_common.dll
0x00007ff864fb0000 - 0x00007ff865031000 	C:\Windows\System32\TextInputFramework.dll
0x00007ff866ea0000 - 0x00007ff866f84000 	C:\Windows\System32\CoreMessaging.dll
0x00007ff865710000 - 0x00007ff8659e3000 	C:\Windows\System32\CoreUIComponents.dll
0x00007ff8662d0000 - 0x00007ff866409000 	C:\Windows\SYSTEM32\wintypes.dll
0x00007ff869310000 - 0x00007ff869341000 	C:\Windows\SYSTEM32\ntmarta.dll
0x00007ff868560000 - 0x00007ff868575000 	C:\Windows\SYSTEM32\usermgrcli.dll
0x00007ff865550000 - 0x00007ff86556a000 	C:\Program Files\Java\jre1.8.0_241\bin\net.dll
0x00007ff869f40000 - 0x00007ff869f9c000 	C:\Windows\system32\mswsock.dll
0x00007ff850ff0000 - 0x00007ff851006000 	C:\Windows\system32\napinsp.dll
0x00007ff851010000 - 0x00007ff85102a000 	C:\Windows\system32\pnrpnsp.dll
0x00007ff868660000 - 0x00007ff868678000 	C:\Windows\system32\NLAapi.dll
0x00007ff869d20000 - 0x00007ff869dc4000 	C:\Windows\SYSTEM32\DNSAPI.dll
0x0000000021290000 - 0x0000000021298000 	C:\Windows\System32\NSI.dll
0x00007ff869ce0000 - 0x00007ff869d17000 	C:\Windows\SYSTEM32\IPHLPAPI.DLL
0x00007ff851080000 - 0x00007ff85108e000 	C:\Windows\System32\winrnr.dll
0x00007ff851060000 - 0x00007ff851075000 	C:\Windows\System32\wshbth.dll
0x00007ff85ab40000 - 0x00007ff85ab4a000 	C:\Windows\System32\rasadhlp.dll
0x00007ff864e80000 - 0x00007ff864eeb000 	C:\Windows\System32\fwpuclnt.dll

VM Arguments:
jvm_args: -Dfile.encoding=UTF-8 
java_command: principal.Principal
java_class_path (initial): C:\Program Files\Java\jre1.8.0_241\lib\resources.jar;C:\Program Files\Java\jre1.8.0_241\lib\rt.jar;C:\Program Files\Java\jre1.8.0_241\lib\jsse.jar;C:\Program Files\Java\jre1.8.0_241\lib\jce.jar;C:\Program Files\Java\jre1.8.0_241\lib\charsets.jar;C:\Program Files\Java\jre1.8.0_241\lib\jfr.jar;C:\Program Files\Java\jre1.8.0_241\lib\ext\access-bridge-64.jar;C:\Program Files\Java\jre1.8.0_241\lib\ext\cldrdata.jar;C:\Program Files\Java\jre1.8.0_241\lib\ext\dnsns.jar;C:\Program Files\Java\jre1.8.0_241\lib\ext\jaccess.jar;C:\Program Files\Java\jre1.8.0_241\lib\ext\jfxrt.jar;C:\Program Files\Java\jre1.8.0_241\lib\ext\localedata.jar;C:\Program Files\Java\jre1.8.0_241\lib\ext\nashorn.jar;C:\Program Files\Java\jre1.8.0_241\lib\ext\sunec.jar;C:\Program Files\Java\jre1.8.0_241\lib\ext\sunjce_provider.jar;C:\Program Files\Java\jre1.8.0_241\lib\ext\sunmscapi.jar;C:\Program Files\Java\jre1.8.0_241\lib\ext\sunpkcs11.jar;C:\Program Files\Java\jre1.8.0_241\lib\ext\zipfs.jar;C:\Users\fabricio.barrozo\eclipse-workspace\adasa6\target\classes;C:\Users\fabricio.barrozo\.m2\repository\commons-codec\commons-codec\1.11\commons-codec-1.11.jar;C:\Users\fabricio.barrozo\.m2\repository\com\microsoft\sqlserver\mssql-jdbc\7.0.0.jre8\mssql-jdbc-7.0.0.jre8.jar;C:\Users\fabricio.barrozo\.m2\repository\org\hibernate\hibernate-spatial\5.1.0.Final\hibernate-spatial-5.1.0.Final.jar;C:\Users\fabricio.barrozo\.m2\repository\org\jboss\logging\jboss-logging\3.3.0.Final\jboss-logging-3.3.0.Final.jar;C:\Users\fabricio.barrozo\.m2\repository\org\hibernate\hibernate-core\5.1.0.Final\hibernate-core-5.1.0.Final.jar;C:\Users\fabricio.barrozo\.m2\repository\org\hibernate\javax\persistence\hibernate-jpa-2.1-api\1.0.0.Final\hibernate-jpa-2.1-api-1.0.0.Final.jar;C:\Users\fabricio.barrozo\.m2\repository\org\javassist\javassist\3.20.0-GA\javassist-3.20.0-GA.jar;C:\Users\fabricio.barrozo\.m2\repository\antlr\antlr\2.7.7\antlr-2.7.7.jar;C:\Users\fabricio.barrozo\.m2\repository\org\apache\geronim
Launcher Type: SUN_STANDARD

Environment Variables:
JAVA_HOME=C:\Program Files\Java\jdk1.8.0_191
PATH=C:/Program Files/Java/jre1.8.0_241/bin/server;C:/Program Files/Java/jre1.8.0_241/bin;C:/Program Files/Java/jre1.8.0_241/lib/amd64;C:\Program Files (x86)\Common Files\Oracle\Java\javapath;C:\ProgramData\Oracle\Java\javapath;C:\Program Files (x86)\Intel\iCLS Client\;C:\Program Files\Intel\iCLS Client\;C:\Windows\system32;C:\Windows;C:\Windows\System32\Wbem;C:\Windows\System32\WindowsPowerShell\v1.0\;C:\Program Files (x86)\Intel\Intel(R) Management Engine Components\DAL;C:\Program Files\Intel\Intel(R) Management Engine Components\DAL;C:\Program Files (x86)\Intel\Intel(R) Management Engine Components\IPT;C:\Program Files\Intel\Intel(R) Management Engine Components\IPT;C:\Program Files\Intel\WiFi\bin\;C:\Program Files\Common Files\Intel\WirelessCommon\;c:\Program Files\Microsoft SQL Server\110\Tools\Binn\;c:\Program Files (x86)\Microsoft SQL Server\110\Tools\Binn\ManagementStudio\;c:\Program Files (x86)\Microsoft SQL Server\110\Tools\Binn\;c:\Program Files (x86)\Microsoft SQL Server\110\DTS\Binn\;C:\apache-maven-3.6.0\bin;C:\Program Files\Microsoft SQL Server Migration Assistant for Access\bin\;C:\Users\fabricio.barrozo\AppData\Local\Microsoft\WindowsApps;;C:\Users\fabricio.barrozo\AppData\Local\Programs\Microsoft VS Code\bin;C:\Windows\system32;
USERNAME=fabricio.barrozo
OS=Windows_NT
PROCESSOR_IDENTIFIER=Intel64 Family 6 Model 94 Stepping 3, GenuineIntel



---------------  S Y S T E M  ---------------

OS: Windows 10.0 , 64 bit Build 15063 (10.0.15063.1058)

CPU:total 4 (initial active 4) (4 cores per cpu, 1 threads per core) family 6 model 94 stepping 3, cmov, cx8, fxsr, mmx, sse, sse2, sse3, ssse3, sse4.1, sse4.2, popcnt, avx, avx2, aes, clmul, erms, rtm, 3dnowpref, lzcnt, tsc, tscinvbit, bmi1, bmi2, adx

Memory: 4k page, physical 8249056k(2541704k free), swap 10196704k(9404k free)

vm_info: Java HotSpot(TM) 64-Bit Server VM (25.241-b07) for windows-amd64 JRE (1.8.0_241-b07), built on Dec 11 2019 10:21:40 by "rejava" with MS VC++ 10.0 (VS2010)

time: Wed Mar 11 12:58:50 2020
timezone: Hora oficial do Brasil
elapsed time: 6 seconds (0d 0h 0m 6s)

